Uniform distribution
Round took 0.09814978
Round took 0.101145476
Round took 0.098416286
Round took 0.105261562
Round took 0.308122856
Round took 0.09326166
Round took 0.100745162
Round took 0.094416579
Round took 0.096970437
Round took 0.109786835
Round took 0.093658765
Round took 0.092090155
Round took 0.087471785
Round took 0.315449984
Round took 0.097027066
Round took 0.092405863
Round took 0.090094005
Round took 0.096549647
Round took 0.091574807
Round took 0.095812967
Round took 0.798504557
Round took 0.083739362
Round took 0.08868882
Round took 0.096589056
Round took 0.310685894
Round took 0.08811862
Round took 0.302790293
Round took 0.083354282
Round took 0.080709053
Round took 0.090705445
Round took 0.308284902
Round took 0.129443085
Round took 0.087988813
Round took 0.091335618
Round took 0.097396996
Round took 0.113361493
Round took 0.152733483
Round took 0.081719155
Round took 0.158187624
Round took 0.172354645
Round took 0.092443346
Round took 0.083974001
Round took 0.090948673
Round took 0.09145962
Round took 0.145201132
Round took 0.082194254
Round took 0.324456938
Round took 0.082785002
Round took 0.121287698
Round took 0.086380684
Round took 0.083615848
Round took 0.331976781
Round took 0.082226978
Round took 0.081238013
Round took 0.100020102
Round took 0.125375257
Round took 0.087266469
Round took 0.089434257
Round took 1.319847404
Round took 0.098547118
Round took 0.100096263
Round took 0.08863603
Round took 0.100322735
Round took 0.090613074
Round took 0.082252842
Round took 0.304807309
Round took 0.084934912
Round took 0.094016218
Round took 0.104160862
Round took 0.096007065
Round took 0.086226779
Round took 0.086548682
Round took 0.093024237
Round took 0.087725352
Round took 0.081126037
Round took 0.081156468
Round took 0.099657439
Round took 0.086995876
Round took 0.088644171
Round took 0.302800014
Round took 0.298961072
Round took 0.301730758
Round took 0.09356554
Round took 0.081477872
Round took 0.083759948
Round took 0.310059455
Round took 0.299460273
Round took 0.298205958
Round took 0.093171603
Round took 0.302858695
Round took 0.097169612
Round took 0.110614511
Round took 0.082299381
Round took 0.081884257
Round took 0.087086313
Round took 0.084875853
Round took 0.099103081
Round took 0.079715723
Round took 1.805586608
Round took 0.092370881
Round took 0.150690393
Round took 0.114665955
Round took 0.126935973
Round took 0.122345248
Round took 0.092987119
Round took 0.094361304
Round took 0.080472189
Round took 0.086975382
Round took 0.084388968
Round took 0.809795182
Round took 0.306816739
Round took 0.303555004
Round took 0.088698392
Round took 0.082546433
Round took 0.083077255
Round took 0.100565477
Round took 0.104308895
Round took 0.118270342
Round took 0.099008053
Round took 1.317872577
Round took 0.090459419
Round took 0.092914864
Round took 0.084414586
Round took 0.11744149
Round took 0.814283759
Round took 0.107356469
Round took 0.110403899
Round took 0.100942336
Round took 0.100865907
Round took 0.092519698
Round took 0.296819936
Round took 0.095824034
Round took 0.081787558
Round took 0.104856497
Round took 0.139362403
Round took 0.081812236
Round took 0.114683944
Round took 0.103931875
Round took 0.345663243
Round took 0.088544223
Round took 0.094905867
Round took 0.08737096
Round took 0.299829043
Round took 0.309067785
Round took 0.124535694
Round took 0.088860372
Round took 0.30489008
Round took 0.096542968
Round took 0.096836579
Round took 0.309246515
Round took 0.09189466
Round took 0.29563649
Round took 0.108569181
Round took 0.332138594
Round took 0.225599935
Round took 0.082939342
Round took 0.091850088
Round took 0.085838265
Round took 0.083894282
Round took 0.302556303
Round took 0.303887421
Round took 0.093506575
Round took 0.060524008
Round took 0.083318083
Round took 0.08186534
Round took 0.089193459
Round took 0.096898353
Round took 0.304772268
Round took 0.082774219
Round took 0.089841911
Round took 0.06262668
Round took 0.085788203
Round took 0.08535862
Round took 0.084570696
Round took 0.083941125
Round took 0.33206306
Round took 0.087865869
Round took 0.088017428
Round took 0.081240611
Round took 0.197639036
Round took 0.08885683
Round took 0.100530831
Round took 0.319490336
Round took 0.080774456
Round took 0.04764561
Round took 0.090623654
Round took 0.089604004
Round took 0.094522716
Error when reading: read tcp 172.31.54.117:53340->172.31.49.63:7070: read: connection timed out
Error when reading: EOF
Error when reading: read tcp 172.31.54.117:56328->172.31.48.98:7070: read: connection timed out
Error when reading: read tcp 172.31.54.117:39558->172.31.55.252:7070: read: connection timed out
Error when reading: EOF
Error when reading: EOF
Error when reading: read tcp 172.31.54.117:45470->172.31.63.49:7070: read: connection timed out
Error when reading: EOF
Round took 7.816862953
Error when reading: EOF
Error when reading: EOF
Error when reading: EOF
Error when reading: EOF
Error when reading: EOF
Error when reading: EOF
Round took 0.295427975
Error when reading: EOF
Error when reading: EOF
Error when reading: EOF
Error when reading: EOF
Error when reading: EOF
Round took 0.082931342
Error when reading: EOF
Error when reading: EOF
Round took 0.090324683
Error when reading: EOF
Error when reading: EOF
Round took 2.4441e-05
Round took 5.526e-06
Round took 3.34e-06
Round took 1.275e-06
Round took 1.481e-06
Round took 7.145e-06
Round took 3.399e-06
Round took 0
Round took 0
Round took 3.96e-06
Round took 1.1922e-05
Round took 0
Round took 2.373e-06
Round took 2.573e-06
Round took 0
Round took 5.81e-07
Round took 2.436e-06
Round took 1.487e-06
Round took 2.726e-06
Round took 6.703e-06
Round took 2.755e-06
Round took 1.808e-06
Round took 2.075e-06
Round took 3.475e-06
Round took 3.506e-06
Round took 1.359e-06
Round took 0
Round took 1.1832e-05
Round took 0
Round took 2.04e-06
Round took 5.088e-06
Round took 2.508e-06
Round took 2.57e-06
Round took 0
Round took 3.008e-06
Round took 0
Round took 6.717e-06
Round took 2.27e-06
Round took 2.271e-06
Round took 2.036e-06
Round took 3.224e-06
Round took 2.159e-06
Round took 3.223e-06
Round took 1.53e-06
Round took 5.192e-06
Round took 2.118e-06
Round took 2.645e-06
Round took 0
Round took 2.647e-06
Round took 1.906e-06
Round took 1.7e-06
Round took 1.859e-06
Round took 2.42e-06
Round took 0
Round took 2.351e-06
Round took 2.4e-06
Round took 1.213e-06
Round took 7.354e-06
Round took 2.033e-06
Round took 1.91e-06
Round took 6.296e-06
Round took 0
Round took 2.399e-06
Round took 3.258e-06
Round took 2.877e-06
Round took 1.9863e-05
Round took 2.426e-06
Round took 2.418e-06
Round took 1.467e-05
Round took 2.408e-06
Round took 1.459e-06
Round took 9.19e-07
Round took 1.774e-06
Round took 2.978e-06
Round took 2.898e-06
Round took 2.872e-06
Round took 2.814e-06
Round took 6.097e-06
Round took 2.557e-06
Round took 2.408e-06
Round took 2.414e-06
Round took 2.429e-06
Round took 2.35e-06
Round took 2.537e-06
Round took 2.616e-06
Round took 1.824e-06
Round took 2.141e-06
Round took 5.767e-06
Round took 3.264e-06
Round took 2.366e-06
Round took 2.373e-06
Round took 3.07e-07
Round took 1.794e-06
Round took 6.076e-06
Round took 1.345e-06
Round took 2.027e-06
Round took 2.146e-06
Round took 2.134e-06
Round took 2.13e-06
Round took 2.148e-06
Round took 3.275e-06
Round took 3.323e-06
Round took 3.138e-06
Round took 3.211e-06
Round took 3.152e-06
Round took 0
Round took 1.191e-06
Round took 6.532e-06
Round took 3.029e-06
Round took 2.48e-06
Round took 1.155e-06
Round took 1.026e-06
Round took 1.636e-06
Round took 1.234e-06
Round took 1.885e-06
Round took 1.796e-06
Round took 5.056e-06
Round took 8.717e-06
Round took 2.394e-06
Round took 1.162e-06
Round took 7.304e-06
Round took 0
Round took 2.431e-06
Round took 1.626e-06
Round took 0
Round took 0.161494493
Round took 1.351e-05
Round took 2.848e-06
Round took 0.010287667
Round took 4.651e-06
Round took 3.502e-06
Round took 2.89e-06
Round took 2.498e-06
Round took 2.474e-06
Round took 2.464e-06
Round took 2.584e-06
Round took 0.012524294
Round took 3.477e-06
Round took 3.054e-06
Round took 3.493e-06
Round took 2.5e-06
Round took 2.388e-06
Round took 2.358e-06
Round took 8.763e-06
Round took 2.399e-06
Round took 4.813e-06
Round took 3.345e-06
Round took 3.17e-06
Round took 2.975e-06
Round took 0.006965043
Round took 3.369e-06
Round took 3.23e-06
Round took 3.376e-06
Round took 2.783e-06
Round took 6.5706e-05
Round took 3.005e-06
Round took 2.477e-06
Round took 2.853e-06
Round took 2.923e-06
Round took 1.2041e-05
Round took 2.6e-06
Round took 2.446e-06
Round took 2.505e-06
Round took 2.584e-06
Round took 2.46e-06
Round took 2.431e-06
Round took 2.442e-06
Round took 2.457e-06
Round took 2.615e-06
Round took 2.425e-06
Round took 2.48e-06
Round took 2.361e-06
Round took 2.469e-06
Round took 2.342e-06
Round took 2.375e-06
Round took 2.351e-06
Round took 5.301e-06
Round took 2.425e-06
Round took 2.322e-06
Round took 2.387e-06
Round took 2.398e-06
Round took 2.398e-06
Round took 2.324e-06
Round took 2.413e-06
Round took 2.391e-06
Round took 2.426e-06
Round took 2.316e-06
Round took 2.404e-06
Round took 2.431e-06
Round took 2.405e-06
Round took 2.331e-06
Round took 2.379e-06
Round took 8.119e-06
Round took 2.464e-06
Round took 2.358e-06
Round took 2.347e-06
Round took 2.314e-06
Round took 2.448e-06
Round took 2.376e-06
Round took 2.391e-06
Round took 2.355e-06
Round took 2.64e-06
Round took 2.358e-06
Round took 2.395e-06
Round took 8.775e-06
Round took 2.526e-06
Round took 2.437e-06
Round took 2.407e-06
Round took 2.296e-06
Round took 1.9903e-05
Round took 2.422e-06
Round took 2.427e-06
Round took 2.418e-06
Round took 2.499e-06
Round took 2.401e-06
Round took 2.328e-06
Round took 2.369e-06
Round took 2.378e-06
Round took 2.394e-06
Round took 2.359e-06
Round took 2.4e-06
Round took 2.422e-06
Round took 2.321e-06
Round took 2.323e-06
Round took 2.406e-06
Round took 2.361e-06
Round took 2.457e-06
Round took 2.367e-06
Round took 2.329e-06
Round took 2.379e-06
Round took 2.434e-06
Round took 2.4e-06
Round took 2.346e-06
Round took 2.335e-06
Round took 2.455e-06
Round took 2.448e-06
Round took 2.402e-06
Round took 2.408e-06
Round took 2.424e-06
Round took 2.42e-06
Round took 2.3e-06
Round took 2.378e-06
Round took 5.412e-06
Round took 2.394e-06
Round took 2.369e-06
Round took 2.345e-06
Round took 2.394e-06
Round took 2.351e-06
Round took 2.4e-06
Round took 2.353e-06
Round took 2.452e-06
Round took 2.359e-06
Round took 2.365e-06
Round took 1.8407e-05
Round took 2.486e-06
Round took 2.405e-06
Round took 2.381e-06
Round took 2.363e-06
Round took 2.338e-06
Round took 6.183e-06
Round took 2.437e-06
Round took 2.344e-06
Round took 2.347e-06
Round took 2.526e-06
Round took 2.309e-06
Round took 2.451e-06
Round took 2.376e-06
Round took 2.463e-06
Round took 6.888e-06
Round took 2.402e-06
Round took 2.405e-06
Round took 2.56e-06
Round took 2.401e-06
Round took 5.908e-06
Round took 2.411e-06
Round took 5.412e-06
Round took 2.335e-06
Round took 2.366e-06
Round took 2.305e-06
Round took 2.486e-06
Round took 2.334e-06
Round took 2.425e-06
Round took 2.363e-06
Round took 2.443e-06
Round took 2.393e-06
Round took 2.381e-06
Round took 2.306e-06
Round took 2.477e-06
Round took 2.346e-06
Round took 2.391e-06
Round took 2.376e-06
Round took 2.379e-06
Round took 5.774e-06
Round took 2.35e-06
Round took 2.38e-06
Round took 2.416e-06
Round took 2.41e-06
Round took 2.402e-06
Round took 2.378e-06
Round took 2.415e-06
Round took 2.445e-06
Round took 2.332e-06
Round took 2.341e-06
Round took 2.396e-06
Round took 2.39e-06
Round took 2.397e-06
Round took 2.313e-06
Round took 2.607e-06
Round took 5.622e-06
Round took 2.421e-06
Round took 2.337e-06
Round took 2.391e-06
Round took 2.416e-06
Round took 2.426e-06
Round took 2.389e-06
Round took 2.399e-06
Round took 2.375e-06
Round took 2.349e-06
Round took 2.422e-06
Round took 2.4e-06
Round took 2.397e-06
Round took 2.333e-06
Round took 2.818e-06
Round took 2.392e-06
Round took 2.365e-06
Round took 6.353e-06
Round took 2.413e-06
Round took 2.429e-06
Round took 2.32e-06
Round took 2.41e-06
Round took 2.405e-06
Round took 2.401e-06
Round took 2.348e-06
Round took 2.482e-06
Round took 2.337e-06
Round took 2.4e-06
Round took 2.377e-06
Round took 2.423e-06
Round took 2.385e-06
Round took 2.342e-06
Round took 2.363e-06
Round took 1.6279e-05
Round took 2.478e-06
Round took 2.414e-06
Round took 2.371e-06
Round took 2.457e-06
Round took 2.394e-06
Round took 2.365e-06
Round took 2.375e-06
Round took 0.119580987
Round took 0.0105688
Round took 4.235e-06
Round took 3.342e-06
Round took 3.166e-06
Round took 2.654e-06
Round took 2.524e-06
Round took 2.433e-06
Round took 2.493e-06
Round took 1.1808e-05
Round took 2.604e-06
Round took 4.987e-06
Round took 3.086e-06
Round took 2.961e-06
Round took 2.691e-06
Round took 2.497e-06
Round took 2.577e-06
Round took 2.943e-06
Round took 2.325e-06
Round took 2.418e-06
Round took 2.0205e-05
Round took 0.003973907
Round took 3.28e-06
Round took 3.014e-06
Round took 2.705e-06
Round took 8.997e-06
Round took 2.538e-06
Round took 2.413e-06
Round took 2.493e-06
Round took 2.502e-06
Round took 2.511e-06
Round took 2.486e-06
Round took 3.944e-06
Round took 3.262e-06
Round took 2.592e-06
Round took 2.61e-06
Round took 2.499e-06
Round took 2.692e-06
Round took 2.46e-06
Round took 2.471e-06
Round took 2.511e-06
Round took 2.414e-06
Round took 1.2043e-05
Round took 2.503e-06
Round took 1.7813e-05
Round took 2.586e-06
Round took 2.601e-06
Round took 2.498e-06
Round took 2.461e-06
Round took 2.468e-06
Round took 2.523e-06
Round took 2.506e-06
Round took 2.456e-06
Round took 2.455e-06
Round took 2.481e-06
Round took 2.512e-06
Round took 2.501e-06
Round took 4.72e-06
Round took 8.842e-06
Round took 2.747e-06
Round took 1.8023e-05
Round took 4.286e-06
Round took 3.619e-06
Round took 2.832e-06
Round took 2.773e-06
Round took 2.491e-06
Round took 2.52e-06
Round took 2.457e-06
Round took 2.509e-06
Round took 2.467e-06
Round took 2.477e-06
Round took 2.438e-06
Round took 2.482e-06
Round took 2.343e-06
Round took 2.463e-06
Round took 0.018569287
Round took 3.057e-06
Round took 2.732e-06
Round took 2.677e-06
Round took 2.787e-06
Round took 2.543e-06
Round took 2.556e-06
Round took 2.354e-06
Round took 2.658e-06
Round took 2.525e-06
Round took 2.551e-06
Round took 0.016379951
Round took 4.133e-06
Round took 3.29e-06
Round took 3.047e-06
Round took 2.538e-06
Round took 9.223e-06
Round took 2.567e-06
Round took 2.47e-06
Round took 2.447e-06
Round took 2.597e-06
Round took 2.475e-06
Round took 2.503e-06
Round took 7.792e-06
Round took 4.343e-06
Round took 3.006e-06
Round took 2.917e-06
Round took 2.536e-06
Round took 2.424e-06
Round took 2.544e-06
Round took 2.42e-06
Round took 0.007230854
Round took 4.175e-06
Round took 1.2898e-05
Round took 2.588e-06
Round took 2.72e-06
Round took 2.843e-06
Round took 2.819e-06
Round took 2.472e-06
Round took 2.315e-06
Round took 2.443e-06
Round took 2.676e-06
Round took 2.398e-06
Round took 2.51e-06
Round took 2.438e-06
Round took 2.585e-06
Round took 2.445e-06
Round took 2.47e-06
Round took 2.411e-06
Round took 5.862e-06
Round took 2.343e-06
Round took 2.456e-06
Round took 2.44e-06
Round took 1.8699e-05
Round took 2.525e-06
Round took 2.354e-06
Round took 2.375e-06
Round took 2.408e-06
Round took 2.349e-06
Round took 2.362e-06
Round took 2.338e-06
Round took 2.338e-06
Round took 2.444e-06
Round took 2.356e-06
Round took 2.32e-06
Round took 2.357e-06
Round took 7.228e-06
Round took 2.368e-06
Round took 2.359e-06
Round took 2.357e-06
Round took 2.364e-06
Round took 2.353e-06
Round took 2.376e-06
Round took 2.393e-06
Round took 2.456e-06
Round took 2.332e-06
Round took 2.368e-06
Round took 2.382e-06
Round took 2.456e-06
Round took 2.354e-06
Round took 2.388e-06
Round took 2.345e-06
Round took 5.383e-06
Round took 2.372e-06
Round took 2.373e-06
Round took 2.341e-06
Round took 2.378e-06
Round took 2.374e-06
Round took 2.343e-06
Round took 2.397e-06
Round took 2.36e-06
Round took 2.374e-06
Round took 2.396e-06
Round took 2.34e-06
Round took 2.403e-06
Round took 2.385e-06
Round took 2.376e-06
Round took 2.37e-06
Round took 2.373e-06
Round took 5.78e-06
Round took 2.369e-06
Round took 2.411e-06
Round took 2.378e-06
Round took 2.433e-06
Round took 2.328e-06
Round took 2.362e-06
Round took 2.397e-06
Round took 2.43e-06
Round took 2.322e-06
Round took 2.351e-06
Round took 2.347e-06
Round took 2.421e-06
Round took 2.307e-06
Round took 2.496e-06
Round took 2.339e-06
Round took 8.623e-06
Round took 2.443e-06
Round took 2.433e-06
Round took 2.337e-06
Round took 2.494e-06
Round took 2.374e-06
Round took 2.386e-06
Round took 6.515e-06
Round took 2.413e-06
Round took 2.399e-06
Round took 2.43e-06
Round took 2.317e-06
Round took 2.377e-06
Round took 2.459e-06
Round took 2.349e-06
Round took 2.339e-06
Round took 2.364e-06
Round took 3.1066e-05
Round took 2.503e-06
Round took 2.38e-06
Round took 2.362e-06
Round took 2.356e-06
Round took 2.378e-06
Round took 2.343e-06
Round took 2.387e-06
Round took 2.474e-06
Round took 2.408e-06
Round took 2.312e-06
Round took 2.419e-06
Round took 2.569e-06
Round took 5.081e-06
Round took 0.003980136
Round took 3.315e-06
Round took 1.0099e-05
Round took 2.637e-06
Round took 2.561e-06
Round took 2.403e-06
Round took 2.544e-06
Round took 3.737e-06
Round took 2.995e-06
Round took 2.712e-06
Round took 0.01250614
Round took 4.144e-06
Round took 2.92e-06
Round took 3.057e-06
Round took 2.667e-06
Round took 2.966e-06
Round took 2.502e-06
Round took 2.513e-06
Round took 2.475e-06
Round took 1.2383e-05
Round took 2.541e-06
Round took 2.359e-06
Round took 2.433e-06
Round took 2.519e-06
Round took 2.472e-06
Round took 2.453e-06
Round took 2.488e-06
Round took 2.609e-06
Round took 2.443e-06
Round took 2.47e-06
Round took 2.427e-06
Round took 2.653e-06
Round took 2.316e-06
Round took 2.363e-06
Round took 2.373e-06
Round took 5.264e-06
Round took 2.373e-06
Round took 2.344e-06
Round took 2.348e-06
Round took 2.446e-06
Round took 2.306e-06
Round took 2.428e-06
Round took 2.373e-06
Round took 2.361e-06
Round took 1.57e-05
Round took 2.423e-06
Round took 2.353e-06
Round took 2.353e-06
Round took 2.501e-06
Round took 2.346e-06
Round took 2.333e-06
Round took 7.113e-06
Round took 7.608e-06
Round took 2.411e-06
Round took 2.301e-06
Round took 2.337e-06
Round took 2.403e-06
Round took 2.366e-06
Round took 2.305e-06
Round took 2.434e-06
Round took 2.48e-06
Round took 2.378e-06
Round took 2.339e-06
Round took 2.429e-06
Round took 2.466e-06
Round took 2.413e-06
Round took 2.369e-06
Round took 2.334e-06
Round took 5.149e-06
Round took 2.379e-06
Round took 2.311e-06
Round took 2.361e-06
Round took 2.401e-06
Round took 2.342e-06
Round took 2.322e-06
Round took 2.413e-06
Round took 2.342e-06
Round took 2.533e-06
Round took 2.378e-06
Round took 2.343e-06
Round took 2.348e-06
Round took 2.409e-06
Round took 2.365e-06
Round took 2.359e-06
Round took 2.325e-06
Round took 6.157e-06
Round took 2.343e-06
Round took 2.361e-06
Round took 2.39e-06
Round took 2.397e-06
Round took 2.333e-06
Round took 2.378e-06
Round took 2.422e-06
Round took 2.519e-06
Round took 2.322e-06
Round took 2.384e-06
Round took 2.344e-06
Round took 2.442e-06
Round took 2.33e-06
Round took 2.4e-06
Round took 2.342e-06
Round took 5.693e-06
Round took 2.363e-06
Round took 2.376e-06
Round took 2.335e-06
Round took 2.349e-06
Round took 2.352e-06
Round took 2.369e-06
Round took 2.446e-06
Round took 2.369e-06
Round took 2.39e-06
Round took 2.386e-06
Round took 8.918e-06
Round took 2.414e-06
Round took 2.469e-06
Round took 2.39e-06
Round took 2.335e-06
Round took 2.367e-06
Round took 6.762e-06
Round took 2.347e-06
Round took 2.335e-06
Round took 2.331e-06
Round took 2.361e-06
Round took 2.38e-06
Round took 2.335e-06
Round took 2.396e-06
Round took 2.469e-06
Round took 2.339e-06
Round took 2.361e-06
Round took 2.414e-06
Round took 1.8943e-05
Round took 2.453e-06
Round took 2.385e-06
Round took 2.44e-06
Round took 0.077728415
Round took 4.824e-06
Round took 3.218e-06
Round took 3.175e-06
Round took 2.77e-06
Round took 2.945e-06
Round took 2.579e-06
Round took 2.465e-06
Round took 2.547e-06
Round took 2.659e-06
Round took 1.9064e-05
Round took 2.488e-06
Round took 2.338e-06
Round took 2.43e-06
Round took 2.416e-06
Round took 2.456e-06
Round took 2.927e-06
Round took 1.2232e-05
Round took 2.645e-06
Round took 2.492e-06
Round took 2.396e-06
Round took 2.542e-06
Round took 2.657e-06
Round took 2.519e-06
Round took 2.463e-06
Round took 2.603e-06
Round took 2.473e-06
Round took 2.438e-06
Round took 2.53e-06
Round took 2.572e-06
Round took 2.445e-06
Round took 2.496e-06
Round took 2.634e-06
Round took 2.603e-06
Round took 2.555e-06
Round took 2.466e-06
Round took 2.433e-06
Round took 2.597e-06
Round took 2.507e-06
Round took 2.763e-06
Round took 2.473e-06
Round took 2.481e-06
Round took 2.542e-06
Round took 2.599e-06
Round took 2.47e-06
Round took 2.455e-06
Round took 1.7448e-05
Round took 2.5e-06
Round took 2.354e-06
Round took 2.532e-06
Round took 1.1022e-05
Round took 2.48e-06
Round took 2.435e-06
Round took 2.466e-06
Round took 2.333e-06
Round took 2.344e-06
Round took 2.323e-06
Round took 2.342e-06
Round took 2.475e-06
Round took 2.378e-06
Round took 2.436e-06
Round took 4.789e-06
Round took 3.646e-06
Round took 3.122e-06
Round took 2.619e-06
Round took 2.504e-06
Round took 2.496e-06
Round took 8.319e-06
Round took 2.615e-06
Round took 2.451e-06
Round took 2.403e-06
Round took 0.008937795
Round took 3.264e-06
Round took 2.946e-06
Round took 0.00223594
Round took 3.861e-06
Round took 0.002869508
Round took 3.01e-06
Round took 2.88e-06
Round took 3.011e-06
Round took 2.51e-06
Round took 2.496e-06
Round took 2.466e-06
Round took 1.2343e-05
Round took 0.002747339
Round took 3.319e-06
Round took 2.897e-06
Round took 2.867e-06
Round took 0.000335202
Round took 3.332e-06
Round took 2.647e-06
Round took 2.736e-06
Round took 2.483e-06
Round took 2.483e-06
Round took 2.453e-06
Round took 2.456e-06
Round took 0.000609415
Round took 2.712e-06
Round took 2.753e-06
Round took 2.516e-06
Round took 0.000280996
Round took 2.588e-06
Round took 2.615e-06
Round took 2.513e-06
Round took 2.688e-06
Round took 2.486e-06
Round took 2.448e-06
Round took 2.472e-06
Round took 2.562e-06
Round took 2.567e-06
Round took 2.455e-06
Round took 2.413e-06
Round took 2.61e-06
Round took 2.504e-06
Round took 2.376e-06
Round took 9.6718e-05
Round took 1.0286e-05
Round took 2.416e-06
Round took 2.448e-06
Round took 2.425e-06
Round took 2.495e-06
Round took 2.561e-06
Round took 0.000353006
Round took 2.43e-06
Round took 2.646e-06
Round took 2.402e-06
Round took 2.403e-06
Round took 3.26e-06
Round took 2.813e-06
Round took 2.401e-06
Round took 3.237e-06
Round took 2.408e-06
Round took 4.099e-06
Round took 8.835e-06
Round took 2.545e-06
Round took 2.583e-06
Round took 0.004544069
Round took 3.927e-06
Round took 3.065e-06
Round took 2.544e-06
Round took 2.644e-06
Round took 2.549e-06
Round took 2.417e-06
Round took 2.395e-06
Round took 2.329e-06
Round took 2.66e-06
Round took 2.396e-06
Round took 2.389e-06
Round took 2.335e-06
Round took 1.1138e-05
Round took 2.556e-06
Round took 2.351e-06
Round took 0.006424013
Round took 3.037e-06
Round took 3.26e-06
Round took 2.651e-06
Round took 2.746e-06
Round took 2.548e-06
Round took 2.46e-06
Round took 2.44e-06
Round took 2.339e-06
Round took 2.398e-06
Round took 2.494e-06
Round took 1.9373e-05
Round took 2.39e-06
Round took 2.405e-06
Round took 8.098e-06
Round took 2.601e-06
Round took 2.447e-06
Round took 2.469e-06
Round took 2.547e-06
Round took 2.379e-06
Round took 2.408e-06
Round took 2.497e-06
Round took 2.644e-06
Round took 2.366e-06
Round took 2.307e-06
Round took 2.417e-06
Round took 2.513e-06
Round took 1.396e-05
Round took 2.395e-06
Round took 2.378e-06
Round took 9.833e-06
Round took 8.835e-06
Round took 2.36e-06
Round took 2.373e-06
Round took 2.393e-06
Round took 2.377e-06
Round took 2.472e-06
Round took 2.337e-06
Round took 2.541e-06
Round took 2.345e-06
Round took 2.419e-06
Round took 2.37e-06
Round took 2.417e-06
Round took 2.371e-06
Round took 2.395e-06
Round took 2.347e-06
Round took 2.298e-06
Round took 9.087e-06
Round took 2.347e-06
Round took 2.425e-06
Round took 2.315e-06
Round took 2.418e-06
Round took 2.458e-06
Round took 2.507e-06
Round took 2.339e-06
Round took 2.47e-06
Round took 2.317e-06
Round took 2.429e-06
Round took 2.312e-06
Round took 2.437e-06
Round took 2.319e-06
Round took 2.394e-06
Round took 2.382e-06
Round took 6.968e-06
Round took 2.426e-06
Round took 2.402e-06
Round took 2.353e-06
Round took 2.487e-06
Round took 2.395e-06
Round took 2.355e-06
Round took 2.346e-06
Round took 2.598e-06
Round took 2.38e-06
Round took 2.384e-06
Round took 2.317e-06
Round took 2.345e-06
Round took 1.7538e-05
Round took 2.436e-06
Round took 2.499e-06
Round took 2.392e-06
Round took 5.976e-06
Round took 2.483e-06
Round took 2.346e-06
Round took 2.442e-06
Round took 2.443e-06
Round took 2.362e-06
Round took 2.443e-06
Round took 2.362e-06
Round took 7.445e-06
Round took 3.91e-06
Round took 2.985e-06
Round took 2.883e-06
Round took 2.77e-06
Round took 2.489e-06
Round took 2.514e-06
Round took 2.504e-06
Round took 1.2712e-05
Round took 4.81e-06
Round took 3.233e-06
Round took 3.5829e-05
Round took 3.09e-06
Round took 2.976e-06
Round took 2.889e-06
Round took 2.389e-06
Round took 2.491e-06
Round took 2.392e-06
Round took 2.319e-06
Round took 2.335e-06
Round took 2.32e-06
Round took 2.48e-06
Round took 2.348e-06
Round took 2.43e-06
Round took 2.333e-06
Round took 8.893e-06
Round took 2.513e-06
Round took 2.454e-06
Round took 2.434e-06
Round took 2.418e-06
Round took 2.385e-06
Round took 2.358e-06
Round took 2.417e-06
Round took 2.394e-06
Round took 2.447e-06
Round took 2.368e-06
Round took 2.322e-06
Round took 2.488e-06
Round took 2.307e-06
Round took 2.345e-06
Round took 2.32e-06
Round took 1.0118e-05
Round took 2.442e-06
Round took 2.432e-06
Round took 2.314e-06
Round took 2.467e-06
Round took 2.332e-06
Round took 2.453e-06
Round took 2.441e-06
Round took 2.554e-06
Round took 2.331e-06
Round took 2.43e-06
Round took 2.352e-06
Round took 2.451e-06
Round took 2.449e-06
Round took 2.462e-06
Round took 2.416e-06
Round took 2.347e-06
Round took 5.256e-06
Round took 2.354e-06
Round took 2.393e-06
Round took 2.334e-06
Round took 2.361e-06
Round took 2.342e-06
Round took 2.351e-06
Round took 2.437e-06
Round took 2.41e-06
Round took 2.318e-06
Round took 2.331e-06
Round took 2.359e-06
Round took 2.414e-06
Round took 2.34e-06
Round took 2.351e-06
Round took 2.517e-06
Round took 6.898e-06
Round took 2.435e-06
Round took 2.336e-06
Round took 2.338e-06
Round took 2.421e-06
Round took 2.438e-06
Round took 6.684e-06
Round took 2.432e-06
Round took 2.515e-06
Round took 2.336e-06
Round took 2.297e-06
Round took 2.304e-06
Round took 2.399e-06
Round took 2.508e-06
Round took 2.376e-06
Round took 2.338e-06
Round took 2.333e-06
Round took 5.331e-06
Round took 2.419e-06
Round took 2.333e-06
Round took 2.425e-06
Round took 2.52e-06
Round took 2.406e-06
Round took 2.32e-06
Round took 2.378e-06
Round took 2.408e-06
Round took 2.349e-06
Round took 2.407e-06
Round took 1.7634e-05
Round took 2.524e-06
Round took 2.358e-06
Round took 2.432e-06
Round took 2.381e-06
Round took 7.603e-06
Round took 2.45e-06
Round took 2.528e-06
Round took 2.348e-06
Round took 2.509e-06
Round took 2.361e-06
Round took 2.47e-06
Round took 2.342e-06
Round took 2.382e-06
Round took 2.33e-06
Round took 2.382e-06
Round took 2.307e-06
Round took 2.392e-06
Round took 2.408e-06
Round took 2.381e-06
Round took 2.446e-06
Round took 2.322e-06
Round took 8.311e-06
Round took 2.56e-06
Round took 2.319e-06
Round took 2.435e-06
Round took 2.393e-06
Round took 2.349e-06
Round took 2.335e-06
Round took 2.36e-06
Round took 2.341e-06
Round took 2.375e-06
Round took 2.318e-06
Round took 2.389e-06
Round took 2.499e-06
Round took 2.362e-06
Round took 2.32e-06
Round took 2.439e-06
Round took 8.997e-06
Round took 2.458e-06
Round took 2.335e-06
Round took 2.453e-06
Round took 2.386e-06
Round took 2.342e-06
Round took 2.308e-06
Round took 2.403e-06
Round took 6.648e-06
Round took 2.501e-06
Round took 2.384e-06
Round took 2.49e-06
Round took 2.373e-06
Round took 2.402e-06
Round took 2.47e-06
Round took 2.376e-06
Round took 2.36e-06
Round took 5.179e-06
Round took 2.324e-06
Round took 2.366e-06
Round took 2.298e-06
Round took 2.448e-06
Round took 2.328e-06
Round took 2.323e-06
Round took 2.352e-06
Round took 2.368e-06
Round took 2.372e-06
Round took 2.32e-06
Round took 2.301e-06
Round took 2.413e-06
Round took 2.309e-06
Round took 2.334e-06
Round took 2.365e-06
Round took 5.976e-06
Round took 2.412e-06
Round took 2.435e-06
Round took 2.305e-06
Round took 2.403e-06
Round took 2.341e-06
Round took 2.392e-06
Round took 2.406e-06
Round took 2.685e-06
Round took 2.745e-06
Round took 2.405e-06
Round took 2.38e-06
Round took 2.575e-06
Round took 2.467e-06
Round took 2.415e-06
Round took 2.373e-06
Round took 2.408e-06
Round took 6.346e-06
Round took 2.381e-06
Round took 2.486e-06
Round took 2.449e-06
Round took 2.404e-06
Round took 2.385e-06
Round took 2.508e-06
Round took 2.355e-06
Round took 2.399e-06
Round took 2.342e-06
Round took 2.335e-06
Round took 2.32e-06
Round took 2.432e-06
Round took 2.347e-06
Round took 2.315e-06
Round took 2.456e-06
Round took 6.489e-06
Round took 2.42e-06
Round took 2.388e-06
Round took 2.413e-06
Round took 2.365e-06
Round took 2.359e-06
Round took 2.33e-06
Round took 2.503e-06
Round took 2.35e-06
Round took 2.423e-06
Round took 6.458e-06
Round took 2.44e-06
Round took 2.435e-06
Round took 2.451e-06
Round took 2.349e-06
Round took 2.423e-06
Round took 2.341e-06
Round took 5.336e-06
Round took 2.348e-06
Round took 2.351e-06
Round took 2.374e-06
Round took 2.406e-06
Round took 2.352e-06
Round took 2.348e-06
Round took 2.41e-06
Round took 2.432e-06
Round took 2.32e-06
Round took 2.323e-06
Round took 2.313e-06
Round took 2.462e-06
Round took 2.329e-06
Round took 2.331e-06
Round took 2.416e-06
Round took 6.114e-06
Round took 2.434e-06
Round took 2.355e-06
Round took 2.472e-06
Round took 2.352e-06
Round took 2.326e-06
Round took 2.392e-06
Round took 2.481e-06
Round took 2.346e-06
Round took 2.436e-06
Round took 2.528e-06
Round took 2.423e-06
Round took 2.305e-06
Round took 2.429e-06
Round took 2.317e-06
Round took 2.4e-06
Round took 2.392e-06
Round took 5.032e-06
Round took 2.373e-06
Round took 2.32e-06
Round took 2.354e-06
Round took 2.378e-06
Round took 2.36e-06
Round took 2.371e-06
Round took 2.377e-06
Round took 2.381e-06
Round took 2.357e-06
Round took 2.337e-06
Round took 2.381e-06
Round took 2.495e-06
Round took 2.357e-06
Round took 2.392e-06
Round took 2.328e-06
Round took 0.177967836
Round took 2.37e-06
Round took 7.245e-06
Round took 1.208e-06
Round took 5.87e-07
Round took 2.66e-06
Round took 2.556e-06
Round took 2.562e-06
Round took 1.521e-06
Round took 2.292e-06
Round took 2.5458e-05
Round took 7.13e-06
Round took 1.6031e-05
Round took 6.574e-06
Round took 0
Round took 3.059e-06
Round took 0
Round took 1.0653e-05
Round took 2.43e-06
Round took 0
Round took 2.5857e-05
Round took 2.769e-06
Round took 2.456e-06
Round took 0
Round took 2.401e-06
Round took 1.693e-06
Round took 2.373e-06
Round took 5.393e-06
Round took 0
Round took 0
Round took 0
Round took 2.32e-06
Round took 5.174e-06
Round took 4.78e-07
Round took 1.4697e-05
Round took 6.107e-06
Round took 0
Round took 7.105e-06
Round took 6.7e-07
Round took 0
Round took 2.39e-06
Round took 2.356e-06
Round took 6.522e-06
Round took 1.352e-06
Round took 5.148e-06
Round took 2.832e-06
Round took 6.191e-06
Round took 3.259e-06
Round took 1.132e-06
Round took 3.36e-06
Round took 2.8295e-05
Round took 1.66e-07
Round took 2.506e-06
Round took 0
Round took 5.289e-06
Round took 6.27e-07
Round took 2.477e-06
Round took 7.165e-06
Round took 0
Round took 0
Round took 7.196e-06
Round took 3.213e-06
Round took 2.4e-06
Round took 0
Round took 2.351e-06
Round took 7.002e-06
Round took 5.85e-07
Round took 1.2169e-05
Round took 2.452e-06
Round took 2.333e-06
Round took 2.35e-06
Round took 5.924e-06
Round took 1.0674e-05
Round took 1.89e-06
Round took 7.031e-06
Round took 4.94e-06
Round took 4.385e-06
Round took 2.175e-06
Round took 2.455e-06
Round took 2.495e-06
Round took 2.534e-06
Round took 1.0079e-05
Round took 0
Round took 6.645e-06
Round took 7.57e-07
Round took 0
Round took 2.36e-06
Round took 0
Round took 2.468e-06
Round took 5.045e-06
Round took 2.403e-06
Round took 1.47e-07
Round took 0
Round took 2.333e-06
Round took 2.374e-06
Round took 2.363e-06
Round took 0
Round took 0
Round took 2.396e-06
Round took 2.383e-06
Round took 1.0356e-05
Round took 0
Round took 2.346e-06
Round took 2.387e-06
Round took 2.38e-06
Round took 6.042e-06
Round took 0
Round took 0
Round took 2.547e-06
Round took 2.41e-06
Round took 1.229e-06
Round took 5.886e-06
Round took 0
Round took 2.402e-06
Round took 0
Round took 6.308e-06
Round took 1.324e-06
Round took 5.071e-06
Round took 4.23e-07
Round took 7.102e-06
Round took 5.75e-07
Round took 2.47e-06
Round took 0
Round took 2.421e-06
Round took 6.794e-06
Round took 1e-06
Round took 2.358e-06
Round took 3.676e-06
Round took 3.94e-07
Round took 2.482e-06
Round took 6.933e-06
Round took 1.754e-06
Round took 2.704e-06
Round took 6.267e-06
Round took 0
Round took 2.361e-06
Round took 0
Round took 2.351e-06
Round took 4.032e-06
Round took 6.63e-07
Round took 0
Round took 2.503e-06
Round took 0
Round took 2.374e-06
Round took 5.922e-06
Round took 1e-07
Round took 0
Round took 2.395e-06
Round took 2.378e-06
Round took 1.3252e-05
Round took 4.831e-06
Round took 2e-07
Round took 2.317e-06
Round took 4.682e-06
Round took 1.159e-06
Round took 0
Round took 5.988e-06
Round took 2.9e-08
Round took 2.43e-06
Round took 5.417e-06
Round took 2.014e-06
Round took 2.264e-06
Round took 0
Round took 2.421e-06
Round took 0
Round took 6.531e-06
Round took 1.107e-06
Round took 3.935e-06
Round took 2.377e-06
Round took 0
Round took 2.383e-06
Round took 4.08e-07
Round took 2.369e-06
Round took 0
Round took 0
Round took 0
Round took 2.38e-06
Round took 5.573e-06
Round took 5.728e-06
Round took 1.618e-06
Round took 1.4291e-05
Round took 2.545e-06
Round took 2.845e-06
Round took 2.023e-06
Round took 2.422e-06
Round took 2.448e-06
Round took 0
Round took 2.421e-06
Round took 2.34e-06
Round took 4.997e-06
Round took 3.545e-06
Round took 4.217e-06
Round took 2.214e-06
Round took 0
Round took 2.36e-06
Round took 6.434e-06
Round took 0
Round took 8.49e-07
Round took 2.172e-06
Round took 2.374e-06
Round took 6.669e-06
Round took 0
Round took 1.28e-07
Round took 2.388e-06
Round took 2.494e-06
Round took 3.72e-06
Round took 1.408e-06
Round took 0
Round took 2.448e-06
Round took 7.017e-06
Round took 6.69e-07
Round took 5.01e-06
Round took 5.183e-06
Round took 2.406e-06
Round took 2.376e-06
Round took 2.393e-06
Round took 2.968e-06
Round took 7.565e-06
Round took 2.412e-06
Round took 2.404e-06
Round took 1.985e-06
Round took 2.333e-06
Round took 2.39e-06
Round took 2.352e-06
Round took 5.819e-06
Round took 2.466e-06
Round took 1.065e-06
Round took 2.196e-06
Round took 2.371e-06
Round took 1.206e-06
Round took 1.875e-06
Round took 2.402e-06
Round took 2.4e-07
Round took 9.935e-06
Round took 4.238e-06
Round took 0
Round took 5.372e-06
Round took 2.27e-06
Round took 6.506e-06
Round took 6.022e-06
Round took 4.918e-06
Round took 5.864e-06
Round took 8.668e-06
Round took 0.000495472
Round took 1.27e-07
Round took 3.145e-06
Round took 6.923e-06
Round took 4.648e-06
Round took 5.193e-06
Round took 2.667e-06
Round took 8.59e-06
Round took 1.825e-06
Round took 2.538e-06
Round took 1.48e-07
Round took 5.866e-06
Round took 2.136e-06
Round took 6.636e-06
Round took 1.757e-06
Round took 0
Round took 5.778e-06
Round took 0
Round took 6.884e-06
Round took 1.043e-06
Round took 7.127e-06
Round took 0
Round took 0
Round took 1.3749e-05
Round took 1.075e-06
Round took 2.352e-06
Round took 1.8387e-05
Round took 5.171e-06
Round took 2.4e-06
Round took 2.447e-06
Round took 5.424e-06
Round took 2.457e-06
Round took 2.49e-06
Round took 4.246e-06
Round took 1.241e-06
Round took 2.189e-06
Round took 0
Round took 3.548e-06
Round took 6.387e-06
Round took 3.67e-06
Round took 9.517e-06
Round took 0
Round took 1.0367e-05
Round took 2.56e-06
Round took 0
Round took 0
Round took 5.207e-06
Round took 2.452e-06
Round took 2.256e-06
Round took 0
Round took 2.377e-06
Round took 2.346e-06
Round took 2.453e-06
Round took 6.191e-06
Round took 0
Round took 2.351e-06
Round took 8.73e-06
Round took 0
Round took 2.365e-06
Round took 2.333e-06
Round took 6.861e-06
Round took 1.279e-06
Round took 2.359e-06
Round took 2.383e-06
Round took 2.993e-06
Round took 1.985e-06
Round took 4.62e-07
Round took 0
Round took 2.413e-06
Round took 5.7e-06
Round took 5.888e-06
Round took 9.973e-06
Round took 5.756e-06
Round took 3.968e-06
Round took 2.344e-06
Round took 2.303e-06
Round took 4.957e-06
Round took 0
Round took 0
Round took 2.32e-06
Round took 7.23e-06
Round took 4.054e-06
Round took 1.663e-06
Round took 2.338e-06
Round took 2.326e-06
Round took 0
Round took 2.427e-06
Round took 3.195e-06
Round took 1.982e-06
Round took 2.261e-06
Round took 1.3394e-05
Round took 1.194e-06
Round took 2.355e-06
Round took 2.387e-06
Round took 0
Round took 6.123e-06
Round took 0
Round took 0
Round took 6.355e-06
Round took 0
Round took 2.348e-06
Round took 2.332e-06
Round took 2.44e-06
Round took 1.737e-06
Round took 1.292e-06
Round took 0
Round took 4.543e-06
Round took 2.38e-06
Round took 1.712e-06
Round took 1.453e-06
Round took 6.579e-06
Round took 2.392e-06
Round took 2.02e-07
Round took 4.392e-06
Round took 3.726e-06
Round took 2.274e-06
Round took 7.139e-06
Round took 4.88e-07
Round took 7.019e-06
Round took 0
Round took 0
Round took 0
Round took 3.733e-06
Round took 3.78e-06
Round took 1.195e-06
Round took 4.2e-08
Round took 0
Round took 2.401e-06
Round took 0
Round took 2.352e-06
Round took 3.466e-06
Round took 1.818e-06
Round took 2.344e-06
Round took 2.363e-06
Round took 6.452e-06
Round took 6.04e-06
Round took 4.38e-07
Round took 2.357e-06
Round took 2.402e-06
Round took 2.415e-06
Round took 6.714e-06
Round took 7.2e-07
Round took 1.91e-07
Round took 2.348e-06
Round took 3.397e-06
Round took 4.141e-06
Round took 0
Round took 0
Round took 6.877e-06
Round took 0
Round took 2.405e-06
Round took 2.399e-06
Round took 2.387e-06
Round took 2.354e-06
Round took 2.343e-06
Round took 0
Round took 9.593e-06
Round took 0
Round took 3.181e-06
Round took 3.643e-06
Round took 0
Round took 2.331e-06
Round took 2.343e-06
Round took 6.556e-06
Round took 0
Round took 2.305e-06
Round took 0
Round took 7.039e-06
Round took 3.952e-06
Round took 0
Round took 0
Round took 0
Round took 3.122e-06
Round took 1.672e-06
Round took 2.273e-06
Round took 6.087e-06
Round took 1.104e-06
Round took 2.423e-06
Round took 1.773e-06
Round took 2.1877e-05
Round took 1.381e-06
Round took 1.826e-06
Round took 2.372e-06
Round took 3.579e-06
Round took 3.035e-06
Round took 0
Round took 0
Round took 6.909e-06
Round took 2.944e-06
Round took 4.322e-06
Round took 4.709e-06
Round took 3.448e-06
Round took 4.887e-06
Round took 3.196e-06
Round took 3.247e-06
Round took 2.676e-06
Round took 2.507e-06
Round took 2.522e-06
Round took 2.632e-06
Round took 2.453e-06
Round took 2.77e-06
Round took 2.549e-06
Round took 2.575e-06
Round took 2.358e-06
Round took 2.383e-06
Round took 0.013814912
Round took 1.0963e-05
Round took 2.985e-06
Round took 2.651e-06
Round took 2.509e-06
Round took 2.521e-06
Round took 2.498e-06
Round took 2.48e-06
Round took 2.488e-06
Round took 2.537e-06
Round took 2.474e-06
Round took 2.32e-06
Round took 0.010839812
Round took 4.096e-06
Round took 2.808e-06
Round took 2.589e-06
Round took 2.581e-06
Round took 2.2391e-05
Round took 1.2377e-05
Round took 2.94e-06
Round took 2.606e-06
Round took 2.514e-06
Round took 2.589e-06
Round took 2.671e-06
Round took 2.595e-06
Round took 2.471e-06
Round took 2.629e-06
Round took 2.419e-06
Round took 2.478e-06
Round took 2.621e-06
Round took 2.65e-06
Round took 2.295e-06
Round took 2.491e-06
Round took 2.418e-06
Round took 5.707e-06
Round took 2.37e-06
Round took 2.363e-06
Round took 2.303e-06
Round took 2.643e-06
Round took 2.776e-06
Round took 2.505e-06
Round took 2.506e-06
Round took 1.6588e-05
Round took 2.414e-06
Round took 2.388e-06
Round took 2.437e-06
Round took 2.573e-06
Round took 2.317e-06
Round took 2.415e-06
Round took 2.337e-06
Round took 2.308e-06
Round took 8.052e-06
Round took 2.362e-06
Round took 2.336e-06
Round took 2.387e-06
Round took 2.44e-06
Round took 2.394e-06
Round took 2.373e-06
Round took 2.435e-06
Round took 2.465e-06
Round took 2.371e-06
Round took 2.362e-06
Round took 2.346e-06
Round took 2.397e-06
Round took 2.404e-06
Round took 2.451e-06
Round took 2.38e-06
Round took 5.213e-06
Round took 2.346e-06
Round took 2.325e-06
Round took 2.342e-06
Round took 2.428e-06
Round took 2.397e-06
Round took 2.342e-06
Round took 2.403e-06
Round took 2.412e-06
Round took 2.357e-06
Round took 2.32e-06
Round took 2.322e-06
Round took 2.642e-06
Round took 2.344e-06
Round took 2.389e-06
Round took 2.329e-06
Round took 2.298e-06
Round took 7.03e-06
Round took 2.346e-06
Round took 2.324e-06
Round took 2.321e-06
Round took 2.468e-06
Round took 2.337e-06
Round took 2.402e-06
Round took 2.369e-06
Round took 2.479e-06
Round took 2.337e-06
Round took 2.358e-06
Round took 2.338e-06
Round took 2.394e-06
Round took 2.36e-06
Round took 2.356e-06
Round took 2.362e-06
Round took 5.085e-06
Round took 2.349e-06
Round took 2.382e-06
Round took 2.339e-06
Round took 2.404e-06
Round took 2.343e-06
Round took 2.382e-06
Round took 2.382e-06
Round took 2.45e-06
Round took 2.341e-06
Round took 7.775e-06
Round took 2.436e-06
Round took 2.45e-06
Round took 2.437e-06
Round took 2.356e-06
Round took 2.35e-06
Round took 2.388e-06
Round took 6.176e-06
Round took 2.369e-06
Round took 2.346e-06
Round took 2.332e-06
Round took 2.431e-06
Round took 2.391e-06
Round took 2.345e-06
Round took 2.366e-06
Round took 2.477e-06
Round took 2.339e-06
Round took 2.289e-06
Round took 2.369e-06
Round took 2.413e-06
Round took 2.417e-06
Round took 2.307e-06
Round took 2.31e-06
Round took 1.9174e-05
Round took 2.402e-06
Round took 2.34e-06
Round took 2.387e-06
Round took 2.453e-06
Round took 2.357e-06
Round took 2.365e-06
Round took 2.424e-06
Round took 2.425e-06
Round took 2.361e-06
Round took 2.379e-06
Test took 40.610845387
Successful: 1888
