Uniform distribution
Round took 0.039138298
Round took 0.066282895
Round took 0.0402945
Round took 0.050015318
Round took 0.040464402
Round took 0.053801908
Round took 0.044261954
Round took 0.052218422
Round took 0.041921312
Round took 0.068769226
Round took 0.048768543
Round took 0.051481696
Round took 0.045452325
Round took 0.047426705
Round took 0.064232719
Round took 0.05315529
Round took 0.058154402
Round took 0.092814455
Round took 0.055517319
Round took 0.053714136
Round took 0.040521475
Round took 0.046701844
Round took 0.1175091
Round took 0.055619897
Round took 0.056995017
Round took 0.055768579
Round took 0.084839403
Round took 0.052461789
Round took 0.054655605
Round took 0.060126429
Round took 0.072922851
Round took 0.077675218
Round took 0.093759058
Round took 0.051358832
Round took 0.045726193
Round took 0.07829002
Round took 0.090322495
Round took 0.073747097
Round took 0.074783863
Round took 0.063463125
Round took 0.057121573
Round took 0.069489134
Round took 0.071569503
Round took 0.084843937
Round took 0.062431853
Round took 0.091498941
Round took 0.061449391
Round took 0.056938354
Round took 0.106580964
Round took 0.072653592
Round took 0.057154171
Round took 0.085120166
Round took 0.0629769
Round took 0.058530148
Round took 0.051984953
Round took 0.090870906
Round took 0.063439233
Round took 0.066566108
Round took 0.076288255
Round took 0.096120066
Round took 0.084278422
Round took 0.064159911
Round took 0.082440492
Round took 0.089487347
Round took 0.059002989
Round took 0.05806984
Round took 0.071771458
Round took 0.055653226
Round took 0.058549189
Round took 0.055344078
Round took 0.061913082
Round took 0.063837765
Round took 0.063793338
Round took 0.060736713
Round took 0.067057949
Round took 0.069852548
Round took 0.083177168
Round took 0.06963596
Round took 0.085060422
Round took 0.073517536
Round took 0.099074663
Round took 0.082971708
Round took 0.080782516
Round took 0.066363709
Round took 0.067598064
Round took 0.099820429
Round took 0.087724505
Round took 0.083604144
Round took 0.088051497
Round took 0.217627787
Round took 0.062422233
Round took 0.060049423
Round took 0.061930954
Round took 0.064655144
Round took 0.073142921
Round took 0.063877884
Round took 0.072227918
Round took 0.076865665
Round took 0.082479194
Round took 0.092900754
Round took 0.09938573
Round took 0.08222343
Round took 0.10736215
Round took 0.087149284
Round took 0.090823981
Round took 0.288076604
Round took 0.096858356
Round took 0.099762161
Round took 0.102449439
Round took 0.097874505
Round took 0.085229772
Round took 0.09794444
Round took 0.102972739
Round took 0.107830325
Round took 0.110843747
Round took 0.093097026
Round took 0.10274621
Round took 0.105573282
Round took 0.097055189
Round took 0.122651577
Round took 0.117515065
Round took 0.088925628
Round took 0.07189598
Round took 0.096827628
Round took 0.105111825
Round took 0.098231936
Round took 0.100589791
Round took 1.313038823
Round took 0.092488559
Round took 0.087051574
Round took 0.096269041
Round took 0.102816448
Round took 0.08921113
Round took 0.100538017
Round took 0.09977695
Round took 0.133761076
Round took 0.125188678
Round took 0.162759628
Round took 0.121049041
Round took 0.105534692
Round took 0.296988731
Round took 0.102665387
Round took 0.100967084
Round took 0.324885654
Round took 0.100154143
Round took 0.314495299
Round took 0.149525441
Round took 0.423329499
Round took 0.139075169
Round took 0.113277631
Round took 0.453395015
Round took 0.101712297
Round took 0.086451731
Round took 0.096155617
Round took 0.143696292
Round took 0.099771545
Round took 0.111414035
Round took 0.315831072
Round took 0.313497232
Round took 0.117001153
Round took 0.11553768
Round took 0.107759276
Round took 0.121305708
Round took 0.117583457
Round took 0.105131383
Round took 0.118201078
Round took 0.336266962
Round took 0.104502405
Round took 0.114244859
Round took 0.108527939
Round took 0.122969044
Round took 0.102696467
Round took 0.094182731
Round took 1.3207757949999999
Round took 0.834576675
Round took 0.091688174
Round took 0.095621047
Round took 0.094944311
Round took 0.104852418
Round took 0.117053459
Round took 0.092430386
Round took 0.106879729
Round took 0.316005327
Round took 0.100846534
Round took 0.100748202
Round took 0.111825243
Round took 0.138497692
Round took 0.364770255
Round took 0.15672266
Round took 0.17396917
Round took 0.838020385
Round took 0.105411862
Round took 0.101815241
Round took 0.829669815
Round took 1.341372835
Round took 0.09944975
Round took 1.3390694189999999
Round took 0.115246488
Round took 0.090297869
Round took 0.104591812
Round took 0.08953763
Round took 0.10175557
Round took 0.056503923
Round took 0.11055787
Round took 0.10020174
Round took 0.099945998
Round took 0.097287703
Round took 0.092028178
Round took 0.10180225
Round took 0.317326079
Round took 0.108179279
Round took 0.356223452
Round took 0.457298821
Round took 0.158045974
Round took 0.173926024
Round took 0.153268754
Round took 0.352887672
Round took 0.13525132
Round took 0.096804
Round took 0.82926516
Round took 0.103145269
Round took 0.466438908
Round took 0.109753804
Round took 0.102320519
Round took 0.100945838
Round took 0.098447285
Round took 0.101805475
Round took 0.324861009
Round took 0.104294662
Round took 0.098623647
Round took 0.312889711
Round took 0.094651935
Round took 0.310088057
Round took 0.811099969
Round took 0.31283576
Round took 0.089082653
Round took 0.095577214
Round took 0.310400856
Round took 0.084235164
Round took 0.090684952
Round took 0.086637423
Round took 0.093463515
Round took 0.080359337
Round took 0.085933151
Round took 0.135785881
Round took 0.098394612
Round took 0.059123495
Round took 0.086747552
Round took 1.315702608
Round took 0.096675441
Round took 1.308578787
Round took 0.084817335
Round took 0.319313926
Round took 0.084531502
Round took 0.105824708
Round took 0.089219871
Round took 0.096503262
Round took 0.087826325
Round took 0.087656428
Round took 0.804922927
Round took 0.291931621
Round took 0.080202643
Round took 0.086469427
Round took 0.088648781
Round took 0.083226393
Round took 0.087109329
Round took 0.086051729
Round took 0.297359437
Round took 0.095887255
Round took 1.314240543
Round took 0.0913441
Round took 0.101936578
Round took 0.09232061
Round took 1.402664377
Round took 0.083708865
Round took 0.102907302
Round took 0.086929097
Round took 0.091212671
Round took 0.093093555
Round took 0.098105423
Round took 1.316426262
Round took 0.109472967
Round took 0.095006845
Round took 0.096914495
Round took 0.087895302
Round took 0.083551926
Round took 0.084595928
Round took 0.09420079
Round took 0.104835819
Round took 0.063784948
Round took 0.091757813
Round took 0.804654993
Round took 0.099564676
Round took 0.10118224
Round took 0.093039722
Round took 0.097347249
Round took 0.087415296
Round took 0.091452554
Round took 0.093689572
Round took 0.096313227
Round took 0.092068839
Round took 0.311114922
Round took 0.090836109
Round took 0.090057429
Round took 0.09300665
Round took 0.341028247
Round took 0.081129801
Round took 0.374461315
Round took 0.30263784
Round took 0.090690735
Round took 0.087228369
Round took 0.106483714
Round took 0.318594505
Round took 0.31883976
Round took 0.10567285
Round took 0.102611937
Round took 0.056790315
Round took 0.096238556
Round took 0.092260388
Round took 0.102576513
Round took 0.102026601
Round took 0.311733437
Round took 0.089837217
Round took 0.089017082
Round took 0.102276589
Round took 0.092391627
Round took 0.09601942
Round took 0.093506345
Round took 3.832595473
Round took 0.102170451
Round took 0.306174071
Round took 0.308623522
Round took 0.096369828
Round took 0.30849363
Round took 0.091332645
Round took 0.100237248
Round took 4.338784066
Round took 0.086525471
Round took 0.081695221
Round took 0.142861835
Round took 0.08544384
Round took 0.097180058
Round took 0.082598377
Round took 0.090822448
Round took 0.096682891
Round took 0.098063469
Round took 0.101207058
Round took 0.088448273
Round took 0.089927552
Round took 0.093643818
Round took 0.085605651
Round took 0.088509865
Round took 0.311186414
Round took 0.092633537
Round took 0.098847866
Round took 0.821458286
Round took 0.119435018
Round took 0.101498179
Round took 0.301412523
Round took 0.318390841
Round took 0.100209817
Round took 0.096167121
Round took 0.095905453
Round took 0.08934204
Round took 0.086547932
Round took 0.109403323
Round took 0.132577045
Round took 0.130265269
Round took 0.098783304
Round took 0.0852555
Round took 0.087845456
Round took 0.087243245
Round took 0.307451831
Round took 0.093927287
Round took 0.093147944
Round took 0.091300215
Round took 0.301923141
Round took 0.075977765
Round took 0.077571206
Round took 0.097699179
Round took 1.347301452
Round took 0.096116903
Round took 0.089592094
Round took 0.30360826
Round took 1.81046577
Round took 0.086772478
Round took 0.301092073
Round took 0.087572584
Round took 0.083690382
Round took 0.091406875
Round took 0.179296061
Round took 0.093692124
Round took 0.097875555
Round took 0.096981828
Round took 0.092208756
Round took 0.092692226
Round took 0.101621084
Round took 0.101259981
Round took 0.091731774
Round took 0.08434043
Round took 0.116766438
Round took 0.083919884
Round took 0.085253057
Round took 0.107869291
Round took 0.156717552
Round took 0.20983
Round took 2.322231677
Round took 0.299070624
Round took 0.101969069
Round took 0.09793076
Round took 0.097765472
Round took 0.101553253
Round took 0.106946347
Round took 0.114854131
Round took 0.308040129
Round took 0.099429512
Round took 0.096878199
Round took 0.097534168
Round took 0.100571024
Round took 0.097966914
Round took 0.097055295
Round took 0.099155606
Round took 0.106870346
Round took 2.824985693
Round took 0.09917863
Round took 0.095045789
Round took 0.099981039
Round took 0.095120218
Round took 0.309963601
Round took 0.099229806
Round took 0.304112743
Round took 0.106638986
Round took 0.105541477
Round took 0.107294778
Round took 0.105682035
Round took 0.102433671
Round took 0.108367919
Round took 0.821849384
Round took 0.821141344
Round took 0.309615714
Round took 0.304721137
Round took 0.09337116
Round took 0.094729693
Round took 0.096002895
Round took 0.094394169
Round took 0.09764274
Round took 0.096450991
Round took 0.096570005
Round took 0.29635725
Round took 0.102660611
Round took 0.10227153
Round took 0.098119335
Round took 0.368250373
Round took 0.112700861
Round took 0.09632625
Round took 0.310176254
Round took 0.125526766
Round took 0.105743693
Round took 0.104633322
Round took 0.319567769
Round took 0.114959445
Round took 0.092319223
Round took 0.134561635
Round took 0.101767656
Round took 0.814264442
Round took 0.319312958
Round took 0.105662277
Round took 0.109056955
Round took 0.38574014
Round took 0.106932153
Round took 0.319194112
Round took 0.099519536
Round took 0.311118839
Round took 0.096156005
Round took 0.08417908
Round took 0.086831329
Round took 0.087883293
Round took 0.084076441
Round took 0.101718139
Round took 0.087284674
Round took 0.100428726
Round took 0.084988864
Round took 0.091079043
Round took 0.098858759
Round took 0.101319083
Round took 0.083287284
Round took 0.302950291
Round took 0.089134497
Round took 0.087400915
Round took 0.088958507
Round took 0.111080672
Round took 0.090893572
Round took 0.092663326
Round took 0.338887756
Round took 0.101372657
Round took 0.103630211
Round took 0.096792658
Round took 0.096817483
Round took 0.37205687
Round took 0.10463612
Round took 0.30098805
Round took 0.544865452
Round took 0.087899891
Round took 0.29620565
Round took 0.098761724
Round took 0.089356993
Round took 0.098730413
Round took 0.086746186
Round took 0.086061005
Round took 0.088557674
Round took 0.080980622
Round took 0.092712958
Round took 0.102728976
Round took 0.09172101
Round took 0.078031975
Round took 0.300273967
Round took 0.299527324
Round took 0.095865253
Round took 0.09208086
Round took 0.084834276
Round took 0.367993538
Round took 0.094050926
Round took 0.0857695
Round took 0.088614838
Round took 0.081146691
Round took 0.311647235
Round took 0.088318363
Round took 0.098320925
Round took 1.3136269
Round took 0.089171771
Round took 0.095300392
Round took 0.093955901
Round took 0.092568789
Round took 0.089574349
Round took 0.089056152
Round took 0.092644524
Round took 0.078535412
Round took 0.077976953
Round took 0.085358317
Round took 0.098219584
Round took 0.085300251
Round took 0.102331094
Round took 0.299342766
Round took 0.094262568
Round took 0.090805794
Round took 1.319500203
Round took 0.085766616
Round took 0.302399844
Round took 0.085240397
Round took 0.092470797
Round took 0.089753971
Round took 0.09692066
Round took 0.0550976
Round took 0.084706953
Round took 0.115868368
Round took 0.075363081
Round took 0.079166892
Round took 0.088040485
Round took 0.09515688
Round took 0.082803861
Round took 0.084970193
Round took 0.117255607
Round took 0.088437768
Round took 0.088451722
Round took 0.11354814
Round took 0.109270696
Round took 0.079940489
Round took 0.800712664
Round took 0.086295662
Round took 0.097648226
Round took 0.110810041
Round took 0.097137315
Round took 0.098445367
Round took 0.089882425
Round took 0.095603506
Round took 0.301647115
Round took 0.166568382
Round took 0.099556798
Round took 0.085842304
Round took 0.320622897
Round took 0.085224595
Round took 0.08277623
Round took 0.081776492
Round took 0.120133289
Round took 0.364924096
Round took 0.313379921
Round took 0.311622203
Round took 0.824397732
Round took 0.125692726
Round took 0.10667705
Round took 0.113859752
Round took 0.175350273
Round took 0.299326662
Round took 0.137621271
Round took 0.089690857
Round took 0.120089665
Round took 0.083121378
Round took 0.108971245
Round took 0.108739916
Round took 0.102616201
Round took 0.084425427
Round took 0.082803642
Round took 0.119045031
Round took 0.308487603
Round took 0.098406458
Round took 0.085343729
Round took 0.136141893
Round took 0.1201792
Round took 0.807754762
Round took 0.326651565
Round took 0.132230888
Round took 0.095235154
Round took 0.809337985
Round took 0.321307146
Round took 0.323331221
Round took 0.343840146
Round took 0.083998931
Round took 0.089469958
Round took 0.083996584
Round took 0.085346164
Round took 0.310774296
Round took 0.094341179
Round took 0.085813432
Round took 0.102521204
Round took 0.80749935
Round took 0.094357829
Round took 0.085893967
Round took 0.082064852
Round took 0.086807084
Round took 0.804537735
Round took 1.3067817480000001
Round took 0.084518979
Round took 0.094934398
Round took 0.080094578
Round took 0.309523455
Round took 0.112177799
Round took 0.14134578
Round took 0.081332746
Round took 0.103293554
Round took 0.33907564
Round took 0.080223186
Round took 0.083589712
Round took 0.085435891
Round took 0.088912431
Round took 0.114454618
Round took 0.094150493
Round took 0.086931975
Round took 0.110715398
Round took 0.117221044
Round took 0.086944862
Round took 0.101370365
Round took 0.085703341
Round took 0.096589343
Round took 0.114238794
Round took 0.121007778
Round took 0.0877624
Round took 0.088272257
Round took 0.093991986
Round took 0.329389422
Round took 0.118207824
Round took 0.090766686
Round took 0.111630655
Round took 0.093463736
Round took 0.105032984
Round took 0.303212438
Round took 0.089510671
Round took 1.324484304
Round took 0.088372714
Round took 0.090321301
Round took 0.304219031
Round took 0.091835066
Round took 0.308597235
Round took 0.091326023
Round took 0.093620244
Round took 0.093939617
Round took 0.097741237
Round took 0.096651861
Round took 0.091958216
Round took 0.102508123
Round took 0.097336707
Round took 0.094002431
Round took 0.09039241
Round took 0.306385333
Round took 0.30335124
Round took 2.820014113
Round took 0.101359581
Round took 0.096251905
Round took 0.094358135
Round took 0.090783682
Round took 0.082481399
Round took 0.089814223
Round took 0.093330447
Round took 1.3263764789999999
Round took 0.312168168
Round took 1.307271192
Round took 0.098844042
Round took 0.086706582
Round took 0.315999517
Round took 0.093882875
Round took 0.098542561
Round took 0.102353136
Round took 0.109200652
Round took 0.107641739
Round took 0.108782034
Round took 0.10703323
Round took 0.314904804
Round took 0.094194408
Round took 0.111790978
Round took 0.10842356
Round took 0.103112044
Round took 1.322481306
Round took 0.305831154
Round took 0.097187353
Round took 0.088911777
Round took 0.103647259
Round took 1.828549616
Round took 0.089628266
Round took 0.319355177
Round took 0.089321537
Round took 0.101989637
Round took 0.097424599
Round took 0.097097552
Round took 0.102664389
Round took 0.107272552
Round took 0.106619793
Round took 0.817557133
Round took 0.822369164
Round took 1.825711918
Round took 0.131488768
Round took 0.117589894
Round took 1.331180021
Round took 0.095193392
Round took 0.100007181
Round took 0.10213325
Round took 0.097166195
Round took 0.102736139
Round took 0.100102152
Round took 0.102828568
Round took 0.101685612
Round took 0.105444109
Round took 1.319640384
Round took 0.103893959
Round took 0.312476331
Round took 0.10152065
Round took 1.3245140979999999
Round took 0.095120576
Round took 0.097145306
Round took 0.309390195
Round took 0.30610718
Round took 0.305372995
Round took 0.308895293
Round took 0.085716625
Round took 0.086704233
Round took 0.101005377
Round took 0.102673113
Round took 0.108543852
Round took 0.096362612
Round took 0.313802664
Round took 0.090501834
Round took 0.095075833
Round took 0.097129991
Round took 0.095727268
Round took 0.088032399
Round took 0.126167689
Round took 0.083280562
Round took 0.09797303
Round took 0.089602454
Round took 0.10168598
Round took 0.103124864
Round took 0.094479449
Round took 1.327091214
Round took 0.08941437
Round took 0.082751449
Round took 0.081071303
Round took 0.800495817
Round took 0.353918163
Round took 0.084240549
Round took 0.077174958
Round took 0.080537581
Round took 0.082957464
Round took 1.307463706
Round took 0.092174631
Round took 0.300389184
Round took 0.303568552
Round took 1.306446244
Round took 0.079200388
Round took 0.095106233
Round took 0.114463881
Round took 0.119602059
Round took 0.082062136
Round took 0.084158877
Round took 0.090625988
Round took 0.1015077
Round took 0.111747885
Round took 0.085825581
Round took 0.095787879
Round took 0.10349243
Round took 0.080627853
Round took 0.10286504
Round took 0.39379071
Round took 0.080861184
Round took 0.086858687
Round took 0.822646512
Round took 0.113413565
Round took 0.087854418
Round took 0.304672159
Round took 0.079024002
Round took 0.107536102
Round took 0.074002937
Round took 0.089560708
Round took 0.097103077
Round took 0.097618466
Round took 0.089885469
Round took 0.096363421
Round took 0.090380098
Round took 0.088913956
Round took 0.089728242
Round took 0.088317524
Round took 0.085128822
Round took 0.09382989
Round took 0.355275092
Round took 0.093468303
Round took 0.121959698
Round took 0.877283472
Round took 0.088196201
Round took 0.092325315
Round took 0.093575898
Round took 0.312943972
Round took 0.094251275
Round took 0.093049837
Round took 0.097603196
Round took 0.101652476
Round took 0.097542258
Round took 0.101537957
Round took 0.096251551
Round took 0.098588722
Round took 0.370112206
Round took 0.301833526
Round took 0.091836047
Round took 0.092455692
Round took 0.093268706
Round took 0.086935209
Round took 0.101901555
Round took 0.301646098
Round took 0.328889823
Round took 0.106332455
Round took 0.103730317
Round took 0.058597759
Round took 0.093855506
Round took 0.32062919
Round took 0.094730887
Round took 0.807923842
Round took 0.091817256
Round took 0.092867173
Round took 0.087845296
Round took 0.301303317
Round took 0.087904877
Round took 0.081641141
Round took 0.082793723
Round took 0.098818052
Round took 0.079746765
Round took 0.131232778
Round took 0.122544455
Round took 0.302696975
Round took 0.094738897
Round took 0.085452022
Round took 0.086592172
Round took 0.11494705
Round took 0.094652178
Round took 0.095487439
Round took 0.083867751
Round took 0.105333956
Round took 0.085175896
Round took 0.08503823
Round took 0.09202022
Round took 0.826736317
Round took 2.313661435
Round took 1.311645422
Round took 0.06104159
Round took 0.085006627
Round took 0.095987139
Round took 0.135031709
Round took 0.112539937
Round took 0.126880743
Round took 2.322299134
Round took 0.305383631
Round took 0.085126763
Round took 0.115248267
Round took 1.3038623120000001
Round took 0.428510278
Round took 0.088982416
Round took 0.797375608
Round took 0.117884861
Round took 0.080031306
Round took 0.28977243
Round took 0.088100214
Round took 0.084265916
Round took 1.812329594
Round took 0.305862063
Round took 0.1105961
Round took 0.094086705
Round took 0.077449606
Round took 0.311524671
Round took 0.101793948
Round took 0.08600203
Round took 0.086456522
Round took 0.093221751
Round took 0.358934891
Round took 0.313924412
Round took 0.804871297
Round took 0.096648895
Round took 0.10519871
Round took 0.097116161
Round took 0.323650764
Round took 1.313633443
Round took 0.091345949
Round took 0.096370102
Round took 0.801259646
Round took 0.0966263
Round took 0.102597974
Round took 0.085281116
Round took 0.083983566
Round took 0.132985479
Round took 0.107178798
Round took 0.112217211
Round took 0.098756205
Round took 0.095661206
Round took 0.08779987
Round took 0.089867579
Round took 0.127423728
Round took 0.087871305
Round took 0.082044764
Round took 0.288899713
Round took 0.099166753
Round took 0.806892992
Round took 0.095645706
Round took 0.316378954
Round took 0.121638771
Round took 0.106006875
Round took 0.111823731
Round took 0.107934567
Round took 0.109967368
Round took 0.121531897
Error when reading: read tcp 172.31.54.117:55452->172.31.48.98:7070: read: connection timed out
Error when reading: read tcp 172.31.54.117:49368->172.31.55.252:7070: read: connection timed out
Error when reading: read tcp 172.31.54.117:34194->172.31.49.63:7070: read: connection timed out
Error when reading: EOF
Error when reading: EOF
Error when reading: EOF
Round took 7.830462201
Error when reading: EOF
Error when reading: EOF
Error when reading: EOF
Error when reading: EOF
Round took 0.104652537
Error when reading: EOF
Error when reading: EOF
Error when reading: EOF
Round took 0.107584553
Round took 0.112352191
Round took 0.323597468
Round took 0.317745685
Round took 0.319565877
Round took 0.314908063
Round took 0.315798196
Round took 0.106986783
Round took 0.10283914
Round took 0.318033963
Round took 0.103261464
Round took 0.100781245
Round took 0.097812994
Round took 0.100865001
Round took 0.107430332
Round took 0.093828564
Round took 0.822909525
Round took 0.103278613
Round took 0.102235719
Round took 0.104373831
Round took 0.09167942
Round took 0.31452769
Round took 0.100770851
Round took 0.101941766
Round took 0.107879302
Round took 0.101283771
Round took 0.101962006
Round took 0.311193402
Round took 0.232608454
Round took 0.100230522
Round took 0.106224
Round took 0.111806952
Round took 0.113190714
Round took 0.094921465
Round took 0.098161152
Round took 0.11109748
Round took 0.107117294
Round took 0.102166965
Round took 0.107239849
Round took 0.099635603
Round took 0.10542605
Round took 0.102981706
Round took 0.314288417
Round took 0.061272128
Round took 0.089755111
Round took 0.102673976
Round took 0.103231939
Round took 0.101145626
Round took 0.058063042
Round took 0.482650392
Round took 0.105281492
Round took 0.104669481
Round took 0.105722746
Round took 0.10684215
Round took 0.814824228
Round took 0.093055784
Round took 0.087063904
Round took 0.094248508
Round took 0.094581448
Round took 0.091920043
Round took 0.100881608
Round took 0.090799843
Round took 0.300548977
Round took 0.091094719
Round took 0.08910315
Round took 0.094833206
Round took 0.102238281
Round took 0.052492374
Round took 0.09197464
Round took 0.096023705
Round took 0.093952272
Round took 0.091494833
Round took 0.09343566
Round took 0.089921663
Round took 0.109756045
Round took 0.091175438
Round took 0.106240384
Round took 0.103517395
Round took 0.324745653
Round took 0.112519094
Round took 0.094329
Round took 0.103253749
Round took 0.329932152
Round took 0.111228129
Round took 0.096795238
Round took 0.085140925
Round took 0.365034499
Round took 0.084876816
Round took 0.081701066
Round took 0.092542361
Round took 0.088300872
Round took 0.089189886
Round took 0.084900324
Round took 0.089309996
Round took 0.080637605
Round took 0.090294066
Round took 0.094310511
Round took 0.105729428
Round took 0.10334055
Round took 0.097731886
Round took 0.31538657
Round took 0.31979603
Round took 0.1286851
Round took 0.135215779
Round took 0.145540068
Round took 0.107714533
Round took 0.099119617
Round took 0.315096898
Round took 0.090772654
Round took 0.089659003
Round took 0.088276979
Round took 0.088253251
Round took 0.088065702
Round took 0.083499075
Round took 0.096888701
Round took 0.097010284
Round took 0.304282047
Round took 0.094421759
Round took 0.126226849
Round took 0.097462923
Round took 0.332096122
Round took 0.086091539
Round took 0.086653619
Round took 0.099734147
Round took 0.30999391
Round took 0.106210531
Round took 0.092393723
Round took 0.108195997
Round took 0.302131462
Round took 0.086773827
Round took 0.089617907
Round took 0.087994661
Round took 0.08514832
Round took 0.092325934
Round took 0.111484372
Round took 0.08853669
Round took 0.083035074
Round took 0.091255183
Round took 0.111540627
Round took 0.282374556
Round took 0.083762625
Round took 0.088857476
Round took 0.090261341
Round took 0.076821921
Round took 0.081680843
Round took 0.095063069
Round took 0.082503686
Round took 0.091621754
Round took 0.054338692
Round took 0.10038184
Round took 0.11333702
Round took 0.301935239
Round took 0.089425377
Round took 0.303090319
Round took 0.085587111
Round took 0.087199832
Round took 0.084167238
Round took 0.089415686
Round took 0.10522151
Round took 0.302778584
Round took 0.085800324
Round took 0.10816922
Round took 0.09633766
Round took 0.100572294
Round took 0.095321053
Round took 0.101543401
Round took 0.095031863
Round took 0.103261458
Round took 0.09790445
Round took 0.097694808
Round took 0.101739417
Round took 0.305081825
Round took 0.088363578
Round took 0.094355393
Round took 0.091104246
Round took 0.324642414
Round took 0.087376979
Round took 0.298394872
Round took 0.079581665
Round took 0.09641408
Round took 0.089265417
Round took 0.093725945
Round took 0.079993948
Round took 0.088103199
Round took 0.085313671
Round took 0.106495912
Round took 0.083383638
Round took 0.099636385
Round took 0.084423496
Round took 0.109337535
Round took 0.096447347
Round took 0.300766434
Round took 0.311786784
Round took 0.083731045
Round took 0.090769399
Round took 0.049671758
Round took 0.083736436
Round took 0.308983519
Round took 0.097341847
Round took 0.080582018
Round took 0.092480858
Round took 0.083273874
Round took 0.084176379
Round took 0.09954644
Round took 0.109988821
Round took 0.360928159
Round took 0.095232172
Round took 0.097872863
Round took 0.094488372
Round took 0.103064048
Round took 0.092154168
Round took 0.080052672
Round took 0.08496399
Round took 0.304585854
Round took 0.307382623
Round took 0.093150752
Round took 0.099999358
Round took 0.084755507
Round took 0.084432539
Round took 0.100085657
Round took 0.091289852
Round took 0.100452896
Round took 0.100383132
Round took 0.085300062
Round took 0.102909534
Round took 0.101989259
Round took 0.087177672
Round took 0.094886658
Round took 0.125873502
Round took 1.810237436
Round took 0.0984904
Round took 0.105867457
Round took 0.100793562
Round took 0.104476612
Round took 0.095791223
Round took 0.101149189
Round took 0.099267376
Round took 0.309944357
Round took 0.102598557
Round took 0.104882963
Round took 0.100312441
Round took 0.096874677
Round took 0.094830688
Round took 0.091518011
Round took 0.0949237
Round took 0.089852593
Round took 0.081650625
Round took 0.088185856
Round took 0.080751991
Round took 0.082487886
Round took 0.088128403
Round took 0.314519026
Round took 0.083243299
Round took 0.089700908
Round took 0.092850518
Round took 0.087152494
Round took 0.076713225
Round took 0.122825182
Round took 0.094442149
Round took 0.09646231
Round took 0.097950941
Round took 0.128148501
Round took 0.093132639
Round took 0.087189962
Round took 0.094395854
Round took 0.354045766
Round took 0.085267599
Round took 0.111098252
Round took 0.115637859
Round took 0.091969552
Round took 0.11478266
Round took 0.09088115
Round took 2.31906318
Round took 0.092696447
Round took 0.300159996
Round took 0.098837542
Round took 0.086587266
Round took 0.086891063
Round took 0.092687962
Round took 0.089934248
Round took 0.118905913
Round took 0.090250264
Round took 0.122617209
Round took 0.315732972
Round took 0.105579085
Round took 0.099524623
Round took 0.305437767
Round took 0.094128677
Round took 0.099544661
Round took 0.09211482
Round took 0.102443633
Round took 0.116429368
Round took 1.83683565
Round took 0.09737925
Round took 0.102029207
Round took 0.107281975
Round took 0.101453512
Round took 0.29444971
Round took 0.094519518
Round took 0.082312462
Round took 0.091928727
Round took 0.091813748
Round took 0.090939615
Round took 0.086047637
Round took 0.330397614
Round took 0.105433016
Round took 0.096949011
Round took 0.305298711
Round took 0.110092151
Round took 0.097224756
Round took 0.098236257
Round took 0.095399704
Round took 0.099050999
Round took 0.102233297
Round took 0.303492504
Round took 0.081403717
Round took 0.089284286
Round took 0.083418562
Round took 0.090261678
Round took 0.099023396
Round took 0.088883214
Round took 0.092425302
Round took 0.303333785
Round took 0.091943897
Round took 0.086156401
Round took 0.085331683
Round took 0.096208925
Round took 0.107671646
Round took 0.128610794
Round took 0.090159893
Round took 0.085563049
Round took 0.109110621
Round took 0.36525255
Round took 0.10602439
Round took 0.093807179
Round took 0.089752031
Round took 0.094767309
Round took 0.303838409
Round took 0.094074304
Round took 0.085115626
Round took 0.093264116
Round took 0.089642226
Round took 0.097179478
Round took 0.117302457
Round took 0.104632068
Round took 0.093694345
Round took 0.102576271
Round took 0.098481546
Round took 0.092338004
Round took 0.108137223
Round took 0.094624209
Round took 0.11128932
Round took 0.108484086
Round took 0.098565628
Round took 0.100554311
Round took 0.102082996
Round took 0.100864632
Round took 0.116176428
Round took 0.099192214
Round took 0.09329512
Round took 0.314099306
Round took 0.447280458
Round took 0.093372328
Round took 0.102257837
Round took 0.319417076
Round took 0.097186679
Round took 0.096227418
Round took 0.086899819
Round took 0.104325563
Round took 0.113380799
Round took 0.096057516
Round took 0.090822244
Round took 0.102373462
Round took 0.097348709
Round took 0.104087852
Round took 0.095867712
Round took 0.109313373
Round took 0.108687808
Round took 0.095970469
Round took 0.09691654
Round took 0.094349109
Round took 0.301355703
Round took 0.051514261
Round took 0.095671991
Round took 0.094489626
Round took 0.104492512
Round took 0.099030447
Round took 0.099070821
Round took 0.10355059
Round took 0.31311555
Round took 0.102285121
Round took 0.109242294
Round took 0.112126476
Round took 0.11104782
Round took 0.103492756
Round took 0.309533522
Round took 0.09049716
Round took 0.103120074
Round took 0.105154097
Round took 0.107070699
Round took 0.308052528
Round took 0.313196597
Round took 0.099185089
Round took 0.106141501
Round took 0.092835935
Round took 0.089523101
Round took 0.087177953
Round took 0.094309404
Round took 0.092068206
Round took 0.094889005
Round took 0.306714159
Round took 0.09126324
Round took 0.097140728
Round took 0.299530788
Round took 0.098176665
Round took 0.306724463
Round took 0.286772878
Round took 0.09315562
Round took 0.10214206
Round took 0.093042399
Round took 0.311988108
Round took 0.101318285
Round took 0.094206149
Round took 0.099155378
Round took 0.097000725
Round took 0.105900255
Round took 0.116076975
Round took 0.100370561
Round took 0.098827276
Round took 0.105191393
Round took 0.307588442
Round took 0.101395291
Round took 0.102459919
Round took 0.101720348
Round took 0.097517365
Round took 0.103889964
Round took 0.099860761
Round took 0.103306311
Round took 0.103023966
Round took 0.100547037
Round took 0.098526966
Round took 0.329056921
Round took 0.116182258
Round took 0.381440658
Round took 0.098932607
Round took 0.10275198
Round took 0.091828504
Round took 0.099958705
Round took 0.088292135
Round took 0.098799082
Round took 0.096727559
Round took 0.091042417
Round took 0.816809974
Round took 0.09903977
Round took 0.081023814
Round took 0.08926686
Round took 0.090644549
Round took 0.088387075
Round took 0.061224334
Round took 0.097108092
Round took 0.098403494
Round took 0.093611513
Round took 0.091020799
Round took 0.106968844
Round took 0.104458322
Round took 0.105085834
Round took 0.091172876
Round took 0.089855841
Round took 0.09198669
Round took 0.093073727
Round took 0.351328469
Round took 0.088480148
Round took 0.111516139
Round took 0.097584604
Round took 0.104857111
Round took 0.10741713
Round took 0.12060459
Round took 0.089851725
Round took 0.103948521
Round took 0.084103265
Round took 0.089212613
Round took 0.089890421
Round took 0.093747693
Round took 0.091693828
Round took 0.091357978
Round took 0.107848628
Round took 0.098831251
Round took 0.099424107
Round took 0.10540714
Round took 0.111577172
Round took 0.302534115
Round took 0.09352726
Round took 0.094889205
Round took 0.097520965
Round took 0.098318998
Round took 0.095652552
Round took 1.31283315
Round took 0.099468084
Round took 0.097113799
Round took 0.099520306
Round took 0.09592964
Round took 0.089076224
Round took 0.051019366
Round took 0.304319486
Round took 0.075180323
Round took 0.093664418
Round took 0.094700151
Round took 0.09386677
Round took 0.326913823
Round took 0.096328936
Round took 0.096703566
Round took 0.085558509
Round took 0.088459465
Round took 0.089802938
Round took 0.100531888
Round took 0.340438784
Round took 0.087677357
Round took 0.096947903
Round took 0.093699926
Round took 0.105719724
Round took 0.097282162
Round took 0.348081274
Round took 0.087462217
Round took 0.093481721
Round took 0.109783799
Round took 0.093414677
Round took 0.103070144
Round took 0.099278006
Round took 0.10813524
Round took 0.090810453
Round took 0.103463283
Round took 0.08977578
Round took 0.095684211
Round took 1.319523621
Round took 0.450548388
Round took 0.081529408
Round took 0.092757497
Round took 0.105217885
Round took 0.314181125
Round took 0.101793478
Round took 0.310034274
Round took 0.094482034
Round took 0.309745232
Round took 0.324093261
Round took 0.153446487
Round took 0.147372293
Round took 1.8325951900000002
Round took 0.814521922
Round took 0.093510632
Round took 0.092069525
Round took 0.088024275
Round took 0.313124791
Round took 0.100757464
Round took 0.100762556
Round took 0.3160135
Round took 0.09616229
Round took 0.098693116
Round took 0.099107978
Round took 1.8106039630000001
Round took 0.09674599
Round took 0.096027144
Round took 0.11824581
Round took 0.138750064
Round took 0.10815445
Round took 0.374164009
Round took 0.109968586
Round took 0.128128504
Round took 0.8186605
Round took 0.086971079
Round took 0.089215095
Round took 0.387050855
Round took 0.0902373
Round took 0.101730812
Round took 0.090015127
Round took 0.114506235
Round took 0.305372867
Round took 0.087773295
Round took 0.089403018
Round took 0.103785385
Round took 0.096271152
Round took 0.095673385
Round took 0.092058842
Round took 0.102753368
Round took 0.810368995
Round took 0.184481275
Round took 0.095495397
Round took 0.097447694
Round took 0.114510957
Round took 0.104134037
Round took 0.304232383
Round took 0.301970443
Round took 0.090669312
Round took 0.093384483
Round took 0.085251405
Round took 0.314808634
Round took 0.093983418
Round took 0.092092849
Round took 0.31012325
Round took 0.098936336
Round took 0.097113344
Round took 0.310754781
Round took 0.0503741
Round took 0.094623789
Round took 0.11309057
Round took 0.091579142
Round took 0.30973074
Round took 0.094466303
Round took 0.099225252
Round took 0.096687816
Round took 0.090448628
Round took 0.111094085
Round took 0.305888809
Round took 0.100750124
Round took 0.088026237
Round took 0.091733154
Round took 0.095222394
Round took 0.134772671
Round took 0.106541682
Round took 0.127341042
Round took 0.123977092
Round took 0.090764883
Round took 0.082667575
Round took 0.095454223
Round took 0.099924348
Round took 0.089413419
Round took 0.308040223
Round took 0.326918751
Round took 0.089707004
Round took 0.087272121
Round took 0.303751972
Round took 0.081693268
Round took 0.089917239
Round took 0.105041073
Round took 0.079670443
Round took 0.085564912
Round took 0.095536097
Round took 0.30397629
Round took 0.087583153
Round took 0.10202949
Round took 0.092081052
Round took 0.306043295
Round took 0.087097914
Round took 0.08491792
Round took 0.090477904
Round took 0.125029992
Round took 0.100972369
Round took 0.112536328
Round took 0.294113867
Round took 0.100890723
Round took 0.092009065
Round took 0.088731071
Round took 0.09873131
Round took 0.099747308
Round took 0.093417975
Round took 0.091088541
Round took 0.093045286
Round took 0.086298791
Round took 0.10526787
Round took 0.100582504
Round took 0.11194379
Round took 0.091297344
Round took 0.311361653
Round took 0.142923105
Round took 0.118225754
Round took 0.086511281
Round took 0.088385808
Round took 0.094034992
Round took 0.299474505
Round took 0.093003254
Round took 0.098295509
Round took 0.326930493
Round took 0.101056591
Round took 0.303764573
Round took 0.103545966
Round took 0.092559831
Round took 0.304572631
Round took 0.31285319
Round took 0.090523483
Round took 0.089209341
Round took 0.089444067
Round took 0.105636257
Round took 0.103281637
Round took 0.092642376
Round took 0.082760659
Round took 0.308604688
Round took 0.094204622
Round took 0.092468555
Round took 0.08171747
Round took 0.441884349
Round took 0.081928164
Round took 0.083806185
Round took 0.090970172
Round took 0.098007749
Round took 0.083403905
Round took 0.078343768
Round took 0.084765814
Round took 0.09102071
Round took 0.089269735
Round took 0.087084539
Round took 0.095641947
Round took 0.086917668
Round took 0.086687076
Round took 0.304629784
Round took 0.084168514
Round took 0.112506663
Round took 0.109217465
Round took 0.875200964
Round took 0.117277278
Round took 0.128037473
Round took 0.088940743
Round took 0.088061961
Round took 0.086632222
Round took 0.081890561
Round took 0.090247131
Round took 0.086901937
Round took 0.093098485
Round took 0.090329194
Round took 0.808686982
Round took 0.094707849
Round took 0.10114671
Round took 0.298298724
Round took 0.308053597
Round took 0.095482954
Round took 0.824542591
Round took 0.333900942
Round took 0.322561081
Round took 0.438287048
Round took 0.102214519
Round took 0.107370384
Round took 0.313417775
Round took 0.091037944
Round took 0.09174448
Round took 0.093346108
Round took 0.304681126
Round took 0.104560123
Round took 0.099387224
Round took 0.094389802
Round took 0.102032461
Round took 0.100505669
Round took 0.102577586
Round took 0.095404557
Round took 0.097824761
Round took 0.051353775
Round took 0.451954499
Round took 0.099453179
Round took 0.096938305
Round took 0.097942972
Round took 0.310949021
Round took 0.092057324
Round took 0.097231273
Round took 0.093531903
Round took 1.315920242
Round took 0.100786602
Round took 0.096145373
Round took 0.099337803
Round took 0.105229741
Round took 0.105178996
Round took 0.095970651
Round took 0.096883119
Round took 0.11290063
Round took 0.323043978
Round took 0.121691457
Round took 0.332397329
Round took 0.121038522
Round took 0.099640375
Round took 1.319609174
Round took 0.090928361
Round took 0.098166721
Round took 0.306611523
Round took 0.098309353
Round took 0.10008373
Round took 0.095302722
Round took 0.309445989
Round took 0.106549531
Round took 0.10990937
Round took 0.0929151
Round took 0.308632246
Round took 0.096707065
Round took 0.097668192
Round took 0.840946644
Round took 0.097290317
Round took 0.096635094
Round took 0.08754464
Round took 0.092248773
Round took 0.095206162
Round took 0.053995617
Round took 0.100993074
Round took 0.094813074
Round took 0.313590177
Round took 0.093115937
Round took 0.317948758
Round took 0.30800532
Round took 0.0952464
Round took 0.310186631
Round took 0.103815027
Round took 0.113881085
Round took 0.096497371
Round took 0.093665715
Round took 0.103918316
Round took 0.101367963
Round took 2.322508205
Round took 0.307868146
Round took 0.085408503
Round took 0.088003071
Round took 0.091274161
Round took 0.100294469
Round took 0.103407058
Round took 0.099980092
Round took 0.358278965
Round took 0.124363538
Round took 0.097895267
Round took 0.088091717
Round took 0.092983789
Round took 0.099036401
Round took 0.104691706
Round took 0.109764283
Round took 0.111347715
Round took 0.092246371
Round took 0.30557284
Round took 0.306829821
Round took 0.091572364
Round took 0.097543132
Round took 0.089707297
Round took 0.085831564
Round took 0.103139825
Round took 0.117662297
Round took 0.102456699
Round took 0.115418518
Round took 0.110815297
Round took 0.093755954
Round took 0.087072938
Round took 0.092903355
Round took 0.05950345
Round took 0.087814355
Round took 0.091887783
Round took 0.821311762
Round took 0.094042957
Round took 0.110323556
Round took 0.083820913
Round took 0.097381511
Round took 0.095114762
Round took 0.082680757
Round took 0.066520232
Round took 0.099591593
Round took 0.090400633
Round took 0.099431046
Round took 0.085635696
Round took 0.091162952
Round took 0.313863619
Round took 0.086473363
Round took 0.102679424
Round took 0.114629127
Round took 0.814929207
Round took 0.094761163
Round took 0.122091163
Round took 0.091837847
Round took 0.098606243
Round took 0.101190392
Round took 0.317687621
Round took 0.089351377
Round took 0.100955532
Round took 0.082856331
Round took 0.082436507
Round took 0.103453643
Round took 0.084109683
Round took 0.088693117
Round took 0.095085464
Round took 0.091158312
Round took 0.093176726
Round took 0.084026973
Round took 0.086071188
Round took 0.092991124
Round took 0.105392813
Round took 0.117575461
Round took 0.085425383
Round took 0.209814865
Round took 0.315591293
Round took 0.116775086
Round took 0.113401837
Round took 0.098345531
Round took 0.107973251
Round took 0.094333031
Round took 0.109890466
Round took 1.314644163
Round took 0.312811302
Round took 0.31553885
Round took 0.088395905
Round took 0.102326699
Round took 0.104859856
Round took 0.100704394
Round took 0.10140018
Round took 0.100274604
Round took 0.108229612
Round took 0.110578193
Round took 0.103035728
Round took 0.106427078
Round took 0.093706924
Round took 0.105265998
Round took 0.342732539
Round took 0.096921734
Round took 0.091590207
Round took 0.098064125
Round took 0.09880951
Round took 0.113910856
Round took 0.098836466
Round took 0.109458833
Round took 0.106375815
Round took 0.099587556
Round took 0.097143601
Round took 0.32597117
Round took 0.317142809
Round took 0.212398986
Round took 0.089588864
Round took 0.091796633
Round took 0.096001359
Round took 0.09868103
Round took 0.325234848
Round took 0.088801217
Round took 0.096173159
Round took 0.324783758
Round took 0.093987722
Round took 0.100532028
Round took 0.106902286
Round took 0.094630243
Round took 0.102029654
Round took 0.092072887
Round took 0.086431679
Round took 0.096239213
Round took 0.12836382
Round took 0.316557975
Round took 0.100067586
Round took 0.098699852
Round took 0.322943779
Round took 1.323866164
Round took 0.103668479
Round took 0.086221147
Round took 0.088168635
Round took 0.09668198
Round took 0.086694185
Round took 0.086400126
Round took 0.09836564
Round took 0.302369009
Round took 0.092188859
Round took 0.094496008
Round took 0.096761542
Round took 0.099348424
Round took 0.101204394
Round took 0.102369677
Round took 0.091848657
Round took 0.091753877
Round took 0.092224068
Round took 0.080999138
Round took 0.31370837
Round took 0.308848968
Round took 0.106903137
Round took 0.091380369
Round took 0.112174686
Round took 0.093377842
Round took 0.088540349
Round took 0.110080414
Round took 0.326067172
Round took 0.089910535
Round took 0.112489118
Round took 0.098082795
Round took 0.089791893
Round took 0.103381944
Round took 0.083835197
Round took 0.102195635
Round took 0.095353198
Round took 0.099581672
Round took 0.10558592
Round took 0.095442895
Round took 0.107915348
Round took 0.112022321
Round took 0.097687564
Round took 0.156479338
Round took 0.341236642
Round took 2.893964619
Round took 0.105491791
Round took 0.096127065
Round took 0.151817048
Round took 0.088214874
Round took 0.298849364
Round took 0.098954646
Round took 0.101664352
Round took 0.093194074
Round took 0.313229893
Round took 0.094371499
Round took 0.093573427
Round took 0.084134467
Round took 0.091842851
Round took 0.090279153
Round took 0.085481367
Round took 0.100184878
Round took 0.084768305
Round took 0.095072624
Round took 0.089374309
Round took 0.104519043
Round took 0.090372004
Round took 0.095934668
Round took 0.089203497
Round took 0.142200217
Round took 0.104848662
Round took 0.0932187
Round took 0.116985217
Round took 0.08465034
Round took 0.089028142
Round took 0.095524239
Round took 0.085779907
Round took 0.103777728
Round took 0.080166359
Round took 0.086846097
Round took 0.089135744
Round took 0.112021038
Round took 0.323608772
Round took 0.13066061
Round took 0.332626343
Round took 0.103171515
Round took 0.11183219
Round took 0.095680617
Round took 0.100374201
Round took 0.101868593
Round took 0.101013229
Round took 0.112135647
Round took 0.30463781
Round took 1.8448371749999999
Round took 0.089465885
Round took 0.090670735
Round took 0.111463558
Round took 0.088925692
Round took 0.099089776
Round took 0.333278189
Round took 0.099975287
Round took 0.101736525
Round took 0.096351447
Round took 0.093995656
Round took 0.087458353
Round took 0.097258522
Round took 0.103621087
Round took 0.108855114
Round took 0.104139615
Round took 0.108695437
Round took 1.82601535
Round took 0.304540455
Round took 0.085762373
Round took 0.090514268
Round took 0.305461044
Round took 0.209766215
Round took 0.089444649
Round took 0.095701201
Round took 0.092901388
Round took 0.089666345
Round took 0.097612544
Round took 0.096682876
Round took 0.086759487
Test took 375.553780923
Successful: 13658
