Uniform distribution
Round took 0.099019552
Round took 0.090478188
Round took 0.136525452
Round took 0.094313236
Round took 0.09983095
Round took 0.123971381
Round took 0.209216733
Round took 0.08774716
Round took 0.300574096
Round took 0.091397118
Round took 0.092588441
Round took 0.100809052
Round took 0.094538166
Round took 0.306140511
Round took 0.099770449
Round took 0.093743456
Round took 0.103011693
Round took 0.09897457
Round took 0.319049961
Round took 0.09364039
Round took 0.096046344
Round took 0.38871999
Round took 0.089708429
Round took 0.08628274
Round took 0.097130345
Round took 0.101916538
Round took 0.311014555
Round took 0.310050423
Round took 0.821094078
Round took 0.115804368
Round took 0.108103707
Round took 0.10370853
Round took 0.117765276
Round took 1.829446136
Round took 0.110256414
Round took 0.101284672
Round took 0.115516397
Round took 0.110733408
Round took 0.105981481
Round took 0.821372552
Round took 0.122691425
Round took 0.834444106
Round took 3.356043068
Round took 0.136579318
Round took 0.143072131
Round took 0.148420933
Round took 0.10863087
Round took 0.109001829
Round took 0.132378607
Round took 0.089672099
Round took 0.108351699
Round took 0.319491128
Round took 0.104679339
Round took 0.099763452
Round took 0.117365474
Round took 0.094818941
Round took 0.315151018
Round took 0.056131759
Round took 0.107369365
Round took 0.053112586
Round took 0.094457861
Round took 0.091312656
Round took 0.09074761
Round took 0.111767577
Round took 0.11564041
Round took 0.096369334
Round took 0.101890272
Round took 0.10126651
Round took 0.104901045
Round took 0.105710938
Round took 0.095913121
Round took 0.546011658
Round took 0.094543892
Round took 0.102341371
Round took 0.339364505
Round took 0.171022881
Round took 0.856512568
Round took 0.825322802
Round took 0.090470333
Round took 0.325134802
Round took 0.334506504
Round took 0.434294171
Round took 0.108459748
Round took 0.106630288
Round took 0.102161003
Round took 0.308296578
Round took 0.091676801
Round took 0.10307311
Round took 0.101014725
Round took 0.097690251
Round took 0.310332676
Round took 0.093951638
Round took 0.093754817
Round took 0.089162612
Round took 0.087736597
Round took 0.094443278
Round took 0.093357677
Round took 0.108907309
Round took 0.30864171
Round took 0.094140568
Round took 0.092136194
Round took 0.094838876
Round took 0.093376303
Round took 0.30750711
Round took 0.097714389
Round took 0.089444271
Round took 0.089378598
Round took 0.09197108
Round took 0.299049392
Round took 0.09340227
Round took 0.087918329
Round took 0.095832222
Round took 0.089608794
Round took 0.092493656
Round took 0.08602419
Round took 0.087314742
Round took 0.089631544
Round took 0.090679698
Round took 0.089837967
Round took 0.103403262
Round took 0.101165899
Round took 0.112650973
Round took 0.09591942
Round took 0.089687969
Round took 0.093392442
Round took 0.097785059
Round took 0.300143848
Round took 0.309578564
Round took 0.093856372
Round took 0.096448754
Round took 0.107891885
Round took 0.09836697
Round took 0.085388322
Round took 0.090508523
Round took 0.089569545
Round took 0.093022058
Round took 0.089667577
Round took 0.0870366
Round took 0.087288263
Round took 0.088528486
Round took 0.30464325
Round took 0.115698515
Round took 0.096352602
Round took 0.092136044
Round took 0.345815132
Round took 0.130773658
Round took 0.092415892
Round took 0.119555729
Round took 0.298615714
Round took 0.08718925
Round took 0.096767106
Round took 0.090587531
Round took 0.086529171
Round took 0.088290638
Round took 0.100964684
Round took 0.298797835
Round took 0.09751921
Round took 0.091482388
Round took 0.299414777
Round took 0.099438517
Round took 0.307314956
Round took 0.101394327
Round took 0.302610744
Round took 0.093387878
Round took 0.096829538
Round took 0.092720449
Round took 0.080744887
Round took 0.085191191
Round took 0.086439866
Round took 0.122028141
Round took 0.097797748
Round took 0.092349119
Round took 0.059385156
Round took 0.086246881
Round took 0.088399603
Round took 0.107436603
Round took 0.091377695
Round took 0.082680941
Round took 0.084334413
Round took 0.299316351
Round took 0.091867796
Round took 0.080897654
Round took 0.11726862
Round took 0.129044061
Round took 0.103050427
Round took 0.815009512
Round took 0.089209033
Round took 0.296231538
Round took 0.081750719
Round took 0.153479442
Round took 0.115590651
Round took 0.340519214
Round took 1.314949854
Round took 0.091122252
Round took 0.091870307
Round took 0.097181887
Round took 0.098004999
Round took 0.096799037
Round took 0.102941562
Round took 0.095504391
Round took 0.810383847
Round took 0.304971249
Round took 0.082933169
Round took 0.124831189
Round took 0.810882655
Round took 0.091372364
Round took 0.083511176
Round took 0.086343687
Round took 0.092417501
Round took 0.101296778
Round took 0.102611249
Round took 0.107972536
Round took 0.109088606
Round took 0.109497071
Round took 0.112303337
Round took 0.103141161
Round took 0.10366289
Round took 0.318133615
Round took 0.100549083
Round took 0.098686943
Round took 0.089503823
Round took 0.094941986
Round took 0.306593235
Round took 0.306729253
Round took 0.097882313
Round took 0.307641709
Round took 0.098161657
Round took 0.097959253
Round took 0.316668566
Round took 0.09289383
Round took 0.093706025
Round took 0.100209581
Round took 0.102021082
Round took 0.307128376
Round took 0.102030087
Round took 0.087465021
Round took 0.297412896
Round took 0.31288386
Round took 0.09957343
Round took 0.09616333
Round took 0.054538746
Round took 0.306495691
Round took 0.09698494
Round took 0.098698525
Round took 0.107632851
Round took 0.304491803
Round took 0.42644466
Round took 0.098829486
Round took 0.81573548
Round took 0.099619101
Round took 0.087603823
Round took 0.096506369
Round took 0.093204723
Round took 0.080028284
Round took 0.090617797
Round took 0.095650151
Round took 0.091276155
Round took 0.085152698
Round took 0.088097101
Round took 0.298346022
Round took 0.086607646
Round took 2.33689205
Round took 0.152645155
Round took 0.076737688
Round took 0.093583096
Round took 0.086932462
Round took 0.294033906
Round took 0.091467764
Round took 0.101679557
Round took 0.818981398
Round took 0.084579924
Round took 0.30770697
Round took 0.083250469
Round took 0.087903754
Round took 0.092325483
Round took 1.324641797
Round took 0.450337268
Round took 0.103025681
Round took 0.10777044
Round took 0.096224147
Round took 0.102949579
Round took 0.087350945
Round took 0.116285044
Round took 0.294045066
Round took 0.813110673
Round took 0.089069805
Round took 0.100387242
Round took 0.30606471
Round took 0.096322153
Round took 0.112557028
Round took 0.314216463
Round took 1.311013059
Round took 0.80782775
Round took 0.101499628
Round took 0.089481361
Round took 0.099510182
Round took 0.334867689
Round took 0.289868574
Round took 0.079402305
Round took 0.091659428
Round took 0.196033737
Round took 0.116899585
Round took 0.094878518
Round took 0.081978889
Round took 0.798819242
Round took 0.089318277
Round took 0.086796442
Round took 0.091853048
Round took 0.079623689
Round took 0.302083964
Round took 0.083076585
Round took 0.05261015
Round took 0.101325278
Round took 0.0971057
Round took 0.167929335
Round took 0.090682774
Round took 0.136169494
Round took 0.087803609
Round took 0.170461581
Round took 0.104057648
Round took 0.805905176
Round took 0.092625295
Round took 0.107614129
Round took 0.108315019
Round took 0.101994572
Round took 0.100778503
Round took 0.306836965
Round took 0.105853636
Round took 0.107668071
Round took 0.116731093
Round took 0.102413641
Round took 2.839913638
Round took 0.102596461
Round took 0.097836539
Round took 0.104092118
Round took 0.10216718
Round took 0.326831351
Round took 0.096230815
Round took 0.104825919
Round took 0.095478311
Round took 0.09204566
Round took 0.085896008
Round took 0.092251997
Round took 0.307732212
Round took 0.833390228
Round took 0.137122044
Round took 0.098336914
Round took 0.103364582
Round took 0.095909505
Round took 0.810564445
Round took 0.106618021
Round took 0.308173193
Round took 0.100898464
Round took 0.097162878
Round took 0.098251346
Round took 0.10507875
Round took 0.095164385
Round took 0.097564872
Round took 0.098296223
Round took 0.098844562
Round took 0.094337054
Round took 0.12240786
Round took 0.109348649
Round took 0.3185422
Round took 0.306213321
Round took 0.100419192
Round took 0.10141021
Round took 0.091983995
Round took 0.093392519
Round took 0.093951965
Round took 0.813989103
Round took 0.310148948
Round took 1.8426572970000001
Round took 0.105597581
Round took 0.115183421
Round took 0.113924168
Round took 0.104016645
Round took 0.095831382
Round took 0.315374648
Round took 0.321155354
Round took 0.108427222
Round took 0.105135451
Round took 0.118402364
Round took 0.118591254
Round took 0.822752273
Round took 0.094662925
Round took 0.095368988
Round took 0.321529023
Round took 0.093550254
Round took 0.314405951
Round took 0.09020221
Round took 0.813394889
Round took 0.090434235
Round took 0.090296137
Round took 0.092814556
Round took 0.089902228
Round took 0.090832732
Round took 0.095966891
Round took 0.30225814
Round took 0.102952663
Round took 0.09762993
Round took 0.09956516
Round took 0.303323049
Round took 0.804498574
Round took 0.088319354
Round took 0.094287651
Round took 0.089386805
Round took 0.298883814
Round took 0.079402252
Round took 0.092189316
Round took 0.101817774
Round took 0.088689217
Round took 0.094970548
Round took 0.081139483
Round took 0.08853955
Round took 0.106741745
Round took 0.099626616
Round took 0.090520129
Round took 0.10113363
Round took 0.330966601
Round took 0.29517105
Round took 0.093355136
Round took 0.297318458
Round took 0.090136388
Round took 0.302671933
Round took 0.08511588
Round took 0.085975718
Round took 0.094209468
Round took 0.106607556
Round took 0.088936391
Round took 0.09427955
Round took 1.815113167
Round took 0.357048466
Round took 2.815022757
Round took 0.30566833
Round took 0.097973358
Round took 0.116959017
Round took 0.080718623
Round took 0.083314764
Round took 0.077986289
Round took 0.080728126
Round took 0.086325685
Round took 0.297675572
Round took 0.102013022
Round took 0.112177145
Round took 0.104886323
Round took 0.089858501
Round took 0.319073863
Round took 0.118916139
Round took 0.112635738
Round took 0.124310005
Round took 0.11600967
Round took 0.301637648
Round took 0.094388285
Round took 0.094773845
Round took 0.093309099
Round took 0.094302002
Round took 0.81943058
Round took 0.30435628
Round took 0.086112098
Round took 0.309737208
Round took 0.145144484
Round took 0.083905821
Round took 0.363925951
Round took 0.095828669
Round took 0.307843646
Round took 0.088035807
Round took 0.317418233
Round took 0.407819764
Round took 0.086366405
Round took 0.163790008
Round took 0.081099911
Round took 0.084021127
Round took 0.079313589
Round took 0.095898376
Round took 0.796841048
Round took 0.085533952
Round took 0.11139423
Round took 0.108153226
Round took 0.31392057
Round took 0.086434486
Round took 0.093595744
Round took 0.115895869
Round took 0.104881455
Round took 0.092719405
Round took 0.143694344
Round took 0.091035182
Round took 0.080840746
Round took 0.078923673
Round took 0.086051028
Round took 0.123464753
Round took 0.089632289
Round took 0.097267018
Round took 0.086740477
Round took 0.086378425
Round took 1.805280561
Round took 0.299653567
Round took 0.084153615
Round took 0.315505776
Round took 0.089615637
Round took 0.095907522
Round took 0.085267005
Round took 0.092543487
Round took 0.097663934
Round took 0.093507029
Round took 0.811374449
Round took 0.295745962
Round took 0.302806331
Round took 0.106685677
Round took 0.135394109
Round took 0.100791759
Round took 0.112476695
Round took 0.119655422
Round took 0.08397797
Round took 0.084825504
Round took 0.076483896
Round took 0.087676088
Round took 0.330077441
Round took 0.085482597
Round took 0.087949248
Round took 0.09491159
Round took 0.824885677
Round took 0.292415557
Round took 0.095347005
Round took 0.091937328
Round took 0.084062267
Round took 0.085817278
Round took 0.293251737
Round took 0.302003049
Round took 0.08169295
Round took 0.295166002
Round took 0.151657507
Round took 0.107592993
Round took 0.097136031
Round took 0.103668207
Round took 0.861023914
Round took 0.226653346
Round took 0.110231321
Round took 0.098628356
Round took 0.098256292
Round took 0.086567236
Round took 0.302672986
Round took 0.046191983
Round took 0.090406344
Round took 0.302721152
Round took 0.310284221
Round took 0.093769992
Round took 0.098815808
Round took 0.115775073
Round took 0.495320502
Round took 0.089064625
Round took 0.088483675
Round took 0.302554936
Round took 0.089862455
Round took 0.093295293
Round took 0.089770238
Round took 0.086004807
Round took 0.102083578
Round took 0.09781489
Round took 0.092423025
Round took 0.094778048
Round took 0.099763747
Round took 0.095625656
Round took 0.096417341
Round took 0.092324735
Round took 0.103239548
Round took 0.101010891
Round took 0.10232818
Round took 0.807341708
Round took 0.117913884
Round took 0.098032314
Round took 0.093587597
Round took 0.360612901
Round took 0.082415836
Round took 0.087098824
Round took 0.092819056
Round took 0.302857991
Round took 0.094698141
Round took 0.096893289
Round took 0.306193313
Round took 0.103629564
Round took 0.102090158
Round took 0.102771089
Round took 0.375020759
Round took 0.091875871
Round took 0.095996769
Round took 0.092927358
Round took 0.093334368
Round took 0.310295668
Round took 0.814875947
Round took 0.096390402
Round took 0.10265979
Round took 0.0914931
Round took 0.107754261
Round took 0.33161974
Round took 0.330278677
Round took 0.102031764
Round took 0.103869532
Round took 0.084834006
Round took 0.10161998
Round took 0.114903318
Round took 0.091423574
Round took 0.099588442
Round took 0.088190404
Round took 0.098154212
Round took 0.052276036
Round took 0.317072321
Round took 0.087484741
Round took 0.097620688
Round took 0.087648845
Round took 0.107921059
Round took 0.095942728
Round took 0.096656141
Round took 0.111861544
Round took 0.107449676
Round took 0.311643931
Round took 2.320887627
Round took 0.310450357
Round took 0.102404227
Round took 4.346729809
Round took 0.311936824
Round took 0.115223393
Round took 0.820710938
Round took 0.110370011
Round took 0.106974612
Round took 0.10398208
Round took 1.8372284749999999
Round took 0.09308833
Round took 0.311443154
Round took 0.102576771
Round took 0.32072926
Round took 0.065484079
Round took 0.100509056
Round took 0.815363228
Round took 0.094992043
Round took 2.321768417
Round took 0.80559909
Round took 0.091764585
Round took 0.093021579
Round took 0.0913289
Round took 0.097757225
Round took 0.086958533
Round took 0.095702032
Round took 0.086741156
Round took 0.102630097
Round took 0.101709122
Round took 0.086717703
Round took 0.374268289
Round took 0.096984174
Round took 0.090012072
Round took 0.091945115
Round took 0.092964373
Round took 0.087048078
Round took 0.473281114
Round took 0.097890206
Round took 0.084724851
Round took 0.087879514
Round took 0.088694756
Round took 0.085189975
Round took 0.092643738
Round took 0.081961675
Round took 0.094604556
Round took 0.08740713
Round took 0.796862528
Round took 0.080112751
Round took 0.099409309
Round took 0.091133775
Round took 0.085589062
Round took 0.098488808
Round took 0.082747505
Round took 1.814869429
Round took 0.302034294
Round took 0.084279259
Round took 0.088165573
Round took 0.091123496
Round took 0.085626877
Round took 0.147119628
Round took 0.106038169
Round took 0.103815987
Round took 0.094681465
Round took 0.098429106
Round took 0.089597635
Round took 0.290538658
Round took 0.091261612
Round took 0.126140239
Round took 0.14257387
Round took 0.093765392
Round took 0.302845085
Round took 0.083847999
Round took 0.090215732
Round took 0.089465197
Round took 0.094563742
Round took 0.104397779
Round took 0.10474315
Round took 0.32416994
Round took 0.086984301
Round took 0.121757388
Round took 0.303107796
Round took 0.09429449
Round took 0.084373209
Round took 0.107583625
Round took 0.084217339
Round took 0.081143111
Round took 0.201855172
Round took 0.104361471
Round took 0.308887194
Round took 0.083914142
Round took 0.1018893
Round took 0.294364302
Round took 0.799398204
Round took 0.088244702
Round took 0.103250144
Round took 0.101464211
Round took 0.085119897
Round took 0.104295727
Round took 0.087664314
Round took 0.085651694
Round took 0.058930281
Round took 0.299441352
Round took 0.092754722
Round took 0.107223324
Round took 0.80831453
Round took 0.092524266
Round took 0.100059244
Round took 0.099542709
Round took 0.301812622
Round took 0.094069975
Round took 0.087546702
Round took 0.091594044
Round took 0.098767038
Round took 0.089178552
Round took 0.091826736
Round took 0.091765203
Round took 0.100822588
Round took 0.099145624
Round took 0.314972923
Round took 0.305763874
Round took 0.096996355
Round took 0.309161995
Round took 0.09386135
Round took 0.093135165
Round took 0.090614392
Round took 0.08901197
Round took 0.099808332
Round took 0.082570773
Round took 0.058435842
Round took 0.089023934
Round took 0.087923003
Round took 0.310512519
Round took 0.106484582
Round took 0.085092689
Round took 0.084310636
Round took 0.098684495
Round took 0.087103405
Round took 0.099864632
Round took 0.082673488
Round took 0.100938761
Round took 0.109800469
Round took 1.3059445840000001
Round took 0.82159919
Round took 0.087975424
Round took 0.086730107
Round took 0.093731201
Round took 0.087567657
Round took 0.08499932
Round took 0.084339536
Round took 0.099371175
Round took 0.303174687
Round took 0.095940062
Round took 0.086375442
Round took 0.081571119
Round took 0.117481581
Round took 0.081730844
Round took 0.092159635
Round took 0.822139264
Round took 0.08156945
Round took 0.086014593
Round took 0.082877315
Round took 0.094109106
Round took 0.08547309
Round took 0.12108353
Round took 0.101330104
Round took 0.103796326
Round took 0.092062993
Round took 0.096592354
Round took 0.10748394
Round took 0.194222976
Round took 0.300691722
Round took 1.305524739
Round took 0.107730423
Round took 0.084029409
Round took 0.106950685
Round took 0.146211098
Round took 0.104164012
Round took 0.117447527
Round took 0.124561936
Round took 0.344299752
Round took 0.107249162
Round took 0.288998248
Round took 0.078459571
Round took 0.085974921
Round took 0.086392273
Round took 0.086757536
Round took 1.320072646
Round took 0.092102829
Round took 0.339462111
Round took 0.08862183
Round took 0.080714463
Round took 0.796115444
Round took 0.091150276
Round took 0.314741584
Round took 0.117893141
Round took 0.089469708
Round took 0.102783988
Round took 0.133094414
Round took 0.085675747
Round took 0.087600041
Round took 0.108180667
Round took 0.086518198
Round took 0.089108165
Round took 0.084218539
Round took 0.123915221
Round took 0.092044204
Round took 0.085357219
Round took 0.131404469
Round took 0.292598111
Round took 0.813711524
Round took 0.117403511
Round took 0.090437944
Round took 0.102665518
Round took 0.820335047
Round took 0.096436638
Round took 0.097887499
Round took 0.105741899
Round took 0.093173336
Round took 0.299713648
Round took 0.109537807
Round took 0.305075547
Round took 0.088689556
Round took 0.107583099
Round took 0.333541707
Round took 0.096720426
Round took 0.10867105
Round took 0.086068587
Round took 0.083872895
Round took 0.094834083
Round took 0.083168524
Round took 0.110880311
Round took 0.11442089
Round took 0.089763556
Round took 0.316395031
Round took 0.095055758
Round took 0.29677631
Round took 0.095295966
Round took 0.082740972
Round took 0.105592107
Round took 0.305852463
Round took 0.127762232
Round took 0.093651077
Round took 0.09954436
Round took 0.096524556
Round took 0.091983844
Round took 0.085892452
Round took 0.08209458
Round took 0.369209826
Round took 0.081314887
Round took 0.120145346
Round took 0.107513762
Round took 0.084817121
Round took 0.100681599
Round took 3.319619751
Round took 0.11098287
Round took 0.102490176
Round took 0.118400676
Round took 0.316437179
Round took 0.103985386
Round took 0.109212059
Round took 0.117612351
Round took 0.313517481
Round took 0.090437191
Round took 0.09779611
Round took 0.097514234
Round took 0.10731087
Round took 0.823214594
Round took 0.325549518
Round took 0.112702128
Round took 0.10632148
Round took 0.102460476
Round took 0.107107512
Round took 0.102991038
Round took 0.104850288
Round took 0.096345175
Round took 0.098958977
Round took 0.093355176
Round took 2.831887538
Round took 0.098713041
Round took 0.312271747
Round took 0.112351441
Round took 0.094988607
Round took 0.100704184
Round took 0.310448201
Round took 0.092119364
Round took 0.319319554
Round took 0.106497048
Round took 0.10270664
Round took 0.11336787
Round took 0.1009351
Round took 0.104097653
Round took 0.105802502
Round took 0.102241747
Round took 0.099332836
Round took 0.31195524
Round took 0.430220003
Round took 0.106527762
Error when reading: read tcp 172.31.54.117:44232->172.31.62.16:7070: read: connection timed out
Error when reading: EOF
Round took 7.825221273
Error when reading: EOF
Error when reading: EOF
Round took 0.057696215
Error when reading: EOF
Error when reading: EOF
Round took 0.058932248
Error when reading: EOF
Error when reading: EOF
Round took 0.049204068
Round took 0.168666568
Round took 0.312891458
Round took 0.052263851
Round took 0.044797145
Round took 0.05311873
Round took 0.049304042
Round took 0.045400142
Round took 1.326352805
Round took 0.403307197
Round took 0.047455664
Round took 0.052569326
Round took 0.04831109
Round took 0.048585298
Round took 0.048117434
Round took 0.055596516
Round took 0.048037116
Round took 0.4576127
Round took 0.083994099
Round took 0.31800211
Round took 0.148769108
Round took 0.049577229
Round took 0.061511354
Round took 0.062080714
Round took 0.066445296
Round took 0.082901624
Round took 0.067995297
Round took 0.151253517
Round took 0.158173413
Round took 0.051050698
Round took 0.045052884
Round took 0.080713586
Round took 0.079460734
Round took 0.058483088
Round took 0.053975811
Round took 0.051289707
Round took 0.044616191
Round took 0.04941884
Round took 0.049855864
Round took 0.043958242
Round took 0.062116361
Round took 0.056130365
Round took 0.064207271
Round took 0.045972695
Round took 0.095817784
Round took 0.064452919
Round took 0.05693559
Round took 0.061675653
Round took 0.055470585
Round took 0.055984432
Round took 0.057056166
Round took 0.054226888
Round took 0.062610673
Round took 0.0665931
Round took 0.173988813
Round took 0.068093215
Round took 0.063255091
Round took 0.069474503
Round took 0.069244699
Round took 0.195048066
Round took 0.200897321
Round took 0.327044951
Round took 0.177160973
Round took 0.308554589
Round took 0.047492993
Round took 0.07893297
Round took 0.050112067
Round took 0.07558354
Round took 0.058980746
Round took 0.067346276
Round took 0.076629932
Round took 0.070069307
Round took 0.317583861
Round took 0.069360556
Round took 0.068462932
Round took 0.066223104
Round took 0.066085174
Round took 0.323642885
Round took 0.112823729
Round took 0.06468916
Round took 0.069815214
Round took 0.084868075
Round took 0.05973857
Round took 0.067485442
Round took 0.067211752
Round took 0.048848261
Round took 0.05852945
Round took 0.163533197
Round took 0.065510328
Round took 0.407206074
Round took 0.045569904
Round took 0.049266167
Round took 0.050135052
Round took 0.191291753
Round took 0.060437073
Round took 0.047099233
Round took 0.064081945
Round took 0.152651026
Round took 0.348765109
Round took 0.832091747
Round took 0.103516739
Round took 0.140884061
Round took 0.049702733
Round took 0.048564244
Round took 0.05836185
Round took 0.050069273
Round took 0.052097795
Round took 0.049837264
Round took 0.046931143
Round took 1.819806046
Round took 0.099017035
Round took 0.312527093
Round took 0.157377391
Round took 0.050909371
Round took 0.052286281
Round took 0.051350118
Round took 0.053136388
Round took 0.050808467
Round took 0.044800053
Round took 0.050891872
Round took 0.140433226
Round took 0.073084688
Round took 0.065570521
Round took 0.081706439
Round took 0.090467797
Round took 0.064509737
Round took 0.077789804
Round took 0.057387468
Round took 0.085046144
Round took 0.133751845
Round took 0.06422667
Round took 0.060230073
Round took 0.073479574
Round took 0.137456948
Round took 0.062915534
Round took 0.071203152
Round took 0.046740979
Round took 0.059648777
Round took 0.059758274
Round took 0.84815988
Round took 0.069525644
Round took 0.13482147
Round took 0.048200402
Round took 0.073104817
Round took 0.052817068
Round took 0.143025756
Round took 0.054675917
Round took 0.054342318
Round took 0.060753891
Round took 0.072327162
Round took 0.056464686
Round took 0.054365012
Round took 0.169689299
Round took 0.303146326
Round took 0.068843157
Round took 0.079365181
Round took 0.054249526
Round took 0.051551826
Round took 0.059260388
Round took 0.057275728
Round took 0.056839783
Round took 0.054824357
Round took 0.054734562
Round took 0.054603603
Round took 0.052365089
Round took 0.052657207
Round took 0.045257393
Round took 0.061547871
Round took 0.05203892
Round took 0.053271246
Round took 0.171701874
Round took 0.049545136
Round took 0.056552918
Round took 0.047927461
Round took 0.049107038
Round took 0.056996105
Round took 0.051162897
Round took 0.052867299
Round took 0.045245353
Round took 0.054677035
Round took 0.049049444
Round took 0.05264457
Round took 0.057785915
Round took 0.052130591
Round took 0.148467353
Round took 0.309207548
Round took 0.060933939
Round took 1.81363867
Round took 0.04665681
Round took 0.048406715
Round took 0.178898233
Round took 0.050336663
Round took 0.0488889
Round took 0.049606272
Round took 0.048047762
Round took 0.054884656
Round took 0.068315822
Round took 0.073092241
Round took 0.056225045
Round took 0.053644305
Round took 0.16961643
Round took 0.079418847
Round took 0.057485866
Round took 0.050422829
Round took 0.055961018
Round took 0.050976746
Round took 0.052186975
Round took 0.050003789
Round took 0.046241303
Round took 0.054815363
Round took 0.307125609
Round took 0.055802308
Round took 0.171218562
Round took 0.309540046
Round took 0.056617559
Round took 0.051777464
Round took 0.057395144
Round took 0.058209883
Round took 0.053037637
Round took 0.05008344
Round took 0.309750544
Round took 0.043788703
Round took 0.067905204
Round took 0.048071927
Round took 0.177404052
Round took 0.063813839
Round took 0.066247634
Round took 0.063517247
Round took 0.077627796
Round took 0.06068962
Round took 0.81543567
Round took 0.068365189
Round took 0.048061608
Round took 0.054614014
Round took 0.041791008
Round took 0.056157575
Round took 0.054299627
Round took 0.050848197
Round took 0.053061955
Round took 0.053672345
Round took 0.151604461
Round took 0.05460743
Round took 0.065811379
Round took 0.052694334
Round took 0.158995401
Round took 0.06160333
Round took 0.066346598
Round took 0.060942698
Round took 0.084045162
Round took 0.092203739
Round took 0.799248644
Round took 0.046449165
Round took 0.04708541
Round took 0.045880079
Round took 0.051560121
Round took 0.055937406
Round took 0.047904902
Round took 0.05042356
Round took 0.045720386
Round took 0.045645329
Round took 0.048756996
Round took 0.04197016
Round took 0.052220601
Round took 0.050286123
Round took 0.048988962
Round took 0.041883241
Round took 0.04827101
Round took 0.0491176
Round took 0.053210426
Round took 0.060411855
Round took 0.070691628
Round took 0.053618728
Round took 0.301029326
Round took 0.055484413
Round took 0.049118573
Round took 0.046540151
Round took 0.045052399
Round took 0.15508291
Round took 0.048151783
Round took 0.047219955
Round took 0.047231735
Round took 0.047489875
Round took 0.05096761
Round took 0.298185206
Round took 0.050523474
Round took 0.048261505
Round took 0.050455565
Round took 0.051281713
Round took 0.04850078
Round took 0.045861433
Round took 0.053704261
Round took 0.051637273
Round took 0.049505606
Round took 0.050442017
Round took 0.056211378
Round took 0.05210439
Round took 0.055055454
Round took 0.049048292
Round took 0.050381228
Round took 0.148823794
Round took 0.045807506
Round took 0.046355705
Round took 0.150109874
Round took 0.049806173
Round took 0.053439522
Round took 0.048738156
Round took 0.059115852
Round took 0.066955012
Round took 0.068434945
Round took 0.061376692
Round took 0.052706293
Round took 0.304317989
Round took 0.053548971
Round took 0.050545736
Round took 0.05210451
Round took 0.047641023
Round took 0.154270527
Round took 0.049870591
Round took 0.14913437
Round took 0.047433411
Round took 0.050088233
Round took 0.050546367
Round took 0.052418576
Round took 0.053421076
Round took 0.13701199
Round took 0.049275834
Round took 0.054387033
Round took 0.052808395
Round took 0.047346937
Round took 0.163003975
Round took 0.074812594
Round took 0.052401119
Round took 0.050275359
Round took 0.053518254
Round took 0.122043518
Round took 0.053631861
Round took 0.080401938
Round took 0.431688318
Round took 0.051148017
Round took 0.048819299
Round took 0.194931364
Round took 0.048397144
Round took 0.046215922
Round took 0.06246446
Round took 0.053500364
Round took 0.053553616
Round took 0.048277832
Round took 0.19202461
Round took 0.061934262
Round took 0.073870532
Round took 0.056627661
Round took 0.162859163
Round took 0.048904519
Round took 0.055226775
Round took 0.051419628
Round took 0.062679033
Round took 0.055504337
Round took 0.152985542
Round took 0.305999282
Round took 0.054476215
Round took 0.049202619
Round took 0.050870742
Round took 0.0514568
Round took 0.051327076
Round took 0.049126004
Round took 0.052775293
Round took 0.063187176
Round took 0.075242136
Round took 0.076033644
Round took 0.126893911
Round took 0.067839919
Round took 0.046963758
Round took 0.155735202
Round took 0.063691169
Round took 0.063024711
Round took 0.057829991
Round took 0.060571842
Round took 0.052894072
Round took 0.060964096
Round took 0.052454465
Round took 0.049722302
Round took 0.072784485
Round took 0.058296468
Round took 0.078401014
Round took 0.063858041
Round took 0.04735012
Round took 0.058690044
Round took 0.062506187
Round took 0.142957161
Round took 0.049524066
Round took 0.060590916
Round took 0.073573471
Round took 0.063895608
Round took 0.181499702
Round took 0.06032061
Round took 0.068266955
Round took 0.080466079
Round took 0.164000739
Round took 0.049481213
Round took 0.073984405
Round took 0.118591958
Round took 0.06477239
Round took 0.088307967
Round took 0.306021189
Round took 0.091018894
Round took 0.046488301
Round took 0.079250951
Round took 0.059056047
Round took 0.298287241
Round took 0.0526978
Round took 0.048692749
Round took 0.054317744
Round took 0.055086252
Round took 0.055951372
Round took 0.052509047
Round took 0.049478252
Round took 0.060361811
Round took 0.052477496
Round took 0.157537156
Round took 0.059957935
Round took 0.056916541
Round took 0.05429923
Round took 0.058030507
Round took 0.051027293
Round took 0.060215975
Round took 0.062750244
Round took 0.05224443
Round took 0.055920597
Round took 0.050345023
Round took 0.049055993
Round took 0.045928242
Round took 0.044256984
Round took 0.047806149
Round took 0.050423047
Round took 0.810523707
Round took 0.048746047
Round took 0.058377882
Round took 0.05848835
Round took 0.056471749
Round took 0.058184803
Round took 0.308267841
Round took 0.055125581
Round took 0.079883
Round took 0.049727322
Round took 0.054186347
Round took 0.152399861
Round took 0.053580297
Round took 0.059044273
Round took 0.055076942
Round took 0.055971674
Round took 0.31252206
Round took 0.159111185
Round took 0.159518968
Round took 0.307561026
Round took 0.052329034
Round took 0.04860329
Round took 0.053960083
Round took 0.054296612
Round took 0.053717725
Round took 0.056280564
Round took 0.051040987
Round took 0.050839455
Round took 1.312904197
Round took 0.055806626
Round took 0.052093267
Round took 0.158958123
Round took 0.051116306
Round took 0.050683864
Round took 0.050305924
Round took 0.052279347
Round took 0.05520277
Round took 0.056129049
Round took 0.057148894
Round took 0.0601281
Round took 0.056998863
Round took 0.049829137
Round took 0.054977153
Round took 0.049394805
Round took 0.053217371
Round took 0.056776427
Round took 0.307931716
Round took 0.05232486
Round took 0.046292185
Round took 0.147962554
Round took 0.048441193
Round took 0.048036818
Round took 0.407146151
Round took 0.303870752
Round took 0.052365376
Round took 0.053205981
Round took 0.05269062
Round took 0.057575961
Round took 0.050077327
Round took 0.050628102
Round took 0.057331021
Round took 0.302353357
Round took 0.057051142
Round took 0.049392704
Round took 0.050639352
Round took 0.056442435
Round took 0.051083166
Round took 0.045193713
Round took 0.045456367
Round took 0.051262889
Round took 0.153592463
Round took 0.049226002
Round took 0.051931403
Round took 0.156915375
Round took 0.052365546
Round took 0.052939873
Round took 0.054331815
Round took 0.060178683
Round took 0.053695685
Round took 0.047987107
Round took 0.052137591
Round took 0.421992365
Round took 0.309426536
Round took 0.051747259
Round took 0.051583331
Round took 0.055344231
Round took 0.051643351
Round took 0.055616106
Round took 0.308495071
Round took 0.30857271
Round took 0.054032526
Round took 0.058462602
Round took 0.316465207
Round took 0.809932579
Round took 0.053449853
Round took 0.848426976
Round took 0.083783443
Round took 0.058918393
Round took 0.049965164
Round took 0.057788451
Round took 0.051501213
Round took 0.048972224
Round took 0.048531217
Round took 0.057771048
Round took 0.053497443
Round took 0.052245442
Round took 0.057344863
Round took 0.056341746
Round took 0.046671828
Round took 0.049993104
Round took 0.050279339
Round took 0.049260443
Round took 0.045031729
Round took 0.056535726
Round took 0.165310206
Round took 0.07330973
Round took 0.054825287
Round took 0.067273125
Round took 0.063499964
Round took 0.11120552
Round took 0.048154711
Round took 0.052040879
Round took 0.068681671
Round took 0.058591671
Round took 0.079656076
Round took 0.060282664
Round took 0.075235601
Round took 0.059838006
Round took 0.049342399
Round took 0.067025262
Round took 0.049055279
Round took 0.05103645
Round took 0.050982451
Round took 0.157214285
Round took 0.049451066
Round took 0.0553688
Round took 0.050418887
Round took 0.047242035
Round took 0.057078411
Round took 0.045988612
Round took 0.058832435
Round took 0.051445999
Round took 0.053667054
Round took 0.054944598
Round took 0.090134468
Round took 0.091507391
Round took 1.8187329540000001
Round took 0.054868401
Round took 0.043289096
Round took 0.048282642
Round took 0.052822392
Round took 0.055142077
Round took 0.055560558
Round took 0.05455815
Round took 0.050656718
Round took 0.049765456
Round took 0.047161268
Round took 0.052473162
Round took 0.055009592
Round took 0.146407646
Round took 0.0519284
Round took 0.051204655
Round took 0.050427316
Round took 0.046617008
Round took 0.064870153
Round took 0.061303498
Round took 0.052372666
Round took 0.059310252
Round took 0.054827541
Round took 0.050693331
Round took 0.050553452
Round took 0.054002601
Round took 0.055796661
Round took 0.054315792
Round took 0.052022571
Round took 0.049786691
Round took 0.164614093
Round took 0.04602107
Round took 0.050399461
Round took 0.046156257
Round took 0.050221534
Round took 0.053035554
Round took 0.04412053
Round took 0.050258476
Round took 0.051935635
Round took 0.051736477
Round took 0.048498383
Round took 0.052224161
Round took 0.052078345
Round took 0.0503901
Round took 0.051270071
Round took 0.052427354
Round took 0.054113934
Round took 0.052478943
Round took 0.060265565
Round took 0.050765023
Round took 0.047302718
Round took 0.052190902
Round took 0.046087525
Round took 0.050053833
Round took 0.054440535
Round took 0.307871578
Round took 0.044193435
Round took 0.049482706
Round took 0.049407508
Round took 0.149661266
Round took 0.302587212
Round took 0.05277756
Round took 0.051631967
Round took 0.049169604
Round took 0.060699209
Round took 0.051420338
Round took 0.050059469
Round took 0.050527016
Round took 0.051280351
Round took 0.057147196
Round took 0.051007522
Round took 0.056431153
Round took 0.04975476
Round took 0.056018129
Round took 0.052840821
Round took 0.050836009
Round took 0.051201034
Round took 0.051840483
Round took 0.048167819
Round took 0.048874353
Round took 0.053363251
Round took 0.045426657
Round took 0.053184243
Round took 0.053701246
Round took 0.05513809
Round took 0.049610596
Round took 0.050681184
Round took 0.053317838
Round took 0.054562005
Round took 0.052214169
Round took 0.053837077
Round took 0.050812798
Round took 0.052213405
Round took 0.051629037
Round took 0.056675968
Round took 0.054440177
Round took 0.049692995
Round took 0.050351428
Round took 0.047843468
Round took 0.051855545
Round took 0.051784365
Round took 0.314695866
Round took 0.056157521
Round took 0.047604365
Round took 0.058102405
Round took 1.312002814
Round took 0.160629013
Round took 0.309972759
Round took 0.049271766
Round took 0.059798856
Round took 0.059753217
Round took 0.05197703
Round took 0.052315128
Round took 0.050737984
Round took 0.052340638
Round took 0.144620523
Round took 0.046516926
Round took 0.050750542
Round took 0.056518462
Round took 0.052790806
Round took 0.05915092
Round took 0.056398851
Round took 0.075706131
Round took 0.062816082
Round took 0.059407378
Round took 0.072901839
Round took 1.8295351420000001
Round took 0.052430575
Round took 0.054952087
Round took 0.050019538
Round took 0.169025005
Round took 0.055110534
Round took 0.048312679
Round took 0.050685076
Round took 0.056328592
Round took 0.049743134
Round took 0.056696681
Round took 0.055147472
Round took 0.05639266
Round took 0.052929994
Round took 0.054957275
Round took 0.055147367
Round took 0.410388984
Round took 0.050651509
Round took 0.0533327
Round took 0.048396388
Round took 0.046908793
Round took 0.0455439
Round took 0.05064207
Round took 0.046355608
Round took 0.051260532
Round took 0.051842637
Round took 0.307374569
Round took 0.054594682
Round took 0.05019789
Round took 0.052787523
Round took 0.053849642
Round took 0.053039406
Round took 0.050286447
Round took 0.051091185
Round took 0.055308569
Round took 0.05435267
Round took 0.05455452
Round took 0.044248111
Round took 0.058026245
Round took 0.059445043
Round took 0.047034204
Round took 0.050546192
Round took 0.046678048
Round took 0.153921009
Round took 0.048151121
Round took 0.047745587
Round took 0.046501585
Round took 0.048367247
Round took 0.0507646
Round took 0.044419574
Round took 0.055280372
Round took 0.040929782
Round took 0.04771298
Round took 0.046651894
Round took 0.050937657
Round took 0.048319795
Round took 0.062825303
Round took 0.056052395
Round took 0.054619013
Round took 0.816179503
Round took 0.827834202
Round took 0.063075841
Round took 0.163934426
Round took 0.305640993
Round took 0.056133378
Round took 0.154722141
Round took 0.046919285
Round took 0.045301606
Round took 0.045856607
Round took 0.04623753
Round took 0.057672815
Round took 0.044542154
Round took 0.045438952
Round took 0.049110546
Round took 0.047713265
Round took 0.060239683
Round took 0.047790061
Round took 0.045381296
Round took 0.146299671
Round took 0.055972446
Round took 0.049409065
Round took 0.061456488
Round took 0.051365774
Round took 0.052241225
Round took 0.055397973
Round took 0.050664532
Round took 0.048082466
Round took 0.060375452
Round took 0.051928987
Round took 0.053555228
Round took 0.050543119
Round took 0.15792983
Round took 0.052832902
Round took 0.058263113
Round took 0.144638388
Round took 0.053143345
Round took 0.050328834
Round took 0.046477088
Round took 0.053402779
Round took 0.148481344
Round took 0.050919989
Round took 0.045263506
Round took 0.0464062
Round took 0.054045326
Round took 0.049923082
Round took 0.044541835
Round took 0.044836275
Round took 0.049476878
Round took 0.046003606
Round took 0.141776558
Round took 0.045223914
Round took 0.05257238
Round took 0.049053456
Round took 0.054148307
Round took 0.054005819
Round took 0.055188971
Round took 0.151718174
Round took 0.057105879
Round took 0.048967666
Round took 0.149258961
Round took 0.091450908
Round took 0.079869461
Round took 0.812731037
Round took 0.045443592
Round took 0.052288777
Round took 0.048235209
Round took 0.054860474
Round took 0.056613264
Round took 0.044550215
Round took 0.05859065
Round took 0.070819514
Round took 0.056217773
Round took 0.049874751
Round took 0.420832392
Round took 0.04976788
Round took 0.051418736
Round took 0.055336595
Round took 0.052829649
Round took 0.049169418
Round took 0.303639127
Round took 0.159005468
Round took 0.045921026
Round took 0.044511698
Round took 0.050186748
Round took 0.051191777
Round took 0.04664401
Round took 0.047463294
Round took 0.070361083
Round took 0.040326521
Round took 0.053886681
Round took 0.049331199
Round took 0.149137788
Round took 0.815815122
Round took 0.076389602
Round took 0.055573937
Round took 0.056638421
Round took 0.056061471
Round took 0.07119603
Round took 0.055076267
Round took 0.0743327
Round took 0.054748638
Round took 0.047256109
Round took 0.04946895
Round took 0.055479535
Round took 0.04949251
Round took 0.425947666
Round took 0.045626816
Round took 0.049694317
Round took 0.053167652
Round took 0.04949885
Round took 0.055324213
Round took 0.052305448
Round took 0.048366403
Round took 0.050134594
Round took 0.044684855
Round took 0.050314611
Round took 0.049049132
Round took 0.048995853
Round took 0.060773235
Round took 0.046145977
Round took 0.05037712
Round took 0.049659649
Round took 0.046464447
Round took 0.047269633
Round took 0.049512539
Round took 0.044323886
Round took 0.045742159
Round took 0.04914101
Round took 0.052510715
Round took 0.048640478
Round took 0.043900046
Round took 0.050013168
Round took 0.05152146
Round took 0.061703298
Round took 0.074280606
Round took 0.046178957
Round took 0.059754178
Round took 0.074304969
Round took 0.045140601
Round took 0.071108821
Round took 0.095399378
Round took 0.065491171
Round took 0.072858832
Round took 0.08816195
Round took 0.055813327
Round took 0.168793635
Round took 0.176863943
Round took 0.04648432
Round took 0.060219034
Round took 0.053423079
Round took 0.047228074
Round took 0.060440507
Round took 0.051285614
Round took 0.061466256
Round took 0.071592969
Round took 0.060199965
Round took 0.051859624
Round took 0.049726379
Round took 0.044176381
Round took 0.04747623
Round took 0.049107415
Round took 0.056048372
Round took 0.072721634
Round took 0.064109454
Round took 0.067184912
Round took 0.051709345
Round took 0.060827156
Round took 0.060483551
Round took 0.052427979
Round took 0.294743061
Round took 0.061876663
Round took 0.055239622
Round took 0.063694604
Round took 0.07404639
Round took 0.04665124
Round took 0.058006978
Round took 0.055552199
Round took 0.051251879
Round took 0.067660515
Round took 0.070982846
Round took 0.074481665
Round took 0.093952744
Round took 0.096568746
Round took 0.088584503
Round took 0.071945048
Round took 0.05134597
Round took 0.068476502
Round took 0.079782263
Round took 0.051464132
Round took 0.045180527
Round took 0.050895421
Round took 0.049355254
Round took 0.047386545
Round took 0.306001415
Round took 0.169257381
Round took 0.051682968
Round took 0.049753339
Round took 0.05290866
Round took 0.054882224
Round took 0.308578345
Round took 0.051239566
Round took 0.058810247
Round took 0.052410835
Round took 0.052315234
Round took 0.300808976
Round took 0.05587916
Round took 0.155738714
Round took 0.043501291
Round took 0.056904911
Round took 0.051116924
Round took 0.056217746
Round took 0.04306341
Round took 0.054366148
Round took 0.054205399
Round took 0.050985912
Round took 0.057544013
Round took 0.049789569
Round took 0.065281633
Round took 0.083457549
Round took 0.052103916
Round took 0.055612537
Round took 0.306647399
Round took 0.05607088
Round took 0.073465563
Round took 0.16795638
Round took 0.053800295
Round took 0.064384579
Round took 0.076618162
Round took 0.063555912
Round took 0.051228762
Round took 0.080540491
Round took 0.122729985
Round took 0.06341432
Round took 0.074003885
Round took 0.155136662
Round took 0.331016122
Round took 0.060261542
Round took 0.091392179
Round took 0.069898729
Round took 0.311288072
Round took 0.061168208
Round took 0.053695403
Round took 0.053477046
Round took 0.050751982
Round took 0.05983755
Round took 0.064841319
Round took 0.070590766
Round took 0.092829655
Round took 0.065338798
Round took 0.049470974
Round took 0.049300123
Round took 0.045440042
Round took 0.168873578
Round took 0.079130791
Round took 0.057098551
Round took 0.058430564
Round took 0.09156808
Round took 0.315432169
Round took 0.063363344
Round took 0.067059963
Round took 0.059178033
Round took 0.059817748
Round took 0.065224505
Round took 0.073495585
Round took 0.055876705
Round took 0.064239361
Round took 0.166196974
Round took 0.051327868
Round took 0.053912126
Round took 0.051745087
Round took 0.066573501
Round took 0.10003542
Round took 0.082776088
Round took 0.300509539
Round took 0.405956914
Round took 1.8436789770000002
Round took 0.32084409
Round took 0.06507459
Round took 0.061237866
Round took 0.060794196
Round took 0.066984472
Round took 0.057651935
Round took 0.055397055
Round took 0.055561513
Round took 0.055420581
Round took 0.313784926
Round took 0.055000072
Round took 0.0569214
Round took 0.050900603
Round took 0.051230929
Round took 0.164544579
Round took 0.052014177
Round took 0.051434222
Round took 0.161589905
Round took 0.049472864
Round took 0.05167117
Round took 0.059160884
Round took 0.054567549
Round took 0.058819492
Round took 0.057416906
Round took 0.05596277
Round took 0.051235925
Round took 0.055685849
Round took 0.050353599
Round took 0.055985614
Round took 0.055679529
Round took 0.311341863
Round took 0.051176733
Round took 0.052731519
Round took 0.060291217
Round took 0.055127137
Round took 0.05325675
Round took 0.310523583
Round took 0.055320027
Round took 0.308313661
Round took 0.052996019
Round took 0.052949559
Test took 309.347662461
Successful: 11325
