Uniform distribution
Round took 0.07319451
Round took 0.056840584
Round took 0.056467022
Round took 0.071394403
Round took 0.07231752
Round took 0.099102906
Round took 0.060259094
Round took 0.060596826
Round took 0.087200907
Round took 0.160516951
Round took 0.062298349
Round took 0.098638929
Round took 0.073306294
Round took 0.097427572
Round took 0.070356726
Round took 0.056538966
Round took 0.086455357
Round took 0.072189551
Round took 0.073531224
Round took 0.072557766
Round took 0.08156523
Round took 0.077901772
Round took 0.080754464
Round took 0.086094771
Round took 0.088916019
Round took 0.079660592
Round took 0.078358043
Round took 0.156974574
Round took 0.084440403
Round took 0.088756398
Round took 0.140239368
Round took 0.066602685
Round took 0.075061038
Round took 0.080325716
Round took 0.092182524
Round took 0.094237555
Round took 0.072948894
Round took 0.076429789
Round took 0.08239037
Round took 0.075042522
Round took 0.092188256
Round took 0.092193471
Round took 0.096510789
Round took 0.077119749
Round took 0.136284576
Round took 0.093732905
Round took 0.08003822
Round took 0.086837104
Round took 0.171269895
Round took 0.080613503
Round took 0.09039073
Round took 0.070251016
Round took 0.1077798
Round took 0.105625748
Round took 0.108604519
Round took 0.092096202
Round took 0.119799069
Round took 0.089832675
Round took 0.09036222
Round took 0.103584298
Round took 0.092348809
Round took 0.078306201
Round took 0.10047487
Round took 0.09453154
Round took 0.090937459
Round took 0.124822659
Round took 0.064630545
Round took 0.066723761
Round took 0.079914262
Round took 0.088510614
Round took 0.106722112
Round took 0.10907177
Round took 0.09190281
Round took 0.190566624
Round took 0.099030803
Round took 0.091514957
Round took 0.08757042
Round took 0.116379235
Round took 0.088560237
Round took 0.092350852
Round took 0.079197688
Round took 0.109461267
Round took 0.094359242
Round took 0.074538434
Round took 0.086634754
Round took 0.100833703
Round took 0.125381401
Round took 0.078106846
Round took 0.076498528
Round took 0.090432568
Round took 0.097787182
Round took 0.076245193
Round took 0.08252233
Round took 0.094486859
Round took 0.094184226
Round took 0.09016637
Round took 0.069880392
Round took 0.086373546
Round took 0.095452216
Round took 0.092513563
Round took 0.10457039
Round took 0.08981765
Round took 0.10037614
Round took 0.090733559
Round took 0.10567505
Round took 0.193489823
Round took 0.367946006
Round took 0.057180886
Round took 0.068196388
Round took 0.122160691
Round took 0.102209341
Round took 0.118308529
Round took 0.095307393
Round took 0.149215307
Round took 0.113636357
Round took 0.107693833
Round took 0.111445289
Round took 0.844978247
Round took 0.097246755
Round took 0.096694197
Round took 0.102580269
Round took 0.098907484
Round took 0.10083722
Round took 0.099881614
Round took 0.315850769
Round took 0.104268649
Round took 0.097263626
Round took 0.091702781
Round took 0.107924825
Round took 0.084455234
Round took 0.10442614
Round took 0.090275775
Round took 0.089416728
Round took 0.126067598
Round took 0.149773032
Round took 0.084973975
Round took 0.076870047
Round took 0.081639484
Round took 0.090634883
Round took 0.08596615
Round took 0.363141541
Round took 0.124623686
Round took 0.089914129
Round took 0.346264595
Round took 0.097066679
Round took 0.089852229
Round took 0.094728763
Round took 0.108216234
Round took 0.133149764
Round took 0.080999035
Round took 0.084334268
Round took 0.120791908
Round took 0.069143259
Round took 0.39406109
Round took 0.09003343
Round took 0.094979525
Round took 0.097267648
Round took 0.211202254
Round took 0.094082627
Round took 0.085825219
Round took 0.111781201
Round took 0.08590337
Round took 0.083885247
Round took 0.086821733
Round took 0.081274659
Round took 0.077027042
Round took 0.083920935
Round took 0.07767935
Round took 1.806433553
Round took 0.321976262
Round took 0.093784869
Round took 0.102798108
Round took 0.102962068
Round took 0.163546536
Round took 0.338561838
Round took 0.350208372
Round took 0.094548136
Round took 0.121519229
Round took 0.08958956
Round took 0.319867648
Round took 0.095825186
Round took 0.090369243
Round took 0.097961644
Round took 3.836571227
Round took 0.096152199
Round took 0.089258696
Round took 0.075886536
Round took 0.30246457
Round took 0.080069684
Round took 1.306797246
Round took 0.32048656
Round took 0.082179273
Round took 0.303776328
Round took 0.128199598
Round took 0.101124997
Round took 0.098179634
Round took 0.087892232
Round took 0.093757198
Round took 0.086189766
Round took 0.090431604
Round took 0.797257829
Round took 0.089436082
Round took 0.087074567
Round took 0.087882801
Round took 0.097512951
Round took 0.095883471
Round took 0.101657363
Round took 0.298949481
Round took 0.091416255
Round took 0.088607095
Round took 0.092459297
Round took 0.086881762
Round took 0.082951042
Round took 0.306706175
Round took 0.109474228
Round took 0.091046484
Round took 0.103971181
Round took 0.113125754
Round took 0.088716587
Round took 0.094054774
Round took 0.089299206
Round took 0.112660263
Round took 0.085376
Round took 0.097658331
Round took 0.369658826
Round took 0.104344407
Round took 0.084210659
Round took 0.088066788
Round took 0.117425105
Round took 0.078747632
Round took 0.111199686
Round took 0.300366084
Round took 0.088185156
Round took 0.094767071
Round took 0.100781908
Round took 0.336279464
Round took 0.086085609
Round took 0.087665042
Round took 2.309506787
Round took 0.123692671
Round took 0.105211892
Round took 0.089217121
Round took 0.095964153
Round took 0.117698462
Round took 0.088860577
Round took 0.306733276
Round took 0.302966423
Round took 0.096652232
Round took 0.300894716
Round took 0.313086279
Round took 1.322671461
Round took 0.104446066
Round took 0.105044009
Round took 0.103560534
Round took 0.104110047
Round took 0.115909827
Round took 1.317412502
Round took 0.099916496
Round took 0.318860048
Round took 0.10180335
Round took 0.35783368
Round took 0.101500657
Round took 0.320698679
Round took 0.103979317
Round took 0.111979297
Round took 0.097747962
Round took 0.102649392
Round took 0.104039418
Round took 0.105513364
Round took 0.100086234
Round took 0.105126409
Round took 0.110579853
Round took 0.097829022
Round took 0.107984179
Round took 0.101386857
Round took 0.102031923
Round took 0.103033049
Round took 0.107050938
Round took 0.097989473
Round took 0.098212434
Round took 0.106041889
Round took 0.117421291
Round took 0.101795954
Round took 0.09131173
Error when reading: read tcp 172.31.54.117:58160->172.31.48.98:7070: read: connection timed out
Error when reading: read tcp 172.31.54.117:43638->172.31.49.63:7070: read: connection timed out
Error when reading: EOF
Round took 7.816425506
Error when reading: EOF
Round took 0.814521564
Round took 0.1059898
Round took 0.092992808
Round took 0.09211339
Round took 0.087063117
Round took 0.095484182
Round took 0.103060571
Round took 0.100760389
Round took 0.093811865
Round took 0.106979401
Round took 0.097413458
Round took 0.30143553
Round took 0.086313897
Round took 0.086532517
Round took 0.081230222
Round took 0.0892342
Round took 0.086289806
Round took 0.30370969
Round took 0.081868134
Round took 0.300662477
Round took 0.092578092
Round took 0.088950169
Round took 0.088828329
Round took 0.099372158
Round took 0.808769821
Round took 0.089357323
Round took 0.088926224
Round took 0.092745331
Round took 0.093526189
Round took 0.358214224
Round took 0.090338969
Round took 0.107069949
Round took 0.101150986
Round took 0.092646811
Round took 0.313313366
Round took 0.311376538
Round took 0.093178381
Round took 0.094303753
Round took 0.299560449
Round took 0.101312994
Round took 0.087303783
Round took 0.092814188
Round took 0.305946169
Round took 0.302959985
Round took 0.096278825
Round took 0.092613326
Round took 0.089321381
Round took 0.083645761
Round took 0.091739357
Round took 0.294810894
Round took 0.101982641
Round took 0.095016979
Round took 0.090212984
Round took 0.087131202
Round took 0.090905706
Round took 0.093476783
Round took 0.089781138
Round took 0.297047025
Round took 0.083648012
Round took 1.831284667
Round took 0.114215877
Round took 0.087428652
Round took 0.099213623
Round took 0.122887771
Round took 0.09150538
Round took 0.099398921
Round took 0.09956298
Round took 0.103024819
Round took 0.088756877
Round took 0.080628047
Round took 0.092145472
Round took 0.101401883
Round took 0.08692122
Round took 0.089399103
Round took 0.088533646
Round took 0.084215103
Round took 0.094440847
Round took 0.310333265
Round took 0.088427753
Round took 0.082013174
Round took 0.806058569
Round took 0.088743344
Round took 0.088056885
Round took 1.311464741
Round took 0.082667375
Round took 0.310825974
Round took 0.085537748
Round took 0.310688168
Round took 0.099714036
Round took 0.086847825
Round took 0.124771041
Round took 0.101007676
Round took 0.122645161
Round took 0.110908548
Round took 0.082716778
Round took 0.098591831
Round took 0.099862667
Round took 0.097933464
Round took 0.091381031
Round took 0.30940621
Round took 0.811427751
Round took 0.091731482
Round took 0.086095966
Round took 0.306375924
Round took 0.100275976
Round took 0.08383977
Round took 0.0979229
Round took 0.090570108
Round took 0.086192367
Round took 0.087306399
Round took 0.089343043
Round took 0.085306839
Round took 0.081808856
Round took 0.090903808
Round took 0.0907399
Round took 0.087583158
Round took 0.087555247
Round took 0.297221
Round took 0.111270859
Round took 0.131594972
Round took 0.083144876
Round took 0.091298394
Round took 0.090403609
Round took 0.292625901
Round took 0.085553727
Round took 0.093424891
Round took 0.303212551
Round took 0.086289784
Round took 0.088172693
Round took 0.799723522
Round took 0.082606005
Round took 0.802796701
Round took 0.306451369
Round took 0.105595965
Round took 0.089908611
Round took 0.0978997
Round took 0.09236095
Round took 0.082937633
Round took 0.101473875
Round took 0.087205386
Round took 0.080284606
Round took 0.296585613
Round took 0.102578066
Round took 0.078373356
Round took 0.091101495
Round took 0.087569367
Round took 0.804564656
Round took 0.088308741
Round took 0.089473563
Round took 0.087893032
Round took 0.296389888
Round took 0.0847728
Round took 0.099041561
Round took 0.098971374
Round took 0.088560251
Round took 0.086788188
Round took 1.305075564
Round took 0.095486156
Round took 0.092819677
Round took 0.295779189
Round took 1.306627818
Round took 0.087714375
Round took 0.10054369
Round took 0.084332439
Round took 0.086917093
Round took 0.091307709
Round took 0.082567407
Round took 0.083473191
Round took 0.091168851
Round took 0.090830892
Round took 0.083224193
Round took 0.089720132
Round took 0.305912688
Round took 0.089260216
Round took 0.086815433
Round took 0.311189664
Round took 0.083868956
Round took 0.095948359
Round took 0.082607439
Round took 0.103609488
Round took 0.378640217
Round took 0.107154756
Round took 0.088638431
Round took 0.09732302
Round took 0.090054535
Round took 0.082090249
Round took 0.085318986
Round took 0.086473442
Round took 0.056350611
Round took 0.092309338
Round took 0.298879649
Round took 0.082799584
Round took 0.086478169
Round took 0.309379255
Round took 0.186850909
Round took 0.082461837
Round took 0.109977586
Round took 0.082341153
Round took 0.113145052
Round took 0.087116303
Round took 0.090091115
Round took 0.084446729
Round took 0.099378707
Round took 0.085370543
Round took 0.335529069
Round took 0.806442683
Round took 0.088603972
Round took 0.101587815
Round took 0.094502605
Round took 0.100719955
Round took 0.815304761
Round took 0.092251479
Round took 0.086388698
Round took 0.08540031
Round took 0.08687661
Round took 0.0822184
Round took 0.086954088
Round took 0.092601699
Round took 0.088146174
Round took 0.084911674
Round took 1.81953773
Round took 0.344973565
Round took 0.097931683
Round took 0.090497029
Round took 0.498079801
Round took 0.103702535
Round took 0.084366887
Round took 0.099991207
Round took 0.090686359
Round took 0.101845645
Round took 0.087673065
Round took 0.088709347
Round took 0.098374585
Round took 0.092255894
Round took 0.08872478
Round took 0.122919488
Round took 0.09087515
Round took 0.090047646
Round took 0.082257487
Round took 0.08691233
Round took 0.09223695
Round took 0.080811276
Round took 0.092704058
Round took 0.097394472
Round took 0.093087561
Round took 0.095128935
Round took 0.09467037
Round took 0.090316245
Round took 0.087952711
Round took 0.302180396
Round took 0.099062741
Round took 0.092003457
Round took 0.29852976
Round took 0.087837691
Round took 0.094567231
Round took 0.093258363
Round took 0.096495024
Round took 0.097720092
Round took 0.095799634
Round took 0.104808324
Round took 0.104600878
Round took 0.099014617
Round took 0.106060975
Round took 0.107140808
Round took 0.092628457
Round took 0.081571989
Round took 0.095174294
Round took 0.061217743
Round took 0.099814031
Round took 0.107003337
Round took 0.087898816
Round took 0.097911787
Round took 0.090355265
Round took 0.092856233
Round took 0.311056299
Round took 0.087279184
Round took 0.091505699
Round took 0.103782196
Round took 0.101009213
Round took 0.813980198
Round took 0.107479416
Round took 0.09655878
Round took 0.310790822
Round took 0.102320521
Round took 0.103847589
Round took 0.102765762
Round took 0.058351952
Round took 0.105454701
Round took 0.815278318
Round took 0.093923214
Round took 0.092688184
Round took 0.093673451
Round took 0.11397155
Round took 0.104456288
Round took 0.089347535
Round took 0.097317076
Round took 0.057799704
Round took 0.10485972
Round took 0.101569462
Round took 0.104511991
Round took 0.100674547
Round took 0.097339081
Round took 0.102495104
Round took 0.095729565
Round took 0.100471783
Round took 0.093912832
Round took 0.308634027
Round took 0.106059374
Round took 0.098548591
Round took 0.306844922
Round took 0.106432751
Round took 0.102123069
Round took 0.102289793
Round took 1.8290620039999999
Round took 0.093570177
Round took 0.822886556
Round took 0.097481802
Round took 0.103680755
Round took 0.320775001
Round took 0.102738054
Round took 0.103028511
Round took 0.108395988
Round took 0.309720116
Round took 0.091895353
Round took 0.094948205
Round took 0.099320447
Round took 0.105492445
Round took 0.101009155
Round took 0.314982804
Round took 0.103405
Round took 0.10168681
Round took 0.10277026
Round took 0.093036813
Round took 0.092582759
Round took 0.092457704
Round took 0.090820505
Round took 0.308684081
Round took 0.09094432
Round took 0.096221106
Round took 0.098552242
Round took 0.307437744
Round took 0.094415214
Round took 0.310582713
Round took 0.097806802
Round took 0.095235275
Round took 0.100601831
Round took 0.099390054
Round took 0.092964837
Round took 0.311740568
Round took 0.105911445
Round took 0.302400588
Round took 0.111944294
Round took 0.108130654
Round took 0.094024156
Round took 0.093623536
Round took 0.058389791
Round took 0.090635164
Round took 0.091817352
Round took 0.091324693
Round took 0.09247581
Round took 0.091259991
Round took 0.087161796
Round took 0.082776229
Round took 0.088093523
Round took 0.084513904
Round took 0.098194628
Round took 0.099397532
Round took 0.095289276
Round took 0.086862834
Round took 0.085686189
Round took 0.098451423
Round took 0.088746768
Round took 0.108993066
Round took 0.098049271
Round took 0.306749466
Round took 0.096991786
Round took 0.095060187
Round took 0.088570936
Round took 0.097742394
Round took 0.101263725
Round took 0.094373544
Round took 0.090255113
Round took 0.305130593
Round took 0.098644073
Round took 0.092713876
Round took 0.311333606
Round took 0.052633423
Round took 0.093168489
Round took 0.090700045
Round took 2.819106199
Round took 0.093293318
Round took 0.084211206
Round took 0.297147083
Round took 0.096922037
Round took 0.087303868
Round took 2.316506197
Round took 0.089452371
Round took 0.092380902
Round took 0.116224569
Round took 0.085547538
Round took 0.088538201
Round took 0.089865836
Round took 0.104347707
Round took 0.300355711
Round took 0.304483136
Round took 0.08855635
Round took 0.307591421
Round took 0.107740979
Round took 0.087418068
Round took 0.085779693
Round took 0.08728889
Round took 0.085568835
Round took 0.083372218
Round took 0.315347121
Round took 0.090204887
Round took 0.088709433
Round took 0.062190272
Round took 0.087080383
Round took 0.08808668
Round took 0.091387206
Round took 0.085426365
Round took 0.092319166
Round took 0.091684716
Round took 0.092126115
Round took 0.085375731
Round took 0.105757418
Round took 0.121311554
Round took 0.086192693
Round took 0.092273574
Round took 0.089140701
Round took 0.076284229
Round took 0.09998948
Round took 0.103162196
Round took 0.091693791
Round took 0.08950086
Round took 0.096261719
Round took 0.088994983
Round took 0.052717433
Round took 0.097299753
Round took 0.102110634
Round took 0.089787177
Round took 0.311426705
Round took 0.078506507
Round took 0.090013687
Round took 0.101983285
Round took 0.814529612
Round took 0.091497366
Round took 0.091896628
Round took 0.084811472
Round took 0.304008994
Round took 0.809266357
Round took 0.08823851
Round took 0.093923775
Round took 0.095549827
Round took 0.106024158
Round took 0.084244829
Round took 0.084235409
Round took 0.100503151
Round took 0.099217729
Round took 0.090952985
Round took 0.090818844
Round took 0.077553075
Round took 0.107195085
Round took 0.091964084
Round took 0.085123332
Round took 0.083236052
Round took 1.303613046
Round took 0.093207188
Round took 0.097635223
Round took 0.092440218
Round took 0.100187001
Round took 0.091023693
Round took 0.088680449
Round took 0.100685148
Round took 0.0846528
Round took 0.086034666
Round took 0.115724452
Round took 0.084031524
Round took 1.305413053
Round took 0.082590674
Round took 0.808412185
Round took 0.102500895
Round took 0.087166451
Round took 0.297886422
Round took 0.811263144
Round took 1.308615053
Round took 0.08332759
Round took 0.087948171
Round took 0.07989857
Round took 0.093009767
Round took 0.297585179
Round took 0.090511829
Round took 0.086469191
Round took 4.341086757
Round took 0.117661062
Round took 0.085853762
Round took 0.101536059
Round took 0.088351323
Round took 0.091436551
Round took 0.094457001
Round took 0.056309815
Round took 0.084087243
Round took 0.093713364
Round took 0.082647343
Round took 0.065643347
Round took 0.082359459
Round took 0.085374804
Round took 0.087319176
Round took 0.094313071
Round took 0.301045374
Round took 0.084959893
Round took 0.085937537
Round took 0.088785583
Round took 0.29737976
Round took 0.077755683
Round took 0.117466811
Round took 0.798568442
Round took 0.081548269
Round took 0.09406604
Round took 0.297662847
Round took 0.106650639
Round took 0.086452509
Round took 0.109054932
Round took 0.095019414
Round took 0.102315339
Round took 0.092958858
Round took 0.119704112
Round took 0.104111621
Round took 0.38931346
Round took 0.309486538
Round took 0.090197787
Round took 0.086840368
Round took 0.09644376
Round took 0.096300422
Round took 0.30935539
Round took 0.100680065
Round took 0.091483168
Round took 0.096518378
Round took 0.092108909
Round took 0.308656704
Round took 0.096488512
Round took 0.105117678
Round took 0.084032654
Round took 0.09698686
Round took 0.296454028
Round took 0.113745275
Round took 0.095394953
Round took 0.084867741
Round took 0.341067271
Round took 0.088663515
Round took 0.090771703
Round took 0.100480499
Round took 0.097843208
Round took 0.09647984
Round took 0.305894969
Round took 0.082261125
Round took 0.090957229
Round took 0.106298503
Round took 0.0877703
Round took 0.096313792
Round took 0.063915388
Round took 0.092363981
Round took 0.085796544
Round took 0.088137802
Round took 0.079821179
Round took 0.090827705
Round took 0.069978124
Round took 0.139561187
Round took 0.104743279
Round took 0.081498917
Round took 0.085828416
Round took 0.091328808
Round took 0.08434273
Round took 0.082373203
Round took 0.088605487
Round took 0.087843597
Round took 0.084877061
Round took 0.087015602
Round took 0.308609802
Round took 0.091697137
Round took 0.297764451
Round took 0.088115134
Round took 0.084633931
Round took 0.085676033
Round took 0.091316141
Round took 0.092065919
Round took 0.088294056
Round took 0.30061386
Round took 0.085040715
Round took 0.100298965
Round took 0.087782992
Round took 0.08521121
Round took 0.085211074
Round took 0.093675316
Round took 0.094150658
Round took 0.107802351
Round took 0.095563451
Round took 0.083151543
Round took 0.29884517
Round took 0.099549825
Round took 0.083146704
Round took 0.101397067
Round took 0.458337172
Round took 0.107579388
Round took 0.106291249
Round took 0.107155912
Round took 0.100195025
Round took 0.094904194
Round took 0.101878611
Round took 0.107752544
Round took 0.333911359
Round took 0.147276178
Round took 0.143328601
Round took 0.148770353
Round took 0.345173703
Round took 0.56808803
Round took 0.101304217
Round took 0.102386808
Round took 0.100904205
Round took 0.327562759
Round took 0.113102373
Round took 0.107353146
Round took 0.107033271
Round took 0.112838511
Round took 0.102405049
Round took 0.102729568
Round took 0.100563808
Round took 0.106096431
Round took 0.316670426
Round took 0.109773289
Round took 0.097708783
Round took 0.100424612
Round took 0.127680349
Round took 0.103521712
Round took 0.112746838
Round took 0.100940744
Round took 0.093500604
Round took 0.312732968
Round took 0.105652169
Round took 0.107729192
Round took 1.822483616
Round took 0.318096858
Round took 1.335981377
Round took 0.112072003
Round took 0.139131569
Round took 0.15187148
Round took 0.830606801
Round took 0.13873184
Round took 0.101464619
Round took 0.095727726
Round took 0.099098387
Round took 0.098766676
Round took 0.094426602
Round took 0.358029811
Round took 0.100245044
Round took 0.314447591
Round took 0.311172282
Round took 1.8257252579999999
Round took 0.095876988
Round took 0.101532162
Round took 0.097332441
Round took 0.105888685
Round took 0.095989347
Round took 0.098386978
Round took 0.097226341
Round took 0.096443947
Round took 0.100233944
Round took 0.095529606
Round took 0.105220266
Round took 0.104244187
Round took 0.103009667
Round took 0.312624003
Round took 0.100087958
Round took 0.092004489
Round took 0.098095618
Round took 0.107819919
Round took 0.094627406
Round took 0.08819073
Round took 0.093216088
Round took 1.316511689
Round took 0.312909079
Round took 0.091804173
Round took 0.099626376
Round took 0.817236001
Round took 0.804206012
Round took 0.101785855
Round took 0.088399316
Round took 0.094477873
Round took 0.347294082
Round took 0.088982705
Round took 0.085620632
Round took 0.102144162
Round took 0.088067628
Round took 0.081997455
Round took 0.107066981
Round took 0.106956285
Round took 0.12713511
Round took 0.110111311
Round took 0.092666573
Round took 0.094323155
Round took 0.092165106
Round took 1.314661267
Round took 0.805266149
Round took 2.325653866
Round took 0.082276417
Round took 0.098032666
Round took 0.092816307
Round took 0.101554892
Round took 0.103030181
Round took 0.092013854
Round took 0.097504329
Round took 0.401792202
Round took 0.092565747
Round took 0.093909425
Round took 0.08534768
Round took 0.086126419
Round took 0.088239546
Round took 0.086874662
Round took 0.083940472
Round took 0.088965164
Round took 0.097494707
Round took 0.100342871
Round took 0.10084409
Round took 0.091800568
Round took 0.094942458
Round took 0.334665285
Round took 0.139133342
Round took 0.333683089
Round took 0.459087058
Round took 0.095289794
Round took 0.135345849
Round took 0.127326174
Round took 0.139394701
Round took 0.101053798
Round took 0.102303325
Round took 0.093167679
Round took 3.342670237
Round took 0.817880083
Round took 0.315811606
Round took 0.097108014
Round took 0.092640451
Round took 0.093202725
Round took 0.096781745
Round took 0.313151727
Round took 0.110212473
Round took 0.309813098
Round took 0.104975538
Round took 0.092650427
Round took 0.103152115
Round took 0.101151452
Round took 0.304179069
Round took 0.094872552
Round took 0.307676084
Round took 0.088919491
Round took 0.087643152
Round took 0.301711793
Round took 0.084768337
Round took 0.078774737
Round took 0.086063555
Round took 0.091285827
Round took 0.092451551
Round took 0.315230263
Round took 0.097268718
Round took 0.311611947
Round took 0.090218225
Round took 0.092563939
Round took 0.085519373
Round took 0.051699339
Round took 0.09130739
Round took 0.085524191
Round took 0.086662636
Round took 0.090735489
Round took 0.086673884
Round took 0.316668911
Round took 0.099436343
Round took 0.318011954
Round took 0.134039736
Round took 0.067807927
Round took 0.11991478
Round took 0.128626153
Round took 0.090395579
Round took 1.3184451400000001
Round took 0.090865791
Round took 0.306917159
Round took 0.099862071
Round took 0.094996218
Round took 0.094424794
Round took 0.091372567
Round took 0.104327684
Round took 0.09329809
Round took 0.08506988
Round took 0.813472631
Round took 0.085417672
Round took 0.096197869
Round took 0.088793483
Round took 0.293446084
Round took 0.087605505
Round took 0.089879911
Round took 0.300701718
Round took 0.086500016
Round took 0.304180581
Round took 0.305492473
Round took 0.104549502
Round took 0.081777331
Round took 0.09742302
Round took 0.106369279
Round took 0.091886573
Round took 0.100502929
Round took 0.312360536
Round took 0.087252911
Round took 0.078531493
Round took 0.100314446
Round took 0.091866105
Round took 0.089812894
Round took 0.098825909
Round took 0.09414629
Round took 0.099051927
Round took 0.08543483
Round took 0.306700308
Round took 0.086989409
Round took 0.089456
Round took 0.093818472
Round took 1.328982391
Round took 0.099396037
Round took 0.091764449
Round took 1.335794141
Round took 0.130938453
Round took 0.099597674
Round took 0.102366682
Round took 0.097359489
Round took 0.114038259
Round took 0.099439836
Round took 0.357907151
Round took 0.09782877
Round took 0.08982782
Round took 0.298720583
Round took 0.095296537
Round took 0.091637129
Round took 0.097961097
Round took 0.343021017
Round took 0.085767454
Round took 0.085068736
Round took 0.081097346
Round took 0.09282183
Round took 0.091431062
Round took 0.101069179
Round took 0.092293529
Round took 0.081949578
Round took 0.086843394
Round took 0.08329193
Round took 0.103866902
Round took 0.089238687
Round took 0.086537406
Round took 0.086868336
Round took 0.309559754
Round took 0.089997992
Round took 0.086612976
Round took 0.083051778
Round took 0.30738457
Round took 0.096105666
Round took 0.09685458
Round took 0.087442577
Round took 0.091723822
Round took 0.098007515
Round took 0.093524679
Round took 0.088920558
Round took 0.092990258
Round took 0.098506382
Round took 0.081618628
Round took 0.315883658
Round took 0.097651101
Round took 0.084148789
Round took 0.080536391
Round took 0.097046782
Round took 0.32299691
Round took 0.092852008
Round took 0.091715665
Round took 0.098048109
Round took 0.294306564
Round took 0.088456899
Round took 0.346865577
Round took 0.082742533
Round took 0.104969132
Round took 0.109614002
Round took 0.301838426
Round took 0.295902836
Round took 0.310074877
Round took 0.091578248
Round took 0.084427877
Round took 0.088731674
Round took 0.092792902
Round took 0.087395743
Round took 0.117131994
Round took 0.101032407
Round took 0.100816672
Round took 0.107333806
Round took 0.111990248
Round took 0.315272121
Round took 0.093002927
Round took 0.318826723
Round took 0.817961853
Round took 0.10492449
Round took 0.10239345
Round took 0.309506091
Round took 0.09045513
Round took 0.102966107
Round took 0.815940535
Round took 0.093448762
Round took 0.086842109
Round took 0.054339686
Round took 0.307045566
Round took 0.095135291
Round took 0.093105669
Round took 0.110316166
Round took 0.091137206
Round took 0.096116326
Round took 0.094467694
Round took 0.089924537
Round took 0.100083191
Round took 0.094144342
Round took 0.091454549
Round took 0.305779508
Round took 0.303334115
Round took 0.099332887
Round took 0.310262484
Round took 0.099675042
Round took 0.357353569
Round took 0.096739011
Round took 0.097293772
Round took 0.105091234
Round took 0.100194101
Round took 0.108838394
Round took 0.309780366
Round took 0.102781944
Round took 0.308553719
Round took 0.413874823
Round took 0.090699007
Round took 0.100502499
Round took 0.097566863
Round took 0.0917776
Round took 0.096788186
Round took 0.101249949
Round took 0.101690874
Round took 0.104686461
Round took 0.098413987
Round took 0.313809533
Round took 0.310569352
Round took 0.099303293
Round took 0.102885245
Round took 0.097529942
Round took 0.0980003
Round took 0.095357356
Round took 0.102700121
Round took 0.102579516
Round took 0.094238849
Round took 0.084907958
Round took 0.092744734
Round took 0.091594793
Round took 0.091386166
Round took 0.314015504
Round took 0.0558477
Round took 0.301922964
Round took 0.094785151
Round took 0.095731701
Round took 0.102786071
Round took 0.101609657
Round took 0.091735602
Round took 0.08731396
Round took 0.096466244
Round took 0.810384032
Round took 0.095231576
Round took 0.091675622
Round took 0.103824162
Round took 0.101210264
Round took 0.092703317
Round took 0.090591356
Round took 0.20072627
Round took 0.092817963
Round took 0.094678395
Round took 0.088597704
Round took 0.096812417
Round took 0.096792729
Round took 0.098633682
Round took 0.099537793
Round took 0.090980031
Round took 0.091502245
Round took 0.093056968
Round took 0.084731047
Round took 0.086573779
Round took 2.817384413
Round took 0.300851992
Round took 0.089961523
Round took 0.097933187
Round took 0.086516227
Round took 0.094538001
Round took 0.095193375
Round took 0.106330089
Round took 0.083568522
Round took 0.091905897
Round took 1.317604614
Round took 0.81814759
Round took 0.107729045
Round took 0.09751377
Round took 0.098935572
Round took 0.080163595
Round took 0.090430954
Round took 0.093647599
Round took 0.090473679
Round took 0.104825858
Round took 0.090752943
Round took 1.316319481
Round took 0.304526446
Round took 0.088639722
Round took 1.333484714
Round took 0.095647156
Round took 0.086939072
Round took 0.088252374
Round took 0.08256609
Round took 0.098057019
Round took 0.114414456
Round took 0.094121
Round took 0.059702368
Round took 0.096717329
Round took 0.09583759
Round took 0.098129657
Round took 0.097294362
Round took 0.094467763
Round took 0.092974872
Round took 0.615321195
Round took 0.305541087
Round took 0.306376391
Round took 0.095899929
Round took 0.090168787
Round took 0.092208377
Round took 0.093157242
Round took 0.102352048
Round took 0.113419447
Round took 0.108414992
Round took 0.089431122
Round took 0.103198648
Round took 0.088129426
Round took 0.087900198
Round took 0.093278463
Round took 0.085983143
Round took 0.097571731
Round took 0.086274948
Round took 0.087100912
Round took 0.298846586
Round took 0.088105426
Round took 0.089014902
Round took 0.090655052
Round took 0.302062256
Round took 0.092263573
Round took 0.10286613
Round took 0.110762379
Round took 0.098888062
Round took 0.112875993
Round took 0.103224301
Round took 0.086204657
Round took 0.092361332
Round took 0.124799135
Round took 0.087318999
Round took 0.396350316
Round took 0.814892455
Round took 0.096200251
Round took 0.096467604
Round took 0.106286969
Round took 0.107609854
Round took 0.106364153
Round took 0.115023226
Round took 0.101072844
Round took 0.097143459
Round took 0.097047815
Round took 0.096153162
Round took 0.088876319
Round took 0.310852736
Round took 0.107641204
Round took 0.092832893
Round took 0.318877421
Round took 0.101574797
Round took 0.085523589
Round took 0.093019435
Round took 0.312321083
Round took 0.812700453
Round took 1.810695155
Round took 0.095730601
Round took 0.092303563
Round took 0.104617853
Round took 0.099240927
Round took 0.102567557
Round took 0.310120478
Round took 0.097384681
Round took 0.807762392
Round took 0.090342993
Round took 0.302315373
Round took 0.096210701
Round took 0.091985351
Round took 0.301005042
Round took 0.300527808
Round took 0.307394602
Round took 0.101022645
Round took 0.110022931
Round took 0.102503868
Round took 0.103362185
Round took 0.098556626
Round took 0.094537015
Round took 0.0958607
Round took 0.096842614
Round took 0.097665726
Round took 0.107782027
Round took 0.092931248
Round took 0.086359159
Round took 0.095985421
Round took 0.093916893
Round took 0.089698547
Round took 0.09325353
Round took 0.099565712
Round took 0.104454303
Round took 0.106466623
Round took 0.101015098
Round took 0.087828216
Round took 0.312059049
Round took 0.09281498
Round took 0.100187678
Round took 0.099389199
Round took 2.319706572
Round took 0.103559656
Round took 0.103451259
Round took 0.318677146
Round took 0.09488392
Round took 0.093304729
Round took 0.093750604
Round took 0.812591487
Round took 0.091474401
Round took 0.087410045
Round took 0.098680021
Round took 0.11134014
Round took 0.095865258
Round took 0.303408074
Round took 0.300909511
Round took 0.096411723
Round took 0.095549054
Round took 0.076549798
Round took 0.079055614
Round took 0.305399319
Round took 0.091633133
Round took 0.091388215
Round took 0.091195704
Round took 0.089072904
Round took 0.093471321
Round took 0.098472219
Round took 0.308514841
Round took 0.09353498
Round took 0.099823515
Round took 0.08723252
Round took 0.088007631
Round took 0.088390752
Round took 0.080656334
Round took 0.080738685
Round took 0.09298718
Round took 0.079930088
Round took 0.310553577
Round took 0.089039872
Round took 0.087025554
Round took 0.088138502
Round took 0.093088553
Round took 0.105969726
Round took 0.092598762
Round took 0.308831088
Round took 0.36937344
Round took 0.091711584
Round took 0.095811357
Round took 1.319221025
Round took 0.096271629
Round took 0.098796836
Round took 0.094965473
Round took 0.083979132
Round took 0.097708967
Round took 0.108953244
Round took 0.109608666
Round took 0.083428526
Round took 0.08361205
Round took 0.101174279
Round took 0.305378374
Round took 0.086623353
Round took 0.097289881
Round took 0.095789211
Round took 0.092054642
Round took 0.091746928
Round took 0.091430733
Round took 0.090000619
Round took 0.092033419
Round took 0.81143116
Round took 0.102301564
Round took 0.090858621
Round took 0.09067693
Round took 0.08767547
Round took 0.082402602
Round took 0.086721637
Round took 0.095380031
Round took 0.088883333
Round took 0.086147452
Round took 0.094238819
Round took 0.093416424
Round took 0.090651699
Round took 0.093414971
Round took 0.100678075
Round took 0.093932564
Round took 0.094897387
Round took 0.377430585
Round took 0.106866491
Round took 0.800747689
Round took 0.088211032
Round took 0.297345441
Round took 0.088343553
Round took 0.088840584
Round took 0.097885085
Round took 0.107590905
Round took 0.10420291
Round took 0.102010132
Round took 0.111902749
Round took 0.114023701
Round took 0.107480163
Round took 0.103750099
Round took 0.387111482
Round took 0.101761567
Round took 0.10131226
Round took 0.097361937
Round took 0.102666357
Round took 0.111498999
Round took 0.105966985
Round took 0.099882488
Round took 0.099099871
Round took 0.099118416
Round took 0.097512018
Round took 0.106995486
Round took 0.103557528
Round took 0.100951395
Round took 0.307270115
Round took 0.10193994
Round took 0.11425672
Round took 0.324836612
Round took 0.103936785
Round took 0.100156789
Round took 0.109947681
Round took 0.099610009
Round took 0.108959929
Round took 0.110425993
Round took 0.101106769
Round took 0.110000589
Round took 0.107097929
Round took 0.107264573
Round took 0.102656782
Round took 0.314488839
Round took 0.102791295
Round took 0.093433307
Round took 0.31738886
Round took 0.232046385
Round took 0.106331232
Round took 0.100149761
Round took 0.106927912
Round took 0.358616143
Round took 0.101743773
Round took 0.102951656
Round took 0.320090891
Round took 0.107717206
Round took 0.108046836
Round took 0.100961019
Round took 0.096984413
Round took 0.09770597
Round took 0.103359365
Round took 0.105358289
Round took 0.123577879
Round took 0.12218194
Round took 0.138059988
Round took 0.152977914
Round took 0.18282902
Round took 0.118562273
Round took 0.128079363
Round took 0.096767868
Round took 0.108761243
Round took 0.319305141
Round took 0.100706951
Round took 0.096705354
Round took 0.107542744
Round took 0.106035387
Round took 0.104663975
Round took 0.105471512
Round took 0.110113534
Round took 0.103035948
Round took 0.102738114
Round took 0.319009394
Round took 0.097751387
Round took 0.099058067
Round took 0.087437239
Round took 0.089708231
Round took 0.103701343
Round took 0.10337837
Round took 0.104383547
Round took 0.10712481
Round took 0.097571287
Round took 0.103346306
Round took 0.105922324
Round took 0.101602998
Round took 0.102106343
Round took 0.102610826
Round took 0.097009825
Round took 0.314446913
Round took 0.094778459
Round took 0.315304012
Round took 0.119374485
Round took 0.112164916
Round took 0.118814663
Round took 0.121138193
Round took 0.127715503
Round took 0.138197375
Round took 0.12241883
Round took 0.671776395
Round took 0.101488572
Round took 0.091799688
Round took 1.325091041
Round took 0.105837332
Round took 0.314346492
Round took 0.311265217
Round took 0.092375753
Round took 0.0889533
Round took 0.077801301
Round took 0.096218161
Round took 0.0942277
Round took 0.090500383
Round took 0.092472149
Round took 0.087111427
Round took 0.088849135
Round took 0.091113794
Round took 0.815367066
Round took 0.100968611
Round took 0.097344487
Round took 0.09357835
Round took 0.082667408
Round took 0.0930542
Round took 0.083406176
Round took 0.111516267
Round took 0.311466273
Round took 0.415708964
Round took 0.112929066
Round took 0.101176738
Round took 0.094445828
Round took 0.122142891
Round took 0.078698594
Round took 0.100153965
Round took 0.812326432
Round took 0.098761288
Round took 0.100561601
Round took 0.093638838
Round took 0.088410892
Round took 0.304404188
Round took 0.086525731
Round took 0.312076647
Round took 0.108336901
Round took 0.093432843
Round took 0.318936245
Round took 0.105390489
Round took 2.832457209
Round took 1.319589377
Round took 0.054106793
Round took 0.103664143
Round took 0.09648522
Round took 0.085965201
Round took 0.087686697
Round took 0.087022601
Round took 0.82299066
Round took 0.102274801
Round took 0.809504437
Round took 0.089741863
Round took 0.086046044
Round took 0.091837462
Round took 0.088479965
Round took 0.084736762
Round took 0.09790901
Round took 0.097988707
Round took 0.109875301
Round took 0.111578278
Round took 0.307440067
Round took 0.105649043
Round took 0.113023574
Round took 0.817708001
Round took 1.320685712
Round took 0.099313811
Round took 0.088719464
Round took 0.052501353
Round took 0.098983776
Round took 0.103502702
Round took 0.313257617
Round took 0.339736272
Round took 0.379524811
Round took 0.088074021
Round took 0.091255583
Round took 0.09362675
Round took 0.095701062
Round took 0.309448279
Round took 0.092228467
Round took 0.316674757
Round took 0.103345699
Round took 0.097046486
Round took 0.095218831
Round took 0.087404448
Round took 0.090354332
Round took 0.097883819
Round took 0.098311512
Round took 0.090245105
Round took 0.106026601
Round took 0.106750918
Round took 0.091570246
Round took 0.098307152
Round took 0.089306781
Round took 0.095105862
Round took 0.105150899
Round took 0.087839785
Round took 0.082521849
Round took 0.351824247
Round took 0.094990947
Round took 0.091507121
Round took 0.346598393
Round took 0.095108784
Round took 0.091173381
Round took 0.095362505
Round took 0.088017093
Round took 2.318196289
Round took 0.098487809
Round took 0.079951666
Round took 0.085762992
Round took 0.090052049
Round took 0.11352522
Round took 0.102643421
Round took 0.110040041
Round took 0.094194405
Round took 0.093883085
Round took 0.099120305
Round took 0.084794647
Round took 0.088674105
Round took 0.091135384
Round took 0.08742807
Round took 0.090528642
Round took 0.808557804
Round took 0.32127994
Round took 0.094946327
Round took 0.087993181
Round took 0.323408053
Round took 0.096090953
Round took 0.080429883
Round took 0.087253325
Round took 0.091135797
Round took 0.100594044
Round took 0.810417711
Round took 0.091728736
Round took 0.085370909
Round took 0.084508172
Round took 0.30888996
Round took 0.09274035
Round took 1.315242749
Round took 0.086868518
Round took 0.087731012
Round took 0.085007473
Round took 0.094962365
Round took 0.29981742
Round took 0.089566273
Round took 0.100001487
Round took 0.095123313
Round took 0.086330484
Round took 0.816584018
Round took 0.101083159
Round took 0.091852436
Round took 0.104828551
Round took 0.088797518
Round took 0.102224558
Round took 0.314724162
Round took 0.094709736
Round took 0.0922538
Round took 0.085114578
Round took 0.0862464
Round took 0.098325055
Round took 0.308701316
Round took 0.101342026
Round took 0.090115782
Round took 0.17610166
Round took 0.102502056
Round took 0.106288626
Round took 0.0845556
Round took 0.806371369
Round took 0.091326124
Round took 0.097311522
Round took 0.093312002
Round took 0.295709291
Round took 0.097564355
Round took 0.090196404
Round took 0.09359746
Round took 0.096497316
Round took 0.100586667
Round took 0.093673689
Round took 0.456321016
Round took 0.304648059
Round took 0.812542568
Round took 0.104144185
Round took 0.309125562
Round took 0.10916024
Round took 0.09694691
Round took 0.320890418
Round took 0.08911033
Round took 0.092399634
Round took 0.125648774
Round took 0.102366209
Round took 0.089782077
Round took 0.092716346
Round took 0.08393779
Round took 0.303657793
Round took 0.09449842
Round took 0.091412498
Round took 0.089190385
Round took 0.092965381
Round took 0.089343206
Round took 0.099373643
Round took 0.80321792
Round took 0.45846536
Round took 0.086321771
Round took 1.354904614
Round took 0.078119534
Round took 0.34244894
Round took 0.305524532
Round took 0.094594411
Round took 0.091164751
Round took 0.133576286
Round took 0.121881212
Round took 0.118139452
Round took 0.108135665
Round took 0.309730863
Round took 0.108873119
Round took 1.316140298
Round took 0.090544918
Round took 1.321251888
Round took 0.311207381
Round took 0.102187749
Round took 0.097279961
Round took 0.101732688
Round took 0.10124636
Round took 0.093011312
Round took 0.091504832
Round took 0.358274235
Round took 0.100981249
Round took 0.093054433
Round took 0.09686253
Round took 0.101619907
Round took 0.104387508
Round took 0.098138931
Round took 0.100121915
Round took 0.311068344
Round took 0.100320406
Round took 0.096040556
Round took 0.094610309
Round took 0.094956664
Round took 0.086855572
Round took 0.098523199
Round took 0.095717504
Round took 1.31409285
Round took 0.101212276
Round took 0.103386696
Round took 0.097966596
Round took 0.101608086
Round took 0.102071171
Round took 0.313691918
Round took 0.100345004
Round took 0.087006059
Round took 0.091138332
Round took 0.094904338
Round took 0.084869201
Round took 0.090350899
Round took 0.112122039
Round took 0.106599422
Round took 0.091553223
Round took 0.087587445
Round took 0.097242339
Round took 0.098234288
Round took 0.095873801
Round took 0.310155523
Round took 0.300388926
Round took 0.094210736
Round took 0.097077329
Round took 0.087106222
Round took 0.09293157
Round took 0.091153331
Round took 0.103492879
Round took 0.10246426
Round took 0.091914669
Round took 0.306097591
Round took 0.097303544
Round took 0.08542709
Round took 0.10366754
Round took 0.092411732
Round took 0.087398714
Round took 0.094800591
Round took 0.09191848
Round took 0.099037157
Round took 0.112254347
Round took 0.094944891
Round took 0.098289572
Round took 0.096269772
Round took 0.097769907
Round took 0.092897967
Round took 0.097555755
Round took 0.087222163
Round took 0.309352812
Round took 0.311160192
Round took 0.094583663
Round took 0.084112083
Round took 0.085871822
Round took 0.088513545
Round took 0.087128052
Round took 0.091544367
Round took 0.087250974
Round took 0.091084472
Round took 0.096938875
Round took 0.309809652
Round took 0.084737094
Round took 0.086409452
Round took 0.0856892
Round took 0.089866839
Round took 0.096589367
Round took 0.101947918
Round took 0.112871358
Round took 0.090103959
Round took 0.100867145
Round took 0.092011734
Round took 0.091100236
Round took 0.089482429
Round took 0.085395876
Round took 0.099592407
Round took 0.081699956
Round took 0.090207295
Round took 0.083147774
Round took 0.080719197
Round took 0.101138606
Round took 0.094964724
Round took 0.079815503
Round took 0.082502103
Round took 0.30374881
Round took 0.097030556
Round took 0.08358844
Round took 0.082765706
Round took 0.094550338
Round took 0.300371626
Round took 0.089106713
Round took 0.306658408
Round took 0.094500806
Round took 0.810544687
Round took 0.130164077
Round took 0.094347878
Round took 0.102491716
Round took 0.086896181
Round took 0.082476174
Round took 0.089278756
Round took 0.093465351
Round took 1.308847294
Round took 0.087184342
Round took 0.085620201
Round took 0.295021298
Round took 0.091301846
Round took 0.09411285
Round took 0.05276391
Round took 0.305382906
Round took 0.092294975
Round took 0.339085487
Round took 0.093322585
Round took 0.300302766
Round took 0.132601474
Round took 0.109046634
Round took 0.300457141
Round took 0.103656134
Round took 0.099294044
Round took 0.092835822
Round took 0.090040125
Round took 0.082216405
Round took 0.080928183
Round took 0.095993734
Round took 0.087069557
Round took 0.081331894
Round took 0.096957018
Round took 0.096420136
Round took 0.086600743
Round took 0.08682052
Round took 0.091663821
Round took 0.1061137
Round took 0.099023652
Round took 0.086561454
Round took 0.089202054
Round took 0.089744046
Round took 0.089386345
Round took 0.088933226
Round took 0.300973876
Round took 0.09143972
Round took 0.094873606
Round took 0.085503404
Round took 0.800763894
Round took 0.08531294
Round took 0.09475387
Round took 0.093808496
Round took 0.089998982
Round took 0.087288666
Round took 0.087150517
Round took 0.114871493
Round took 0.101840751
Round took 0.098178404
Round took 0.315806971
Round took 0.08822589
Round took 0.114490925
Round took 0.306364627
Round took 0.111684995
Test took 367.905055086
Successful: 14852
