Uniform distribution
Round took 0.100111961
Round took 0.031999195
Round took 0.021504171
Round took 0.024195724
Round took 0.046838358
Round took 0.022896689
Round took 0.039427871
Round took 0.034766449
Round took 0.028333703
Round took 0.032450064
Round took 0.055584333
Round took 0.022632392
Round took 0.030349004
Round took 0.033832039
Round took 0.03027213
Round took 0.030765184
Round took 0.037361368
Round took 0.059454383
Round took 0.030138607
Round took 0.035678146
Round took 0.040089861
Round took 0.071583336
Round took 0.037480488
Round took 0.06003319
Round took 0.043460123
Round took 0.081005485
Round took 0.033764663
Round took 0.03617768
Round took 0.039344507
Round took 0.042072436
Round took 0.035336808
Round took 0.056104147
Round took 0.047798056
Round took 0.065368885
Round took 0.046104175
Round took 0.061766225
Round took 0.052779285
Round took 0.052590347
Round took 0.071160582
Round took 0.051777885
Round took 0.050365092
Round took 0.035388021
Round took 0.039536561
Round took 0.031342997
Round took 0.050026046
Round took 0.052330537
Round took 0.045225793
Round took 0.049380624
Round took 0.047058623
Round took 0.04966723
Round took 0.053482115
Round took 0.046673166
Round took 0.051154953
Round took 0.042841896
Round took 0.049504599
Round took 0.044936718
Round took 0.042355037
Round took 0.039534133
Round took 0.037126361
Round took 0.035710105
Round took 0.041797737
Round took 0.055555003
Round took 0.048839213
Round took 0.042757984
Round took 0.060380604
Round took 0.072017079
Round took 0.078859456
Round took 0.076393181
Round took 0.055140148
Round took 0.077327471
Round took 0.07404481
Round took 0.062346988
Round took 0.068272825
Round took 0.076913827
Round took 0.081359115
Round took 0.1912269
Round took 0.054721509
Round took 0.05389704
Round took 0.056326599
Round took 0.0567775
Round took 0.055882893
Round took 0.046957924
Round took 0.057067282
Round took 0.090242521
Round took 0.063000932
Round took 0.069329844
Round took 0.07806387
Round took 0.083163631
Round took 0.103227495
Round took 0.078594354
Round took 0.074993196
Round took 0.064470415
Round took 0.082802087
Round took 0.065298156
Round took 0.089789069
Round took 0.08262731
Round took 0.062552688
Round took 0.076293632
Round took 0.098908929
Round took 0.082075784
Round took 0.093112429
Round took 0.076682162
Round took 0.09249125
Round took 0.09069698
Round took 0.084923365
Round took 0.075523852
Round took 0.106646863
Round took 0.084459043
Round took 0.067845096
Round took 0.078185696
Round took 0.075389609
Round took 0.082090272
Round took 0.068887782
Round took 0.076508203
Round took 0.078510992
Round took 0.069298336
Round took 0.082420709
Round took 0.07695496
Round took 0.073262528
Round took 0.071534134
Round took 0.060927773
Round took 0.056350927
Round took 0.071190691
Round took 0.08750229
Round took 0.101524227
Round took 0.072790727
Round took 0.090855981
Round took 0.083965331
Round took 0.102098381
Round took 0.072151384
Round took 0.069564786
Round took 0.19073891
Round took 0.062675053
Round took 0.078953618
Round took 0.234592899
Round took 0.07013623
Round took 0.066620741
Round took 0.118474883
Round took 0.105375073
Round took 0.078063658
Round took 0.072271111
Round took 0.087335595
Round took 0.073440319
Round took 0.080957647
Round took 0.078433121
Round took 0.079590187
Round took 0.079467299
Round took 0.126882664
Round took 0.077815985
Round took 0.101768685
Round took 0.160476155
Round took 0.071044984
Round took 0.08081079
Round took 0.367096933
Round took 0.092647043
Round took 0.100290367
Round took 0.231955659
Round took 0.093814666
Round took 0.078580237
Round took 0.068589841
Round took 0.09357807
Round took 0.091110438
Round took 0.13232582
Round took 0.128512568
Round took 0.08631834
Round took 0.09361086
Round took 0.100374397
Round took 0.097477175
Round took 0.073383259
Round took 0.082006026
Round took 0.081237967
Round took 0.079394389
Round took 0.073862523
Round took 0.098815545
Round took 0.11983943
Round took 0.121843602
Round took 0.10043327
Round took 0.084204968
Round took 0.0843187
Round took 0.075749102
Round took 0.086928528
Round took 0.082287108
Round took 0.081115045
Round took 0.086642509
Round took 0.105170643
Round took 0.089999929
Round took 0.066105737
Round took 0.0787795
Round took 0.090846019
Round took 0.08571866
Round took 0.233735464
Round took 0.0961191
Round took 0.088205376
Round took 0.131375135
Round took 0.122040261
Round took 0.094777321
Round took 0.096512285
Round took 0.099531923
Round took 0.098614609
Round took 0.089027572
Round took 0.113818577
Round took 0.136012222
Round took 0.100166136
Round took 0.097344319
Round took 0.103373819
Round took 0.090732468
Round took 0.097860273
Round took 0.096597163
Round took 0.352742079
Round took 0.110972728
Round took 0.09669212
Round took 0.097135785
Round took 0.101313575
Round took 0.105022723
Round took 0.101459941
Round took 0.110514219
Round took 0.121267393
Round took 0.101079858
Round took 0.0945218
Round took 0.101181999
Round took 0.117872109
Round took 0.14500844
Round took 0.085614085
Round took 0.103956251
Round took 0.09811137
Round took 0.095654782
Round took 0.143177132
Round took 0.113122403
Round took 0.088123133
Round took 0.091977469
Round took 0.093486407
Round took 0.087194068
Round took 0.095966263
Round took 0.098832135
Round took 0.056001101
Round took 0.100766755
Round took 0.113023498
Round took 0.093191679
Round took 0.813554565
Round took 1.313892163
Round took 0.09984982
Round took 0.104272546
Round took 0.297924776
Round took 0.821964842
Round took 0.103277047
Round took 0.300989963
Round took 1.305942593
Round took 0.077533234
Round took 0.089312946
Round took 0.101070401
Round took 0.097471561
Round took 0.097641662
Round took 0.110313639
Round took 0.102028942
Round took 0.117480603
Round took 0.093399786
Round took 0.094346908
Round took 0.30256619
Round took 0.101400064
Round took 0.096882497
Round took 0.100832759
Round took 0.108884499
Round took 0.096736707
Round took 0.299118084
Round took 1.307556819
Round took 0.092933448
Round took 0.090048511
Round took 0.094127324
Round took 0.100346783
Round took 0.091104035
Round took 0.107881082
Round took 0.105321622
Round took 0.084776113
Round took 0.111558686
Round took 0.312442642
Round took 0.250162829
Round took 0.088026867
Round took 0.082602542
Round took 0.31116298
Round took 0.112407827
Round took 1.305272805
Round took 0.08938984
Round took 0.088095428
Round took 0.091373694
Round took 1.328298481
Round took 0.380675366
Round took 0.097166185
Round took 0.099220939
Round took 0.088317802
Round took 0.098117374
Round took 0.081642879
Round took 0.102751929
Round took 0.292120825
Round took 0.270128394
Round took 0.085109033
Round took 0.422686151
Round took 0.096774809
Round took 1.310302157
Round took 0.08992545
Round took 0.10082837
Round took 0.084557351
Round took 0.0883218
Round took 0.353907847
Round took 0.315060012
Round took 0.307331923
Round took 0.087399561
Round took 0.08701829
Round took 0.090982889
Round took 0.086612657
Round took 0.08555948
Round took 0.085968756
Round took 0.091937886
Round took 0.086322123
Round took 0.810908024
Round took 0.099219538
Round took 0.127524972
Round took 1.350498334
Round took 0.089911432
Round took 0.087312438
Round took 0.345230252
Round took 0.117178092
Round took 0.091467808
Round took 0.133644688
Round took 0.109296472
Round took 0.117875137
Round took 0.811820061
Round took 0.05898074
Round took 0.088874123
Round took 0.099437943
Round took 0.319516212
Round took 0.324510474
Round took 0.316920719
Round took 0.108344415
Round took 0.108524983
Round took 0.106596071
Round took 0.104370114
Round took 0.113547129
Round took 0.10758616
Round took 0.104645002
Round took 0.097394197
Round took 0.098720181
Round took 0.316407143
Round took 0.306768023
Round took 0.102539441
Round took 0.108488617
Round took 0.107211916
Round took 0.104340054
Round took 0.098593911
Round took 0.097382266
Round took 0.312480438
Round took 0.101022239
Round took 1.3274195579999999
Round took 0.104782481
Round took 0.104896433
Error when reading: read tcp 172.31.54.117:40210->172.31.48.98:7070: read: connection timed out
Round took 7.821428909
Error when reading: EOF
Round took 0.116429152
Round took 0.307366175
Round took 0.101154924
Round took 0.090106222
Round took 0.104128381
Round took 0.332683477
Round took 0.087289044
Round took 0.1291432
Round took 0.098941023
Round took 0.077577578
Round took 0.094782648
Round took 0.099816632
Round took 0.101135179
Round took 0.087122179
Round took 0.09172817
Round took 0.302822708
Round took 0.303018226
Round took 0.305679445
Round took 0.091456423
Round took 0.092188056
Round took 0.100503667
Round took 0.095664812
Round took 0.316073883
Round took 0.097744269
Round took 0.308082415
Round took 0.094279663
Round took 0.087222961
Round took 0.090521241
Round took 0.085414764
Round took 0.303374045
Round took 0.104143047
Round took 0.101358981
Round took 0.090634032
Round took 0.089570393
Round took 0.088333695
Round took 0.806978251
Round took 0.805062919
Round took 0.094436513
Round took 0.107100966
Round took 0.097334711
Round took 1.821533125
Round took 0.095311823
Round took 0.097623601
Round took 0.091587347
Round took 0.085326222
Round took 0.090855357
Round took 0.089251796
Round took 0.086909436
Round took 0.092409177
Round took 0.086672716
Round took 0.093528246
Round took 0.312316951
Round took 0.09833897
Round took 0.087816011
Round took 0.089876449
Round took 0.089211143
Round took 0.085840594
Round took 0.091888226
Round took 0.809931175
Round took 0.100601609
Round took 0.096701197
Round took 0.106417573
Round took 0.103061135
Round took 0.103678311
Round took 0.308909254
Round took 0.089740501
Round took 0.102401462
Round took 0.091513739
Round took 0.091249244
Round took 0.102340053
Round took 0.104914516
Round took 0.087689698
Round took 1.3231046530000001
Round took 0.808853831
Round took 1.318069038
Round took 0.083192723
Round took 0.090830251
Round took 0.092313726
Round took 0.090193108
Round took 0.29758059
Round took 0.092767338
Round took 0.308438184
Round took 0.317517704
Round took 0.095582652
Round took 0.088539788
Round took 0.090307981
Round took 0.122418776
Round took 0.094398367
Round took 0.10510385
Round took 0.076960569
Round took 0.119510988
Round took 0.09533797
Round took 0.100005565
Round took 0.096983978
Round took 0.091995045
Round took 0.088728945
Round took 0.091705008
Round took 0.104574021
Round took 0.101479526
Round took 0.093881039
Round took 0.082978278
Round took 0.386559062
Round took 0.302785312
Round took 0.091690611
Round took 0.095228323
Round took 0.091943385
Round took 0.053131574
Round took 0.093472696
Round took 0.10544618
Round took 0.091927979
Round took 2.316305045
Round took 0.088568631
Round took 0.100975418
Round took 0.083599291
Round took 0.092202465
Round took 0.317258221
Round took 0.103113197
Round took 0.089106843
Round took 0.085405219
Round took 0.083279933
Round took 0.082695272
Round took 0.086326936
Round took 0.132151891
Round took 0.088941683
Round took 0.085999586
Round took 0.087384764
Round took 0.805339596
Round took 0.084038963
Round took 0.095255258
Round took 0.093122339
Round took 0.085309904
Round took 0.093779331
Round took 0.305345221
Round took 1.324439607
Round took 0.303400756
Round took 0.088029824
Round took 0.089920348
Round took 0.088168242
Round took 0.087112949
Round took 0.299630073
Round took 0.09119338
Round took 0.099050605
Round took 0.091223278
Round took 0.088560574
Round took 0.091081389
Round took 0.302656947
Round took 0.100991898
Round took 0.091939893
Round took 0.092516355
Round took 0.098165442
Round took 0.091252195
Round took 0.08666777
Round took 0.093429931
Round took 0.090739463
Round took 0.818781644
Round took 0.090075612
Round took 0.079239237
Round took 0.293809243
Round took 0.090510429
Round took 0.110336695
Round took 0.803475241
Round took 0.102343229
Round took 0.087849757
Round took 0.082941076
Round took 0.087115883
Round took 0.087605456
Round took 0.087732224
Round took 0.088343033
Round took 0.081641856
Round took 0.083991232
Round took 0.089271404
Round took 0.091148739
Round took 0.083967835
Round took 0.089381324
Round took 0.302237748
Round took 0.131822296
Round took 0.096775517
Round took 0.087106178
Round took 0.090166854
Round took 0.083168552
Round took 0.089869791
Round took 0.298324191
Round took 0.294638131
Round took 0.089884185
Round took 1.802706945
Round took 0.095273521
Round took 0.082939408
Round took 0.092729198
Round took 0.091556276
Round took 0.077841806
Round took 0.081742618
Round took 0.321699322
Round took 0.117304284
Round took 0.081902705
Round took 0.172996871
Round took 0.089421424
Round took 0.086993502
Round took 0.094220891
Round took 0.085333582
Round took 0.113107037
Round took 0.088852532
Round took 0.094985972
Round took 0.093352212
Round took 0.309217669
Round took 0.096846521
Round took 0.098059891
Round took 0.09614011
Round took 0.297157867
Round took 0.085255096
Round took 0.085093278
Round took 0.304883176
Round took 0.806877758
Round took 0.097463228
Round took 0.086874475
Round took 0.085769775
Round took 0.077011369
Round took 0.084154743
Round took 0.299729578
Round took 0.093480597
Round took 0.107050786
Round took 0.094191622
Round took 0.096281936
Round took 0.09767315
Round took 0.101722333
Round took 0.09151022
Round took 0.096426501
Round took 0.088899164
Round took 0.092831049
Round took 0.100313196
Round took 0.086121455
Round took 0.086391663
Round took 0.092889203
Round took 0.090222606
Round took 0.08151164
Round took 0.09821601
Round took 0.116258059
Round took 0.084095697
Round took 0.081684998
Round took 0.096767485
Round took 0.082633982
Round took 0.093491801
Round took 0.108766324
Round took 0.091566595
Round took 2.828529874
Round took 0.091882606
Round took 0.106004756
Round took 0.107925063
Round took 0.097554293
Round took 0.091725349
Round took 0.09860487
Round took 0.305635015
Round took 0.101741961
Round took 0.311353001
Round took 0.098305616
Round took 0.304106159
Round took 0.10505839
Round took 0.098812241
Round took 0.094907644
Round took 0.314450363
Round took 0.099757352
Round took 0.31262374
Round took 0.312307414
Round took 0.099654203
Round took 0.094500201
Round took 0.099323232
Round took 0.101769477
Round took 0.105848992
Round took 0.097276336
Round took 0.101569907
Round took 0.304558068
Round took 0.097578711
Round took 0.098647258
Round took 0.095676109
Round took 1.826189112
Round took 0.1075291
Round took 0.373563118
Round took 0.095355059
Round took 0.101645267
Round took 0.097816554
Round took 0.310022002
Round took 0.08835271
Round took 0.10962391
Round took 0.110489091
Round took 0.113462713
Round took 0.111516985
Round took 0.102721332
Round took 0.093267894
Round took 0.096983699
Round took 0.100493558
Round took 0.102541175
Round took 0.102862781
Round took 0.329542752
Round took 0.089420182
Round took 0.097278914
Round took 1.316712708
Round took 0.101417739
Round took 0.102562221
Round took 0.110552646
Round took 0.108943066
Round took 0.102580175
Round took 0.312326781
Round took 0.095875778
Round took 0.098211979
Round took 0.091290062
Round took 0.100697155
Round took 0.10139059
Round took 0.103929302
Round took 0.103834348
Round took 0.100732419
Round took 0.099574751
Round took 0.31501965
Round took 0.102422789
Round took 0.349814237
Round took 0.098625989
Round took 0.098966524
Round took 0.09163065
Round took 0.093799025
Round took 0.095855334
Round took 0.305694429
Round took 0.094893934
Round took 0.096108942
Round took 0.097137366
Round took 0.096316689
Round took 0.098513402
Round took 0.096999553
Round took 0.092710376
Round took 0.096772892
Round took 0.096023905
Round took 0.096377529
Round took 0.099089959
Round took 0.095297267
Round took 0.102251929
Round took 0.101965096
Round took 0.102876716
Round took 0.102121662
Round took 0.098467925
Round took 0.094925204
Round took 0.118074371
Round took 0.10125576
Round took 0.096760765
Round took 0.088921906
Round took 0.309379214
Round took 0.095482491
Round took 0.816579166
Round took 0.306164647
Round took 0.310809109
Round took 0.105420113
Round took 0.099110651
Round took 0.307226
Round took 0.093169393
Round took 0.092513559
Round took 0.103639726
Round took 0.812978657
Round took 0.092906617
Round took 0.307261745
Round took 0.092444149
Round took 0.088706711
Round took 0.12677478
Round took 0.102163528
Round took 0.099221941
Round took 0.095256457
Round took 0.093488052
Round took 0.089555613
Round took 0.094514129
Round took 0.098516455
Round took 0.086044519
Round took 0.093295576
Round took 0.102146411
Round took 0.103352574
Round took 0.311113624
Round took 0.090771557
Round took 0.0971331
Round took 0.091220862
Round took 0.103180184
Round took 0.091327011
Round took 0.091891476
Round took 0.097494595
Round took 0.094250908
Round took 0.090719597
Round took 0.313369111
Round took 0.05910483
Round took 0.078676461
Round took 0.301443827
Round took 0.087271588
Round took 0.090498847
Round took 0.091526746
Round took 0.104008021
Round took 1.303540956
Round took 0.08791599
Round took 0.318694825
Round took 0.803777028
Round took 0.100591396
Round took 0.100343736
Round took 0.093840944
Round took 0.303027595
Round took 1.817621471
Round took 1.355691676
Round took 0.086511017
Round took 1.814551377
Round took 0.090698709
Round took 0.317212802
Round took 0.085461157
Round took 0.099862436
Round took 0.097585545
Round took 0.094811853
Round took 0.101714754
Round took 0.098736143
Round took 0.311711142
Round took 0.097297125
Round took 0.096829102
Round took 0.34761384
Round took 0.089906278
Round took 0.121438593
Round took 0.079722466
Round took 0.123678846
Round took 0.16045127
Round took 0.085395733
Round took 0.089977105
Round took 0.094958017
Round took 0.101607593
Round took 0.315782677
Round took 0.103251876
Round took 0.100892783
Round took 0.094399875
Round took 0.103935597
Round took 0.088544997
Round took 0.091685657
Round took 0.091635852
Round took 0.309694441
Round took 0.09551241
Round took 0.315093175
Round took 0.09505537
Round took 0.091297051
Round took 0.091425642
Round took 0.103384475
Round took 0.087309293
Round took 0.093263873
Round took 0.121985465
Round took 0.089849474
Round took 0.087999315
Round took 0.095403047
Round took 0.114096431
Round took 0.09346757
Round took 0.086850745
Round took 0.098932776
Round took 0.083439252
Round took 0.068168992
Round took 0.091107032
Round took 0.321163878
Round took 0.087817027
Round took 0.085334001
Round took 0.094635005
Round took 0.104813121
Round took 0.095915775
Round took 0.096796295
Round took 0.09771724
Round took 0.090782698
Round took 0.084465399
Round took 0.089255629
Round took 0.093901623
Round took 0.09252056
Round took 0.083057436
Round took 0.084748173
Round took 0.080380596
Round took 0.083707977
Round took 0.088307904
Round took 0.293329248
Round took 0.087400806
Round took 0.083748245
Round took 0.311639375
Round took 0.316613985
Round took 0.084179919
Round took 0.090099905
Round took 0.107612658
Round took 0.092139822
Round took 0.103456459
Round took 0.300666067
Round took 0.094547373
Round took 0.084957458
Round took 0.087989594
Round took 0.322153316
Round took 0.094545466
Round took 0.094143581
Round took 0.295744276
Round took 0.088169648
Round took 0.799169991
Round took 0.092810576
Round took 0.095673189
Round took 0.083513994
Round took 0.093184064
Round took 0.094307507
Round took 0.099524716
Round took 0.087863614
Round took 0.099545955
Round took 0.085797272
Round took 0.091877962
Round took 0.052363039
Round took 0.094200859
Round took 0.060616238
Round took 0.083231725
Round took 0.118111735
Round took 0.102950696
Round took 0.111152119
Round took 0.178131467
Round took 0.28810203
Round took 0.113193415
Round took 0.09787841
Round took 0.092856618
Round took 0.121123544
Round took 0.094398761
Round took 0.115329531
Round took 0.112005556
Round took 0.123617386
Round took 0.304771267
Round took 0.084378494
Round took 0.092629749
Round took 0.092670117
Round took 0.079535167
Round took 0.154317961
Round took 0.11524865
Round took 0.332175515
Round took 0.0870195
Round took 0.087135062
Round took 0.048072764
Round took 0.08744587
Round took 0.079685835
Round took 0.082413836
Round took 0.09040142
Round took 0.08654654
Round took 0.307869611
Round took 0.088605121
Round took 0.808393093
Round took 0.085556923
Round took 0.089298376
Round took 0.09074634
Round took 0.089104716
Round took 0.09229908
Round took 0.087319386
Round took 0.083374174
Round took 0.08283742
Round took 0.091784151
Round took 0.089006515
Round took 0.094497851
Round took 0.324393837
Round took 0.081493356
Round took 0.091839329
Round took 0.32119327
Round took 0.307178234
Round took 0.102911325
Round took 0.302242191
Round took 0.090604342
Round took 0.088180195
Round took 0.306989908
Round took 0.305081231
Round took 0.095458174
Round took 0.10427949
Round took 0.098462287
Round took 0.084332133
Round took 0.096319842
Round took 0.086511626
Round took 0.098018566
Round took 0.07977004
Round took 0.085948299
Round took 0.097753573
Round took 0.084616991
Round took 0.08470553
Round took 0.300161821
Round took 0.084022688
Round took 0.077528744
Round took 0.0862298
Round took 0.087134094
Round took 0.300225177
Round took 0.088966045
Round took 0.089401104
Round took 0.086457567
Round took 0.099271501
Round took 0.155116638
Round took 0.093012986
Round took 0.114887066
Round took 0.092768915
Round took 0.074100755
Round took 0.097889255
Round took 0.091904031
Round took 0.102261704
Round took 0.086248416
Round took 0.084110471
Round took 0.111370998
Round took 0.114568104
Round took 1.306517209
Round took 0.096961368
Round took 0.098117779
Round took 0.083044842
Round took 0.092219872
Round took 0.086997985
Round took 0.087141459
Round took 0.094982384
Round took 0.08429851
Round took 0.298239654
Round took 0.085412227
Round took 0.09762176
Round took 0.104575942
Round took 0.090420931
Round took 0.084090945
Round took 0.092918252
Round took 0.084884663
Round took 0.086929354
Round took 0.088137053
Round took 0.084133921
Round took 0.084552081
Round took 0.100197572
Round took 0.090068508
Round took 0.086745302
Round took 0.084463348
Round took 0.086944066
Round took 0.092172231
Round took 0.108880543
Round took 0.087055272
Round took 0.385948514
Round took 0.11035388
Round took 0.108653751
Round took 0.101932508
Round took 0.103938803
Round took 0.11022546
Round took 0.30679214
Round took 0.121728383
Round took 0.155914216
Round took 0.142384367
Round took 0.1528574
Round took 0.138081614
Round took 0.1496142
Round took 0.358230441
Round took 0.160634399
Round took 0.155971221
Round took 0.117864088
Round took 0.056482054
Round took 0.106030176
Round took 0.104384644
Round took 0.338012879
Round took 0.11703193
Round took 0.329065536
Round took 0.11328997
Round took 1.3271997469999999
Round took 0.062628635
Round took 0.104426043
Round took 0.096400529
Round took 0.100055327
Round took 0.095372097
Round took 0.107468871
Round took 1.83011195
Round took 1.325724235
Round took 0.319113599
Round took 0.15624364
Round took 0.109748913
Round took 0.115522477
Round took 0.340966806
Round took 0.104125328
Round took 0.119131474
Round took 0.137936875
Round took 0.102819067
Round took 0.111830271
Round took 0.106574326
Round took 0.13348528
Round took 0.106274169
Round took 0.098668116
Round took 0.097636905
Round took 0.091233505
Round took 0.09913984
Round took 0.318087872
Round took 0.103943339
Round took 0.102251163
Round took 0.103747129
Round took 0.110628864
Round took 0.826416248
Round took 0.106313487
Round took 0.314402292
Round took 0.098466036
Round took 0.323073328
Round took 0.820420414
Round took 0.102416068
Round took 0.104955879
Round took 0.097619229
Round took 0.09667341
Round took 0.091798993
Round took 0.314690431
Round took 0.310999767
Round took 0.308548644
Round took 0.098298866
Round took 0.309702232
Round took 0.087202664
Round took 0.098048942
Round took 0.091173837
Round took 0.31012461
Round took 0.088938851
Round took 0.087926813
Round took 0.085156769
Round took 0.088037049
Round took 0.08680961
Round took 0.055944331
Round took 0.09131473
Round took 0.052535057
Round took 0.092283935
Round took 0.089469934
Round took 0.09087432
Round took 0.818500814
Round took 0.087175587
Round took 0.087849315
Round took 0.094334153
Round took 0.101274074
Round took 0.131877516
Round took 0.084542365
Round took 0.099827753
Round took 0.102000601
Round took 0.091545414
Round took 0.092103785
Round took 0.09016337
Round took 0.099882623
Round took 0.094709133
Round took 0.099386496
Round took 1.326031796
Round took 0.135174874
Round took 0.094271016
Round took 0.100457774
Round took 0.091470042
Round took 0.304781561
Round took 0.102750004
Round took 1.310104482
Round took 1.3230898309999999
Round took 0.102322749
Round took 0.111951227
Round took 0.099647495
Round took 0.106984714
Round took 0.08922404
Round took 0.091999399
Round took 0.085731487
Round took 0.095862322
Round took 0.088739593
Round took 0.09478202
Round took 0.300818623
Round took 0.113141053
Round took 0.164793683
Round took 0.081901309
Round took 0.111112693
Round took 0.092809464
Round took 0.097003322
Round took 0.098095658
Round took 0.809627991
Round took 0.088168687
Round took 0.083723111
Round took 0.08538204
Round took 0.831712405
Round took 0.333845906
Round took 0.134776381
Round took 0.348212883
Round took 0.471015476
Round took 0.137289963
Round took 0.103616008
Round took 0.1005689
Round took 0.098113778
Round took 0.106414872
Round took 0.098057065
Round took 0.086999968
Round took 0.101880183
Round took 0.319095994
Round took 0.316822493
Round took 0.360341357
Round took 0.101906099
Round took 0.100683112
Round took 0.316685526
Round took 0.108188613
Round took 0.102448333
Round took 0.313521135
Round took 0.830932838
Round took 0.109150486
Round took 0.096407746
Round took 0.11293326
Round took 0.098792344
Round took 0.106720329
Round took 0.307267804
Round took 0.049187664
Round took 0.09863378
Round took 0.807677512
Round took 0.313197041
Round took 0.31003122
Round took 0.308463896
Round took 0.103733176
Round took 0.102271895
Round took 0.097175911
Round took 0.311728936
Round took 0.092143626
Round took 0.090771867
Round took 0.089614131
Round took 0.094020847
Round took 0.092720955
Round took 0.093376819
Round took 0.09519904
Round took 0.091575682
Round took 0.090257647
Round took 0.130195222
Round took 0.090847414
Round took 0.149970608
Round took 0.096784324
Round took 0.090444517
Round took 0.106283739
Round took 0.101148562
Round took 0.095901892
Round took 0.086132274
Round took 1.314352562
Round took 0.120319648
Round took 0.136275702
Round took 0.388112399
Round took 0.086041412
Round took 0.330325194
Round took 0.120073123
Round took 0.104814932
Round took 0.089064862
Round took 0.087469848
Round took 0.095324113
Round took 0.095345571
Round took 0.094041402
Round took 0.091720582
Round took 0.092178974
Round took 0.312855953
Round took 0.098117693
Round took 0.099340571
Round took 0.312357287
Round took 0.096011275
Round took 1.321802231
Round took 0.813860195
Round took 0.087130809
Round took 0.083888817
Round took 1.317317177
Round took 1.317782361
Round took 0.369659735
Round took 0.09438885
Round took 0.094668001
Round took 0.105587244
Round took 0.104341589
Round took 0.141557163
Round took 0.085086956
Round took 0.088737583
Round took 0.08444635
Round took 0.087694251
Round took 0.097812507
Round took 0.092901595
Round took 0.093494179
Round took 0.298438229
Round took 0.086481343
Round took 0.084822994
Round took 0.085778022
Round took 0.107841656
Round took 0.101661741
Round took 0.105798874
Round took 0.095230032
Round took 0.082628501
Round took 0.090061736
Round took 0.095882718
Round took 0.095131159
Round took 0.088423438
Round took 0.086997864
Round took 0.093523175
Round took 0.0871527
Round took 0.101237673
Round took 0.111241892
Round took 0.063158095
Round took 0.095351656
Round took 0.097034654
Round took 0.095440059
Round took 1.303710605
Round took 0.084265232
Round took 0.084128785
Round took 0.08783913
Round took 0.081882192
Round took 0.112332411
Round took 0.096362008
Round took 0.168592143
Round took 0.093901177
Round took 0.299511822
Round took 0.091823578
Round took 0.092755123
Round took 0.130047809
Round took 0.099557084
Round took 0.093128538
Round took 0.301861197
Round took 0.09497551
Round took 0.097672834
Round took 0.092377283
Round took 0.818920139
Round took 0.10741075
Round took 0.088716232
Round took 0.082739898
Round took 0.086722951
Round took 0.085712529
Round took 0.08315198
Round took 0.085243394
Round took 0.104768934
Round took 0.351077963
Round took 0.128647424
Round took 0.097675269
Round took 0.084658908
Round took 0.08674963
Round took 0.122389822
Round took 0.086017446
Round took 0.308898358
Round took 1.304781794
Round took 3.333446156
Round took 1.309171522
Round took 0.305501569
Round took 0.09076891
Round took 0.097709425
Round took 0.299661063
Round took 0.100614006
Round took 0.093410358
Round took 0.092766285
Round took 0.096961956
Round took 0.310525174
Round took 0.099204576
Round took 0.306116751
Round took 0.112482196
Round took 0.112228907
Round took 0.097699883
Round took 0.103700862
Round took 0.097488831
Round took 0.099037014
Round took 1.306834407
Round took 0.090563917
Round took 0.090312981
Round took 0.102280891
Round took 0.101370343
Round took 0.095609882
Round took 0.09923636
Round took 0.104263862
Round took 0.100333139
Round took 0.09940158
Round took 0.101791793
Round took 0.09861521
Round took 0.09621274
Round took 0.096669326
Round took 0.103318949
Round took 0.307403097
Round took 0.317055311
Round took 0.103939033
Round took 0.099613921
Round took 0.103614989
Round took 1.32133169
Round took 3.332492117
Round took 0.096444485
Round took 0.084260575
Round took 0.089211053
Round took 0.089795333
Round took 2.8219777820000003
Round took 0.088567611
Round took 0.084606393
Round took 0.090753565
Round took 0.093213941
Round took 0.094865321
Round took 0.090599165
Round took 0.10517956
Round took 0.10153752
Round took 0.085258058
Round took 0.082952978
Round took 0.09058193
Round took 0.092142168
Round took 0.097026125
Round took 1.304869468
Round took 0.11129117
Round took 0.30821314
Round took 0.117897542
Round took 0.096905897
Round took 0.306615167
Round took 0.09026817
Round took 0.083098518
Round took 0.093528458
Round took 0.094929103
Round took 0.087544092
Round took 0.094109632
Round took 0.095825905
Round took 0.087680581
Round took 0.048469237
Round took 0.343800865
Round took 0.300224881
Round took 0.087649846
Round took 0.093649258
Round took 0.094418721
Round took 0.308081123
Round took 0.089034858
Round took 0.089684153
Round took 0.091834006
Round took 0.086481741
Round took 0.094277258
Round took 0.098734936
Round took 0.303517959
Round took 0.199685901
Round took 0.295670738
Round took 0.083970187
Round took 1.308731229
Round took 0.050179867
Round took 0.091916993
Round took 0.102202996
Round took 0.298905145
Round took 0.108374283
Round took 0.113949827
Round took 0.09211128
Round took 0.306220826
Round took 0.089745894
Round took 0.105054611
Round took 0.109912657
Round took 0.112112962
Round took 0.086304561
Round took 0.081845256
Round took 0.096495344
Round took 0.093198802
Round took 0.376299911
Round took 0.800106393
Round took 0.08794547
Round took 0.09336316
Round took 0.084552025
Round took 0.091325154
Round took 0.086051282
Round took 0.081908516
Round took 0.095468734
Round took 0.083495137
Round took 0.107923105
Round took 0.088497975
Round took 0.084724419
Round took 0.096254189
Round took 0.301358347
Round took 0.077401722
Round took 0.081740906
Round took 0.09530777
Round took 0.097905958
Round took 0.069538889
Round took 0.309249182
Round took 0.303571774
Round took 0.094922347
Round took 0.095566146
Round took 0.308719954
Round took 0.107160656
Round took 0.106583512
Round took 0.097167445
Round took 0.098162105
Round took 0.102398157
Round took 0.086197149
Round took 0.097727536
Round took 0.088241438
Round took 0.089226027
Round took 0.087515369
Round took 0.372639414
Round took 0.087532419
Round took 0.0909784
Round took 0.083170473
Round took 0.305070131
Round took 0.104348194
Round took 0.104050839
Round took 0.098782881
Round took 0.091671848
Round took 0.102842014
Round took 0.096350875
Round took 0.313738613
Round took 0.091000787
Round took 0.804796951
Round took 0.30269059
Round took 0.091559963
Round took 0.113032917
Round took 0.090781821
Round took 0.09356348
Round took 0.090442311
Round took 0.094997914
Round took 0.092419143
Round took 0.108227193
Round took 0.097278011
Round took 0.109505414
Round took 0.105537023
Round took 0.103009324
Round took 0.097966046
Round took 0.097060039
Round took 0.096167866
Round took 0.098539283
Round took 0.095057779
Round took 0.101318772
Round took 0.30306316
Round took 0.089587624
Round took 0.091706137
Round took 0.083414976
Round took 0.085872368
Round took 0.100509773
Round took 0.088593302
Round took 0.086348487
Round took 0.092599038
Round took 0.809601853
Round took 1.311687013
Round took 0.090206624
Round took 0.087545425
Round took 0.081881206
Round took 0.057954808
Round took 0.082624915
Round took 0.087098733
Round took 1.320536659
Round took 0.082948508
Round took 0.344704857
Round took 0.082319668
Round took 0.092959104
Round took 0.086012253
Round took 0.086077926
Round took 0.087757969
Round took 0.302938441
Round took 0.094424034
Round took 0.10175048
Round took 0.094829045
Round took 0.10329998
Round took 0.104720629
Round took 0.319717461
Round took 0.101348599
Round took 0.119141045
Round took 0.101181211
Round took 0.088207313
Round took 0.080007779
Round took 0.10262939
Round took 0.306399114
Round took 0.09447593
Round took 0.093164922
Round took 0.0841675
Round took 0.092502863
Round took 0.312846749
Round took 0.086602011
Round took 0.323199046
Round took 0.10144611
Round took 0.105375675
Round took 0.108846954
Round took 0.100811564
Round took 0.098709109
Round took 0.096372448
Round took 0.09641827
Round took 0.086618853
Round took 0.381009524
Round took 0.096565478
Round took 0.11125518
Round took 0.308452116
Round took 0.094232513
Round took 0.100645449
Round took 0.093240912
Round took 0.086519138
Round took 0.126886454
Round took 0.095306202
Round took 0.088065093
Round took 0.091256969
Round took 0.304843775
Round took 0.301784743
Round took 0.090333813
Round took 0.092483378
Round took 0.096925584
Round took 1.310631698
Round took 0.311233931
Round took 0.094139437
Round took 0.093542857
Round took 0.10007744
Round took 0.097193332
Round took 0.090978963
Round took 0.098355693
Round took 0.824844151
Round took 0.096438735
Round took 0.308476357
Round took 0.349837455
Round took 0.097142618
Round took 0.095522681
Round took 0.09326282
Round took 0.805421238
Round took 0.085466142
Round took 0.093822787
Round took 0.094290376
Round took 0.308330475
Round took 0.304544411
Round took 0.089951248
Round took 0.085543831
Round took 0.098542581
Round took 0.083561762
Round took 0.082663819
Round took 0.088361784
Round took 0.086238593
Round took 0.111049003
Round took 0.320158321
Round took 0.102878626
Round took 0.097818361
Round took 0.091797051
Round took 0.098224255
Round took 0.088902961
Round took 0.093283121
Round took 0.086706137
Round took 0.100376558
Round took 0.098964967
Round took 0.093812556
Round took 0.096903472
Round took 0.091570151
Round took 0.096353212
Round took 0.102508369
Round took 0.805715163
Round took 0.131814987
Round took 0.311717595
Round took 0.437359085
Round took 0.125509213
Round took 0.123611099
Round took 0.319404538
Round took 0.09987527
Round took 0.102297
Round took 0.311252265
Round took 0.098924024
Round took 0.100963943
Round took 0.101646294
Round took 0.313050859
Round took 0.108243262
Round took 0.100201827
Round took 0.092228647
Round took 0.317123465
Round took 0.428834523
Round took 0.817768814
Round took 0.315085622
Round took 0.098427624
Round took 0.106285135
Round took 1.326117802
Round took 0.310661343
Round took 0.105507303
Round took 0.108266441
Round took 0.10582109
Round took 0.103147334
Round took 0.101694295
Round took 0.105331489
Round took 0.320361578
Round took 0.125724519
Round took 0.117552859
Round took 0.132866741
Round took 0.15840563
Round took 0.117563668
Round took 0.325136475
Round took 0.108605559
Round took 0.112348836
Round took 0.319616872
Round took 0.101914899
Round took 0.096846457
Round took 0.107311943
Round took 0.102257558
Round took 0.312780867
Round took 0.096469051
Round took 1.3202033420000001
Round took 0.819058152
Round took 0.824620567
Round took 0.12215534
Round took 0.327441432
Round took 0.122438713
Round took 0.126524431
Round took 0.107248511
Round took 0.313507621
Round took 0.09304887
Round took 0.091713412
Round took 0.096380726
Round took 0.097514992
Round took 0.109422951
Round took 0.314450292
Round took 0.102844536
Round took 0.815293852
Round took 0.110273544
Round took 0.311470921
Round took 0.096405802
Round took 0.816065032
Round took 0.087644193
Round took 0.088150137
Round took 0.088197486
Round took 0.090055072
Round took 0.303126684
Round took 0.090747338
Round took 0.101864548
Round took 0.0906885
Round took 0.107765193
Round took 0.09338787
Round took 0.092721291
Round took 0.817175411
Round took 0.306027951
Round took 0.107829107
Round took 0.107540266
Round took 0.102708679
Round took 0.089366704
Round took 0.31059621
Round took 0.321857571
Round took 0.098406657
Round took 0.308997088
Round took 0.095736557
Round took 0.093205377
Round took 0.055731546
Round took 0.086458133
Round took 0.088925574
Round took 0.088389334
Round took 0.094753382
Round took 0.097571458
Round took 0.092637176
Round took 0.095329729
Round took 0.086966807
Round took 0.087365922
Round took 0.091251062
Round took 0.091684601
Round took 0.096070153
Round took 0.125786079
Round took 0.123591396
Round took 0.559974587
Round took 0.092622244
Round took 0.082675432
Round took 0.091258247
Round took 0.089030654
Round took 0.086967545
Round took 1.313522993
Round took 0.090637876
Round took 1.323205762
Round took 0.100564122
Round took 0.09973081
Round took 0.103546424
Round took 0.098593105
Round took 0.091554442
Round took 0.103610489
Round took 0.309721575
Round took 0.099718607
Round took 0.088599489
Round took 0.102828253
Round took 0.088219739
Round took 0.085701996
Round took 0.303417892
Round took 0.10268561
Round took 0.092962354
Round took 0.08832268
Round took 0.092999968
Round took 0.095844255
Round took 0.097982767
Round took 0.096329085
Round took 0.101744554
Round took 0.108579951
Round took 0.102115341
Round took 0.111906397
Round took 0.091364135
Round took 0.088376466
Round took 0.093587943
Round took 0.086456688
Round took 0.094529975
Round took 0.103488923
Round took 0.097971447
Round took 0.101157498
Round took 0.374121321
Round took 0.316425777
Round took 0.307045338
Round took 0.086548673
Round took 0.818095679
Round took 0.095895899
Round took 0.305433238
Round took 0.80983423
Round took 0.104438205
Round took 0.104555987
Round took 0.103419308
Round took 0.09076982
Round took 0.319658373
Round took 0.415310091
Round took 0.088720017
Round took 0.093229595
Round took 0.091357139
Round took 0.307305395
Round took 0.095336586
Round took 0.091848035
Round took 0.322258412
Round took 0.107044142
Round took 0.092110578
Round took 0.093449364
Round took 0.091602168
Round took 1.3150933980000001
Round took 0.08287257
Round took 0.089515737
Round took 0.11100404
Round took 0.09843032
Round took 2.328645703
Round took 0.30331022
Round took 0.102497008
Round took 0.106024472
Round took 0.098866296
Round took 0.097147439
Round took 0.102714041
Round took 0.097270075
Round took 0.090683675
Round took 0.093652288
Round took 0.089157065
Round took 0.819883268
Round took 0.309355417
Round took 0.102368363
Round took 0.097953197
Round took 0.108216608
Round took 0.815836587
Round took 0.090099776
Round took 0.093450329
Round took 0.098378344
Round took 0.11982219
Round took 0.098173823
Round took 0.312841335
Round took 0.298564022
Round took 0.331844835
Round took 0.310077841
Round took 0.056871159
Round took 0.07933
Round took 0.106408391
Round took 0.12240581
Round took 0.101464577
Round took 0.098312184
Round took 0.085464017
Round took 0.807974385
Round took 0.305365316
Round took 0.08811566
Round took 0.093965013
Round took 0.08769116
Round took 0.089754874
Round took 0.088726139
Round took 0.09190635
Round took 0.30835594
Round took 0.104412657
Round took 0.102226797
Round took 0.097077739
Round took 0.087091153
Round took 0.094647904
Round took 0.104630776
Round took 0.102280272
Round took 0.098234368
Round took 0.086222002
Round took 0.107627294
Round took 0.30379752
Round took 0.085262851
Round took 0.097800585
Round took 0.084808821
Round took 0.100057199
Round took 0.093884657
Round took 0.088847271
Round took 0.102067665
Round took 0.092742021
Round took 0.096876353
Round took 0.087398446
Round took 0.310491781
Round took 0.099134892
Round took 0.094956884
Round took 0.089857971
Round took 0.09613296
Round took 0.085399716
Round took 0.804050328
Round took 0.111108403
Round took 1.3161006610000001
Round took 0.303541361
Round took 0.101722581
Round took 0.308640067
Round took 0.296333451
Round took 0.082750972
Round took 0.086761046
Round took 0.803169359
Round took 0.086508861
Round took 0.304147911
Round took 0.099863396
Round took 0.08545752
Round took 0.056357439
Round took 0.087002308
Round took 1.308368114
Round took 0.099511004
Round took 0.106143386
Round took 0.093213977
Round took 0.084708375
Round took 0.090922774
Round took 0.087171481
Round took 0.088403676
Round took 0.089444772
Round took 0.093263063
Round took 0.09805151
Round took 0.816297288
Round took 0.331262845
Round took 0.24015534
Round took 0.08408897
Round took 0.085679661
Round took 0.083104458
Round took 0.096409065
Round took 0.085376339
Round took 0.815351704
Round took 0.102800496
Round took 0.089761957
Round took 0.095575464
Round took 0.130525793
Round took 0.121332918
Round took 0.102367133
Round took 0.102516425
Round took 0.108451793
Round took 0.106145734
Round took 0.315766223
Round took 0.105444166
Round took 0.108708342
Round took 0.106325122
Round took 0.099714208
Round took 0.088254213
Round took 0.091915881
Round took 0.308957332
Round took 0.105790384
Round took 0.313965503
Round took 0.102242705
Round took 0.094750052
Round took 0.101919974
Round took 0.102764351
Round took 0.102917978
Round took 0.312866354
Round took 0.316605722
Round took 0.489539547
Round took 0.109078151
Round took 0.312148488
Round took 0.092276404
Round took 0.099767071
Round took 0.097855495
Round took 0.103725488
Round took 0.103203515
Round took 0.095843643
Round took 0.811657266
Round took 0.099323328
Round took 0.096712363
Round took 0.098556374
Round took 0.817515036
Round took 0.097535326
Round took 0.09899679
Round took 0.302279053
Round took 0.08732911
Round took 0.098035964
Round took 0.307455687
Round took 0.097352682
Round took 0.313847552
Round took 0.099192662
Round took 0.098694512
Round took 0.103608096
Round took 0.101765143
Round took 0.091133385
Round took 0.303290585
Round took 0.094543908
Round took 0.107099294
Round took 0.090880981
Round took 0.087146773
Round took 0.087186129
Round took 0.098831771
Round took 0.376984264
Round took 0.09554977
Round took 0.098613919
Round took 0.104103625
Round took 0.305810216
Round took 0.087068426
Round took 0.090280708
Round took 0.097060778
Round took 0.806588637
Round took 0.103683895
Round took 0.299452716
Round took 0.113959406
Round took 0.305966052
Round took 0.095384813
Round took 0.803931143
Round took 0.096230105
Round took 0.087141333
Round took 1.8281419479999999
Round took 0.101701958
Round took 0.104985617
Round took 0.096028704
Round took 0.093588609
Round took 0.086174877
Round took 0.302353861
Round took 0.097348716
Round took 0.091199189
Round took 0.095089144
Round took 0.084853962
Round took 0.10142567
Round took 0.081916845
Round took 0.083691031
Round took 0.087370848
Round took 0.079582166
Round took 0.095442497
Round took 0.36296064
Round took 0.087715933
Round took 0.083483788
Round took 0.089348411
Round took 0.093043714
Round took 0.103512888
Round took 0.294971928
Round took 0.097638245
Round took 0.091171763
Round took 0.10992791
Round took 1.309998979
Round took 0.096935425
Round took 0.296703012
Round took 0.092672339
Round took 0.0959042
Round took 0.106941139
Round took 0.08944378
Round took 0.091464324
Round took 0.082063802
Round took 0.085633886
Round took 0.304090083
Round took 0.083209275
Round took 0.086109429
Round took 0.088548635
Round took 0.093150835
Round took 0.094811351
Round took 0.300288178
Round took 0.102276336
Round took 0.095703609
Round took 0.089092587
Round took 0.092363159
Round took 0.304235814
Round took 0.091403129
Round took 0.076068192
Round took 0.085816103
Round took 0.090768181
Round took 0.086084879
Round took 0.091229659
Round took 0.300275057
Round took 0.094234694
Round took 0.101544656
Round took 0.095450707
Round took 0.085767821
Round took 0.082078488
Round took 0.100192754
Round took 0.085072516
Round took 0.088920435
Round took 0.085844807
Round took 0.12478942
Round took 0.105864066
Round took 0.10181747
Round took 0.30265607
Round took 0.292392565
Round took 0.0966254
Round took 0.0861405
Round took 0.091256197
Round took 0.102504862
Round took 0.092258548
Round took 0.092161418
Round took 0.10188392
Round took 0.084394959
Round took 0.414342807
Round took 0.084642345
Round took 0.094899668
Round took 0.084339047
Round took 0.089262291
Round took 0.817531
Round took 0.31147583
Round took 0.0900546
Round took 0.084023728
Round took 0.309022828
Round took 0.097952716
Round took 0.085517711
Round took 0.096269686
Round took 0.103710179
Test took 372.203266965
Successful: 15064
