Uniform distribution
Round took 0.114059258
Round took 0.09565009
Round took 0.071931325
Round took 0.066814249
Round took 0.077943441
Round took 0.09696992
Round took 0.084646378
Round took 0.080878833
Round took 0.093969734
Round took 0.073825444
Round took 0.07674243
Round took 0.069078999
Round took 0.067960392
Round took 0.063359277
Round took 0.06421046
Round took 0.070596476
Round took 0.070784958
Round took 0.057538989
Round took 0.064304229
Round took 0.084212185
Round took 0.078954876
Round took 0.097085273
Round took 0.057546143
Round took 0.061361123
Round took 0.050179257
Round took 0.074837649
Round took 0.068169625
Round took 0.07218926
Round took 0.077815831
Round took 0.077478393
Round took 0.091911317
Round took 0.107922916
Round took 0.116321914
Round took 0.094492963
Round took 0.098063599
Round took 0.117155703
Round took 0.14185559
Round took 0.108372378
Round took 0.109306561
Round took 0.119182047
Round took 0.103308191
Round took 0.09825309
Round took 0.098181867
Round took 0.10441981
Round took 0.073158922
Round took 0.077323633
Round took 0.114962774
Round took 0.101066997
Round took 0.082384667
Round took 0.805271897
Round took 0.100324768
Round took 0.091842327
Round took 0.113824055
Round took 0.295694678
Round took 0.096486809
Round took 0.119136399
Round took 0.108962217
Round took 0.107433602
Round took 0.336192507
Round took 0.099328551
Round took 0.087869099
Round took 0.086553568
Round took 0.100187243
Round took 0.100310606
Round took 0.088768827
Round took 0.099653909
Round took 0.099283269
Round took 0.095006152
Round took 0.136790781
Round took 0.126261205
Round took 0.12889798
Round took 0.094158185
Round took 0.10179145
Round took 0.118774742
Round took 0.114230153
Round took 0.107834854
Round took 0.091377987
Round took 0.095534638
Round took 0.105406661
Round took 0.080394907
Round took 0.100489092
Round took 0.313453483
Round took 0.119102554
Round took 0.332017858
Round took 0.094332946
Round took 0.10332766
Round took 0.161918378
Round took 0.30217838
Round took 0.099327501
Round took 0.116001339
Round took 0.109862865
Round took 0.192158047
Round took 0.103042468
Round took 0.103814072
Round took 0.10630888
Round took 0.338229579
Round took 0.827334022
Round took 0.125760041
Round took 0.114823013
Round took 0.320354176
Round took 0.111558005
Round took 0.32144054
Round took 0.105093438
Round took 0.109204644
Round took 0.106223684
Round took 3.339694737
Round took 0.121895956
Round took 0.322009138
Round took 0.499604233
Round took 0.135739847
Round took 0.132985754
Round took 0.14355578
Round took 0.118598243
Round took 0.116518322
Round took 0.108191497
Round took 0.334002138
Round took 0.099173338
Round took 0.099416262
Round took 0.115756236
Round took 0.119302777
Round took 0.112193409
Round took 0.11866566
Round took 0.106343008
Round took 0.330094984
Round took 0.326829143
Round took 0.103368
Round took 0.131934809
Round took 0.095562795
Round took 0.100554902
Round took 0.129655656
Round took 0.118800583
Round took 0.102105427
Round took 0.114339325
Round took 0.110949057
Round took 0.814070481
Round took 0.097034219
Round took 1.832432175
Round took 0.858443936
Round took 1.317095655
Round took 0.090613084
Round took 0.324602382
Round took 0.102095328
Round took 0.102869005
Round took 1.8290143319999999
Round took 0.096453395
Round took 0.086531964
Round took 0.091895526
Round took 0.089351269
Round took 0.308089951
Round took 0.100827557
Round took 0.089513062
Round took 0.096978841
Round took 0.087836492
Round took 0.095673816
Round took 0.094045318
Round took 0.104528653
Round took 0.810970525
Round took 0.096092748
Round took 0.099961457
Round took 0.087107161
Round took 0.35864645
Round took 0.089256004
Round took 0.081600226
Round took 0.091648944
Round took 0.091465207
Round took 0.09366941
Round took 0.102441058
Round took 0.088094478
Round took 0.097221689
Round took 0.089157524
Round took 0.088401325
Round took 0.304388866
Round took 0.096521392
Round took 0.09228565
Round took 0.093080006
Round took 0.095321522
Round took 0.100793431
Round took 0.100651035
Round took 0.097258499
Round took 0.088861359
Round took 0.302374058
Round took 0.088927425
Round took 0.087395086
Round took 0.084488594
Round took 0.083727415
Round took 0.089412566
Round took 0.07852006
Round took 0.083198152
Round took 0.081432846
Round took 0.087461992
Round took 0.089358072
Round took 0.082944146
Round took 0.299688444
Round took 0.093007565
Round took 0.105012114
Round took 0.082632043
Round took 0.291004986
Round took 0.091459537
Round took 0.083233046
Round took 0.082583531
Round took 0.092599971
Round took 0.104664187
Round took 0.091991124
Round took 0.0956313
Round took 0.083665254
Round took 0.110827993
Round took 0.087376527
Round took 1.312447077
Round took 0.298545104
Round took 0.094005518
Round took 0.093342235
Round took 0.088979283
Round took 0.094530195
Round took 0.08498811
Round took 0.095090816
Round took 0.110984823
Round took 0.091223566
Round took 2.81568875
Round took 0.085960541
Round took 0.080533199
Round took 0.800426707
Round took 0.080279818
Round took 0.083636744
Round took 0.090539348
Round took 0.097469373
Round took 0.09210164
Round took 0.094003386
Round took 0.098716581
Round took 0.100083644
Round took 0.303621558
Round took 0.299193011
Round took 0.093091644
Round took 0.091870316
Round took 0.306239421
Round took 0.092858898
Round took 0.809548185
Round took 0.097088205
Round took 0.081766585
Round took 0.132745676
Round took 0.106753295
Round took 0.110513316
Round took 0.085638687
Round took 0.096441058
Round took 0.099849056
Round took 0.084359838
Round took 0.099389107
Round took 0.312331273
Round took 0.104838031
Round took 0.803840081
Round took 0.807133313
Round took 0.096702191
Round took 0.092472611
Round took 0.091639429
Round took 0.092229916
Round took 0.201398772
Round took 0.306641675
Round took 0.101546979
Round took 0.092381258
Round took 0.096834158
Round took 1.3109657989999999
Round took 0.095192983
Round took 0.105201862
Round took 0.097619442
Round took 0.3095695
Round took 0.097848526
Round took 0.307557391
Round took 0.102615771
Round took 0.105190695
Round took 0.101121075
Round took 0.102668069
Round took 0.057179589
Round took 0.80880312
Round took 0.094681265
Round took 0.811621877
Round took 0.306884454
Round took 0.306032436
Round took 0.299214768
Round took 0.095090232
Round took 0.09302839
Round took 0.091347838
Round took 0.351359232
Round took 0.204467168
Round took 1.340666556
Round took 0.084449763
Round took 0.141714584
Round took 0.177106642
Round took 1.324048685
Round took 0.098854805
Round took 0.101233032
Round took 0.105007077
Round took 0.809783953
Round took 0.100834509
Round took 0.091505743
Round took 0.350767857
Round took 0.074871926
Round took 0.092778912
Round took 0.310300605
Round took 0.089623455
Round took 0.096408652
Round took 0.084450937
Round took 0.301163967
Round took 0.104503904
Round took 0.3384383
Round took 0.100504585
Round took 0.086729355
Round took 0.136628332
Round took 0.81365783
Round took 0.089279672
Round took 0.296714083
Round took 0.085430376
Round took 0.094363526
Round took 0.09413145
Round took 0.092555102
Round took 0.089436322
Round took 0.081864612
Round took 0.098510025
Round took 0.08308473
Round took 0.100948703
Round took 0.814611343
Round took 0.089337062
Round took 0.085927532
Round took 0.087474105
Round took 0.095347888
Round took 0.089229602
Round took 0.100154254
Round took 0.097212693
Round took 0.087142155
Round took 0.060725587
Round took 0.088562325
Round took 0.098619218
Round took 0.293425359
Round took 0.09863021
Round took 0.08528172
Round took 0.08725916
Round took 0.096585335
Round took 0.080654976
Round took 0.088612046
Round took 0.119208535
Round took 2.31715959
Round took 0.2968856
Round took 0.125320081
Round took 0.139040244
Round took 0.094170933
Round took 0.082657575
Round took 1.311615004
Round took 0.105765602
Round took 0.813261763
Round took 0.296551645
Round took 0.823806445
Round took 1.321331787
Round took 0.821680321
Round took 0.102853543
Round took 0.102723081
Round took 0.111817613
Round took 0.100374081
Round took 0.09081606
Round took 0.100810876
Round took 0.098735011
Round took 0.086610214
Round took 0.309346373
Round took 0.089490446
Round took 0.308153462
Round took 0.118965046
Round took 0.096924709
Round took 0.089257289
Round took 0.098335368
Round took 0.33104837
Round took 0.306668604
Round took 0.096599191
Round took 0.095099745
Round took 0.10299451
Round took 0.10016787
Round took 0.106404712
Round took 0.103453
Round took 0.104388933
Round took 0.104514415
Round took 0.103741346
Round took 0.102049397
Round took 0.098479916
Round took 0.100627845
Round took 0.097646043
Round took 0.101873359
Round took 0.102535869
Round took 0.096479386
Round took 0.30806279
Round took 0.317495726
Round took 0.306681324
Round took 0.103376292
Round took 0.100155986
Round took 0.091479655
Round took 0.098467391
Round took 0.094521908
Round took 0.095780768
Round took 0.097964987
Round took 1.318573789
Round took 0.107390467
Round took 0.106897263
Round took 0.102606756
Round took 0.117150925
Round took 0.09767213
Round took 0.09758378
Round took 0.324286266
Round took 0.310869565
Round took 0.103502105
Round took 0.364999869
Round took 0.131573128
Round took 0.317583694
Round took 0.309465201
Round took 0.101541041
Round took 0.094060893
Round took 0.099021897
Round took 0.116026674
Round took 0.116969783
Round took 0.393543419
Round took 0.822525539
Round took 0.098434604
Round took 0.098671459
Round took 0.089363443
Round took 0.089751245
Round took 0.091275628
Round took 0.09218649
Round took 0.09268455
Round took 0.09085719
Round took 0.057181912
Round took 0.088825532
Round took 0.098430158
Round took 0.08617913
Round took 0.30121232
Round took 0.088253414
Round took 0.095941546
Round took 1.823248298
Round took 0.109938156
Round took 0.079242753
Round took 0.086516646
Round took 0.311847064
Round took 0.093487245
Round took 0.08804134
Round took 0.092491763
Round took 0.098467454
Round took 0.092272924
Round took 0.093704716
Round took 0.103344673
Round took 0.31201768
Round took 0.303246152
Round took 0.088396045
Round took 0.088747061
Round took 0.090328654
Round took 0.089707787
Round took 0.095584333
Round took 0.104524023
Round took 0.087283807
Round took 0.303039383
Round took 0.093591079
Round took 0.097512507
Round took 0.08778708
Round took 0.084569638
Round took 0.081897754
Round took 0.305239522
Round took 0.089457768
Round took 0.089042327
Round took 0.096762287
Round took 0.086853603
Round took 0.102186714
Round took 0.096446818
Round took 0.100757535
Round took 0.08415353
Round took 0.109999884
Round took 0.097493769
Round took 0.098440128
Round took 0.087187256
Round took 0.086431744
Round took 0.081457354
Round took 0.082915487
Round took 0.303513954
Round took 0.091877879
Round took 0.088812915
Round took 0.301901553
Round took 0.090691786
Round took 0.094087642
Round took 0.087020309
Round took 0.093394064
Round took 0.090820387
Round took 0.319457399
Round took 0.091724616
Round took 0.295593431
Round took 0.087540365
Round took 0.085541196
Error when reading: read tcp 172.31.54.117:56166->172.31.48.98:7070: read: connection timed out
Error when reading: read tcp 172.31.54.117:50030->172.31.55.252:7070: read: connection timed out
Error when reading: EOF
Error when reading: EOF
Error when reading: read tcp 172.31.54.117:59662->172.31.62.16:7070: read: connection timed out
Error when reading: EOF
Round took 7.813248502
Error when reading: EOF
Error when reading: EOF
Error when reading: EOF
Error when reading: EOF
Error when reading: EOF
Error when reading: EOF
Round took 0.115625939
Error when reading: EOF
Error when reading: EOF
Error when reading: EOF
Error when reading: EOF
Error when reading: EOF
Round took 0.060202335
Error when reading: EOF
Error when reading: EOF
Round took 0.115304496
Round took 0.073275168
Round took 0.116398392
Round took 0.055655215
Round took 0.139481073
Round took 0.078747329
Round took 0.063164554
Round took 0.136399407
Round took 0.060352321
Round took 0.050165007
Round took 0.082152773
Round took 0.125079215
Round took 0.071240718
Round took 0.309900421
Round took 0.0471028
Round took 0.058728179
Round took 0.079339723
Round took 0.07212384
Round took 0.304519627
Round took 0.105355446
Round took 0.060191255
Round took 0.071845776
Round took 0.079905758
Round took 0.059960858
Round took 0.055229004
Round took 0.072645986
Round took 0.058973967
Round took 0.082487047
Round took 0.056038693
Round took 0.050819068
Round took 0.056490628
Round took 0.110564477
Round took 0.095035172
Round took 0.083354061
Round took 0.056625439
Round took 0.042420251
Round took 0.052189603
Round took 0.057568776
Round took 0.044205055
Round took 0.053103529
Round took 0.164925172
Round took 0.073890607
Round took 0.096697864
Round took 0.065450668
Round took 0.069965703
Round took 0.086830801
Round took 0.090058122
Round took 0.076600133
Round took 0.075694043
Round took 0.079261985
Round took 0.300964947
Round took 0.05278053
Round took 1.321935784
Round took 0.085515554
Round took 0.081566042
Round took 0.071642192
Round took 0.05031026
Round took 0.052668581
Round took 0.044775234
Round took 0.061901125
Round took 0.058548556
Round took 0.049559245
Round took 0.054858223
Round took 0.05223754
Round took 0.054470596
Round took 0.05679144
Round took 0.045082893
Round took 0.047323055
Round took 0.050017559
Round took 0.05641097
Round took 0.153293893
Round took 0.053704078
Round took 0.050971471
Round took 0.041460788
Round took 0.053552943
Round took 0.049206428
Round took 0.046229664
Round took 0.054519065
Round took 0.056692462
Round took 0.051971571
Round took 1.328360295
Round took 0.082317757
Round took 0.062080204
Round took 1.3328687989999999
Round took 0.04369302
Round took 0.051901143
Round took 0.046482125
Round took 0.058674456
Round took 0.047908811
Round took 0.051182772
Round took 0.046783992
Round took 0.050089484
Round took 0.090238539
Round took 0.094272541
Round took 0.117092954
Round took 0.297228413
Round took 0.068883325
Round took 0.061456929
Round took 0.066169302
Round took 0.143575845
Round took 0.041062721
Round took 0.041502006
Round took 0.046606111
Round took 0.049139707
Round took 0.052254601
Round took 0.047591089
Round took 0.050402875
Round took 0.054291195
Round took 0.293070337
Round took 0.07229499
Round took 0.0700944
Round took 0.069231876
Round took 0.068149843
Round took 0.044492948
Round took 0.065075424
Round took 0.105367404
Round took 0.086848154
Round took 0.086459557
Round took 0.098371993
Round took 0.295739457
Round took 0.061728809
Round took 0.069198241
Round took 0.074630508
Round took 0.168707018
Round took 0.071598288
Round took 0.301681293
Round took 0.054853211
Round took 0.048163336
Round took 0.042846026
Round took 0.046466036
Round took 0.045327753
Round took 0.058106941
Round took 0.046357606
Round took 0.043883393
Round took 0.046684586
Round took 0.050355876
Round took 0.045595012
Round took 0.152190381
Round took 0.047609364
Round took 0.047573158
Round took 0.057575954
Round took 0.053372173
Round took 0.148786385
Round took 0.052875541
Round took 0.070926959
Round took 0.048452146
Round took 0.054159369
Round took 0.039444093
Round took 0.050320841
Round took 0.068273008
Round took 0.046333598
Round took 0.052248626
Round took 0.066648957
Round took 0.05475366
Round took 0.054758664
Round took 0.052083118
Round took 0.055693049
Round took 0.051028713
Round took 0.049207923
Round took 0.052518212
Round took 0.051095533
Round took 0.0506882
Round took 0.799096016
Round took 0.056080774
Round took 0.051775342
Round took 0.049337463
Round took 0.050857498
Round took 0.050575417
Round took 0.153041777
Round took 0.150498975
Round took 0.050688228
Round took 0.050887167
Round took 0.05094414
Round took 0.050943228
Round took 0.052044869
Round took 0.051442507
Round took 0.050077232
Round took 0.061204945
Round took 0.05580372
Round took 0.06076068
Round took 0.308541644
Round took 0.046914917
Round took 0.049583101
Round took 0.052470408
Round took 0.051352554
Round took 0.051018761
Round took 0.049326495
Round took 0.047025063
Round took 0.155011919
Round took 0.052667091
Round took 0.049217829
Round took 0.404008282
Round took 0.049632422
Round took 0.046307707
Round took 0.045583891
Round took 0.049906619
Round took 0.047358608
Round took 0.045199841
Round took 0.052931801
Round took 0.063302642
Round took 0.05391547
Round took 0.04846313
Round took 0.302374653
Round took 0.158752755
Round took 0.056834311
Round took 0.056872536
Round took 0.055401163
Round took 0.056941436
Round took 0.055191006
Round took 0.05659159
Round took 0.054941201
Round took 0.052004032
Round took 0.057306486
Round took 0.051546989
Round took 0.054068958
Round took 0.163647924
Round took 0.045063036
Round took 0.054117615
Round took 0.054781977
Round took 0.049109728
Round took 0.052631612
Round took 0.05078942
Round took 0.052038552
Round took 0.04750238
Round took 0.0479765
Round took 0.053789653
Round took 0.048868546
Round took 0.053924002
Round took 0.057228742
Round took 0.053522254
Round took 0.18127319
Round took 0.056822833
Round took 0.045355665
Round took 0.046288359
Round took 0.045527949
Round took 0.047727045
Round took 0.059381501
Round took 0.051597063
Round took 0.053053619
Round took 0.141335599
Round took 0.048507525
Round took 0.890165535
Round took 0.050398085
Round took 0.06802958
Round took 0.057697532
Round took 0.062966984
Round took 0.061426813
Round took 0.055523584
Round took 0.056126762
Round took 0.058198146
Round took 0.049349161
Round took 0.045048712
Round took 0.052186958
Round took 0.056865148
Round took 0.146374389
Round took 0.310737902
Round took 0.056644896
Round took 0.048495327
Round took 0.051058086
Round took 0.058415918
Round took 0.0499377
Round took 0.042300433
Round took 0.049391016
Round took 0.052505858
Round took 0.055337309
Round took 0.049368936
Round took 0.052674894
Round took 0.050690244
Round took 0.046976651
Round took 0.050181757
Round took 0.057022328
Round took 0.078802835
Round took 0.064999002
Round took 0.056333237
Round took 0.056695558
Round took 0.055039328
Round took 0.055733606
Round took 0.056515679
Round took 0.05650992
Round took 0.061744989
Round took 0.055623991
Round took 0.051792104
Round took 0.055364253
Round took 0.050603427
Round took 0.063492186
Round took 0.055382719
Round took 0.058039204
Round took 0.054905695
Round took 0.055110049
Round took 0.055769707
Round took 0.061953005
Round took 0.059039586
Round took 0.053092156
Round took 0.057198682
Round took 0.056271388
Round took 0.055472937
Round took 0.056183887
Round took 0.056386362
Round took 0.057029538
Round took 0.055841323
Round took 0.05119793
Round took 0.055817036
Round took 0.056412728
Round took 0.057863783
Round took 0.053994254
Round took 0.051779743
Round took 0.049659916
Round took 0.057799584
Round took 0.05640424
Round took 0.056848477
Round took 0.054061025
Round took 0.057879975
Round took 0.055207927
Round took 0.05635799
Round took 0.054941141
Round took 0.057322262
Round took 0.057105505
Round took 0.05486992
Round took 0.055687175
Round took 0.056494453
Round took 0.054130247
Round took 0.053095452
Round took 0.051925449
Round took 0.057165727
Round took 0.049806161
Round took 0.051892398
Round took 0.051174129
Round took 0.054976536
Round took 0.055158331
Round took 0.048394879
Round took 0.055306917
Round took 0.052033818
Round took 0.054825967
Round took 0.158676977
Round took 0.057126183
Round took 0.057795213
Round took 0.153038515
Round took 0.306404703
Round took 0.053876357
Round took 0.057614699
Round took 0.05425526
Round took 0.056852693
Round took 0.15346497
Round took 0.051005119
Round took 0.047237071
Round took 0.049060529
Round took 0.062265145
Round took 0.053489475
Round took 0.411022045
Round took 0.056800146
Round took 0.050208992
Round took 0.053150361
Round took 0.198146207
Round took 0.316941727
Round took 0.057970904
Round took 0.055261416
Round took 0.055577479
Round took 0.057975434
Round took 0.049792067
Round took 0.052449784
Round took 0.054118917
Round took 0.051957158
Round took 0.057593624
Round took 0.055868843
Round took 1.325488051
Round took 0.054882216
Round took 0.061136985
Round took 0.31713885
Round took 0.051972232
Round took 0.173164512
Round took 0.049891447
Round took 0.058872513
Round took 0.056390665
Round took 0.16696653
Round took 0.051057718
Round took 0.060573632
Round took 0.055989488
Round took 0.056243405
Round took 0.055032575
Round took 0.056481281
Round took 0.057615683
Round took 0.167336724
Round took 0.054697215
Round took 0.056328106
Round took 0.051843312
Round took 0.176089606
Round took 0.074015466
Round took 0.069608838
Round took 0.059655153
Round took 0.05385117
Round took 0.055822905
Round took 0.051893273
Round took 0.044765347
Round took 0.047218031
Round took 0.049902747
Round took 0.05092513
Round took 0.056820798
Round took 0.044372279
Round took 0.051506928
Round took 0.050780745
Round took 0.046592095
Round took 0.051070518
Round took 0.05133857
Round took 0.051153777
Round took 0.053434083
Round took 0.048151417
Round took 0.056618399
Round took 0.055672501
Round took 0.05330004
Round took 0.050999216
Round took 0.055301071
Round took 0.051309786
Round took 0.055612393
Round took 0.056527896
Round took 0.051232034
Round took 0.050216503
Round took 0.046640312
Round took 0.051743581
Round took 0.05609402
Round took 0.055957233
Round took 0.152401416
Round took 0.05532871
Round took 0.053498185
Round took 0.056536507
Round took 0.055896911
Round took 0.056812441
Round took 0.076136992
Round took 0.056968968
Round took 0.055217997
Round took 0.054255921
Round took 0.057933332
Round took 0.054230623
Round took 0.045266931
Round took 0.057129865
Round took 0.050875732
Round took 0.051363709
Round took 0.054175358
Round took 0.055992661
Round took 0.054651895
Round took 0.159875459
Round took 0.057895092
Round took 0.316047143
Round took 0.053882868
Round took 0.051022882
Round took 0.057238559
Round took 0.056057295
Round took 0.069722767
Round took 0.057553417
Round took 0.055684165
Round took 0.051832974
Round took 0.054693231
Round took 0.052739386
Round took 0.157739774
Round took 0.05056597
Round took 0.05667027
Round took 0.050423779
Round took 0.057894289
Round took 0.055008094
Round took 0.061523475
Round took 0.057402224
Round took 0.156941425
Round took 0.056605338
Round took 0.056066939
Round took 0.058506911
Round took 0.05026653
Round took 0.05183154
Round took 0.160843267
Round took 0.051602849
Round took 0.052314481
Round took 0.051778858
Round took 0.049949951
Round took 0.051452206
Round took 0.0569106
Round took 0.054022969
Round took 0.051494758
Round took 0.052368901
Round took 0.049936571
Round took 0.050555949
Round took 0.160923812
Round took 0.050529287
Round took 0.047711633
Round took 0.048206668
Round took 0.050830368
Round took 0.050635727
Round took 0.051940336
Round took 0.044767115
Round took 0.051544436
Round took 0.050388883
Round took 0.049536915
Round took 0.303657253
Round took 0.048490143
Round took 0.051921732
Round took 0.053584673
Round took 0.05092393
Round took 0.05062196
Round took 0.049857548
Round took 0.0523253
Round took 0.049321856
Round took 0.050199594
Round took 0.053217768
Round took 0.053603766
Round took 0.052617106
Round took 0.151157358
Round took 0.301996455
Round took 0.06577861
Round took 0.064272368
Round took 0.074296319
Round took 0.068896591
Round took 0.072627954
Round took 0.0520074
Round took 0.047233344
Round took 0.046297194
Round took 0.058603594
Round took 0.047142084
Round took 0.048319853
Round took 0.080279546
Round took 0.11359024
Round took 0.05110337
Round took 0.064105136
Round took 0.101414904
Round took 0.094132794
Round took 0.066087805
Round took 0.051995395
Round took 0.161262192
Round took 0.069925114
Round took 0.291339105
Round took 0.049026101
Round took 0.306718335
Round took 0.048860672
Round took 0.054415577
Round took 0.056957595
Round took 0.054183331
Round took 0.05013833
Round took 0.053351497
Round took 0.049245962
Round took 0.054971198
Round took 0.049544934
Round took 0.048495452
Round took 0.0495164
Round took 0.05867195
Round took 0.086468683
Round took 0.077377682
Round took 0.062476813
Round took 0.13431231
Round took 0.062598313
Round took 0.084045721
Round took 0.063508164
Round took 0.079366881
Round took 0.292753767
Round took 0.090680234
Round took 0.06629216
Round took 0.164891739
Round took 0.074593214
Round took 0.378050963
Round took 0.048451425
Round took 0.202383398
Round took 0.048088463
Round took 0.052203749
Round took 0.046154992
Round took 0.047296902
Round took 0.055013561
Round took 0.050296875
Round took 0.046928641
Round took 0.049255139
Round took 0.052883419
Round took 0.051079133
Round took 0.050129853
Round took 0.047421869
Round took 0.049242569
Round took 0.045094798
Round took 0.152258119
Round took 0.051262544
Round took 0.054572205
Round took 0.05651304
Round took 0.084076678
Round took 0.109910264
Round took 0.074351608
Round took 0.068747504
Round took 0.060435844
Round took 0.056087691
Round took 0.056318112
Round took 0.049636742
Round took 0.075081809
Round took 0.068392577
Round took 0.058706397
Round took 0.045509476
Round took 0.049690268
Round took 0.046545492
Round took 0.070499977
Round took 0.077292416
Round took 0.812242117
Round took 0.073373895
Round took 0.069906805
Round took 0.047400386
Round took 0.0535929
Round took 0.045676573
Round took 0.054248689
Round took 0.054910987
Round took 0.062377042
Round took 0.157788883
Round took 0.056514935
Round took 0.047405971
Round took 0.052457838
Round took 0.056736897
Round took 0.057924628
Round took 0.04859837
Round took 0.044765952
Round took 0.05409846
Round took 0.311645216
Round took 0.050184554
Round took 0.064783994
Round took 0.063513561
Round took 0.046657246
Round took 0.056744203
Round took 0.050421166
Round took 0.054340833
Round took 0.294872884
Round took 0.298266671
Round took 0.055902205
Round took 0.176289157
Round took 0.063929914
Round took 0.076467685
Round took 0.085060225
Round took 0.074222955
Round took 0.090237183
Round took 0.078881356
Round took 0.300620365
Round took 0.055920597
Round took 0.164614873
Round took 0.047636128
Round took 0.051147919
Round took 0.161165183
Round took 0.045996197
Round took 0.046388709
Round took 0.056480185
Round took 0.051047524
Round took 0.048295573
Round took 0.048393613
Round took 0.045467246
Round took 0.14807294
Round took 0.044058296
Round took 0.04587429
Round took 0.049611131
Round took 0.045154565
Round took 0.295400232
Round took 0.047010788
Round took 0.061161125
Round took 0.315538278
Round took 0.065618072
Round took 0.069731839
Round took 0.063347847
Round took 0.056793026
Round took 0.049245608
Round took 0.050358624
Round took 0.062635857
Round took 0.050842076
Round took 0.056066394
Round took 0.055666603
Round took 0.050997383
Round took 0.051813964
Round took 0.05458976
Round took 0.048138587
Round took 0.048340801
Round took 0.05014704
Round took 0.046806983
Round took 0.052531473
Round took 0.046856719
Round took 0.050548394
Round took 0.04731834
Round took 0.050969422
Round took 0.047938769
Round took 0.051045731
Round took 0.048411024
Round took 0.051143681
Round took 0.052090937
Round took 0.050713492
Round took 0.050263023
Round took 0.051301435
Round took 0.050529078
Round took 0.160725087
Round took 0.310629489
Round took 0.058204528
Round took 0.053211466
Round took 0.054493933
Round took 0.312540456
Round took 0.149300212
Round took 0.308499009
Round took 0.049064352
Round took 0.080811628
Round took 0.099461775
Round took 0.068139465
Round took 0.315339076
Round took 0.051499085
Round took 0.074405958
Round took 0.296104199
Round took 0.056282187
Round took 0.054965759
Round took 0.157790264
Round took 0.061470343
Round took 0.044322571
Round took 0.169771053
Round took 0.079574802
Round took 0.094788023
Round took 0.296413321
Round took 0.047366075
Round took 0.051400552
Round took 0.054048419
Round took 0.049624319
Round took 0.146173125
Round took 0.046468199
Round took 0.046794008
Round took 0.048489977
Round took 0.046956234
Round took 0.046101404
Round took 0.044128788
Round took 0.047923532
Round took 0.046911103
Round took 0.049579194
Round took 0.048515139
Round took 0.043683089
Round took 0.046755362
Round took 0.303559924
Round took 0.0575507
Round took 0.054289836
Round took 0.054909143
Round took 0.05272156
Round took 0.063001853
Round took 0.14919791
Round took 0.045023301
Round took 0.052023858
Round took 0.049084615
Round took 0.081349443
Round took 0.053147411
Round took 0.059814108
Round took 0.28996784
Round took 0.058850919
Round took 0.051736397
Round took 0.066417177
Round took 0.073693458
Round took 0.064758798
Round took 0.07492282
Round took 0.064585317
Round took 0.069554745
Round took 0.04817319
Round took 0.070821942
Round took 0.063633347
Round took 0.04646154
Round took 0.081652331
Round took 0.099031635
Round took 0.296976108
Round took 0.093524712
Round took 0.043241708
Round took 0.05656551
Round took 0.0998537
Round took 0.083629727
Round took 0.076326741
Round took 0.058802507
Round took 0.074765534
Round took 0.296231098
Round took 0.051074683
Round took 0.059347484
Round took 0.053718668
Round took 0.08051663
Round took 0.063385384
Round took 0.103084072
Round took 0.048117945
Round took 0.057720631
Round took 0.051185332
Round took 0.052838108
Round took 0.062729511
Round took 0.090687318
Round took 0.077471064
Round took 0.045323315
Round took 0.056901043
Round took 0.059569301
Round took 0.05390352
Round took 0.056793949
Round took 0.151882348
Round took 0.044977251
Round took 0.053796899
Round took 0.047586036
Round took 0.050535877
Round took 0.046865515
Round took 0.049675294
Round took 0.047898762
Round took 0.049782792
Round took 0.053122362
Round took 0.050083313
Round took 0.051638346
Round took 0.149077443
Round took 0.046506337
Round took 0.049735563
Round took 0.055477334
Round took 0.053222574
Round took 0.13919993
Round took 0.054101006
Round took 0.155894211
Round took 0.821844724
Round took 0.084967752
Round took 0.081129349
Round took 0.056954907
Round took 0.08146645
Round took 0.120784969
Round took 0.046044669
Round took 0.051054158
Round took 0.176380042
Round took 0.042812353
Round took 0.048425698
Round took 0.047944774
Round took 0.055976431
Round took 0.075608746
Round took 0.069742969
Round took 0.092815109
Round took 0.045254295
Round took 0.054223896
Round took 0.051460094
Round took 0.044544673
Round took 0.052055806
Round took 0.046950798
Round took 0.053556415
Round took 0.107518964
Round took 0.29270949
Round took 0.057331807
Round took 0.143168174
Round took 0.065812945
Round took 0.063741089
Round took 0.092712584
Round took 0.058568838
Round took 0.074070167
Round took 0.064890651
Round took 0.081699931
Round took 0.062278511
Round took 0.156706074
Round took 0.074703526
Round took 0.094202215
Round took 0.297139133
Round took 0.045040086
Round took 0.047417908
Round took 0.053300264
Round took 0.049245081
Round took 0.055366805
Round took 0.054921601
Round took 0.058276621
Round took 0.04801307
Round took 0.049957574
Round took 0.056296853
Round took 0.053689269
Round took 0.058133861
Round took 0.061255071
Round took 0.069972944
Round took 0.061783743
Round took 0.085070427
Round took 0.064992108
Round took 0.052737048
Round took 0.068608403
Round took 0.115810519
Round took 0.057022451
Round took 0.061132002
Round took 0.052171507
Round took 0.050414557
Round took 0.054992028
Round took 0.053478255
Round took 0.066413008
Round took 0.05541719
Round took 0.054925804
Round took 0.04727518
Round took 0.060207979
Round took 0.048030787
Round took 0.301443081
Round took 0.059258855
Round took 0.126350103
Round took 0.113754492
Round took 0.081181322
Round took 0.07175478
Round took 0.06410483
Round took 0.058917736
Round took 0.310506435
Round took 0.057380665
Round took 0.048794034
Round took 0.050867995
Round took 0.158583688
Round took 0.059723223
Round took 0.05901291
Round took 0.05515324
Round took 0.087052823
Round took 0.064405208
Round took 0.312798076
Round took 0.171591809
Round took 0.070724228
Round took 0.051443818
Round took 0.058811021
Round took 0.051166184
Round took 0.063906569
Round took 0.059763434
Round took 0.05609596
Round took 0.162290175
Round took 0.062688251
Round took 0.051055987
Round took 0.049942066
Round took 0.050251735
Round took 0.053043217
Round took 0.050572379
Round took 0.051556463
Round took 0.057920698
Round took 0.058692802
Round took 0.058261073
Round took 0.046467263
Round took 0.048715651
Round took 0.305919432
Round took 0.058715651
Round took 0.056100017
Round took 0.05069377
Round took 0.057178552
Round took 0.051463488
Round took 0.060363723
Round took 0.063598101
Round took 0.050410617
Round took 0.058129903
Round took 0.078858207
Round took 0.067001726
Round took 0.051867553
Round took 0.164282433
Round took 0.843472663
Round took 0.120973996
Round took 0.04724186
Round took 0.049321105
Round took 0.147792608
Round took 0.056173974
Round took 0.060215463
Round took 0.054111149
Round took 0.068038808
Round took 0.070896158
Round took 0.067498589
Round took 0.052966432
Round took 0.184111658
Round took 0.066113664
Round took 0.060767411
Round took 0.062354688
Round took 0.046096747
Round took 0.068807082
Round took 0.062855412
Round took 0.060892931
Round took 0.058319424
Round took 0.046513138
Round took 0.058916398
Round took 0.053311318
Round took 0.063886969
Round took 0.389112555
Round took 0.056937742
Round took 0.054974017
Round took 0.050306774
Round took 0.051862797
Round took 0.045981726
Round took 0.051925617
Round took 0.05489429
Round took 0.047451714
Round took 0.047922266
Round took 0.048147858
Round took 0.051036396
Round took 0.14802082
Round took 0.050581244
Round took 0.052955489
Round took 0.050081681
Round took 0.050628343
Round took 0.045503442
Round took 0.045299068
Round took 0.046470195
Round took 0.054165335
Round took 0.048189253
Round took 0.053357248
Round took 0.048571819
Round took 0.049885575
Round took 0.797075871
Round took 0.106621263
Round took 0.055110975
Round took 0.047015665
Round took 0.08581499
Round took 0.090966238
Round took 0.086086659
Round took 0.067222808
Round took 0.297902708
Round took 0.04629775
Round took 0.054271379
Round took 0.05467383
Round took 0.059631301
Round took 0.055530138
Round took 0.058892757
Round took 0.056027422
Round took 0.06015068
Round took 0.063281365
Round took 0.054812731
Round took 0.072070052
Round took 0.071696716
Round took 0.055130116
Round took 0.054512301
Round took 0.062023467
Round took 0.429074284
Round took 0.317786661
Round took 0.064788212
Round took 0.063149173
Round took 0.060797714
Round took 0.065644727
Round took 0.056945259
Round took 0.0568159
Round took 0.192795201
Round took 0.051696562
Round took 0.056473603
Round took 0.057739402
Round took 0.816716264
Round took 0.051134087
Round took 0.052856188
Round took 0.053021435
Round took 0.060791323
Round took 0.057197555
Round took 0.173007526
Round took 0.31041849
Round took 0.162917627
Round took 0.048678522
Round took 0.305555231
Round took 0.056044901
Round took 0.052552438
Round took 0.050219669
Round took 0.057110329
Round took 0.050665084
Round took 0.0593541
Round took 0.058204758
Round took 0.056707377
Round took 0.056084618
Round took 0.062181297
Round took 0.051495636
Round took 0.060242572
Round took 0.053717307
Round took 0.053136765
Round took 0.052138321
Round took 0.054608502
Round took 0.063044588
Round took 0.053380051
Round took 0.055321019
Round took 0.052591234
Round took 0.056614385
Round took 0.055118777
Round took 0.051909683
Round took 0.050602962
Round took 0.053135447
Round took 0.053540682
Round took 0.055943975
Round took 0.150092724
Round took 0.305988794
Round took 0.050624722
Round took 0.051090001
Round took 0.054197543
Round took 0.054984108
Round took 0.057364449
Round took 0.05885544
Round took 0.056710833
Round took 0.055703317
Round took 0.057707237
Round took 0.057742688
Round took 0.063714628
Round took 0.183674129
Round took 0.060274483
Round took 0.05632938
Round took 0.056666042
Round took 0.056727573
Round took 0.056385147
Round took 0.059069645
Round took 0.319832122
Round took 0.051032688
Round took 0.050888467
Round took 0.050548852
Round took 0.056996607
Round took 0.051034257
Round took 0.050746973
Round took 0.158815579
Round took 0.051393175
Round took 0.056347215
Round took 0.054930903
Round took 0.418070009
Round took 0.057520125
Round took 0.056707451
Round took 0.055394438
Round took 0.056289123
Round took 0.052475588
Round took 0.063932699
Round took 0.054710129
Round took 0.053664505
Round took 0.056432993
Round took 0.317122105
Round took 0.055839864
Round took 0.063201147
Round took 0.066588428
Round took 0.084558257
Round took 0.057687579
Round took 0.178354787
Round took 0.315814802
Round took 0.055966268
Round took 0.053279863
Round took 0.163423964
Round took 0.054784187
Round took 0.052905348
Round took 0.054750105
Round took 0.313772021
Round took 0.060387681
Round took 0.055991632
Round took 0.306992265
Round took 0.051031687
Round took 0.051591388
Round took 0.170022129
Round took 0.054173304
Round took 0.051851866
Round took 0.051048632
Round took 0.051797261
Round took 0.049732292
Round took 0.055685387
Round took 0.05335601
Round took 0.056329636
Round took 0.055599764
Round took 0.055734781
Round took 0.424279338
Round took 0.819709157
Round took 0.078534126
Round took 0.100873531
Round took 0.057050188
Round took 0.054994111
Round took 0.055079103
Round took 0.05217901
Round took 0.056426104
Round took 0.05200242
Round took 0.053254994
Round took 0.052192508
Round took 0.163565155
Round took 0.070125644
Round took 0.052729932
Round took 0.053587614
Round took 0.826041633
Round took 0.04574638
Round took 0.057749549
Round took 0.054739416
Round took 0.051094451
Round took 0.054549676
Round took 0.424103461
Round took 0.053909507
Round took 0.05513798
Round took 0.055756441
Round took 0.055128624
Round took 0.056714918
Round took 0.059703533
Round took 0.053992947
Round took 0.054737072
Round took 0.062621144
Round took 0.056847668
Round took 0.161990429
Round took 0.051822557
Round took 0.053805472
Round took 2.328341404
Round took 0.049253743
Round took 0.051391352
Round took 0.049542871
Round took 0.051907208
Round took 0.052005343
Round took 0.055729385
Round took 0.049808465
Round took 0.057022741
Round took 0.052856996
Round took 0.055550286
Round took 0.053924604
Round took 0.046140406
Round took 0.047045221
Round took 0.052212003
Round took 0.050363363
Round took 0.051563278
Round took 0.051569927
Round took 0.052815293
Round took 0.062042009
Round took 0.05299773
Round took 0.050163155
Round took 0.060489212
Round took 0.046010172
Round took 0.048900728
Round took 0.047343806
Round took 0.051331694
Round took 0.051257304
Round took 0.153286826
Round took 0.062859928
Round took 0.048456554
Round took 0.059345255
Round took 0.060910377
Round took 0.050086531
Round took 0.05320137
Round took 0.063984515
Round took 0.060671714
Round took 0.048872711
Round took 0.059931444
Round took 0.107647015
Round took 0.083754219
Round took 0.072924691
Round took 0.063198118
Round took 0.163965657
Round took 0.303480678
Round took 0.30454691
Round took 0.06153756
Round took 0.059464011
Round took 0.05596011
Round took 0.04756767
Round took 0.046411859
Round took 0.051830889
Round took 0.055688347
Round took 0.04773992
Round took 0.047902229
Round took 0.04694783
Round took 0.052832942
Round took 0.046128946
Round took 0.047460038
Round took 0.051683811
Round took 0.048801047
Round took 0.042304683
Round took 0.049372758
Round took 0.052617089
Round took 0.055308844
Round took 0.070020575
Round took 0.06901936
Round took 0.148365121
Round took 0.067408956
Round took 0.055477452
Round took 0.055392641
Round took 0.056285765
Round took 0.054788761
Round took 0.181195679
Round took 0.068768031
Round took 0.835067732
Round took 0.050418799
Round took 0.051079459
Round took 0.059261583
Round took 0.05652587
Round took 0.050136086
Round took 0.051072322
Round took 0.064629871
Round took 0.052627469
Round took 0.166626881
Round took 0.050291019
Round took 0.048236924
Round took 0.043442058
Round took 0.051003238
Round took 0.046717057
Round took 0.059151435
Round took 0.822179714
Round took 0.057711488
Round took 0.065458366
Round took 0.083830355
Round took 0.075716731
Round took 0.074324653
Round took 0.055926834
Round took 0.052595694
Round took 0.048266958
Round took 0.045258361
Round took 0.150091286
Round took 0.059137592
Round took 0.064528804
Round took 0.055435396
Round took 0.062963705
Round took 0.05635123
Round took 0.055322417
Round took 0.312243337
Round took 0.052341038
Round took 0.04708569
Round took 0.048843694
Round took 0.046425637
Round took 0.046160829
Round took 0.044949967
Round took 0.048040106
Round took 0.044821521
Round took 0.054284982
Round took 0.145092537
Round took 0.056617233
Round took 0.058315242
Round took 0.051229929
Round took 0.053434172
Round took 1.305437214
Round took 0.049847719
Round took 0.046010411
Round took 0.043203322
Round took 0.059523479
Round took 0.048718973
Round took 0.054219848
Round took 0.050733565
Round took 0.0683511
Round took 0.088080984
Round took 0.0606574
Round took 0.057537817
Round took 0.051696985
Round took 0.170007849
Round took 0.054478629
Round took 0.053572721
Round took 0.150416432
Round took 0.046803899
Round took 0.046869012
Round took 0.045559428
Round took 0.04752145
Round took 0.050993921
Round took 0.049861913
Round took 0.152872372
Round took 0.045476114
Round took 0.046551855
Round took 0.054349252
Round took 0.045698242
Round took 0.04573839
Round took 0.049649937
Round took 0.051525147
Round took 0.157052171
Round took 0.048178471
Round took 0.050686547
Round took 0.051078586
Round took 0.051342215
Round took 0.050583526
Round took 0.398424262
Round took 0.056856713
Round took 0.152340969
Round took 0.051428229
Round took 0.050051526
Round took 0.050171471
Round took 0.048506534
Round took 0.044388383
Round took 0.050601448
Round took 0.051611629
Round took 0.05099976
Round took 0.049116875
Round took 0.051130044
Round took 0.058390796
Round took 0.067480661
Round took 0.105785404
Round took 0.053497974
Round took 0.109650784
Round took 0.06697211
Round took 0.066081382
Round took 0.065760361
Round took 0.07390153
Round took 0.077685069
Round took 0.071573688
Round took 0.165516036
Round took 0.066203592
Round took 0.094937721
Round took 0.065011446
Round took 0.054273231
Round took 0.067807478
Round took 0.050200487
Round took 0.185157312
Round took 0.091430245
Round took 0.072669999
Round took 0.081181532
Round took 0.075961076
Round took 0.131236077
Round took 0.044208043
Round took 0.047627293
Round took 0.055751318
Round took 0.066729693
Round took 0.05354787
Round took 0.053855407
Round took 0.091678085
Round took 0.083158523
Round took 0.309532194
Round took 0.049981001
Round took 0.056789267
Round took 0.138517545
Round took 0.061019464
Round took 0.051929759
Round took 0.048501824
Round took 0.045522643
Round took 0.051866402
Round took 0.049921475
Round took 0.047807146
Round took 0.050025986
Round took 0.043409665
Round took 0.054422131
Round took 0.043745733
Round took 0.046656009
Round took 0.059690369
Round took 0.049263604
Round took 0.052562528
Round took 0.049922204
Round took 0.058989824
Round took 0.142394228
Round took 0.054088728
Round took 0.051191462
Round took 0.055428928
Round took 0.052381107
Round took 0.057985806
Round took 0.043026618
Round took 0.051743899
Round took 0.049632001
Round took 0.072050643
Round took 0.074527575
Round took 0.061814121
Round took 0.320071125
Round took 0.077888733
Round took 0.072439394
Round took 0.060493512
Round took 0.05452557
Round took 0.309411247
Round took 0.073345557
Round took 0.051316824
Round took 0.199668434
Round took 0.074214575
Round took 0.056958591
Round took 0.053401666
Round took 0.047311798
Round took 0.05717714
Round took 0.08089341
Round took 0.059730103
Round took 0.051769578
Round took 0.06359244
Round took 0.157232779
Round took 0.056763389
Round took 0.061892429
Round took 0.071696687
Round took 0.072510877
Round took 0.045890724
Round took 0.046477887
Round took 0.050142212
Round took 0.04721145
Round took 0.056202563
Round took 0.050594436
Round took 0.055193716
Round took 0.057755744
Round took 0.043566993
Round took 0.047232531
Round took 0.048434478
Round took 0.056388313
Round took 0.046699584
Round took 0.049473632
Round took 0.05423182
Round took 0.05011217
Round took 0.046466747
Round took 0.047885601
Round took 0.049810563
Round took 0.052688222
Round took 0.053363695
Round took 0.049658433
Round took 0.054485105
Round took 0.066521785
Round took 0.048407925
Round took 0.04180442
Round took 0.048307714
Round took 0.050074437
Round took 0.061646826
Round took 0.075888881
Round took 0.056840599
Round took 0.063624629
Round took 0.057911944
Round took 0.074466149
Round took 0.065842955
Round took 0.068222027
Round took 0.055837704
Round took 0.051432023
Round took 0.167433601
Round took 0.311383863
Round took 0.057251995
Round took 0.054905523
Round took 0.163741792
Round took 0.055377083
Round took 0.058712222
Round took 0.048803343
Round took 0.051722024
Round took 0.169069132
Round took 0.303364195
Round took 0.050883963
Round took 0.047066013
Round took 0.04260533
Round took 0.159305103
Round took 0.051845645
Round took 0.05500887
Round took 0.053372528
Round took 0.05902351
Round took 0.055433423
Round took 0.052280169
Round took 0.08725514
Round took 0.053230389
Round took 0.10196021
Round took 0.068454226
Round took 0.06429255
Round took 0.061744348
Round took 0.046108314
Round took 0.060274792
Round took 0.074942184
Round took 0.044506505
Round took 0.089087874
Round took 0.118886803
Round took 0.074996275
Round took 0.171100219
Round took 0.057074279
Round took 0.084139669
Round took 0.075815983
Round took 0.102980159
Round took 0.054445789
Round took 0.351454531
Round took 0.057159648
Round took 0.058030553
Round took 0.060622133
Round took 0.086166914
Round took 0.056404092
Round took 0.071197317
Round took 0.069036437
Round took 0.086726063
Round took 0.062209321
Round took 0.063214994
Round took 0.062139139
Round took 0.074313364
Round took 0.058228324
Round took 0.160685072
Round took 0.046351587
Round took 0.047673143
Test took 238.852491139
Successful: 7898
