Uniform distribution
Round took 0.125066801
Round took 0.322784793
Round took 0.325568627
Round took 0.839399215
Round took 0.108915998
Round took 0.11009408
Round took 0.106276032
Round took 0.101705845
Round took 0.312948566
Round took 0.094901141
Round took 0.103526733
Round took 1.3168763829999999
Round took 3.846605216
Round took 0.101388549
Round took 0.116684954
Round took 0.317495192
Round took 0.111913097
Round took 0.093433788
Round took 0.096327263
Round took 0.095267591
Round took 0.101528687
Round took 0.317624487
Round took 0.097481753
Round took 0.094834412
Round took 0.092145748
Round took 1.322728271
Round took 0.099277671
Round took 0.866265017
Round took 0.352763121
Round took 0.147410047
Round took 0.358131621
Round took 0.158104353
Round took 0.157599521
Round took 0.118718982
Round took 0.097027167
Round took 0.328424437
Round took 0.090925829
Round took 0.09084997
Round took 0.094181235
Round took 1.3316182300000001
Round took 0.097556333
Round took 0.088870811
Round took 0.097819197
Round took 0.10254663
Round took 0.098501943
Round took 0.090795284
Round took 0.055030219
Round took 0.093377781
Round took 0.091711997
Round took 0.091909616
Round took 0.311638139
Round took 0.09338545
Round took 0.090501128
Round took 0.048465782
Round took 0.080663524
Round took 0.087963931
Round took 0.089207842
Round took 0.09793576
Round took 0.096865819
Round took 1.3156760809999999
Round took 0.300082132
Round took 0.089713562
Round took 0.088351843
Round took 0.093281688
Round took 0.29801684
Round took 0.089426715
Round took 0.090722663
Round took 0.097541792
Round took 0.299761845
Round took 0.093391525
Round took 0.093526366
Round took 0.808768722
Round took 0.31901675
Round took 0.085362525
Round took 0.809802685
Round took 0.08392711
Round took 0.08687313
Round took 0.806618386
Round took 0.807360479
Round took 0.099988692
Round took 0.301056558
Round took 0.091363743
Round took 0.806578237
Round took 0.107315474
Round took 0.098600307
Round took 0.090348152
Round took 0.114770079
Round took 0.08997233
Round took 0.102822162
Round took 0.105463699
Round took 0.092839167
Round took 0.098159885
Round took 0.091427416
Round took 0.10177158
Round took 0.088157095
Round took 0.086875928
Round took 0.097504182
Round took 0.089771418
Round took 0.086645299
Round took 0.080965001
Round took 0.086256617
Round took 0.094444921
Round took 0.08948235
Round took 0.088471113
Round took 0.314150296
Round took 0.103979531
Round took 0.151176522
Round took 0.297931221
Round took 0.090405758
Round took 0.092306693
Round took 0.092282793
Round took 0.086656686
Round took 0.088123261
Round took 0.090007638
Round took 0.089242777
Round took 0.813645614
Round took 0.101155987
Round took 0.08333085
Round took 0.092151262
Round took 0.817071774
Round took 0.112237514
Round took 0.097808316
Round took 0.101533477
Round took 0.092143999
Round took 0.096973342
Round took 0.092397752
Round took 0.104083083
Round took 0.095142866
Round took 0.091177951
Round took 0.093013865
Round took 0.096845869
Round took 0.086573998
Round took 0.805570691
Round took 0.096103643
Round took 0.078837396
Round took 0.306958452
Round took 0.097288125
Round took 0.066459626
Round took 0.094171254
Round took 0.091982692
Round took 0.100433663
Round took 0.092060886
Round took 0.092545855
Round took 0.091869604
Round took 0.092669726
Round took 0.096009023
Round took 0.102604793
Round took 0.504070901
Round took 0.110320645
Round took 0.106844774
Round took 0.102582917
Round took 0.318880979
Round took 0.301161343
Round took 1.3204698879999999
Round took 0.809636472
Round took 0.302843781
Round took 0.349328912
Round took 0.101574024
Round took 0.104000575
Round took 0.10031642
Round took 0.103015944
Round took 0.105210906
Round took 0.098101075
Round took 0.103105324
Round took 0.097391883
Round took 0.101036282
Round took 0.102037501
Round took 0.102711667
Round took 0.107333394
Round took 0.104172927
Round took 0.312081862
Round took 0.097390362
Round took 0.102233626
Round took 0.096182006
Round took 0.092462383
Round took 2.319837743
Round took 0.090363333
Round took 0.091830271
Round took 0.148093072
Round took 0.107033324
Round took 0.097247186
Round took 0.101600771
Round took 0.338923768
Round took 0.088765814
Round took 0.095377313
Round took 0.305369803
Round took 0.089181841
Round took 0.088642548
Round took 0.086899414
Round took 0.807099665
Round took 0.093825629
Round took 0.104065585
Round took 0.126040026
Round took 1.812057032
Round took 0.095041997
Round took 0.092350064
Round took 0.092034291
Round took 0.087150216
Round took 0.10944174
Round took 0.08933491
Round took 1.315517927
Round took 0.091494556
Round took 0.104963899
Round took 0.093625724
Round took 0.084089675
Round took 0.085484194
Round took 0.090519399
Round took 0.089126008
Round took 0.086000706
Round took 0.084158763
Round took 0.09388252
Round took 0.089569429
Round took 0.304105438
Round took 0.094764485
Round took 0.086102194
Round took 0.086863573
Round took 0.111039923
Round took 0.305391882
Round took 0.302069539
Round took 0.087185758
Round took 0.094746741
Round took 0.082145187
Round took 0.082775906
Round took 0.09912689
Round took 0.085731441
Round took 0.081550609
Round took 0.094307059
Round took 0.312032738
Round took 0.097295953
Round took 0.07376211
Round took 0.094851773
Round took 0.094228566
Round took 0.809076367
Round took 0.091237514
Round took 0.090732194
Round took 0.082019836
Round took 0.094444853
Round took 0.075570545
Round took 0.086092104
Round took 0.37481275
Round took 0.086489254
Round took 0.081144792
Round took 0.298861946
Round took 0.296020641
Round took 0.086044903
Round took 0.085637259
Round took 0.079533328
Round took 0.09030414
Round took 0.086402972
Round took 0.096065014
Round took 0.082566829
Round took 0.083079642
Round took 0.085290834
Round took 0.087663071
Round took 0.083130483
Round took 0.090114524
Round took 0.114012478
Round took 0.096410578
Round took 0.100829419
Round took 0.09269041
Round took 0.092121401
Round took 0.099886218
Round took 0.11085902
Round took 0.085450131
Round took 0.340213316
Round took 0.083170328
Round took 0.09960744
Round took 0.310373689
Round took 0.084902154
Round took 0.091441892
Round took 0.088769112
Round took 0.10694826
Round took 0.093509948
Round took 0.105686732
Round took 0.108938514
Round took 0.30785403
Round took 0.105616129
Round took 0.091306993
Round took 0.051778407
Round took 0.100629701
Round took 0.095821959
Round took 0.110234947
Round took 0.311663045
Round took 0.306485116
Round took 0.306892234
Round took 0.095192365
Round took 0.102216039
Round took 0.103201241
Round took 0.116464783
Round took 1.826193864
Round took 0.094072503
Round took 0.102306428
Round took 0.102115539
Round took 0.099138025
Round took 0.100912063
Round took 0.096173882
Round took 0.119023864
Round took 0.102194725
Round took 0.091777473
Round took 0.085112834
Round took 0.095077173
Round took 0.08508866
Round took 0.308790775
Round took 0.089972243
Round took 0.107472101
Round took 0.10759522
Round took 0.10698681
Round took 0.307386725
Round took 0.314004511
Round took 0.106548225
Round took 0.308702126
Round took 0.362943279
Round took 0.100777437
Round took 0.102755688
Round took 0.106297507
Round took 0.097524452
Round took 0.103599395
Round took 1.822301833
Round took 0.095132165
Round took 0.09498115
Round took 0.09799867
Round took 0.097663745
Round took 0.095254632
Round took 3.837412786
Round took 0.094237225
Round took 0.5172292
Round took 0.111799276
Round took 0.116184201
Round took 0.12710991
Round took 0.108566164
Round took 0.100978302
Round took 0.102909708
Round took 0.815429728
Round took 0.092302369
Round took 0.094360027
Round took 0.085051413
Round took 0.096736115
Round took 0.10554728
Round took 0.092269858
Round took 0.095859385
Round took 0.090237021
Round took 0.08863813
Round took 0.145826715
Round took 0.090140122
Round took 0.083017847
Round took 0.095752866
Round took 0.095871594
Round took 0.089288807
Round took 0.34421134
Round took 0.088819526
Round took 0.093100742
Round took 0.086030499
Round took 0.103281275
Round took 0.087687246
Round took 0.086889525
Round took 0.308341497
Round took 0.806128953
Round took 0.091183827
Round took 0.092957082
Round took 0.091975321
Round took 0.347700087
Round took 0.299418787
Round took 0.098916532
Round took 0.100025898
Round took 0.097705437
Round took 0.083449374
Round took 0.08238804
Round took 1.309365016
Round took 0.089967157
Round took 0.08803292
Round took 0.298289406
Round took 0.091295714
Round took 0.301592475
Round took 0.101671503
Round took 0.052374727
Round took 0.090423621
Round took 0.092103052
Round took 0.31336628
Round took 0.088580131
Round took 3.332503048
Round took 0.296281245
Round took 0.085903494
Round took 0.090784059
Round took 0.087315061
Round took 0.095651674
Round took 0.088053615
Round took 0.078770289
Round took 0.091222751
Round took 0.303207935
Round took 0.08748816
Round took 0.089613056
Round took 0.081937676
Round took 0.083726331
Round took 0.102493318
Round took 0.102795007
Round took 0.815759049
Round took 0.148012798
Round took 0.095738161
Round took 0.078489735
Round took 0.33845739
Round took 0.103430898
Round took 0.111566103
Round took 0.160965928
Round took 0.089786097
Round took 0.310483888
Round took 0.296806227
Round took 0.098138659
Round took 1.307298955
Round took 0.087373552
Round took 0.098074804
Round took 0.093898688
Round took 0.352295915
Round took 0.08707378
Round took 0.858190058
Round took 0.104873212
Round took 0.106440844
Round took 0.086256157
Round took 1.321877223
Round took 0.0906975
Round took 0.310031735
Round took 0.105117674
Round took 0.103841121
Round took 0.116617869
Round took 0.105025077
Round took 0.079143773
Round took 0.179850912
Round took 0.092185774
Round took 0.078140567
Round took 0.077133588
Round took 0.083647559
Round took 0.805785839
Round took 0.090035011
Round took 0.090789389
Round took 0.095392512
Round took 0.098436722
Round took 0.30218629
Round took 0.309612468
Round took 0.227063421
Round took 1.300573331
Round took 1.310392854
Round took 0.098556178
Round took 0.091361061
Round took 0.090414517
Round took 0.08428995
Round took 0.081873514
Round took 0.092964967
Round took 0.303621774
Round took 0.309713195
Round took 0.296432835
Round took 0.081389087
Round took 0.078504119
Round took 0.091216065
Round took 0.095514117
Round took 0.081580814
Round took 0.084579327
Round took 0.078969705
Round took 0.077955277
Round took 0.107501424
Round took 0.088714371
Round took 0.079578338
Round took 0.084630765
Round took 0.089554405
Round took 0.092690858
Round took 0.085075395
Round took 0.087692976
Round took 0.082001931
Round took 0.087269692
Round took 0.081941127
Round took 0.082051757
Round took 0.795776218
Round took 0.081085954
Round took 0.086616701
Round took 0.085494995
Round took 0.093015945
Round took 0.087327594
Round took 0.077685716
Round took 0.104164789
Round took 0.09204985
Round took 0.312378831
Round took 0.086827535
Round took 0.094701485
Round took 0.309359393
Round took 0.094284107
Round took 0.300798125
Round took 0.103156692
Round took 0.098394597
Round took 0.104318028
Round took 0.303950584
Round took 0.07977856
Round took 0.804805291
Round took 0.089235329
Round took 0.09740204
Round took 0.383347555
Round took 0.093846953
Round took 0.294682485
Round took 0.088951882
Round took 0.089380795
Round took 0.089970274
Round took 0.091940969
Round took 0.091238502
Round took 0.090782556
Round took 0.081397852
Round took 1.306032189
Round took 0.091211897
Round took 0.106963492
Round took 0.307356941
Round took 0.092948695
Round took 0.091678711
Round took 0.076452114
Round took 0.094765603
Round took 0.096099314
Round took 0.097048571
Round took 0.091187636
Round took 1.814137624
Round took 0.092888843
Round took 1.823089212
Round took 0.098074765
Round took 0.818966401
Round took 0.102381724
Round took 0.305075082
Round took 0.137511743
Round took 0.091533122
Round took 0.105320083
Round took 0.314617601
Round took 0.093206454
Round took 0.110469244
Round took 0.098073868
Round took 0.096239189
Round took 0.092870325
Round took 0.095717153
Round took 0.096543521
Round took 0.097044641
Round took 0.112516252
Round took 0.106924185
Round took 0.108170138
Round took 0.101769057
Round took 0.102465604
Round took 0.107427589
Round took 0.318334047
Round took 0.110725313
Round took 0.103860185
Round took 0.819782088
Round took 0.318440859
Round took 0.1097858
Round took 0.102023494
Round took 0.100921715
Round took 0.098731075
Round took 0.101320918
Round took 0.098128048
Round took 0.094937803
Round took 0.30985685
Round took 0.106453643
Round took 0.102595443
Round took 0.088227202
Round took 0.096619598
Round took 0.312707863
Round took 0.106163841
Round took 0.09954586
Round took 0.102400806
Round took 0.092252992
Round took 0.097004461
Round took 0.102176788
Round took 0.310323764
Round took 0.104009696
Round took 1.324150405
Round took 0.322728497
Round took 0.107663186
Round took 0.103871513
Round took 0.31774947
Round took 0.313793955
Round took 0.109262408
Round took 0.101441386
Round took 0.102883879
Round took 0.118858069
Round took 0.100688876
Round took 0.10164954
Round took 0.102539105
Round took 0.100968858
Round took 0.102415636
Round took 0.097910592
Round took 0.107505448
Round took 0.102019804
Round took 0.102153555
Round took 0.102800456
Round took 0.107077645
Round took 0.101289523
Round took 0.106929297
Round took 0.107811876
Round took 0.144220821
Round took 1.327452316
Round took 0.10030038
Round took 0.096188705
Round took 0.0971153
Round took 0.101922737
Round took 0.095263867
Round took 0.103389044
Round took 0.100675915
Round took 0.095746706
Round took 0.1136407
Round took 0.313193397
Round took 0.093078018
Round took 0.096904527
Round took 0.102356111
Round took 0.307019232
Round took 0.095147096
Round took 0.097119856
Round took 0.098344172
Round took 0.102346672
Round took 0.103123018
Round took 0.308234826
Round took 0.095496901
Round took 0.314655776
Round took 0.113869846
Round took 0.309419139
Round took 0.095178726
Round took 0.096608966
Round took 0.328665621
Round took 0.101419873
Round took 0.100715113
Round took 0.101814411
Round took 0.096924718
Round took 0.097987598
Round took 0.097015069
Round took 0.086783385
Round took 0.308231418
Round took 1.318731323
Round took 0.09098006
Round took 0.106200743
Round took 0.100074568
Round took 0.093178292
Round took 0.427017832
Round took 0.102051114
Round took 0.089905627
Round took 0.130605951
Round took 0.805895595
Round took 0.102613118
Round took 0.087916419
Round took 0.120103262
Round took 0.111881077
Round took 0.382925463
Round took 0.084436175
Round took 0.188717157
Round took 0.083939873
Round took 0.297909529
Round took 0.085432831
Round took 0.096837907
Round took 0.082360695
Round took 0.168364918
Round took 1.307977236
Round took 0.091253755
Round took 0.292436732
Round took 0.089917129
Round took 0.09263707
Round took 0.099220891
Round took 0.105028554
Round took 1.308441396
Round took 0.085360038
Round took 0.082515982
Round took 0.08681154
Round took 0.088359
Round took 0.098069293
Round took 0.089718065
Round took 0.093974726
Round took 0.102466752
Round took 0.090962134
Round took 0.503399581
Round took 0.092830319
Round took 0.093356543
Round took 0.090621411
Round took 1.30502664
Round took 0.084479005
Round took 0.304482767
Round took 0.080307449
Round took 0.088631166
Round took 0.10696646
Round took 1.311011675
Round took 1.311530517
Round took 0.095645954
Round took 0.096017599
Round took 0.806413061
Round took 0.100241923
Round took 0.096983262
Round took 0.098117527
Round took 0.092068604
Round took 0.10273348
Round took 0.102244604
Round took 0.10124905
Round took 0.098357889
Round took 0.103071267
Round took 0.09235657
Round took 0.101709384
Round took 0.095562089
Round took 0.090871764
Round took 0.313149864
Round took 0.090192775
Round took 0.108593434
Round took 0.095970871
Round took 0.15053471
Round took 0.09033509
Round took 0.341310083
Round took 0.102286884
Round took 0.112913883
Round took 0.097957337
Round took 0.086775716
Round took 0.085898359
Round took 0.098084705
Round took 0.092151063
Round took 0.087099644
Round took 0.14178512
Round took 0.294669452
Round took 0.100462177
Round took 0.24342208
Round took 0.094122738
Round took 0.087911872
Round took 0.089595915
Round took 0.084324301
Round took 0.093950202
Round took 0.086130203
Round took 0.321346755
Round took 0.123385128
Round took 0.087265356
Round took 0.308921253
Round took 0.101013279
Round took 0.097529632
Round took 0.105109212
Round took 0.107333246
Round took 0.305037899
Round took 0.085204541
Round took 0.298841899
Round took 0.099753604
Round took 0.108725625
Round took 0.082199387
Round took 0.09470851
Round took 0.153410442
Round took 0.079571266
Round took 0.09024649
Round took 0.08203555
Round took 0.305053481
Round took 0.087912548
Round took 0.090715435
Round took 0.086685354
Round took 0.080020291
Round took 0.096462895
Round took 0.102094117
Round took 0.097293373
Round took 0.311394929
Round took 0.095422345
Round took 0.088353961
Round took 0.096754922
Round took 0.102382415
Round took 0.093216071
Round took 0.101458102
Round took 0.084155152
Round took 0.092454331
Round took 0.087353964
Round took 0.093381044
Round took 0.090494892
Round took 0.093054857
Round took 0.088978512
Round took 0.087945165
Round took 0.091186682
Round took 0.088282956
Round took 0.090686394
Round took 0.091137469
Round took 0.31749901
Round took 0.089400023
Round took 0.100420839
Round took 0.097254313
Round took 0.084700701
Round took 0.092482999
Round took 0.089347618
Round took 0.082041365
Round took 0.109436181
Round took 0.095081571
Round took 0.093345202
Round took 0.090420479
Round took 1.316397991
Round took 0.112165024
Round took 0.102896738
Round took 1.8100232360000001
Round took 0.103009297
Round took 0.111409041
Round took 0.087393162
Round took 0.091271569
Round took 0.089292488
Round took 0.089695797
Round took 0.314750279
Round took 0.078168079
Round took 0.083750386
Round took 0.097937402
Round took 0.081928999
Round took 0.082837598
Round took 0.097722922
Round took 0.113417349
Round took 0.80032316
Round took 0.077877943
Round took 0.090866479
Round took 0.079834996
Round took 0.130121036
Round took 0.116342289
Round took 0.119615397
Round took 0.291413815
Round took 0.084295283
Round took 0.096025386
Round took 0.112526309
Round took 0.133355459
Round took 0.091875887
Round took 0.089248888
Round took 0.088228797
Round took 0.089190373
Round took 0.103495044
Round took 0.300786573
Round took 0.094531067
Round took 0.096932206
Round took 0.092793349
Round took 0.308409493
Round took 0.298726454
Round took 0.303597667
Round took 0.312005033
Round took 0.094243623
Round took 0.077704974
Round took 0.101270467
Round took 0.309288317
Round took 0.094774899
Round took 0.118942633
Round took 0.098638227
Round took 0.090298611
Round took 0.099646503
Round took 0.115401246
Round took 0.304674193
Round took 0.090950993
Round took 0.083368494
Round took 0.080741878
Round took 0.087102369
Round took 0.096923478
Round took 0.073719411
Round took 0.080388277
Round took 0.077054449
Round took 0.100187741
Round took 0.094335367
Round took 0.304029694
Round took 0.093498661
Round took 0.075137682
Round took 0.102891632
Round took 0.093067103
Round took 0.096889453
Round took 0.088455092
Round took 0.0950985
Round took 0.094408496
Round took 0.089412569
Round took 0.085279662
Round took 0.09771819
Round took 0.095628376
Round took 0.103148254
Round took 0.133579032
Round took 0.085970914
Round took 0.298220952
Round took 0.090713941
Round took 0.097336054
Round took 0.084869541
Round took 0.846983092
Round took 0.119636416
Round took 0.104547851
Round took 0.10810393
Round took 0.105941106
Round took 0.131266739
Round took 0.092268685
Round took 0.082583507
Round took 0.186414003
Round took 0.09131851
Round took 0.095002264
Round took 0.103368696
Round took 0.311892081
Round took 0.817933634
Round took 0.115948734
Error when reading: read tcp 172.31.54.117:51824->172.31.48.98:7070: read: connection timed out
Error when reading: read tcp 172.31.54.117:48192->172.31.55.252:7070: read: connection timed out
Error when reading: EOF
Error when reading: EOF
Error when reading: read tcp 172.31.54.117:45578->172.31.49.63:7070: read: connection timed out
Error when reading: EOF
Error when reading: read tcp 172.31.54.117:38094->172.31.63.49:7070: read: connection timed out
Error when reading: EOF
Round took 7.815370691
Error when reading: EOF
Error when reading: EOF
Error when reading: EOF
Error when reading: EOF
Error when reading: EOF
Error when reading: EOF
Round took 0.098632142
Error when reading: EOF
Error when reading: EOF
Error when reading: EOF
Error when reading: EOF
Error when reading: EOF
Round took 0.109705381
Error when reading: EOF
Error when reading: EOF
Round took 0.101413732
Error when reading: EOF
Error when reading: EOF
Round took 0.001160222
Round took 3.547e-06
Round took 3.307e-06
Round took 3.25e-06
Round took 2.604e-06
Round took 2.667e-06
Round took 2.574e-06
Round took 3.1001e-05
Round took 2.695e-06
Round took 2.687e-06
Round took 2.597e-06
Round took 2.701e-06
Round took 2.492e-06
Round took 2.622e-06
Round took 2.587e-06
Round took 2.513e-06
Round took 2.698e-06
Round took 2.576e-06
Round took 2.57e-06
Round took 2.612e-06
Round took 2.579e-06
Round took 2.486e-06
Round took 2.415e-06
Round took 2.414e-06
Round took 1.214e-05
Round took 2.426e-06
Round took 2.392e-06
Round took 2.454e-06
Round took 2.475e-06
Round took 2.445e-06
Round took 2.638e-06
Round took 2.543e-06
Round took 2.736e-06
Round took 2.59e-06
Round took 2.624e-06
Round took 2.652e-06
Round took 2.728e-06
Round took 2.624e-06
Round took 2.621e-06
Round took 2.642e-06
Round took 5.48e-06
Round took 2.672e-06
Round took 2.54e-06
Round took 2.36e-06
Round took 2.563e-06
Round took 2.433e-06
Round took 2.43e-06
Round took 2.388e-06
Round took 2.439e-06
Round took 2.53e-06
Round took 2.381e-06
Round took 2.447e-06
Round took 2.387e-06
Round took 2.448e-06
Round took 2.358e-06
Round took 2.387e-06
Round took 2.377e-06
Round took 6.346e-06
Round took 2.424e-06
Round took 2.394e-06
Round took 2.454e-06
Round took 2.481e-06
Round took 2.421e-06
Round took 2.441e-06
Round took 2.363e-06
Round took 2.8858e-05
Round took 2.549e-06
Round took 2.539e-06
Round took 1.5629e-05
Round took 2.517e-06
Round took 2.438e-06
Round took 2.377e-06
Round took 2.34e-06
Round took 5.653e-06
Round took 2.424e-06
Round took 2.404e-06
Round took 2.35e-06
Round took 2.924e-06
Round took 2.447e-06
Round took 2.366e-06
Round took 2.397e-06
Round took 2.368e-06
Round took 2.448e-06
Round took 2.365e-06
Round took 2.385e-06
Round took 2.322e-06
Round took 2.406e-06
Round took 2.352e-06
Round took 2.441e-06
Round took 2.342e-06
Round took 9.171e-06
Round took 2.466e-06
Round took 2.4e-06
Round took 2.362e-06
Round took 2.433e-06
Round took 2.385e-06
Round took 2.36e-06
Round took 2.497e-06
Round took 2.391e-06
Round took 2.396e-06
Round took 2.363e-06
Round took 2.393e-06
Round took 2.493e-06
Round took 2.395e-06
Round took 2.352e-06
Round took 2.37e-06
Round took 5.405e-06
Round took 2.363e-06
Round took 2.429e-06
Round took 2.363e-06
Round took 2.378e-06
Round took 2.394e-06
Round took 2.359e-06
Round took 2.34e-06
Round took 2.322e-06
Round took 2.508e-06
Round took 2.302e-06
Round took 2.346e-06
Round took 2.345e-06
Round took 2.393e-06
Round took 2.347e-06
Round took 2.375e-06
Round took 2.361e-06
Round took 5.986e-06
Round took 2.384e-06
Round took 2.307e-06
Round took 2.304e-06
Round took 2.389e-06
Round took 2.369e-06
Round took 2.324e-06
Round took 2.395e-06
Round took 2.375e-06
Round took 2.379e-06
Round took 2.327e-06
Round took 2.366e-06
Round took 2.442e-06
Round took 6.976e-06
Round took 2.392e-06
Round took 2.384e-06
Round took 5.178e-06
Round took 2.418e-06
Round took 2.411e-06
Round took 2.331e-06
Round took 2.336e-06
Round took 2.438e-06
Round took 2.314e-06
Round took 2.341e-06
Round took 2.323e-06
Round took 2.419e-06
Round took 2.361e-06
Round took 2.339e-06
Round took 2.495e-06
Round took 2.523e-06
Round took 2.35e-06
Round took 2.36e-06
Round took 2.338e-06
Round took 6.126e-06
Round took 2.385e-06
Round took 2.315e-06
Round took 2.304e-06
Round took 2.44e-06
Round took 2.325e-06
Round took 2.329e-06
Round took 2.328e-06
Round took 2.422e-06
Round took 2.382e-06
Round took 2.386e-06
Round took 2.437e-06
Round took 2.421e-06
Round took 2.331e-06
Round took 2.386e-06
Round took 2.368e-06
Round took 2.372e-06
Round took 2.393e-06
Round took 2.378e-06
Round took 2.344e-06
Round took 2.376e-06
Round took 2.566e-06
Round took 2.346e-06
Round took 2.385e-06
Round took 2.362e-06
Round took 2.521e-06
Round took 2.296e-06
Round took 2.332e-06
Round took 2.353e-06
Round took 2.447e-06
Round took 2.36e-06
Round took 2.345e-06
Round took 2.374e-06
Round took 6.278e-06
Round took 2.362e-06
Round took 2.323e-06
Round took 2.365e-06
Round took 2.421e-06
Round took 2.38e-06
Round took 2.337e-06
Round took 2.413e-06
Round took 2.41e-06
Round took 2.33e-06
Round took 2.341e-06
Round took 2.401e-06
Round took 2.409e-06
Round took 2.335e-06
Round took 2.339e-06
Round took 1.0285e-05
Round took 2.547e-06
Round took 5.438e-06
Round took 2.365e-06
Round took 2.386e-06
Round took 2.309e-06
Round took 2.387e-06
Round took 2.359e-06
Round took 2.35e-06
Round took 2.338e-06
Round took 2.44e-06
Round took 2.307e-06
Round took 2.348e-06
Round took 2.309e-06
Round took 2.428e-06
Round took 2.302e-06
Round took 2.351e-06
Round took 2.37e-06
Round took 5.987e-06
Round took 2.36e-06
Round took 2.325e-06
Round took 2.355e-06
Round took 2.365e-06
Round took 2.318e-06
Round took 2.374e-06
Round took 2.34e-06
Round took 2.407e-06
Round took 2.315e-06
Round took 2.327e-06
Round took 2.502e-06
Round took 2.433e-06
Round took 2.312e-06
Round took 2.336e-06
Round took 2.293e-06
Round took 2.379e-06
Round took 0.000778795
Round took 2.937e-06
Round took 2.513e-06
Round took 2.435e-06
Round took 2.555e-06
Round took 2.335e-06
Round took 2.375e-06
Round took 3.4838e-05
Round took 2.662e-06
Round took 2.394e-06
Round took 2.341e-06
Round took 2.357e-06
Round took 2.38e-06
Round took 2.389e-06
Round took 2.315e-06
Round took 2.379e-06
Round took 9.05e-06
Round took 2.394e-06
Round took 2.346e-06
Round took 2.363e-06
Round took 2.385e-06
Round took 2.326e-06
Round took 2.1584e-05
Round took 2.393e-06
Round took 2.451e-06
Round took 2.332e-06
Round took 2.313e-06
Round took 2.341e-06
Round took 7.606e-06
Round took 2.379e-06
Round took 2.384e-06
Round took 2.395e-06
Round took 2.45e-06
Round took 6.113e-06
Round took 8.513e-06
Round took 2.5985e-05
Round took 2.512e-06
Round took 2.455e-06
Round took 2.364e-06
Round took 2.316e-06
Round took 2.305e-06
Round took 2.521e-06
Round took 2.331e-06
Round took 2.393e-06
Round took 2.333e-06
Round took 2.456e-06
Round took 2.317e-06
Round took 2.376e-06
Round took 2.333e-06
Round took 7.749e-06
Round took 2.35e-06
Round took 2.341e-06
Round took 2.573e-06
Round took 2.387e-06
Round took 2.389e-06
Round took 2.426e-06
Round took 2.366e-06
Round took 2.415e-06
Round took 2.368e-06
Round took 2.396e-06
Round took 2.375e-06
Round took 2.428e-06
Round took 2.354e-06
Round took 2.335e-06
Round took 2.354e-06
Round took 2.316e-06
Round took 5.768e-06
Round took 2.345e-06
Round took 2.327e-06
Round took 2.545e-06
Round took 2.432e-06
Round took 2.367e-06
Round took 2.363e-06
Round took 2.346e-06
Round took 2.474e-06
Round took 2.368e-06
Round took 2.348e-06
Round took 2.337e-06
Round took 2.344e-06
Round took 2.355e-06
Round took 2.359e-06
Round took 2.315e-06
Round took 7.611e-06
Round took 2.377e-06
Round took 2.323e-06
Round took 2.33e-06
Round took 2.541e-06
Round took 2.37e-06
Round took 2.346e-06
Round took 2.333e-06
Round took 2.379e-06
Round took 2.402e-06
Round took 2.326e-06
Round took 2.344e-06
Round took 2.389e-06
Round took 2.337e-06
Round took 2.317e-06
Round took 2.349e-06
Round took 2.375e-06
Round took 5.719e-06
Round took 2.342e-06
Round took 2.342e-06
Round took 5.755e-06
Round took 2.522e-06
Round took 2.418e-06
Round took 2.36e-06
Round took 2.325e-06
Round took 2.517e-06
Round took 2.308e-06
Round took 2.374e-06
Round took 2.321e-06
Round took 2.365e-06
Round took 2.326e-06
Round took 2.328e-06
Round took 2.341e-06
Round took 1.3341e-05
Round took 2.448e-06
Round took 2.38e-06
Round took 2.1681e-05
Round took 2.532e-06
Round took 2.424e-06
Round took 2.397e-06
Round took 2.44e-06
Round took 2.465e-06
Round took 2.349e-06
Round took 2.405e-06
Round took 2.386e-06
Round took 2.42e-06
Round took 2.376e-06
Round took 2.353e-06
Round took 2.373e-06
Round took 2.42e-06
Round took 8.189e-06
Round took 2.389e-06
Round took 2.533e-06
Round took 2.315e-06
Round took 2.422e-06
Round took 2.356e-06
Round took 2.367e-06
Round took 2.403e-06
Round took 2.455e-06
Round took 2.354e-06
Round took 2.302e-06
Round took 2.336e-06
Round took 2.391e-06
Round took 2.322e-06
Round took 2.328e-06
Round took 2.334e-06
Round took 7.419e-06
Round took 2.357e-06
Round took 1.2661e-05
Round took 2.509e-06
Round took 2.392e-06
Round took 2.388e-06
Round took 2.392e-06
Round took 2.351e-06
Round took 2.41e-06
Round took 2.36e-06
Round took 2.327e-06
Round took 2.34e-06
Round took 2.341e-06
Round took 2.407e-06
Round took 2.365e-06
Round took 2.377e-06
Round took 2.343e-06
Round took 5.853e-06
Round took 2.339e-06
Round took 2.336e-06
Round took 2.459e-06
Round took 2.457e-06
Round took 1.8576e-05
Round took 2.463e-06
Round took 2.4e-06
Round took 2.549e-06
Round took 2.481e-06
Round took 2.348e-06
Round took 2.467e-06
Round took 2.479e-06
Round took 2.35e-06
Round took 2.355e-06
Round took 2.35e-06
Round took 3.1232e-05
Round took 2.415e-06
Round took 2.387e-06
Round took 2.35e-06
Round took 2.386e-06
Round took 2.334e-06
Round took 2.329e-06
Round took 2.354e-06
Round took 2.408e-06
Round took 2.321e-06
Round took 2.364e-06
Round took 2.331e-06
Round took 2.37e-06
Round took 2.421e-06
Round took 2.379e-06
Round took 2.383e-06
Round took 0.001059356
Round took 8.285e-06
Round took 2.465e-06
Round took 2.411e-06
Round took 2.412e-06
Round took 2.432e-06
Round took 0.000421593
Round took 2.51e-06
Round took 2.368e-06
Round took 3.444e-06
Round took 2.457e-06
Round took 2.392e-06
Round took 2.382e-06
Round took 2.606e-06
Round took 2.42e-06
Round took 2.348e-06
Round took 2.335e-06
Round took 9.764e-06
Round took 2.391e-06
Round took 2.393e-06
Round took 2.41e-06
Round took 2.394e-06
Round took 2.39e-06
Round took 2.328e-06
Round took 2.396e-06
Round took 2.399e-06
Round took 2.41e-06
Round took 2.382e-06
Round took 2.409e-06
Round took 2.353e-06
Round took 2.415e-06
Round took 2.319e-06
Round took 2.366e-06
Round took 2.314e-06
Round took 7.298e-06
Round took 2.425e-06
Round took 2.395e-06
Round took 2.366e-06
Round took 2.396e-06
Round took 2.382e-06
Round took 2.372e-06
Round took 4.6666e-05
Round took 3.071e-06
Round took 2.4e-06
Round took 2.421e-06
Round took 2.323e-06
Round took 2.398e-06
Round took 2.331e-06
Round took 2.347e-06
Round took 2.38e-06
Round took 8.429e-06
Round took 2.387e-06
Round took 2.399e-06
Round took 2.344e-06
Round took 2.413e-06
Round took 3.6821e-05
Round took 2.434e-06
Round took 2.412e-06
Round took 2.371e-06
Round took 2.368e-06
Round took 2.339e-06
Round took 2.36e-06
Round took 2.352e-06
Round took 2.401e-06
Round took 2.322e-06
Round took 2.305e-06
Round took 2.296e-06
Round took 5.902e-06
Round took 2.36e-06
Round took 2.321e-06
Round took 2.389e-06
Round took 2.387e-06
Round took 2.513e-06
Round took 2.384e-06
Round took 2.379e-06
Round took 2.467e-06
Round took 2.351e-06
Round took 2.32e-06
Round took 2.367e-06
Round took 2.394e-06
Round took 2.296e-06
Round took 2.319e-06
Round took 2.321e-06
Round took 7.072e-06
Round took 2.447e-06
Round took 2.372e-06
Round took 2.304e-06
Round took 2.373e-06
Round took 2.385e-06
Round took 2.521e-06
Round took 2.383e-06
Round took 2.366e-06
Round took 2.41e-06
Round took 2.352e-06
Round took 2.366e-06
Round took 2.325e-06
Round took 2.418e-06
Round took 2.328e-06
Round took 2.341e-06
Round took 2.357e-06
Round took 5.795e-06
Round took 2.366e-06
Round took 2.388e-06
Round took 2.325e-06
Round took 2.392e-06
Round took 2.344e-06
Round took 2.566e-06
Round took 2.38e-06
Round took 2.574e-06
Round took 2.36e-06
Round took 7.518e-06
Round took 2.312e-06
Round took 2.475e-06
Round took 2.339e-06
Round took 2.379e-06
Round took 2.34e-06
Round took 6.977e-06
Round took 2.382e-06
Round took 2.401e-06
Round took 2.303e-06
Round took 2.419e-06
Round took 2.31e-06
Round took 2.1547e-05
Round took 2.346e-06
Round took 2.365e-06
Round took 2.573e-06
Round took 2.403e-06
Round took 2.413e-06
Round took 2.341e-06
Round took 2.372e-06
Round took 2.341e-06
Round took 2.313e-06
Round took 2.357e-06
Round took 5.743e-06
Round took 2.374e-06
Round took 2.343e-06
Round took 2.37e-06
Round took 2.12e-05
Round took 2.394e-06
Round took 2.373e-06
Round took 2.381e-06
Round took 2.411e-06
Round took 2.362e-06
Round took 2.328e-06
Round took 2.408e-06
Round took 2.615e-06
Round took 2.32e-06
Round took 2.341e-06
Round took 2.373e-06
Round took 6.885e-06
Round took 2.394e-06
Round took 2.394e-06
Round took 2.386e-06
Round took 2.41e-06
Round took 1.7266e-05
Round took 2.413e-06
Round took 2.401e-06
Round took 2.421e-06
Round took 2.383e-06
Round took 2.353e-06
Round took 2.355e-06
Round took 2.307e-06
Round took 2.397e-06
Round took 2.342e-06
Round took 2.457e-06
Round took 2.342e-06
Round took 8.618e-06
Round took 2.336e-06
Round took 2.353e-06
Round took 2.328e-06
Round took 2.462e-05
Round took 2.326e-06
Round took 2.387e-06
Round took 2.401e-06
Round took 2.829e-06
Round took 2.338e-06
Round took 2.394e-06
Round took 2.336e-06
Round took 1.5442e-05
Round took 2.33e-06
Round took 2.358e-06
Round took 2.328e-06
Round took 7.125e-06
Round took 2.404e-06
Round took 1.4166e-05
Round took 2.538e-06
Round took 2.385e-06
Round took 2.373e-06
Round took 2.404e-06
Round took 2.313e-06
Round took 2.353e-06
Round took 2.362e-06
Round took 2.355e-06
Round took 2.297e-06
Round took 2.369e-06
Round took 2.425e-06
Round took 2.351e-06
Round took 2.382e-06
Round took 2.358e-06
Round took 5.946e-06
Round took 2.426e-06
Round took 2.361e-06
Round took 2.541e-06
Round took 2.4e-06
Round took 2.38e-06
Round took 2.36e-06
Round took 2.392e-06
Round took 2.444e-06
Round took 2.327e-06
Round took 2.303e-06
Round took 2.346e-06
Round took 2.385e-06
Round took 2.42e-06
Round took 2.299e-06
Round took 2.377e-06
Round took 6.885e-06
Round took 2.39e-06
Round took 2.33e-06
Round took 2.355e-06
Round took 2.474e-06
Round took 2.455e-06
Round took 2.455e-06
Round took 2.453e-06
Round took 2.328e-06
Round took 2.429e-06
Round took 2.329e-06
Round took 2.328e-06
Round took 2.338e-06
Round took 2.395e-06
Round took 2.362e-06
Round took 2.389e-06
Round took 2.302e-06
Round took 5.84e-06
Round took 2.359e-06
Round took 2.402e-06
Round took 2.336e-06
Round took 2.634e-06
Round took 2.328e-06
Round took 2.413e-06
Round took 2.34e-06
Round took 2.51e-06
Round took 2.376e-06
Round took 2.32e-06
Round took 2.32e-06
Round took 2.43e-06
Round took 2.389e-06
Round took 6.934e-06
Round took 2.338e-06
Round took 2.406e-06
Round took 2.441e-06
Round took 2.395e-06
Round took 2.352e-06
Round took 2.504e-06
Round took 2.448e-06
Round took 2.353e-06
Round took 2.377e-06
Round took 2.362e-06
Round took 2.471e-06
Round took 2.302e-06
Round took 2.35e-06
Round took 2.35e-06
Round took 2.37e-06
Round took 2.374e-06
Round took 2.348e-06
Round took 2.399e-06
Round took 5.629e-06
Round took 2.332e-06
Round took 2.298e-06
Round took 2.381e-06
Round took 2.596e-06
Round took 2.4e-06
Round took 2.393e-06
Round took 2.395e-06
Round took 2.547e-06
Round took 2.35e-06
Round took 2.345e-06
Round took 2.403e-06
Round took 2.436e-06
Round took 2.363e-06
Round took 2.38e-06
Round took 2.325e-06
Round took 2.367e-06
Round took 6.365e-06
Round took 2.386e-06
Round took 2.355e-06
Round took 2.318e-06
Round took 3.701e-06
Round took 2.483e-06
Round took 2.447e-06
Round took 2.329e-06
Round took 2.373e-06
Round took 2.299e-06
Round took 2.4e-06
Round took 2.339e-06
Round took 3.307e-06
Round took 2.397e-06
Round took 2.401e-06
Round took 2.425e-06
Round took 6.67e-06
Round took 2.321e-06
Round took 2.373e-06
Round took 2.347e-06
Round took 2.404e-06
Round took 2.342e-06
Round took 2.354e-06
Round took 6.1774e-05
Round took 3.225e-06
Round took 2.435e-06
Round took 2.411e-06
Round took 2.382e-06
Round took 2.48e-06
Round took 2.33e-06
Round took 2.339e-06
Round took 2.414e-06
Round took 5.948e-06
Round took 8.978e-06
Round took 2.351e-06
Round took 2.364e-06
Round took 2.366e-06
Round took 2.414e-06
Round took 2.375e-06
Round took 2.347e-06
Round took 2.437e-06
Round took 0.002748972
Round took 3.233e-06
Round took 2.76e-06
Round took 2.565e-06
Round took 2.768e-06
Round took 2.389e-06
Round took 2.388e-06
Round took 2.403e-06
Round took 2.9732e-05
Round took 2.454e-06
Round took 2.386e-06
Round took 2.398e-06
Round took 2.45e-06
Round took 2.395e-06
Round took 2.3e-06
Round took 2.372e-06
Round took 2.534e-06
Round took 2.329e-06
Round took 2.389e-06
Round took 2.381e-06
Round took 2.472e-06
Round took 2.306e-06
Round took 2.33e-06
Round took 2.333e-06
Round took 2.362e-06
Round took 8.344e-06
Round took 2.397e-06
Round took 2.427e-06
Round took 2.325e-06
Round took 2.431e-06
Round took 2.375e-06
Round took 2.372e-06
Round took 2.347e-06
Round took 2.48e-06
Round took 2.36e-06
Round took 2.581e-06
Round took 2.359e-06
Round took 2.453e-06
Round took 2.354e-06
Round took 2.35e-06
Round took 2.394e-06
Round took 8.451e-06
Round took 2.37e-06
Round took 2.334e-06
Round took 2.421e-06
Round took 8.607e-06
Round took 2.327e-06
Round took 2.386e-06
Round took 2.413e-06
Round took 2.491e-06
Round took 2.349e-06
Round took 2.423e-06
Round took 2.413e-06
Round took 2.429e-06
Round took 2.339e-06
Round took 2.374e-06
Round took 2.335e-06
Round took 2.333e-06
Round took 6.403e-06
Round took 2.414e-06
Round took 8.195e-06
Round took 2.348e-06
Round took 2.488e-06
Round took 2.335e-06
Round took 2.367e-06
Round took 3.286e-06
Round took 2.635e-06
Round took 2.502e-06
Round took 2.417e-06
Round took 2.431e-06
Round took 2.453e-06
Round took 2.322e-06
Round took 2.378e-06
Round took 2.334e-06
Round took 7.354e-06
Round took 2.384e-06
Round took 2.347e-06
Round took 2.327e-06
Round took 2.4e-06
Round took 2.347e-06
Round took 5.3744e-05
Round took 2.481e-06
Round took 4.6885e-05
Round took 2.769e-06
Round took 2.382e-06
Round took 2.395e-06
Round took 2.386e-06
Round took 2.376e-06
Round took 2.377e-06
Round took 2.409e-06
Round took 2.367e-06
Round took 8.995e-06
Round took 2.444e-06
Round took 2.36e-06
Round took 2.286e-06
Round took 2.411e-06
Round took 2.357e-06
Round took 2.394e-06
Round took 2.452e-06
Round took 2.436e-06
Round took 2.38e-06
Round took 2.379e-06
Round took 2.413e-06
Round took 2.415e-06
Round took 2.299e-06
Round took 2.324e-06
Round took 2.34e-06
Round took 5.279e-06
Round took 2.388e-06
Round took 2.312e-06
Round took 2.322e-06
Round took 2.406e-06
Round took 2.33e-06
Round took 2.335e-06
Round took 2.355e-06
Round took 2.481e-06
Round took 2.303e-06
Round took 2.309e-06
Round took 2.319e-06
Round took 2.339e-06
Round took 2.343e-06
Round took 2.325e-06
Round took 2.336e-06
Round took 2.323e-06
Round took 8.74e-06
Round took 2.347e-06
Round took 2.299e-06
Round took 2.328e-06
Round took 6.796e-06
Round took 2.361e-06
Round took 2.37e-06
Round took 2.367e-06
Round took 2.362e-06
Round took 2.332e-06
Round took 2.344e-06
Round took 2.367e-06
Round took 2.387e-06
Round took 2.341e-06
Round took 2.321e-06
Round took 2.398e-06
Round took 5.099e-06
Round took 2.374e-06
Round took 2.414e-06
Round took 2.338e-06
Round took 2.421e-06
Round took 2.382e-06
Round took 2.315e-06
Round took 2.398e-06
Round took 2.49e-06
Round took 2.353e-06
Round took 2.297e-06
Round took 2.343e-06
Round took 2.353e-06
Round took 2.403e-06
Round took 2.309e-06
Round took 2.354e-06
Round took 2.345e-06
Round took 8.232e-06
Round took 2.374e-06
Round took 2.382e-06
Round took 2.355e-06
Round took 2.371e-06
Round took 2.306e-06
Round took 2.333e-06
Round took 2.353e-06
Round took 2.48e-06
Round took 2.298e-06
Round took 2.377e-06
Round took 2.332e-06
Round took 2.389e-06
Round took 2.324e-06
Round took 2.327e-06
Round took 2.349e-06
Round took 5.131e-06
Round took 2.36e-06
Round took 2.366e-06
Round took 2.359e-06
Round took 2.426e-06
Round took 2.339e-06
Round took 2.41e-06
Round took 2.3e-06
Round took 2.479e-06
Round took 2.303e-06
Round took 2.331e-06
Round took 2.339e-06
Round took 2.372e-06
Round took 2.403e-06
Round took 2.334e-06
Round took 2.3e-06
Round took 2.354e-06
Round took 5.894e-06
Round took 2.355e-06
Round took 2.314e-06
Round took 2.333e-06
Round took 2.458e-06
Round took 2.452e-06
Round took 6.543e-06
Round took 2.976e-06
Round took 2.584e-06
Round took 2.348e-06
Round took 2.362e-06
Round took 2.366e-06
Round took 2.413e-06
Round took 2.381e-06
Round took 2.375e-06
Round took 2.368e-06
Round took 6.259e-06
Round took 0.000459805
Round took 3.032e-06
Round took 3.592e-06
Round took 2.956e-06
Round took 2.601e-06
Round took 2.471e-06
Round took 2.456e-06
Round took 2.471e-06
Round took 2.323e-06
Round took 2.708e-06
Round took 2.332e-06
Round took 2.37e-06
Round took 2.629e-06
Round took 2.38e-06
Round took 2.378e-06
Round took 2.36e-06
Round took 9.881e-06
Round took 2.381e-06
Round took 2.43e-06
Round took 2.378e-06
Round took 2.4e-06
Round took 2.346e-06
Round took 2.36e-06
Round took 2.36e-06
Round took 2.383e-06
Round took 2.344e-06
Round took 2.362e-06
Round took 2.386e-06
Round took 2.453e-06
Round took 2.401e-06
Round took 2.326e-06
Round took 2.336e-06
Round took 5.328e-06
Round took 2.346e-06
Round took 2.371e-06
Round took 2.306e-06
Round took 2.381e-06
Round took 2.34e-06
Round took 2.374e-06
Round took 2.338e-06
Round took 2.348e-06
Round took 2.362e-06
Round took 2.34e-06
Round took 2.384e-06
Round took 2.438e-06
Round took 2.427e-06
Round took 2.344e-06
Round took 2.323e-06
Round took 2.323e-06
Round took 8.722e-06
Round took 2.429e-06
Round took 2.362e-06
Round took 2.383e-06
Round took 2.407e-06
Round took 2.375e-06
Round took 2.326e-06
Round took 2.41e-06
Round took 2.488e-06
Round took 6.952e-06
Round took 2.407e-06
Round took 2.56e-06
Round took 2.566e-06
Round took 2.437e-06
Round took 2.329e-06
Round took 2.37e-06
Round took 5.216e-06
Round took 2.363e-06
Round took 2.352e-06
Round took 2.339e-06
Round took 2.366e-06
Round took 2.353e-06
Round took 2.313e-06
Round took 2.422e-06
Round took 2.307e-06
Round took 2.47e-06
Round took 2.312e-06
Round took 2.371e-06
Round took 2.329e-06
Round took 2.472e-06
Round took 2.332e-06
Round took 2.335e-06
Round took 2.336e-06
Round took 5.838e-06
Round took 2.421e-06
Round took 2.325e-06
Round took 2.348e-06
Round took 2.423e-06
Round took 2.297e-06
Round took 2.324e-06
Round took 2.329e-06
Round took 2.438e-06
Round took 2.319e-06
Round took 2.354e-06
Round took 2.336e-06
Round took 2.419e-06
Round took 2.307e-06
Round took 2.342e-06
Round took 2.362e-06
Round took 4.983e-06
Round took 2.428e-06
Round took 2.393e-06
Round took 2.325e-06
Round took 2.363e-06
Round took 2.304e-06
Round took 2.308e-06
Round took 2.358e-06
Round took 2.411e-06
Round took 2.52e-06
Round took 2.408e-06
Round took 2.332e-06
Round took 2.322e-06
Round took 2.384e-06
Round took 2.32e-06
Round took 2.383e-06
Round took 2.414e-06
Round took 5.758e-06
Round took 2.356e-06
Round took 2.395e-06
Round took 2.379e-06
Round took 2.366e-06
Round took 2.353e-06
Round took 2.299e-06
Round took 2.355e-06
Round took 2.455e-06
Round took 2.533e-06
Round took 2.333e-06
Round took 5.133e-06
Round took 2.398e-06
Round took 2.363e-06
Round took 2.323e-06
Round took 2.388e-06
Round took 5.284e-06
Round took 2.36e-06
Round took 2.396e-06
Round took 2.388e-06
Round took 2.361e-06
Round took 2.367e-06
Round took 2.305e-06
Round took 2.421e-06
Round took 2.361e-06
Round took 2.579e-06
Round took 1.5653e-05
Round took 2.461e-06
Round took 2.462e-06
Round took 2.462e-06
Round took 2.365e-06
Round took 2.383e-06
Round took 2.317e-06
Round took 1.1954e-05
Round took 2.397e-06
Round took 2.363e-06
Round took 2.349e-06
Round took 2.422e-06
Round took 2.318e-06
Round took 2.383e-06
Test took 187.55764269
Successful: 8758
