Uniform distribution
Round took 0.096552892
Round took 0.071922145
Round took 0.054880858
Round took 0.052273717
Round took 0.051049646
Round took 0.051628447
Round took 0.057071028
Round took 0.046692273
Round took 0.094122551
Round took 0.076914888
Round took 0.101431145
Round took 0.086016221
Round took 0.111405929
Round took 0.099029024
Round took 0.080540961
Round took 0.109633691
Round took 0.066728835
Round took 0.092993856
Round took 0.066832266
Round took 0.087516488
Round took 0.290565766
Round took 0.064238891
Round took 0.061871933
Round took 0.076460316
Round took 0.066395921
Round took 0.073495721
Round took 0.075874708
Round took 0.089919475
Round took 0.072935462
Round took 0.083251893
Round took 0.075329796
Round took 0.066766222
Round took 0.081929502
Round took 0.067337589
Round took 0.069466146
Round took 0.080951139
Round took 0.095123041
Round took 0.235054987
Round took 0.085919318
Round took 0.104167423
Round took 0.070311634
Round took 0.061374164
Round took 0.082965084
Round took 0.093776085
Round took 0.136475406
Round took 0.069810119
Round took 0.119782605
Round took 0.09584498
Round took 0.140425635
Round took 0.103887925
Round took 0.118984685
Round took 0.083754167
Round took 0.09741892
Round took 0.115655698
Round took 0.115698388
Round took 0.127320425
Round took 0.339992836
Round took 0.126723867
Round took 0.074339307
Round took 0.08291315
Round took 0.097350712
Round took 0.095393113
Round took 0.11071105
Round took 0.089424418
Round took 0.111297076
Round took 0.100484241
Round took 0.0941337
Round took 0.086975104
Round took 0.103453251
Round took 0.81354567
Round took 0.147279615
Round took 0.114244515
Round took 0.102197718
Round took 0.095291573
Round took 0.106571112
Round took 0.101200435
Round took 0.108530951
Round took 0.096082959
Round took 0.091641135
Round took 0.108181569
Round took 0.098547005
Round took 0.100266832
Round took 0.115934573
Round took 0.110278291
Round took 0.10433657
Round took 0.102089503
Round took 0.086415757
Round took 0.056323155
Round took 0.085591106
Round took 0.307946792
Round took 0.100057492
Round took 0.096726887
Round took 0.100174179
Round took 0.090262769
Round took 0.082700785
Round took 0.316470295
Round took 0.111158787
Round took 0.312944475
Round took 0.091369375
Round took 0.091786601
Round took 0.091927957
Round took 0.092614629
Round took 0.176181258
Round took 0.817672542
Round took 0.137638616
Round took 0.138888881
Round took 0.367565186
Round took 0.120415877
Round took 0.132203118
Round took 0.109758141
Round took 0.112021953
Round took 0.113734221
Round took 0.116037466
Round took 1.328428007
Round took 0.112295461
Round took 0.118739844
Round took 0.106308526
Round took 0.190496853
Round took 0.099903707
Round took 0.110671078
Round took 0.318073573
Round took 0.108458024
Round took 0.107563217
Round took 0.313905464
Round took 0.101620277
Round took 0.098983133
Round took 0.095990184
Round took 0.812105986
Round took 0.818092126
Round took 0.109693468
Round took 0.334129058
Round took 0.101530736
Round took 0.105994569
Round took 0.125880841
Round took 0.189031717
Round took 0.142447481
Round took 0.140129518
Round took 0.137267174
Round took 0.826951702
Round took 0.097365954
Round took 0.110206679
Round took 0.122644299
Round took 0.102945024
Round took 1.324871786
Round took 0.120873935
Round took 0.117998527
Round took 0.102086962
Round took 0.098333979
Round took 0.09994424
Round took 0.095151823
Round took 0.313682289
Round took 1.820823486
Round took 0.095733241
Round took 0.31293759
Round took 0.112054337
Round took 0.131921285
Round took 0.138870237
Round took 0.864736616
Round took 0.354478488
Round took 0.151512821
Round took 0.145056796
Round took 0.095768648
Round took 0.107526957
Round took 0.326105319
Round took 0.09348801
Round took 0.100814879
Round took 0.324920559
Round took 0.102911669
Round took 0.099500911
Round took 0.326991451
Round took 0.103787307
Round took 0.100564064
Round took 0.825258845
Round took 0.092835622
Round took 1.324515769
Round took 0.095474472
Round took 0.103756999
Round took 0.094245131
Round took 0.087895553
Round took 0.096618654
Round took 0.095104505
Round took 0.089485703
Round took 3.830744844
Round took 0.083010626
Round took 0.08484503
Round took 0.092424026
Round took 0.081362846
Round took 0.08262183
Round took 0.087162357
Round took 0.083257617
Round took 0.081750085
Round took 0.292272115
Round took 0.081698059
Round took 0.102112659
Round took 0.110009159
Round took 0.125877188
Round took 0.115785924
Round took 0.084601879
Round took 0.091647569
Round took 0.088351071
Round took 0.086556345
Round took 0.092359166
Round took 0.307344222
Round took 0.083766341
Round took 0.086993498
Round took 0.091293779
Round took 0.08633901
Round took 0.091829336
Round took 0.802828421
Round took 1.303406457
Round took 0.089642517
Round took 0.088703758
Round took 0.800244128
Round took 0.294909724
Round took 0.106351754
Round took 0.092547859
Round took 0.091857595
Round took 0.100003216
Round took 0.05291463
Round took 0.100508611
Round took 0.08768305
Round took 0.088727185
Round took 0.088375752
Round took 0.292670036
Round took 0.087624435
Round took 0.09259768
Round took 0.099015067
Round took 0.291747591
Round took 0.096237213
Round took 0.108038704
Round took 0.084744737
Round took 0.099126594
Round took 0.316811309
Round took 0.104765111
Round took 0.092836839
Round took 0.099052861
Round took 0.120285983
Round took 0.093478817
Round took 0.093569528
Round took 0.102212457
Round took 0.09769583
Round took 0.095380874
Round took 0.304283908
Round took 0.099540792
Round took 0.097471289
Round took 0.097348508
Round took 0.807893103
Round took 0.091219241
Round took 0.31197049
Round took 0.104136205
Round took 0.086456722
Round took 0.112075458
Round took 0.106465913
Round took 0.112371742
Round took 0.346898545
Round took 0.30273237
Round took 0.101338519
Round took 0.10466083
Round took 0.118168029
Round took 0.107406109
Round took 0.097765195
Round took 0.111282357
Round took 0.806817247
Round took 0.089252277
Round took 0.092404949
Round took 0.083331065
Round took 0.80855368
Round took 0.10035357
Round took 0.10408403
Round took 0.09670448
Round took 0.097314145
Round took 0.085492143
Round took 0.090244303
Round took 1.313124419
Round took 0.101396422
Round took 0.31131272
Round took 0.096391644
Round took 0.095817705
Round took 0.101651193
Round took 0.102757644
Round took 0.100319854
Round took 0.104044583
Round took 0.309003907
Round took 0.109302411
Round took 0.091999463
Round took 0.097332943
Round took 0.102234334
Round took 0.097397265
Round took 0.092819798
Round took 0.313598536
Round took 0.311045135
Round took 0.808892516
Round took 0.09273469
Round took 0.089075975
Round took 0.088004685
Round took 0.847783635
Round took 0.113030139
Round took 0.329366049
Round took 0.085427579
Round took 0.300758779
Round took 0.095817961
Round took 0.0808078
Round took 0.08222921
Round took 0.087481608
Round took 0.096747251
Round took 0.086179825
Round took 0.806393246
Round took 0.083037286
Round took 0.108203049
Round took 0.104294985
Round took 0.082683578
Round took 0.333871489
Round took 0.100676696
Round took 0.08586099
Round took 0.133659734
Round took 0.083814027
Round took 0.316677409
Round took 0.073625215
Round took 0.090650447
Round took 0.085628057
Round took 0.093650127
Round took 0.308461904
Round took 0.083953104
Round took 0.091717507
Round took 0.099501733
Round took 0.094802374
Round took 1.306553262
Round took 0.090081874
Round took 0.085896045
Round took 0.307897547
Round took 0.08337477
Round took 0.095806494
Round took 0.087825038
Round took 0.125587098
Round took 0.159052527
Round took 0.082804188
Round took 0.08691593
Round took 0.092208961
Round took 0.086632952
Round took 0.090146008
Round took 0.080097319
Round took 0.809915168
Round took 0.105356291
Round took 0.302086936
Round took 0.119595823
Round took 0.094499101
Round took 0.088999512
Round took 0.086314676
Round took 0.080316438
Round took 0.093437873
Round took 0.079973438
Round took 0.081756588
Round took 0.084802606
Round took 0.296050402
Round took 0.08381783
Round took 0.087699674
Round took 0.30252959
Round took 0.103287164
Round took 0.128726497
Round took 0.301096264
Round took 0.089993019
Round took 0.087299366
Round took 0.081141362
Round took 0.086810615
Round took 0.095084425
Round took 0.084523075
Round took 0.104553331
Round took 0.098371902
Round took 0.115151631
Round took 0.308835596
Round took 0.096015552
Round took 0.092880668
Round took 0.081905089
Round took 0.090563277
Round took 0.088539887
Round took 0.103053108
Round took 0.082289129
Round took 0.079803249
Round took 0.051406826
Round took 1.307411219
Round took 0.125897296
Round took 0.083289054
Round took 0.091912348
Round took 0.093112922
Round took 0.103578602
Round took 0.330625734
Round took 0.108623374
Round took 0.093817697
Round took 0.081618903
Round took 0.302308369
Round took 0.094592724
Round took 0.085136835
Round took 1.811462182
Round took 0.099013583
Round took 0.097950066
Round took 0.101304538
Round took 0.092805406
Round took 0.106911043
Round took 0.113986697
Round took 0.309193393
Round took 0.098502222
Round took 0.087892657
Round took 0.470348056
Round took 0.310812944
Round took 0.103779055
Round took 0.096952103
Round took 0.11098694
Round took 0.103969947
Round took 0.314432475
Round took 0.101380685
Round took 0.312197055
Round took 0.120707581
Round took 0.305566215
Round took 0.093724076
Round took 1.333494773
Round took 0.100427671
Round took 0.102086772
Round took 0.102103771
Round took 1.818718605
Round took 0.099535731
Round took 0.091294986
Round took 0.100835244
Round took 0.096522556
Round took 0.117744939
Round took 0.103732695
Round took 0.106682892
Round took 0.308638484
Round took 0.093933359
Round took 0.093235492
Round took 0.098435251
Round took 0.309218115
Round took 0.30998897
Round took 0.098289782
Round took 0.093187885
Round took 0.11401501
Round took 0.090254197
Round took 0.403889283
Round took 0.81579119
Round took 0.818343376
Round took 0.107671167
Round took 0.111585719
Round took 0.127777143
Round took 0.323902217
Round took 0.102246437
Round took 0.095972583
Round took 0.316172154
Round took 0.097747092
Round took 0.117472694
Round took 0.31737933
Round took 0.821882388
Round took 0.092601594
Round took 0.102373703
Round took 0.09231956
Round took 0.096770441
Round took 0.091445131
Round took 0.086508021
Round took 0.087129449
Round took 0.301594084
Round took 0.306162579
Round took 0.304252028
Round took 0.30419695
Round took 0.085364484
Round took 0.092125844
Round took 0.088029874
Round took 0.092627691
Round took 0.093910972
Round took 0.088053738
Round took 1.328780063
Round took 0.101542947
Round took 0.097318645
Round took 0.091351878
Round took 0.090748731
Round took 0.095518494
Round took 0.092729179
Round took 0.092453198
Round took 0.308897907
Round took 0.101025614
Round took 0.810756444
Round took 0.097385733
Round took 0.083642067
Round took 0.085499639
Round took 0.09017002
Round took 0.089046204
Round took 0.095318994
Round took 0.088066819
Round took 0.097895347
Round took 0.101755984
Round took 0.091255028
Round took 0.095184843
Round took 0.086726562
Round took 0.08897452
Round took 0.083784533
Round took 0.089538268
Round took 0.078110754
Round took 0.082461862
Round took 0.090941639
Round took 0.088760212
Round took 0.088846947
Round took 0.084650227
Round took 0.097007302
Round took 0.096844457
Round took 0.090109714
Round took 0.096320053
Round took 0.088445823
Round took 0.106699954
Round took 0.089195218
Round took 0.089765441
Round took 0.08603959
Round took 0.084080635
Round took 0.083520842
Round took 0.302350942
Round took 0.319174444
Round took 0.095449982
Round took 0.076227435
Round took 0.091668193
Round took 0.094865606
Round took 0.091746072
Round took 0.100875688
Round took 0.093730995
Round took 0.087385705
Round took 0.801132986
Round took 0.078982674
Round took 0.306302876
Round took 0.091335625
Round took 0.092951807
Round took 0.150253196
Round took 0.107676738
Round took 0.086452346
Round took 0.090575273
Round took 0.08831853
Round took 0.087485884
Round took 0.082841507
Round took 0.289886106
Round took 0.298716938
Round took 0.086193124
Round took 0.307403688
Round took 0.091132917
Round took 0.29887049
Round took 0.078411043
Round took 0.090036438
Round took 0.090001551
Round took 0.350038471
Round took 0.081434043
Round took 2.317809519
Round took 0.092763524
Round took 2.8444628979999997
Round took 0.095709864
Round took 0.080206566
Round took 0.077546973
Round took 1.813655784
Round took 0.075272462
Round took 0.090093883
Round took 0.161213221
Round took 0.296257524
Round took 1.809306707
Round took 0.061236236
Round took 2.819587061
Round took 0.094307504
Round took 0.293177415
Round took 0.079400185
Round took 0.092246437
Round took 0.102173436
Round took 0.316010922
Round took 0.120287027
Round took 0.300047235
Round took 0.101100871
Round took 0.078420708
Round took 0.099973533
Round took 0.091352337
Round took 0.302417123
Round took 0.530435633
Round took 0.108233531
Round took 0.313990417
Round took 0.11028462
Round took 0.084893963
Round took 0.084931459
Round took 0.082252933
Round took 0.0793409
Round took 0.095326871
Round took 0.092035665
Round took 0.118140706
Round took 0.09239104
Round took 0.077254704
Round took 0.086359519
Round took 0.084880083
Round took 0.091529388
Round took 0.079511562
Round took 0.092546745
Round took 0.084207813
Round took 0.093215755
Round took 0.328913389
Round took 0.334318644
Round took 0.097394663
Round took 0.089742025
Round took 0.083524604
Round took 0.094258483
Round took 0.08726562
Round took 0.082932023
Round took 0.095776394
Round took 1.3044999609999999
Round took 0.090874029
Round took 0.088727255
Round took 0.084569487
Round took 0.094432832
Round took 0.09723626
Round took 0.30816917
Round took 0.10225486
Round took 0.097631261
Round took 0.099641689
Round took 0.087523488
Round took 0.081791493
Round took 0.089347975
Round took 1.308523877
Round took 0.094468868
Round took 0.091772271
Round took 0.092516864
Round took 0.090224267
Round took 0.102548871
Round took 0.101741005
Round took 0.306079973
Round took 0.303617572
Round took 0.087160591
Round took 0.096816491
Round took 0.303216751
Round took 0.097155731
Round took 0.089573813
Round took 0.094203052
Round took 0.091893522
Round took 0.09059271
Round took 0.306716482
Round took 0.097769973
Round took 0.088948228
Round took 0.101874092
Round took 0.312503187
Round took 0.10057094
Round took 0.103192245
Round took 0.102815884
Round took 0.101556519
Round took 0.309948046
Round took 0.31064286
Round took 0.078271727
Round took 0.097067462
Round took 0.090520788
Round took 0.101428917
Round took 1.8221874009999999
Round took 0.100817643
Round took 0.313645817
Round took 0.097449999
Round took 0.089999585
Round took 0.090317816
Round took 0.305215203
Round took 0.100409683
Round took 0.2995874
Round took 0.11795192
Round took 0.103896943
Round took 0.059748151
Round took 0.098685023
Round took 0.319795258
Round took 0.103461799
Round took 0.107136768
Round took 0.097063874
Round took 0.112973705
Round took 0.102377756
Round took 0.11193811
Round took 0.108124109
Round took 0.107827846
Round took 0.096878413
Round took 0.102359563
Round took 0.314843716
Round took 0.820067789
Round took 0.099703006
Round took 0.103564622
Round took 0.104293985
Round took 0.100475919
Round took 0.091077494
Round took 1.8309022320000001
Round took 0.31756828
Round took 0.096118119
Round took 0.093878213
Round took 0.087810058
Round took 0.096746501
Round took 0.316269014
Round took 0.309859158
Round took 0.104789353
Round took 0.107504743
Round took 0.107496513
Round took 0.103721078
Round took 0.101292065
Round took 0.107228133
Round took 0.108201029
Round took 0.101690618
Round took 0.104493086
Round took 0.316899038
Round took 1.32504276
Round took 3.336929932
Round took 0.096262641
Round took 0.31320239
Round took 0.100742792
Round took 0.101423123
Round took 0.097677611
Round took 0.091020916
Round took 0.101999814
Round took 0.099355521
Round took 0.816004659
Round took 0.312919255
Round took 0.09790361
Round took 0.106925222
Round took 0.092056831
Round took 0.060670522
Round took 0.092327689
Round took 0.098989577
Round took 0.098743249
Round took 0.084449296
Round took 0.098657776
Round took 0.1001722
Round took 0.093701658
Round took 1.314958257
Round took 0.309767948
Round took 0.103343015
Round took 0.092565141
Round took 1.827741928
Round took 0.095417709
Round took 0.091018863
Round took 0.100838687
Round took 0.086393174
Round took 0.100469612
Round took 0.087528571
Round took 0.087291989
Round took 0.08874374
Round took 0.806833524
Round took 0.801226432
Round took 0.305468497
Round took 0.807315169
Round took 0.094737181
Round took 0.086717815
Round took 0.661196927
Round took 0.841820558
Round took 0.11820626
Round took 0.088431153
Round took 0.831344086
Round took 0.090721623
Round took 0.311177059
Round took 0.091118454
Round took 0.102664468
Round took 0.084013993
Round took 0.082632259
Round took 0.126371772
Round took 0.087268397
Round took 0.090646161
Round took 0.38855055
Round took 0.087716305
Round took 0.087420018
Round took 0.105845739
Round took 0.102216986
Round took 0.085558478
Round took 0.281432412
Round took 0.08713757
Round took 0.35215753
Round took 0.082150593
Round took 0.095977669
Round took 0.322615698
Round took 0.084750051
Round took 0.115826999
Round took 0.08178187
Round took 0.088933324
Round took 0.10175115
Round took 0.805071742
Round took 0.114024184
Round took 0.089672179
Round took 0.809017857
Round took 0.099255078
Round took 0.358126535
Round took 0.091099891
Round took 0.089093636
Round took 0.303858931
Round took 0.306584169
Round took 0.098417461
Round took 0.105277604
Round took 0.313342588
Round took 0.827566983
Round took 0.094666507
Round took 0.10159176
Round took 0.085545099
Round took 1.825355286
Round took 0.306333592
Round took 0.084371277
Round took 0.085502621
Round took 0.083409379
Round took 0.303774467
Round took 0.087695783
Round took 0.092127075
Round took 0.08800916
Round took 0.07637925
Round took 0.097875707
Round took 0.084360183
Round took 0.080890916
Round took 0.082084753
Round took 0.275850554
Round took 0.328627099
Round took 1.3030671950000001
Round took 0.07989623
Round took 0.086302077
Round took 0.299397152
Round took 0.30066196
Round took 0.088355734
Round took 0.104859689
Round took 0.083425453
Round took 0.083017051
Round took 0.058450573
Round took 0.801594525
Round took 1.306791013
Round took 0.293580903
Round took 0.097083725
Round took 0.080253489
Round took 1.309893093
Round took 0.080352322
Round took 0.08340981
Round took 0.314111364
Round took 0.097249856
Round took 0.071678866
Round took 0.084384862
Round took 0.081690432
Round took 0.109980461
Round took 0.083837412
Round took 0.096334774
Round took 0.084330458
Round took 0.085630813
Round took 0.11743835
Round took 0.098441762
Round took 0.367669646
Round took 0.114156054
Round took 0.108109664
Round took 0.165988572
Round took 0.095727567
Round took 0.096782445
Round took 0.103103359
Round took 0.094500792
Round took 0.115246076
Round took 0.087255884
Round took 0.305504844
Round took 0.114944449
Round took 0.314794658
Round took 0.082894015
Round took 0.081236656
Round took 0.077017322
Round took 0.090573106
Round took 0.137701523
Round took 0.082744146
Round took 0.097306509
Round took 0.077553903
Round took 0.298102795
Round took 0.08810644
Round took 0.08900721
Round took 0.098909373
Round took 0.091274439
Round took 0.303653475
Round took 0.30080867
Round took 0.111461672
Round took 0.096778975
Round took 0.311092481
Round took 0.100137889
Round took 1.309151401
Round took 0.300748502
Round took 0.110434524
Round took 0.091483971
Round took 0.086927381
Round took 0.087489815
Round took 0.087420419
Round took 0.11041983
Round took 1.312066752
Round took 0.087120168
Round took 0.333927915
Round took 0.08700449
Round took 0.095743208
Round took 0.092323975
Round took 0.090917292
Round took 0.096678193
Round took 2.30735377
Round took 0.094742022
Round took 0.084759112
Round took 0.301772504
Round took 0.083470195
Round took 0.091705481
Round took 0.100977157
Round took 0.094085054
Round took 0.081836153
Round took 0.297109468
Round took 0.083311778
Round took 0.265186025
Round took 0.07535666
Round took 0.10703053
Round took 0.144144331
Round took 0.086089696
Round took 0.802971407
Round took 0.092762684
Round took 0.318088471
Round took 0.124843047
Round took 0.37439958
Round took 0.114788775
Round took 0.115581638
Error when reading: read tcp 172.31.54.117:55954->172.31.48.98:7070: read: connection timed out
Error when reading: read tcp 172.31.54.117:53714->172.31.63.49:7070: read: connection timed out
Error when reading: read tcp 172.31.54.117:49854->172.31.55.252:7070: read: connection timed out
Error when reading: EOF
Error when reading: EOF
Error when reading: EOF
Round took 7.817477425
Error when reading: EOF
Error when reading: EOF
Error when reading: EOF
Error when reading: EOF
Error when reading: EOF
Error when reading: EOF
Round took 0.108602213
Error when reading: EOF
Error when reading: EOF
Error when reading: EOF
Error when reading: EOF
Error when reading: EOF
Round took 0.107647034
Error when reading: EOF
Error when reading: EOF
Round took 0.105039374
Error when reading: EOF
Error when reading: EOF
Round took 2.2584e-05
Round took 2.62e-07
Round took 6.535e-06
Round took 0
Round took 6.246e-06
Round took 0
Round took 7.584e-06
Round took 2.72e-06
Round took 1.657e-06
Round took 2.6829e-05
Round took 2.815e-06
Round took 2.153e-06
Round took 1.219e-06
Round took 7.962e-06
Round took 4.972e-06
Round took 4.954e-06
Round took 2.734e-06
Round took 3.911e-06
Round took 2.855e-06
Round took 0
Round took 7.299e-06
Round took 2.495e-06
Round took 2.709e-06
Round took 3.944e-06
Round took 4.848e-06
Round took 7.158e-06
Round took 0
Round took 2.712e-06
Round took 7.422e-06
Round took 2.492e-06
Round took 5.277e-05
Round took 1.2823e-05
Round took 3.087e-06
Round took 8.992e-06
Round took 2.097e-06
Round took 2.986e-06
Round took 6.285e-06
Round took 4.122e-06
Round took 0
Round took 7.622e-06
Round took 3.098e-06
Round took 2.883e-06
Round took 1.3594e-05
Round took 4.792e-06
Round took 0
Round took 2.648e-06
Round took 9.973e-06
Round took 2.629e-06
Round took 2.38e-06
Round took 6.118e-06
Round took 2.93e-06
Round took 1.0512e-05
Round took 2.92e-06
Round took 2.875e-06
Round took 7.606e-06
Round took 2.894e-06
Round took 6.4e-07
Round took 2.933e-06
Round took 7.011e-06
Round took 1.288e-06
Round took 2.6507e-05
Round took 2.395e-06
Round took 2.488e-06
Round took 9.865e-06
Round took 2.571e-06
Round took 0.000113311
Round took 2.297e-06
Round took 5.293e-06
Round took 1.0539e-05
Round took 2.907e-06
Round took 2.419e-06
Round took 2.254e-06
Round took 2.894e-06
Round took 1.077e-05
Round took 2.899e-06
Round took 8.168e-06
Round took 2.933e-06
Round took 2.901e-06
Round took 2.525e-06
Round took 2.408e-06
Round took 2.337e-06
Round took 2.869e-06
Round took 2.393e-06
Round took 2.414e-06
Round took 2.989e-06
Round took 2.4e-06
Round took 2.379e-06
Round took 2.366e-06
Round took 8.691e-06
Round took 2.473e-06
Round took 5.104e-06
Round took 2.38e-05
Round took 2.879e-06
Round took 8.878e-06
Round took 2.892e-06
Round took 1.0392e-05
Round took 2.947e-06
Round took 2.875e-06
Round took 2.878e-06
Round took 2.122e-06
Round took 3.429e-06
Round took 3.511e-06
Round took 2.298e-06
Round took 6.371e-06
Round took 7.132e-06
Round took 4.988e-06
Round took 0
Round took 0.000105482
Round took 6.674e-06
Round took 0
Round took 0
Round took 2.032e-06
Round took 1.91e-06
Round took 0
Round took 0
Round took 4.7577e-05
Round took 8.855e-06
Round took 2.458e-06
Round took 2.201e-06
Round took 6.605e-06
Round took 7.921e-06
Round took 2.448e-06
Round took 2.526e-06
Round took 2.465e-06
Round took 2.493e-06
Round took 6.84e-06
Round took 0
Round took 6.691e-06
Round took 2.67e-06
Round took 2.793e-06
Round took 2.377e-06
Round took 2.432e-06
Round took 2.539e-06
Round took 4.785e-05
Round took 2.615e-06
Round took 2.475e-06
Round took 1.2379e-05
Round took 2.614e-06
Round took 2.449e-06
Round took 2.443e-06
Round took 2.392e-06
Round took 8.725e-06
Round took 2.862e-06
Round took 2.427e-06
Round took 2.377e-06
Round took 2.536e-06
Round took 2.361e-06
Round took 2.415e-06
Round took 2.376e-06
Round took 2.551e-06
Round took 2.427e-06
Round took 2.482e-06
Round took 2.384e-06
Round took 3.04e-06
Round took 2.578e-06
Round took 2.466e-06
Round took 2.428e-06
Round took 1.3478e-05
Round took 6.818e-06
Round took 2.41e-06
Round took 2.438e-06
Round took 2.4e-06
Round took 2.518e-06
Round took 2.5825e-05
Round took 2.491e-06
Round took 2.496e-06
Round took 2.543e-06
Round took 2.441e-06
Round took 2.496e-06
Round took 9.82e-07
Round took 1.0939e-05
Round took 2.398e-06
Round took 2.493e-06
Round took 2.592e-06
Round took 3.9539e-05
Round took 2.459e-06
Round took 2.009e-06
Round took 2.402e-06
Round took 2.618e-06
Round took 2.435e-06
Round took 2.398e-06
Round took 2.432e-06
Round took 2.525e-06
Round took 9.393e-06
Round took 2.425e-06
Round took 1.531e-05
Round took 2.774e-06
Round took 2.421e-06
Round took 2.479e-06
Round took 2.497e-06
Round took 2.466e-06
Round took 6.414e-06
Round took 8.565e-06
Round took 2.4e-06
Round took 2.413e-06
Round took 2.458e-06
Round took 2.406e-06
Round took 3.378e-05
Round took 2.49e-06
Round took 2.622e-06
Round took 9.522e-06
Round took 1.1767e-05
Round took 2.387e-06
Round took 2.522e-06
Round took 1.3763e-05
Round took 2.455e-06
Round took 2.3563e-05
Round took 8.284e-06
Round took 2.507e-06
Round took 8.918e-06
Round took 2.425e-06
Round took 2.491e-06
Round took 1.7542e-05
Round took 2.456e-06
Round took 6.405e-06
Round took 7.923e-06
Round took 8.735e-06
Round took 2.447e-06
Round took 2.406e-06
Round took 2.403e-06
Round took 2.413e-06
Round took 2.432e-06
Round took 2.441e-06
Round took 2.449e-06
Round took 7.097e-06
Round took 2.624e-06
Round took 2.5e-06
Round took 2.488e-06
Round took 2.555e-06
Round took 2.396e-06
Round took 2.38e-06
Round took 2.526e-06
Round took 8.128e-06
Round took 2.411e-06
Round took 2.371e-06
Round took 2.414e-06
Round took 2.47e-06
Round took 2.473e-05
Round took 2.628e-06
Round took 2.449e-06
Round took 7.598e-06
Round took 2.426e-06
Round took 2.403e-06
Round took 7.836e-06
Round took 2.558e-06
Round took 2.399e-06
Round took 2.421e-06
Round took 2.416e-06
Round took 2.475e-06
Round took 2.415e-06
Round took 2.394e-06
Round took 2.375e-06
Round took 2.389e-06
Round took 2.798e-06
Round took 2.424e-06
Round took 2.517e-06
Round took 2.422e-06
Round took 5.805e-06
Round took 2.437e-06
Round took 2.396e-06
Round took 2.374e-06
Round took 2.458e-06
Round took 2.397e-06
Round took 2.368e-06
Round took 2.422e-06
Round took 2.465e-06
Round took 2.434e-06
Round took 2.392e-06
Round took 2.424e-06
Round took 2.465e-06
Round took 2.0693e-05
Round took 2.457e-06
Round took 2.402e-06
Round took 1.1987e-05
Round took 2.517e-06
Round took 2.374e-06
Round took 2.408e-06
Round took 2.429e-06
Round took 2.427e-06
Round took 2.35e-06
Round took 2.389e-06
Round took 2.409e-06
Round took 2.416e-06
Round took 2.366e-06
Round took 2.378e-06
Round took 2.676e-06
Round took 2.521e-06
Round took 2.426e-06
Round took 2.402e-06
Round took 2.391e-06
Round took 5.746e-06
Round took 2.391e-06
Round took 2.407e-06
Round took 2.363e-06
Round took 2.469e-06
Round took 2.374e-06
Round took 2.378e-06
Round took 2.374e-06
Round took 2.711e-06
Round took 2.371e-06
Round took 2.39e-06
Round took 2.346e-06
Round took 2.1418e-05
Round took 2.566e-06
Round took 2.379e-06
Round took 2.399e-06
Round took 9.768e-06
Round took 2.453e-06
Round took 2.398e-06
Round took 2.419e-06
Round took 2.518e-06
Round took 2.381e-06
Round took 2.436e-06
Round took 2.392e-06
Round took 2.424e-06
Round took 2.4e-06
Round took 2.419e-06
Round took 2.373e-06
Round took 2.1e-05
Round took 2.547e-06
Round took 2.422e-06
Round took 2.413e-06
Round took 2.389e-06
Round took 5.811e-06
Round took 2.428e-06
Round took 2.392e-06
Round took 2.399e-06
Round took 2.469e-06
Round took 2.473e-06
Round took 2.401e-06
Round took 2.422e-06
Round took 6.981e-06
Round took 2.45e-06
Round took 2.392e-06
Round took 2.37e-06
Round took 2.431e-06
Round took 2.401e-06
Round took 2.497e-06
Round took 7.1728e-05
Round took 9.034e-06
Round took 2.474e-06
Round took 5.627e-06
Round took 2.446e-06
Round took 2.526e-06
Round took 2.403e-06
Round took 2.403e-06
Round took 2.41e-06
Round took 2.444e-06
Round took 2.456e-06
Round took 2.426e-06
Round took 2.427e-06
Round took 2.52e-06
Round took 2.68e-06
Round took 2.482e-06
Round took 2.431e-06
Round took 2.532e-06
Round took 1.3407e-05
Round took 2.421e-06
Round took 2.494e-06
Round took 2.374e-06
Round took 2.449e-06
Round took 2.398e-06
Round took 8.202e-06
Round took 2.417e-06
Round took 2.585e-06
Round took 1.6042e-05
Round took 2.451e-06
Round took 2.447e-06
Round took 2.489e-06
Round took 2.375e-06
Round took 2.515e-06
Round took 2.419e-06
Round took 1.1017e-05
Round took 2.512e-06
Round took 2.433e-06
Round took 2.7363e-05
Round took 2.601e-06
Round took 1.0422e-05
Round took 8.911e-06
Round took 2.037e-06
Round took 4.998e-06
Round took 2.501e-06
Round took 0.000108661
Round took 7.753e-06
Round took 0
Round took 2.707e-06
Round took 2.881e-06
Round took 2.634e-06
Round took 3.85e-06
Round took 3.0388e-05
Round took 2.612e-06
Round took 1.2e-06
Round took 1.996e-06
Round took 3.429e-06
Round took 4.223e-06
Round took 3.233e-06
Round took 0
Round took 2.8337e-05
Round took 1.362e-06
Round took 1.88e-06
Round took 9.36e-07
Round took 7.117e-06
Round took 3.961e-06
Round took 1.634e-06
Round took 2.969e-06
Round took 8.783e-06
Round took 7.614e-06
Round took 6.689e-06
Round took 0
Round took 3.2945e-05
Round took 2.198e-06
Round took 6.875e-06
Round took 2.664e-06
Round took 2.512e-06
Round took 3.365e-06
Round took 6.072e-06
Round took 8.18e-07
Round took 0
Round took 2.56e-06
Round took 6.992e-06
Round took 5.934e-06
Round took 1.53e-06
Round took 1.0449e-05
Round took 2.5527e-05
Round took 0
Round took 2.299e-06
Round took 0
Round took 1.214e-06
Round took 0
Round took 2.44e-06
Round took 5.77e-06
Round took 3.01e-07
Round took 4.097e-06
Round took 6.851e-06
Round took 4.417e-06
Round took 3.569e-06
Round took 0
Round took 0
Round took 2.0712e-05
Round took 1.3049e-05
Round took 0
Round took 6.369e-06
Round took 0
Round took 6.84e-07
Round took 6.827e-06
Round took 4.347e-06
Round took 0
Round took 3.417e-06
Round took 0
Round took 3.526e-06
Round took 2.19e-06
Round took 3.1e-06
Round took 2.984e-06
Round took 0
Round took 0
Round took 1.0388e-05
Round took 2.468e-06
Round took 1.622e-06
Round took 4.43e-06
Round took 3.245e-06
Round took 1.183e-06
Round took 2.369e-06
Round took 1.61e-06
Round took 3.481e-06
Round took 8.75e-07
Round took 3.048e-06
Round took 4.3235e-05
Round took 3.843e-06
Round took 0
Round took 7.052e-06
Round took 1.6272e-05
Round took 1.329e-06
Round took 1.5985e-05
Round took 1.1232e-05
Round took 0.00035262
Round took 2.793e-06
Round took 0
Round took 4.464e-06
Round took 1.2871e-05
Round took 5.639e-06
Round took 1.85e-06
Round took 6.52e-06
Round took 1.367e-06
Round took 5.061e-06
Round took 1.286e-06
Round took 3.5191e-05
Round took 3.554e-06
Round took 7.016e-06
Round took 0.002002596
Round took 2.902e-06
Round took 6.93e-06
Round took 1.411e-06
Round took 6.3762e-05
Round took 0
Round took 1.9901e-05
Round took 2.601e-06
Round took 0
Round took 7.247e-06
Round took 8.237e-06
Round took 0
Round took 0
Round took 0
Round took 3.576e-06
Round took 0
Round took 9.52e-07
Round took 1.3319e-05
Round took 2.097e-06
Round took 2.488e-06
Round took 1.2713e-05
Round took 2.505e-06
Round took 3.34e-06
Round took 7.206e-05
Round took 3.178e-06
Round took 1.726e-06
Round took 3.761e-06
Round took 3.277e-06
Round took 1.906e-06
Round took 2.542e-06
Round took 1.3085e-05
Round took 0
Round took 8.1103e-05
Round took 1.306e-06
Round took 1.6887e-05
Round took 5.661e-06
Round took 2.85e-07
Round took 0
Round took 2.563e-06
Round took 7.071e-06
Round took 3.3668e-05
Round took 1.739e-06
Round took 0
Round took 0
Round took 1.2104e-05
Round took 1.514e-06
Round took 2.524e-06
Round took 3.21e-07
Round took 2.427e-06
Round took 5.968e-06
Round took 5.8582e-05
Round took 4.8056e-05
Round took 1.38e-07
Round took 2.528e-06
Round took 4.8649e-05
Round took 1.471e-05
Round took 4.903e-06
Round took 1.341e-06
Round took 5.1396e-05
Round took 1.1041e-05
Round took 6.486e-06
Round took 0
Round took 0
Round took 6.178e-06
Round took 7.04e-07
Round took 2.553e-06
Round took 3.344e-06
Round took 2.982e-06
Round took 0
Round took 5.688e-06
Round took 7.343e-06
Round took 2.498e-06
Round took 2.909e-06
Round took 7.326e-06
Round took 0
Round took 0
Round took 0
Round took 1.516e-06
Round took 2.586e-06
Round took 1.0481e-05
Round took 3.528e-06
Round took 6.381e-06
Round took 5.08e-06
Round took 1.5548e-05
Round took 2.9641e-05
Round took 0
Round took 6.148e-06
Round took 6.041e-06
Round took 3.385e-06
Round took 0
Round took 1.547e-06
Round took 6.96e-06
Round took 7.768e-06
Round took 1.1489e-05
Round took 5.389e-06
Round took 1.402e-06
Round took 5.591e-06
Round took 1.554e-06
Round took 1.079e-05
Round took 6.581e-06
Round took 7.799e-06
Round took 4.881e-06
Round took 0
Round took 1.0509e-05
Round took 4.553e-06
Round took 3.469e-06
Round took 0
Round took 3.827e-06
Round took 2.32e-07
Round took 2.4e-06
Round took 2.467e-06
Round took 0
Round took 0
Round took 2.488e-06
Round took 2.9e-06
Round took 0
Round took 2.413e-06
Round took 9.113e-06
Round took 3.026e-06
Round took 0
Round took 2.471e-06
Round took 0
Round took 2.344e-06
Round took 1.8416e-05
Round took 1.315e-06
Round took 6.408e-06
Round took 4.293e-05
Round took 0
Round took 2.53e-06
Round took 6.395e-06
Round took 2.664e-06
Round took 4.936e-06
Round took 0
Round took 6.916e-06
Round took 3.04e-06
Round took 1.409e-06
Round took 2.492e-06
Round took 1.246e-06
Round took 0
Round took 0
Round took 2.4e-06
Round took 2.48e-06
Round took 6.07e-07
Round took 5.38e-06
Round took 3.185e-06
Round took 2.633e-06
Round took 1.002e-06
Round took 2.654e-06
Round took 2.839e-06
Round took 8.01e-07
Round took 5.323e-06
Round took 1.618e-06
Round took 0
Round took 2.431e-06
Round took 0
Round took 4.145e-06
Round took 4.39e-06
Round took 6.41e-06
Round took 1.15e-06
Round took 3.955e-06
Round took 5.55e-07
Round took 3.986e-06
Round took 1.22e-06
Round took 2.434e-06
Round took 0
Round took 0
Round took 7.3e-07
Round took 7.183e-06
Round took 5.702e-06
Round took 4.856e-06
Round took 2.1908e-05
Round took 2.531e-06
Round took 2.451e-06
Round took 2.479e-06
Round took 1.934e-06
Round took 3.804e-06
Round took 3.085e-06
Round took 2.461e-06
Round took 2.402e-06
Round took 1.837e-06
Round took 1.313e-06
Round took 3.052e-06
Round took 3.303e-06
Round took 4.8538e-05
Round took 4.92e-06
Round took 1.399e-06
Round took 2.182e-06
Round took 1.167e-06
Round took 1.234e-06
Round took 6.386e-06
Round took 6.34e-06
Round took 6.969e-06
Round took 7.804e-06
Round took 1.261e-06
Round took 6.845e-06
Round took 2.326e-06
Round took 9.95e-07
Round took 3.697e-06
Round took 4.968e-06
Round took 2.535e-06
Round took 7.632e-06
Round took 4.466e-06
Round took 1.226e-06
Round took 2.461e-06
Round took 4.516e-06
Round took 2.533e-06
Round took 7.241e-06
Round took 0
Round took 0
Round took 0
Round took 1.5991e-05
Round took 2.435e-06
Round took 7.276e-06
Round took 0
Round took 3.803e-06
Round took 7.97e-07
Round took 1.043e-05
Round took 0.000769087
Round took 3.785e-06
Round took 2.687e-06
Round took 5.334e-06
Round took 3.687e-06
Round took 7.33e-06
Round took 8.987e-06
Round took 7.317e-06
Round took 4.054e-06
Round took 5.479e-06
Round took 0
Round took 0
Round took 0
Round took 7.191e-06
Round took 1.217e-06
Round took 2.773e-06
Round took 8.654e-06
Round took 1.013e-06
Round took 0
Round took 0
Round took 2.536e-06
Round took 2.471e-06
Round took 5.07e-07
Round took 0
Round took 5.352e-06
Round took 5.987e-06
Round took 6.285e-06
Round took 9.94e-07
Round took 2.397e-06
Round took 0
Round took 7.256e-06
Round took 7.292e-06
Round took 2.205e-06
Round took 1.7051e-05
Round took 2.489e-06
Round took 2.501e-06
Round took 2.8e-06
Round took 1.922e-06
Round took 3.472e-06
Round took 2.964e-06
Round took 5.716e-06
Round took 1.3625e-05
Round took 1.847e-06
Round took 0
Round took 6.065e-06
Round took 2.2212e-05
Round took 2.564e-06
Round took 1.249e-06
Round took 6.403e-06
Round took 1.8872e-05
Round took 1.97e-06
Round took 3.495e-06
Round took 5.129e-06
Round took 0
Round took 1.573e-06
Round took 1.327e-06
Round took 2.531e-06
Round took 2.549e-06
Round took 7.384e-06
Round took 8.777e-06
Round took 2.52e-06
Round took 7.205e-06
Round took 7.68e-07
Round took 0.000575793
Round took 0
Round took 2.202e-06
Round took 1.02e-05
Round took 2.866e-06
Round took 0
Round took 6.71e-07
Round took 0
Round took 0
Round took 0
Round took 2.406e-06
Round took 0
Round took 2.44e-06
Round took 1.275e-06
Round took 1.266e-06
Round took 9.41e-07
Round took 5.911e-06
Round took 0
Round took 6.18e-06
Round took 3.108e-06
Round took 2.39e-06
Round took 0
Round took 0
Round took 2.091e-06
Round took 2.526e-06
Round took 1.814e-06
Round took 2.247e-06
Round took 3.833e-06
Round took 1.042e-06
Round took 0
Round took 2.872e-06
Round took 1.423e-06
Round took 2.147e-06
Round took 5.837e-06
Round took 2.556e-06
Round took 0
Round took 6.75e-06
Round took 6.492e-06
Round took 2.338e-06
Round took 2.494e-06
Round took 2.952e-06
Round took 2.39e-06
Round took 2.155e-06
Round took 2.253e-06
Round took 2.382e-06
Round took 1.769e-06
Round took 4.179e-06
Round took 1.329e-06
Round took 2.296e-05
Round took 0
Round took 7.212e-06
Round took 7.561e-06
Round took 0
Round took 2.494e-06
Round took 6.379e-06
Round took 1.416e-06
Round took 2.405e-06
Round took 0
Round took 2.374e-06
Round took 5.079e-06
Round took 4e-07
Round took 1.602e-06
Round took 4.987e-06
Round took 2.491e-06
Round took 0
Round took 5.019e-06
Round took 2.441e-06
Round took 6.765e-06
Round took 0
Round took 6.873e-06
Round took 0
Round took 2.389e-06
Round took 1.706e-06
Round took 3.457e-06
Round took 5.083e-06
Round took 1.368e-06
Round took 2.577e-06
Round took 1.287e-06
Round took 7.396e-06
Round took 3.54e-07
Round took 0
Round took 2.682e-06
Round took 3.592e-06
Round took 0
Round took 6.405e-06
Round took 2.362e-06
Round took 5.204e-06
Round took 1.979e-06
Round took 2.512e-06
Round took 0
Round took 2.222e-06
Round took 1.816e-06
Round took 5.545e-06
Round took 2.426e-06
Round took 3.597e-06
Round took 3.035e-06
Round took 2.847e-06
Round took 0
Round took 7.255e-06
Round took 2.512e-06
Round took 7.618e-06
Round took 0
Round took 2.437e-06
Round took 1.404e-05
Round took 2.128e-06
Round took 2.301e-06
Round took 4.777e-06
Round took 2.695e-06
Round took 0
Round took 2.547e-06
Round took 6.575e-06
Round took 2.801e-06
Round took 1.746e-06
Round took 7.151e-06
Round took 2.448e-06
Round took 5.773e-06
Round took 2.0227e-05
Round took 2.539e-06
Round took 0
Round took 1.0658e-05
Round took 4.488e-06
Round took 6.132e-06
Round took 1.967e-06
Round took 1.0755e-05
Round took 2.646e-06
Round took 2.112e-06
Round took 0
Round took 6.171e-06
Round took 7.045e-06
Round took 2.043e-06
Round took 3.705e-06
Round took 8.834e-06
Round took 2.972e-06
Round took 0
Round took 6.848e-06
Round took 2.363e-06
Round took 7.241e-06
Round took 1.267e-06
Round took 5.87e-06
Round took 7.01e-07
Round took 2.839e-06
Round took 1.277e-06
Round took 1.228e-06
Round took 1.3448e-05
Round took 2.491e-06
Round took 5.23e-07
Round took 6.005e-06
Round took 8.626e-06
Round took 2.572e-06
Round took 3.309e-06
Round took 6.73e-07
Round took 7.869e-06
Round took 6.175e-06
Round took 1.916e-06
Round took 2.251e-06
Round took 2.588e-06
Round took 2.317e-06
Round took 3.317e-06
Round took 0
Round took 1.89e-06
Round took 2.514e-06
Round took 1.003e-06
Round took 3.313e-06
Round took 1.244e-06
Round took 2.45e-06
Round took 2.665e-06
Round took 5.737e-06
Round took 3.603e-06
Round took 3.236e-06
Round took 4.717e-06
Round took 6.771e-06
Round took 0
Round took 9.98e-07
Round took 7.255e-06
Round took 5.122e-06
Round took 2.768e-06
Round took 0
Round took 1.2453e-05
Round took 3.287e-06
Round took 2.686e-06
Round took 2.293e-06
Round took 2.23e-06
Round took 1.02e-06
Round took 2.01e-06
Round took 6.132e-06
Round took 8.525e-06
Round took 3.332e-06
Round took 8.1681e-05
Round took 0
Round took 1.3343e-05
Round took 8.86e-06
Round took 2.964e-06
Round took 0
Round took 6.412e-06
Round took 3.248e-06
Round took 1.744e-06
Round took 1.131e-06
Round took 6.028e-06
Round took 5.26e-07
Round took 4.86e-06
Round took 2.205e-06
Round took 0
Round took 2.0477e-05
Round took 3.319e-06
Round took 8.628e-06
Round took 2.65e-06
Round took 3.541e-06
Round took 2.893e-06
Round took 0
Round took 6.793e-06
Round took 4.226e-06
Round took 3e-06
Round took 7.61e-07
Round took 7.009e-06
Round took 0
Round took 6.905e-06
Round took 2.987e-06
Round took 0
Round took 6.447e-06
Round took 1.2233e-05
Round took 2.736e-06
Round took 2.815e-06
Round took 1.097e-06
Round took 1.3793e-05
Round took 0
Round took 0
Round took 1.3193e-05
Round took 2.646e-06
Round took 1.765e-06
Round took 1.243e-06
Round took 0
Round took 1.3587e-05
Round took 0
Round took 6.566e-06
Round took 2.77e-06
Round took 1.6232e-05
Round took 2.706e-06
Round took 2.876e-06
Round took 8.767e-06
Round took 5.912e-06
Round took 1.966e-06
Round took 4.497e-06
Round took 7.73e-07
Round took 2.489e-06
Round took 2.459e-06
Round took 9.046e-06
Round took 2.461e-06
Round took 2.434e-06
Round took 2.468e-06
Round took 2.127e-06
Round took 6.885e-06
Round took 2.969e-06
Round took 5.619e-06
Round took 2.4287e-05
Round took 2.531e-06
Round took 2.491e-06
Round took 1.1696e-05
Round took 2.481e-06
Round took 2.443e-06
Round took 2.483e-06
Round took 8.188e-06
Round took 2.404e-06
Round took 3.9748e-05
Round took 2.635e-06
Round took 2.469e-06
Round took 2.469e-06
Round took 2.391e-06
Round took 2.556e-06
Round took 2.8482e-05
Round took 7.386e-06
Round took 0
Round took 2.805e-06
Round took 4.859e-06
Round took 0
Round took 9.934e-06
Round took 2.448e-06
Round took 2.438e-06
Round took 2.528e-06
Round took 2.5e-06
Round took 8.435e-06
Round took 2.486e-06
Round took 2.539e-06
Round took 2.453e-06
Round took 2.431e-06
Round took 2.563e-06
Round took 5.761e-06
Round took 2.459e-06
Round took 1.22e-07
Round took 1.369e-06
Round took 2.174e-06
Round took 2.436e-06
Round took 2.373e-06
Round took 2.405e-06
Round took 2.652e-06
Round took 2.493e-06
Round took 2.756e-06
Round took 2.558e-06
Round took 2.692e-06
Round took 2.469e-06
Round took 0
Round took 0
Round took 1.3504e-05
Round took 5.82e-07
Round took 0
Round took 4.277e-06
Round took 2.451e-06
Round took 2.519e-06
Round took 2.53e-06
Round took 0.001088861
Round took 4.389e-06
Round took 5.578e-06
Round took 4.406e-06
Round took 1.114e-06
Round took 6.167e-06
Round took 4.265e-06
Round took 3.077e-06
Round took 7.331e-06
Round took 2.176e-06
Round took 6.398e-06
Round took 2.483e-06
Round took 2.87e-07
Round took 6.471e-06
Round took 1.801e-06
Round took 2.147e-06
Round took 2.619e-06
Round took 1.679e-06
Round took 2.014e-06
Round took 2.282e-06
Test took 202.283287417
Successful: 9010
