Uniform distribution
Round took 0.08679405
Round took 0.161546514
Round took 0.081866965
Round took 0.088619514
Round took 0.071789233
Round took 0.059873776
Round took 0.080246982
Round took 0.116954924
Round took 0.097214525
Round took 0.083798019
Round took 0.138826662
Round took 0.206790054
Round took 0.068447915
Round took 0.074025189
Round took 0.061921626
Round took 0.153734684
Round took 0.091318222
Round took 0.094560567
Round took 0.102324889
Round took 0.077084994
Round took 0.067571195
Round took 0.065020135
Round took 0.079847908
Round took 0.080582736
Round took 0.07070934
Round took 0.070146559
Round took 0.089552098
Round took 0.087312558
Round took 0.088431405
Round took 0.083719639
Round took 0.104427346
Round took 0.10629208
Round took 0.104118512
Round took 0.094634941
Round took 0.311012751
Round took 0.091224648
Round took 0.091202147
Round took 0.100299326
Round took 0.115288986
Round took 0.098206143
Round took 0.101551898
Round took 0.080012067
Round took 0.123995087
Round took 0.106791062
Round took 0.150473321
Round took 0.105689997
Round took 0.0954239
Round took 0.108494226
Round took 0.080954419
Round took 0.109379411
Round took 0.108401166
Round took 0.102445521
Round took 0.113914623
Round took 0.121452634
Round took 0.088964122
Round took 0.100303684
Round took 0.319580476
Round took 0.107735893
Round took 0.09081501
Round took 0.092930894
Round took 0.119378088
Round took 0.308073702
Round took 0.306212715
Round took 0.094176274
Round took 0.0997616
Round took 0.097142995
Round took 0.087534717
Round took 0.092395431
Round took 0.088969141
Round took 0.364077344
Round took 0.101448033
Round took 0.102102481
Round took 0.091828466
Round took 0.09074488
Round took 0.053355302
Round took 0.317872712
Round took 0.097460174
Round took 0.087130744
Round took 0.106744487
Round took 0.151300799
Round took 0.139079148
Round took 0.100180458
Round took 0.314074291
Round took 0.107323381
Round took 0.116205842
Round took 0.108633145
Round took 0.096964121
Round took 0.09731409
Round took 0.094676242
Round took 0.10312335
Round took 0.108020516
Round took 0.103856823
Round took 0.102175451
Round took 0.346623569
Round took 0.104826227
Round took 2.341149856
Round took 0.359237371
Round took 0.092384693
Round took 0.100083298
Round took 0.116990636
Round took 0.312216979
Round took 0.111681549
Round took 0.310551043
Round took 0.099548388
Round took 0.306937186
Round took 0.096455446
Round took 0.087003353
Round took 0.110162355
Round took 0.115822687
Round took 0.096951101
Round took 0.090075707
Round took 0.094555045
Round took 0.302818404
Round took 0.099365821
Round took 0.11376613
Round took 0.824979533
Round took 0.100521554
Round took 0.353934211
Round took 0.147020578
Round took 0.137884671
Round took 0.126888314
Round took 0.835136107
Round took 0.824525978
Round took 0.82879599
Round took 0.107303642
Round took 0.104323699
Round took 0.114211181
Round took 0.117643535
Round took 0.10212976
Round took 0.106355641
Round took 0.0934404
Round took 0.316771502
Round took 0.112179558
Round took 0.099598872
Round took 0.10414361
Round took 0.103169043
Round took 0.096884763
Round took 0.097279646
Round took 0.089536479
Round took 1.317248226
Round took 0.105023659
Round took 2.32913618
Round took 0.303456882
Round took 0.093045708
Round took 0.096727335
Round took 0.101530844
Round took 0.096395833
Round took 0.098372619
Round took 0.091661919
Round took 0.105694221
Round took 0.107438035
Round took 0.098907403
Round took 0.111354257
Round took 0.30602674
Round took 0.095291586
Round took 0.309831012
Round took 0.103906118
Round took 0.311961773
Round took 0.094360872
Round took 0.09236676
Round took 0.305255534
Round took 0.092214518
Round took 0.092375906
Round took 0.098197983
Round took 0.813043756
Round took 0.091202915
Round took 0.093702688
Round took 0.096615054
Round took 0.303830687
Round took 0.30868979
Round took 0.085110216
Round took 0.087467495
Round took 0.088368296
Round took 0.100506979
Round took 0.295982154
Round took 0.046426166
Round took 0.090167164
Round took 0.092407139
Round took 0.092575187
Round took 0.090271742
Round took 0.095961735
Round took 0.094346093
Round took 0.088064093
Round took 0.085598035
Round took 0.097516759
Round took 0.299441052
Round took 0.092424271
Round took 0.098634714
Round took 0.053984868
Round took 0.098454867
Round took 0.096618526
Round took 1.31197393
Round took 0.30038272
Round took 1.305420405
Round took 0.089475139
Round took 0.085651627
Round took 0.09925434
Round took 0.084277019
Round took 0.089664023
Round took 0.084347501
Round took 0.093990071
Round took 0.084828853
Round took 0.347565378
Round took 0.102592401
Round took 0.308418062
Round took 0.099074462
Round took 0.098463818
Round took 0.103855342
Round took 0.304230935
Round took 0.083113022
Round took 0.081743923
Round took 0.11771622
Round took 0.084469314
Round took 0.098772662
Round took 0.093037451
Round took 0.096367768
Round took 0.084853965
Round took 0.086306361
Round took 0.090245938
Round took 0.087132673
Round took 0.303989381
Round took 0.426857135
Round took 0.086936172
Round took 0.081217519
Round took 0.090968148
Round took 0.093126825
Round took 0.091691364
Round took 0.104322709
Round took 0.341441863
Round took 0.097209332
Round took 0.087254264
Round took 0.30805821
Round took 0.296842169
Round took 0.089118891
Round took 0.087913488
Round took 0.277311181
Round took 0.091241339
Round took 0.084956645
Round took 0.074714925
Round took 0.348453239
Round took 0.090707269
Round took 0.093051002
Round took 0.084147932
Round took 0.099617847
Round took 0.084432509
Round took 0.08677124
Round took 0.086998274
Round took 0.097846076
Round took 0.101673191
Round took 0.09142597
Round took 0.094808365
Round took 0.095088498
Round took 0.0961178
Round took 0.092510033
Round took 0.309417284
Round took 0.091545845
Round took 0.811436562
Round took 0.425384317
Round took 0.086458996
Round took 0.09740561
Round took 0.088781192
Round took 2.315372438
Round took 0.09063919
Round took 0.303531519
Round took 1.30964687
Round took 0.104551361
Round took 0.104269093
Round took 0.094567404
Round took 0.09832907
Round took 0.808484122
Round took 3.324859521
Round took 0.085977082
Round took 0.303053672
Round took 0.081082939
Round took 0.300527559
Round took 0.09159363
Round took 0.097992484
Round took 0.104138975
Round took 0.094615065
Round took 0.103061007
Round took 0.108878609
Round took 0.30674322
Round took 0.085238026
Round took 0.298493185
Round took 0.084938331
Round took 0.086501081
Round took 0.087200887
Round took 0.836252518
Round took 0.101254312
Round took 1.352089137
Round took 0.089566957
Round took 0.1058409
Round took 0.083767414
Round took 0.093064376
Round took 0.089739033
Round took 1.310488492
Round took 0.086245265
Round took 0.091166902
Round took 0.088310272
Round took 0.094292943
Round took 0.066614451
Round took 0.082267601
Round took 0.296165262
Round took 0.117693029
Round took 0.08575773
Round took 0.242960653
Round took 0.297617602
Round took 0.082463124
Round took 0.101348034
Round took 0.817996351
Round took 0.104007127
Round took 0.092093824
Round took 0.310583624
Round took 0.094082061
Round took 0.086696994
Round took 0.088278748
Round took 0.091544135
Round took 0.084337703
Round took 0.083681226
Round took 0.091923563
Round took 0.088127859
Round took 0.08212613
Round took 0.10124567
Round took 0.082287374
Round took 0.112935105
Round took 0.117154721
Round took 0.291731801
Round took 0.093557184
Round took 0.089335954
Round took 0.093205717
Round took 0.083892197
Round took 0.087961775
Round took 0.089680363
Round took 2.820556588
Round took 0.343883559
Round took 0.086485431
Round took 0.086049797
Round took 0.105855851
Round took 0.083203332
Round took 0.101167972
Round took 0.153936261
Round took 0.089128756
Round took 0.110029963
Round took 0.098720758
Round took 0.098983216
Round took 0.295952056
Round took 0.11853026
Round took 0.102507182
Round took 0.100685365
Round took 0.102434965
Round took 0.091793611
Round took 0.092742894
Round took 0.097418027
Round took 0.087131589
Round took 0.086805942
Round took 0.090133797
Round took 0.810633939
Round took 0.107230103
Round took 0.319695774
Round took 0.110583794
Round took 0.314397831
Round took 0.101433654
Round took 0.096928106
Round took 0.316672574
Round took 0.063375713
Round took 0.128402352
Round took 0.11916391
Round took 0.096047453
Round took 0.103393112
Round took 0.107365168
Round took 0.101218685
Round took 0.098780262
Round took 0.399312109
Round took 0.101377216
Round took 0.104263859
Round took 1.821919174
Round took 0.092548025
Round took 0.096503229
Round took 0.10622018
Round took 0.09718542
Round took 0.103057971
Round took 0.82037537
Round took 0.100585873
Round took 0.096440693
Round took 0.310444444
Round took 0.104092106
Round took 0.102884976
Round took 0.11015032
Round took 0.321476497
Round took 0.310150985
Round took 0.314269266
Round took 0.095375725
Round took 0.097781521
Round took 0.095334899
Round took 0.09940216
Round took 0.096774698
Round took 0.806283198
Round took 0.095633871
Round took 0.095791425
Round took 0.097304429
Round took 0.086530134
Round took 0.091637939
Round took 0.092055279
Round took 0.306512754
Round took 0.087895379
Round took 0.103415435
Round took 0.052857974
Round took 0.098479885
Round took 0.097416974
Round took 0.093919661
Round took 0.100102453
Round took 0.10270505
Round took 0.311128639
Round took 0.103756955
Round took 0.311603549
Round took 0.097084954
Round took 0.10183898
Round took 0.123384327
Round took 0.103700768
Round took 0.82107463
Round took 0.099712421
Round took 0.11351549
Round took 0.113101335
Round took 0.111356048
Round took 0.088813116
Round took 0.100063881
Round took 0.834458526
Round took 0.173365164
Round took 0.110814486
Round took 0.100679165
Round took 0.103474914
Round took 0.101416838
Round took 0.102546179
Round took 0.104154983
Round took 0.100349453
Round took 0.098564596
Round took 0.096071138
Round took 0.08861637
Round took 0.802739557
Round took 0.091720334
Round took 0.101274058
Round took 0.098131822
Round took 0.086175336
Round took 0.300512594
Round took 0.311437254
Round took 0.087599748
Round took 0.094329453
Round took 0.090990938
Round took 0.814634655
Round took 0.086567541
Round took 0.522737061
Round took 0.090879061
Round took 0.094117368
Round took 0.094748035
Round took 0.089847805
Round took 0.087579882
Round took 0.093198765
Round took 0.093473786
Round took 0.099751602
Round took 0.086287294
Round took 0.086023255
Round took 0.1180572
Round took 0.098303649
Round took 0.081970547
Round took 0.093278345
Round took 0.100555474
Round took 0.101390664
Round took 0.108933431
Round took 0.084815361
Round took 0.309692773
Round took 0.804717942
Round took 0.086518257
Round took 0.081484539
Round took 0.085155015
Round took 0.313303953
Round took 0.083942352
Round took 0.30453794
Round took 0.089692583
Round took 0.104238151
Round took 0.30159804
Round took 0.086175097
Round took 0.321047405
Round took 0.090672625
Round took 0.092452103
Round took 0.092818571
Round took 0.091930452
Round took 0.092176283
Round took 0.803325801
Round took 0.084796528
Round took 0.080709383
Round took 0.198390316
Round took 0.082387705
Round took 0.118470531
Round took 0.11326221
Error when reading: read tcp 172.31.54.117:34824->172.31.49.63:7070: read: connection timed out
Error when reading: EOF
Error when reading: read tcp 172.31.54.117:56124->172.31.48.98:7070: read: connection timed out
Error when reading: read tcp 172.31.54.117:49998->172.31.55.252:7070: read: connection timed out
Error when reading: EOF
Error when reading: EOF
Error when reading: read tcp 172.31.54.117:53884->172.31.63.49:7070: read: connection timed out
Error when reading: EOF
Error when reading: read tcp 172.31.54.117:59650->172.31.62.16:7070: read: connection timed out
Error when reading: EOF
Round took 7.815508779
Error when reading: EOF
Error when reading: EOF
Error when reading: EOF
Error when reading: EOF
Error when reading: EOF
Error when reading: EOF
Error when reading: EOF
Error when reading: EOF
Round took 5.8798e-05
Error when reading: EOF
Error when reading: EOF
Error when reading: EOF
Error when reading: EOF
Error when reading: EOF
Error when reading: EOF
Error when reading: EOF
Round took 3.7432e-05
Error when reading: EOF
Error when reading: EOF
Error when reading: EOF
Error when reading: EOF
Round took 1.8552e-05
Error when reading: EOF
Error when reading: EOF
Round took 8.736e-06
Round took 2.565e-06
Round took 2.625e-06
Round took 2.593e-06
Round took 2.575e-06
Round took 2.463e-06
Round took 2.532e-06
Round took 2.506e-06
Round took 2.695e-06
Round took 2.492e-06
Round took 2.549e-06
Round took 2.477e-06
Round took 2.474e-06
Round took 2.444e-06
Round took 2.409e-06
Round took 2.371e-06
Round took 6.963e-06
Round took 2.375e-06
Round took 2.431e-06
Round took 2.378e-06
Round took 2.46e-06
Round took 2.326e-06
Round took 2.524e-06
Round took 2.341e-06
Round took 2.63e-06
Round took 2.463e-06
Round took 2.466e-06
Round took 2.589e-06
Round took 3.128e-06
Round took 2.537e-06
Round took 2.716e-06
Round took 2.47e-06
Round took 7.155e-06
Round took 2.514e-06
Round took 2.847e-06
Round took 3.668e-06
Round took 2.709e-06
Round took 2.545e-06
Round took 2.546e-06
Round took 2.512e-06
Round took 2.517e-06
Round took 2.58e-06
Round took 2.508e-06
Round took 2.538e-06
Round took 2.404e-06
Round took 2.492e-06
Round took 2.465e-06
Round took 3.377e-06
Round took 2.58e-06
Round took 9.277e-06
Round took 2.521e-06
Round took 2.511e-06
Round took 2.5e-06
Round took 2.552e-06
Round took 2.524e-06
Round took 2.479e-06
Round took 2.469e-06
Round took 0.000201729
Round took 2.718e-06
Round took 2.555e-06
Round took 2.4e-06
Round took 2.52e-06
Round took 2.484e-06
Round took 2.506e-06
Round took 2.439e-06
Round took 0.00019695
Round took 2.656e-06
Round took 2.39e-06
Round took 2.366e-06
Round took 2.503e-06
Round took 2.307e-06
Round took 2.371e-06
Round took 2.32e-06
Round took 2.345e-06
Round took 2.4e-06
Round took 2.322e-06
Round took 2.354e-06
Round took 0.000169278
Round took 2.694e-06
Round took 2.335e-06
Round took 2.398e-06
Round took 2.351e-06
Round took 7.97e-06
Round took 2.332e-06
Round took 2.281e-06
Round took 3.672e-06
Round took 2.493e-06
Round took 2.375e-06
Round took 2.389e-06
Round took 2.292e-06
Round took 2.338e-06
Round took 2.29e-06
Round took 2.314e-06
Round took 2.319e-06
Round took 2.315e-06
Round took 2.309e-06
Round took 2.321e-06
Round took 2.32e-06
Round took 6.041e-06
Round took 2.359e-06
Round took 2.276e-06
Round took 2.304e-06
Round took 2.321e-06
Round took 2.333e-06
Round took 2.282e-06
Round took 2.285e-06
Round took 2.325e-06
Round took 2.326e-06
Round took 2.387e-06
Round took 2.342e-06
Round took 2.307e-06
Round took 2.373e-06
Round took 2.296e-06
Round took 2.318e-06
Round took 2.262e-06
Round took 8.575e-06
Round took 2.336e-06
Round took 2.345e-06
Round took 2.329e-06
Round took 2.375e-06
Round took 6.846e-06
Round took 2.4e-06
Round took 2.351e-06
Round took 2.443e-06
Round took 2.291e-06
Round took 2.329e-06
Round took 2.286e-06
Round took 2.37e-06
Round took 2.331e-06
Round took 2.374e-06
Round took 2.646e-06
Round took 5.808e-06
Round took 2.332e-06
Round took 2.341e-06
Round took 2.291e-06
Round took 2.299e-06
Round took 2.294e-06
Round took 2.322e-06
Round took 2.316e-06
Round took 2.301e-06
Round took 2.348e-06
Round took 2.338e-06
Round took 2.338e-06
Round took 2.408e-06
Round took 2.348e-06
Round took 2.304e-06
Round took 2.267e-06
Round took 2.324e-06
Round took 5.942e-06
Round took 2.304e-06
Round took 2.284e-06
Round took 2.325e-06
Round took 2.323e-06
Round took 2.349e-06
Round took 2.285e-06
Round took 2.393e-06
Round took 2.349e-06
Round took 2.341e-06
Round took 2.318e-06
Round took 2.34e-06
Round took 2.395e-06
Round took 2.334e-06
Round took 2.349e-06
Round took 2.387e-06
Round took 5.082e-06
Round took 2.327e-06
Round took 2.288e-06
Round took 2.338e-06
Round took 2.323e-06
Round took 2.339e-06
Round took 2.292e-06
Round took 2.362e-06
Round took 2.318e-06
Round took 2.39e-06
Round took 2.277e-06
Round took 2.295e-06
Round took 2.343e-06
Round took 2.345e-06
Round took 2.285e-06
Round took 2.31e-06
Round took 2.31e-06
Round took 2.2921e-05
Round took 2.302e-06
Round took 2.287e-06
Round took 2.29e-06
Round took 2.403e-06
Round took 2.381e-06
Round took 2.337e-06
Round took 2.375e-06
Round took 2.43e-06
Round took 2.342e-06
Round took 2.348e-06
Round took 2.356e-06
Round took 2.505e-06
Round took 0.000636425
Round took 2.456e-06
Round took 2.461e-06
Round took 2.631e-06
Round took 2.402e-06
Round took 2.315e-06
Round took 2.373e-06
Round took 5.9784e-05
Round took 2.653e-06
Round took 2.419e-06
Round took 2.36e-06
Round took 2.336e-06
Round took 2.424e-06
Round took 2.324e-06
Round took 2.29e-06
Round took 2.313e-06
Round took 2.39e-06
Round took 2.298e-06
Round took 2.352e-06
Round took 2.285e-06
Round took 9.308e-06
Round took 2.301e-06
Round took 2.268e-06
Round took 2.283e-06
Round took 2.398e-06
Round took 2.283e-06
Round took 2.291e-06
Round took 2.285e-06
Round took 2.368e-06
Round took 2.319e-06
Round took 2.358e-06
Round took 0.000193041
Round took 2.528e-06
Round took 2.387e-06
Round took 2.5e-06
Round took 2.33e-06
Round took 2.524e-06
Round took 6.414e-06
Round took 2.318e-06
Round took 2.379e-06
Round took 3.162e-06
Round took 2.599e-06
Round took 2.362e-06
Round took 2.354e-06
Round took 2.357e-06
Round took 2.313e-06
Round took 2.278e-06
Round took 2.332e-06
Round took 2.363e-06
Round took 2.336e-06
Round took 2.293e-06
Round took 2.282e-06
Round took 2.898e-06
Round took 8.32e-06
Round took 2.352e-06
Round took 2.299e-06
Round took 2.323e-06
Round took 2.364e-06
Round took 2.291e-06
Round took 2.311e-06
Round took 2.394e-06
Round took 2.355e-06
Round took 0.000330138
Round took 2.392e-06
Round took 2.363e-06
Round took 2.682e-06
Round took 2.322e-06
Round took 2.353e-06
Round took 0.000228402
Round took 2.75e-06
Round took 6.797e-06
Round took 3.107e-06
Round took 2.308e-06
Round took 2.405e-06
Round took 2.461e-06
Round took 2.375e-06
Round took 2.311e-06
Round took 2.382e-06
Round took 2.327e-06
Round took 2.321e-06
Round took 2.302e-06
Round took 2.307e-06
Round took 2.32e-06
Round took 4.3024e-05
Round took 2.969e-06
Round took 2.36e-06
Round took 9.371e-06
Round took 2.344e-06
Round took 2.283e-06
Round took 3.598e-06
Round took 2.619e-06
Round took 2.398e-06
Round took 2.345e-06
Round took 2.322e-06
Round took 2.371e-06
Round took 2.317e-06
Round took 2.333e-06
Round took 2.296e-06
Round took 0.000187891
Round took 2.384e-06
Round took 2.397e-06
Round took 2.375e-06
Round took 2.336e-06
Round took 6.359e-06
Round took 2.292e-06
Round took 2.326e-06
Round took 2.331e-06
Round took 2.385e-06
Round took 2.275e-06
Round took 0.003242222
Round took 2.607e-06
Round took 2.653e-06
Round took 2.784e-06
Round took 2.367e-06
Round took 2.445e-06
Round took 2.499e-06
Round took 2.313e-06
Round took 2.327e-06
Round took 2.302e-06
Round took 1.1094e-05
Round took 2.373e-06
Round took 2.355e-06
Round took 2.316e-06
Round took 2.324e-06
Round took 2.31e-06
Round took 2.286e-06
Round took 2.334e-06
Round took 2.405e-06
Round took 2.317e-06
Round took 2.28e-06
Round took 2.335e-06
Round took 2.386e-06
Round took 2.317e-06
Round took 2.282e-06
Round took 2.303e-06
Round took 2.29e-06
Round took 5.358e-06
Round took 2.388e-06
Round took 2.339e-06
Round took 2.367e-06
Round took 2.382e-06
Round took 2.313e-06
Round took 2.364e-06
Round took 2.279e-06
Round took 2.383e-06
Round took 2.31e-06
Round took 2.286e-06
Round took 2.325e-06
Round took 2.424e-06
Round took 2.291e-06
Round took 2.303e-06
Round took 2.284e-06
Round took 6.465e-06
Round took 2.295e-06
Round took 2.328e-06
Round took 2.275e-06
Round took 2.398e-06
Round took 2.314e-06
Round took 2.34e-06
Round took 2.358e-06
Round took 2.418e-06
Round took 2.28e-06
Round took 2.32e-06
Round took 2.278e-06
Round took 2.341e-06
Round took 2.306e-06
Round took 2.325e-06
Round took 2.314e-06
Round took 2.302e-06
Round took 1.8662e-05
Round took 2.348e-06
Round took 2.268e-06
Round took 2.332e-06
Round took 2.333e-06
Round took 2.297e-06
Round took 2.303e-06
Round took 2.315e-06
Round took 2.353e-06
Round took 2.275e-06
Round took 2.28e-06
Round took 2.309e-06
Round took 2.359e-06
Round took 2.312e-06
Round took 2.301e-06
Round took 2.293e-06
Round took 6.618e-06
Round took 2.365e-06
Round took 0.002199009
Round took 3.104e-06
Round took 2.661e-06
Round took 2.383e-06
Round took 3.5442e-05
Round took 2.44e-06
Round took 2.586e-06
Round took 2.417e-06
Round took 2.34e-06
Round took 2.313e-06
Round took 2.286e-06
Round took 2.319e-06
Round took 2.322e-06
Round took 2.347e-06
Round took 2.33e-06
Round took 7.422e-06
Round took 2.405e-06
Round took 2.347e-06
Round took 2.371e-06
Round took 2.426e-06
Round took 2.334e-06
Round took 2.312e-06
Round took 2.334e-06
Round took 2.396e-06
Round took 2.369e-06
Round took 6.1758e-05
Round took 2.421e-06
Round took 2.522e-06
Round took 2.407e-06
Round took 2.319e-06
Round took 2.289e-06
Round took 8.877e-06
Round took 2.293e-06
Round took 2.34e-06
Round took 5.8932e-05
Round took 2.566e-06
Round took 2.384e-06
Round took 2.372e-06
Round took 2.322e-06
Round took 2.356e-06
Round took 2.297e-06
Round took 2.323e-06
Round took 2.32e-06
Round took 2.347e-06
Round took 2.404e-06
Round took 2.354e-06
Round took 2.2026e-05
Round took 3.927e-06
Round took 8.802e-06
Round took 2.439e-06
Round took 2.449e-06
Round took 3.653e-06
Round took 2.532e-06
Round took 2.371e-06
Round took 2.41e-06
Round took 2.341e-06
Round took 2.4e-06
Round took 2.355e-06
Round took 2.35e-06
Round took 2.369e-06
Round took 2.391e-06
Round took 2.378e-06
Round took 2.358e-06
Round took 2.303e-06
Round took 1.143e-05
Round took 0.006999361
Round took 2.816e-06
Round took 2.543e-06
Round took 2.763e-06
Round took 2.325e-06
Round took 2.322e-06
Round took 2.303e-06
Round took 2.437e-06
Round took 2.35e-06
Round took 2.328e-06
Round took 2.301e-06
Round took 2.371e-06
Round took 2.419e-06
Round took 2.343e-06
Round took 2.31e-06
Round took 2.408e-06
Round took 8.473e-06
Round took 2.294e-06
Round took 2.29e-06
Round took 2.288e-06
Round took 2.395e-06
Round took 2.296e-06
Round took 2.275e-06
Round took 2.383e-06
Round took 2.369e-06
Round took 2.323e-06
Round took 2.339e-06
Round took 2.339e-06
Round took 2.357e-06
Round took 2.307e-06
Round took 2.336e-06
Round took 4.404e-06
Round took 1.3858e-05
Round took 2.605e-06
Round took 2.445e-06
Round took 2.406e-06
Round took 2.424e-06
Round took 2.395e-06
Round took 1.9526e-05
Round took 2.4e-06
Round took 2.429e-06
Round took 2.487e-06
Round took 2.33e-06
Round took 2.321e-06
Round took 2.32e-06
Round took 2.409e-06
Round took 2.363e-06
Round took 2.335e-06
Round took 2.313e-06
Round took 6.012e-06
Round took 2.327e-06
Round took 2.316e-06
Round took 2.294e-06
Round took 2.377e-06
Round took 2.336e-06
Round took 2.28e-06
Round took 2.288e-06
Round took 2.344e-06
Round took 2.364e-06
Round took 2.291e-06
Round took 2.325e-06
Round took 2.4e-06
Round took 2.358e-06
Round took 2.317e-06
Round took 2.384e-06
Round took 6.655e-06
Round took 2.385e-06
Round took 2.389e-06
Round took 2.35e-06
Round took 2.369e-06
Round took 2.398e-06
Round took 2.336e-06
Round took 2.361e-06
Round took 2.283e-06
Round took 2.301e-06
Round took 2.35e-06
Round took 2.319e-06
Round took 2.343e-06
Round took 2.377e-06
Round took 2.524e-06
Round took 2.365e-06
Round took 2.341e-06
Round took 8.032e-06
Round took 2.314e-06
Round took 2.319e-06
Round took 2.29e-06
Round took 2.366e-06
Round took 2.301e-06
Round took 2.291e-06
Round took 2.264e-06
Round took 2.377e-06
Round took 2.333e-06
Round took 2.329e-06
Round took 2.365e-06
Round took 2.406e-06
Round took 2.336e-06
Round took 2.314e-06
Round took 2.32e-06
Round took 6.281e-06
Round took 2.41e-06
Round took 2.349e-06
Round took 2.294e-06
Round took 2.382e-06
Round took 2.335e-06
Round took 2.329e-06
Round took 2.312e-06
Round took 2.322e-06
Round took 2.437e-06
Round took 2.313e-06
Round took 2.288e-06
Round took 2.314e-06
Round took 2.411e-06
Round took 2.301e-06
Round took 2.354e-06
Round took 2.278e-06
Round took 5.279e-06
Round took 2.28e-06
Round took 2.299e-06
Round took 2.324e-06
Round took 2.33e-06
Round took 2.343e-06
Round took 2.281e-06
Round took 2.297e-06
Round took 2.41e-06
Round took 2.328e-06
Round took 2.292e-06
Round took 2.339e-06
Round took 2.385e-06
Round took 2.315e-06
Round took 2.289e-06
Round took 2.375e-06
Round took 2.225e-05
Round took 2.386e-06
Round took 2.325e-06
Round took 2.285e-06
Round took 2.383e-06
Round took 2.34e-06
Round took 2.3e-06
Round took 2.312e-06
Round took 2.332e-06
Round took 2.405e-06
Round took 2.357e-06
Round took 2.323e-06
Round took 2.354e-06
Round took 2.418e-06
Round took 2.319e-06
Round took 2.297e-06
Round took 2.383e-06
Round took 5.368e-06
Round took 2.319e-06
Round took 2.288e-06
Round took 2.305e-06
Round took 2.367e-06
Round took 2.292e-06
Round took 2.371e-06
Round took 2.309e-06
Round took 2.406e-06
Round took 2.293e-06
Round took 2.289e-06
Round took 2.353e-06
Round took 2.406e-06
Round took 2.3e-06
Round took 2.341e-06
Round took 2.338e-06
Round took 9.831e-06
Round took 2.399e-06
Round took 2.353e-06
Round took 2.374e-06
Round took 2.347e-06
Round took 2.338e-06
Round took 2.327e-06
Round took 2.353e-06
Round took 2.338e-06
Round took 2.41e-06
Round took 2.299e-06
Round took 2.32e-06
Round took 2.494e-06
Round took 2.456e-06
Round took 2.289e-06
Round took 2.368e-06
Round took 2.294e-06
Round took 5.136e-06
Round took 2.345e-06
Round took 2.297e-06
Round took 2.29e-06
Round took 2.352e-06
Round took 2.343e-06
Round took 2.288e-06
Round took 2.303e-06
Round took 2.42e-06
Round took 2.303e-06
Round took 2.308e-06
Round took 2.346e-06
Round took 2.386e-06
Round took 2.344e-06
Round took 2.304e-06
Round took 2.305e-06
Round took 5.702e-06
Round took 2.351e-06
Round took 2.307e-06
Round took 2.325e-06
Round took 2.306e-06
Round took 2.329e-06
Round took 2.339e-06
Round took 2.309e-06
Round took 2.32e-06
Round took 2.367e-06
Round took 2.34e-06
Round took 2.304e-06
Round took 2.325e-06
Round took 2.387e-06
Round took 2.393e-06
Round took 2.293e-06
Round took 2.329e-06
Round took 5.115e-06
Round took 2.352e-06
Round took 2.334e-06
Round took 2.309e-06
Round took 2.381e-06
Round took 2.33e-06
Round took 2.338e-06
Round took 2.345e-06
Round took 2.358e-06
Round took 2.327e-06
Round took 2.265e-06
Round took 2.293e-06
Round took 2.374e-06
Round took 2.383e-06
Round took 2.371e-06
Round took 2.319e-06
Round took 5.779e-06
Round took 2.413e-06
Round took 2.285e-06
Round took 2.292e-06
Round took 2.278e-06
Round took 2.372e-06
Round took 2.318e-06
Round took 2.3e-06
Round took 2.323e-06
Round took 2.373e-06
Round took 2.312e-06
Round took 2.289e-06
Round took 2.298e-06
Round took 2.323e-06
Round took 2.293e-06
Round took 2.323e-06
Round took 2.272e-06
Round took 5.166e-06
Round took 2.289e-06
Round took 2.318e-06
Round took 2.268e-06
Round took 2.338e-06
Round took 2.295e-06
Round took 2.29e-06
Round took 2.258e-06
Round took 2.341e-06
Round took 2.282e-06
Round took 2.333e-06
Round took 2.312e-06
Round took 2.422e-06
Round took 2.275e-06
Round took 2.288e-06
Round took 2.275e-06
Round took 2.384e-06
Round took 2.318e-06
Round took 2.293e-06
Round took 2.272e-06
Round took 2.329e-06
Round took 2.397e-06
Round took 2.313e-06
Round took 2.32e-06
Round took 2.31e-06
Round took 2.355e-06
Round took 2.325e-06
Round took 2.347e-06
Round took 2.343e-06
Round took 2.348e-06
Round took 2.36e-06
Round took 2.287e-06
Round took 2.314e-06
Round took 7.429e-06
Round took 2.343e-06
Round took 2.275e-06
Round took 2.306e-06
Round took 2.379e-06
Round took 2.319e-06
Round took 2.347e-06
Round took 2.303e-06
Round took 2.358e-06
Round took 2.391e-06
Round took 2.335e-06
Round took 2.301e-06
Round took 2.363e-06
Round took 2.317e-06
Round took 2.285e-06
Round took 2.359e-06
Round took 2.302e-06
Round took 0.185945466
Round took 3.183e-06
Round took 2.907e-06
Round took 2.807e-06
Round took 2.696e-06
Round took 2.331e-06
Round took 2.39e-06
Round took 2.532e-06
Round took 2.451e-06
Round took 2.32e-06
Round took 2.444e-06
Round took 2.423e-06
Round took 2.417e-06
Round took 2.286e-06
Round took 2.3e-06
Round took 2.36e-06
Round took 8.574e-06
Round took 2.391e-06
Round took 2.298e-06
Round took 2.289e-06
Round took 2.365e-06
Round took 2.342e-06
Round took 2.373e-06
Round took 5.144e-06
Round took 3.398e-06
Round took 2.889e-06
Round took 3.181e-06
Round took 2.374e-06
Round took 2.376e-06
Round took 2.347e-06
Round took 2.408e-06
Round took 2.309e-06
Round took 2.321e-06
Round took 1.3032e-05
Round took 2.435e-06
Round took 2.368e-06
Round took 2.333e-06
Round took 2.428e-06
Round took 2.363e-06
Round took 2.355e-06
Round took 2.335e-06
Round took 2.397e-06
Round took 2.33e-06
Round took 2.295e-06
Round took 2.359e-06
Round took 2.399e-06
Round took 2.293e-06
Round took 2.295e-06
Round took 2.318e-06
Round took 5.486e-06
Round took 2.367e-06
Round took 2.337e-06
Round took 2.32e-06
Round took 2.414e-06
Round took 2.307e-06
Round took 2.319e-06
Round took 2.335e-06
Round took 2.489e-06
Round took 2.328e-06
Round took 2.352e-06
Round took 2.328e-06
Round took 2.396e-06
Round took 2.322e-06
Round took 2.343e-06
Round took 2.335e-06
Round took 2.355e-06
Round took 6.292e-06
Round took 2.341e-06
Round took 2.324e-06
Round took 2.278e-06
Round took 2.421e-06
Round took 2.339e-06
Round took 1.711e-05
Round took 2.449e-06
Round took 2.484e-06
Round took 2.503e-06
Round took 2.299e-06
Round took 2.324e-06
Round took 2.402e-06
Round took 2.297e-06
Round took 2.313e-06
Round took 2.347e-06
Round took 5.748e-06
Round took 2.36e-06
Round took 2.31e-06
Round took 2.31e-06
Round took 2.329e-06
Round took 2.374e-06
Round took 2.288e-06
Round took 1.6074e-05
Round took 2.473e-06
Round took 2.372e-06
Round took 2.401e-06
Round took 2.299e-06
Round took 2.368e-06
Round took 2.323e-06
Round took 2.35e-06
Round took 2.312e-06
Round took 2.299e-06
Round took 7.035e-06
Round took 2.374e-06
Round took 2.31e-06
Round took 2.323e-06
Round took 2.35e-06
Round took 2.381e-06
Round took 2.306e-06
Round took 2.324e-06
Round took 2.758e-06
Round took 2.365e-06
Round took 2.465e-06
Round took 2.385e-06
Round took 2.432e-06
Round took 2.399e-06
Round took 2.308e-06
Round took 2.283e-06
Round took 5.771e-06
Round took 2.34e-06
Round took 2.3e-06
Round took 2.305e-06
Round took 2.357e-06
Round took 2.31e-06
Round took 2.381e-06
Round took 2.288e-06
Round took 2.358e-06
Round took 2.28e-06
Round took 2.331e-06
Round took 2.33e-06
Round took 2.498e-06
Round took 2.298e-06
Round took 2.357e-06
Round took 2.315e-06
Round took 2.315e-06
Round took 8.695e-06
Round took 2.335e-06
Round took 2.405e-06
Round took 2.324e-06
Round took 2.369e-06
Round took 2.364e-06
Round took 2.313e-06
Round took 2.336e-06
Round took 2.356e-06
Round took 2.305e-06
Round took 2.32e-06
Round took 2.357e-06
Round took 2.33e-06
Round took 2.301e-06
Round took 2.337e-06
Round took 2.312e-06
Round took 5.389e-06
Round took 2.385e-06
Round took 2.309e-06
Round took 2.312e-06
Round took 2.345e-06
Round took 2.375e-06
Round took 2.347e-06
Round took 2.392e-06
Round took 2.375e-06
Round took 2.307e-06
Round took 2.303e-06
Round took 2.33e-06
Round took 2.351e-06
Round took 2.291e-06
Round took 2.323e-06
Round took 2.308e-06
Round took 2.307e-06
Round took 9.318e-06
Round took 2.355e-06
Round took 2.284e-06
Round took 2.331e-06
Round took 2.373e-06
Round took 2.328e-06
Round took 2.388e-06
Round took 2.35e-06
Round took 2.41e-06
Round took 2.302e-06
Round took 2.341e-06
Round took 2.311e-06
Round took 2.393e-06
Round took 2.334e-06
Round took 2.344e-06
Round took 2.294e-06
Round took 1.79e-05
Round took 2.435e-06
Round took 2.43e-06
Round took 2.37e-06
Round took 2.456e-06
Round took 2.308e-06
Round took 2.341e-06
Round took 2.326e-06
Round took 2.373e-06
Round took 2.303e-06
Round took 2.315e-06
Round took 2.307e-06
Round took 2.323e-06
Round took 2.358e-06
Round took 2.333e-06
Round took 2.352e-06
Round took 2.368e-06
Round took 6.71e-06
Round took 2.351e-06
Round took 2.298e-06
Round took 2.317e-06
Round took 2.329e-06
Round took 2.331e-06
Round took 2.304e-06
Round took 2.31e-06
Round took 2.352e-06
Round took 2.288e-06
Round took 2.323e-06
Round took 2.348e-06
Round took 2.372e-06
Round took 2.298e-06
Round took 2.322e-06
Round took 2.328e-06
Round took 5.016e-06
Round took 2.331e-06
Round took 2.311e-06
Round took 2.29e-06
Round took 2.37e-06
Round took 2.274e-06
Round took 2.298e-06
Round took 2.368e-06
Round took 2.381e-06
Round took 2.288e-06
Round took 2.278e-06
Round took 2.34e-06
Round took 2.346e-06
Round took 2.4e-06
Round took 2.319e-06
Round took 2.353e-06
Round took 2.33e-06
Round took 6.223e-06
Round took 2.345e-06
Round took 2.317e-06
Round took 2.276e-06
Round took 2.357e-06
Round took 2.29e-06
Round took 2.374e-06
Round took 2.437e-06
Round took 2.427e-06
Round took 2.304e-06
Round took 2.331e-06
Round took 2.347e-06
Round took 2.358e-06
Round took 2.352e-06
Round took 2.327e-06
Round took 2.287e-06
Round took 5.144e-06
Round took 2.326e-06
Round took 2.35e-06
Round took 2.264e-06
Round took 2.347e-06
Round took 2.275e-06
Round took 2.289e-06
Round took 2.308e-06
Round took 2.323e-06
Round took 2.264e-06
Round took 2.295e-06
Round took 2.297e-06
Round took 2.322e-06
Round took 2.346e-06
Round took 2.281e-06
Round took 2.277e-06
Round took 2.306e-06
Round took 6.018e-06
Round took 2.281e-06
Round took 2.318e-06
Round took 2.343e-06
Round took 2.317e-06
Round took 2.304e-06
Round took 2.269e-06
Round took 2.285e-06
Round took 2.355e-06
Round took 2.294e-06
Round took 2.27e-06
Round took 2.351e-06
Round took 2.385e-06
Round took 2.339e-06
Round took 2.277e-06
Round took 2.307e-06
Round took 5.077e-06
Round took 2.318e-06
Round took 8.816e-06
Round took 3.133e-06
Round took 3.48e-06
Round took 2.775e-06
Round took 2.388e-06
Round took 2.352e-06
Round took 2.374e-06
Round took 2.343e-06
Round took 2.352e-06
Round took 2.311e-06
Round took 2.386e-06
Round took 2.411e-06
Round took 2.429e-06
Round took 2.383e-06
Round took 2.315e-06
Round took 0.025007338
Round took 3.19e-06
Round took 2.908e-06
Round took 2.864e-06
Round took 2.693e-06
Round took 2.359e-06
Round took 2.309e-06
Round took 2.366e-06
Round took 2.453e-06
Round took 2.311e-06
Round took 2.312e-06
Round took 5.705e-06
Round took 3.735e-06
Round took 2.837e-06
Round took 2.708e-06
Round took 2.456e-06
Round took 9.462e-06
Round took 2.34e-06
Round took 2.313e-06
Round took 2.343e-06
Round took 2.36e-06
Round took 5.68e-06
Round took 2.933e-06
Round took 2.921e-06
Round took 2.897e-06
Round took 2.849e-06
Round took 2.347e-06
Round took 2.402e-06
Round took 2.355e-06
Round took 2.45e-06
Round took 2.0073e-05
Round took 2.481e-06
Round took 2.363e-06
Round took 1.2433e-05
Round took 2.346e-06
Round took 2.334e-06
Round took 2.295e-06
Round took 2.406e-06
Round took 2.3e-06
Round took 2.362e-06
Round took 2.32e-06
Round took 2.376e-06
Round took 2.402e-06
Round took 2.326e-06
Round took 2.317e-06
Round took 2.431e-06
Round took 2.358e-06
Round took 2.33e-06
Round took 2.341e-06
Round took 5.42e-06
Round took 2.339e-06
Round took 2.319e-06
Round took 2.327e-06
Round took 2.367e-06
Round took 2.448e-06
Round took 2.319e-06
Round took 2.362e-06
Round took 2.396e-06
Round took 2.457e-06
Round took 2.347e-06
Round took 2.327e-06
Round took 2.317e-06
Round took 2.404e-06
Round took 2.343e-06
Round took 2.324e-06
Round took 2.317e-06
Round took 7.329e-06
Round took 2.347e-06
Round took 2.324e-06
Round took 2.35e-06
Round took 1.3485e-05
Round took 2.451e-06
Round took 2.364e-06
Round took 2.371e-06
Round took 2.387e-06
Round took 2.323e-06
Round took 2.344e-06
Round took 2.353e-06
Round took 2.553e-06
Round took 2.361e-06
Round took 2.37e-06
Round took 2.344e-06
Round took 5.861e-06
Round took 2.37e-06
Round took 2.319e-06
Round took 2.319e-06
Round took 2.391e-06
Round took 2.448e-06
Round took 2.327e-06
Round took 2.403e-06
Round took 2.341e-06
Round took 2.437e-06
Round took 2.329e-06
Round took 2.323e-06
Round took 2.353e-06
Round took 2.353e-06
Round took 2.322e-06
Round took 2.352e-06
Round took 2.323e-06
Round took 7.31e-06
Round took 2.347e-06
Round took 2.309e-06
Round took 2.286e-06
Round took 2.41e-06
Round took 2.329e-06
Round took 2.318e-06
Round took 2.326e-06
Round took 2.43e-06
Round took 2.323e-06
Round took 2.337e-06
Round took 2.328e-06
Round took 2.373e-06
Round took 2.328e-06
Round took 2.335e-06
Round took 2.288e-06
Round took 5.023e-06
Round took 2.342e-06
Round took 2.352e-06
Round took 2.34e-06
Round took 2.3e-06
Round took 2.333e-06
Round took 2.318e-06
Round took 2.293e-06
Round took 2.341e-06
Round took 2.42e-06
Round took 2.398e-06
Round took 2.416e-06
Round took 2.33e-06
Round took 2.424e-06
Round took 2.316e-06
Round took 2.331e-06
Round took 2.302e-06
Round took 6.496e-06
Round took 2.395e-06
Round took 2.294e-06
Round took 2.322e-06
Round took 2.369e-06
Round took 2.333e-06
Round took 2.344e-06
Round took 2.313e-06
Round took 2.344e-06
Round took 2.32e-06
Round took 2.299e-06
Round took 2.314e-06
Round took 2.382e-06
Round took 2.326e-06
Round took 2.308e-06
Round took 2.339e-06
Round took 5.045e-06
Round took 2.35e-06
Round took 2.312e-06
Round took 2.325e-06
Round took 2.301e-06
Round took 2.387e-06
Round took 2.321e-06
Round took 2.35e-06
Round took 2.331e-06
Round took 2.456e-06
Round took 4.378e-06
Round took 3.021e-06
Round took 3.463e-06
Round took 2.747e-06
Round took 2.392e-06
Round took 2.313e-06
Round took 2.304e-06
Round took 0.012969743
Round took 2.503e-06
Round took 0.008651834
Round took 2.851e-06
Round took 3.062e-06
Round took 2.81e-06
Round took 2.361e-06
Round took 2.375e-06
Round took 2.55e-06
Round took 2.318e-06
Round took 2.366e-06
Round took 2.317e-06
Round took 2.459e-06
Round took 2.515e-06
Round took 2.1352e-05
Round took 2.318e-06
Round took 2.457e-06
Round took 2.366e-06
Round took 2.344e-06
Round took 2.042e-05
Round took 2.317e-06
Round took 2.459e-06
Round took 2.355e-06
Round took 2.349e-06
Round took 2.343e-06
Round took 2.456e-06
Round took 2.32e-06
Round took 3.3431e-05
Round took 2.792e-06
Round took 2.903e-06
Round took 2.735e-06
Round took 2.339e-06
Round took 2.306e-06
Round took 1.459e-05
Round took 7.024e-06
Round took 2.332e-06
Round took 2.344e-06
Round took 2.371e-06
Round took 2.304e-06
Round took 2.287e-06
Round took 2.32e-06
Round took 2.378e-06
Round took 2.31e-06
Round took 2.302e-06
Round took 2.312e-06
Round took 2.333e-06
Round took 2.334e-06
Round took 2.296e-06
Round took 2.305e-06
Round took 2.417e-06
Round took 5.072e-06
Round took 2.32e-06
Round took 2.32e-06
Round took 2.276e-06
Round took 2.353e-06
Round took 2.288e-06
Round took 2.296e-06
Round took 2.284e-06
Round took 2.376e-06
Round took 2.262e-06
Round took 2.36e-06
Round took 2.309e-06
Round took 2.44e-06
Round took 2.259e-06
Round took 2.322e-06
Round took 2.26e-06
Round took 7.512e-06
Round took 8.466e-06
Round took 0.00593676
Round took 3.749e-06
Round took 0.00245523
Round took 3.859e-06
Round took 2.849e-06
Round took 2.792e-06
Round took 2.817e-06
Round took 2.434e-06
Round took 2.397e-06
Round took 2.368e-06
Round took 5.053e-06
Round took 3.072e-06
Round took 2.909e-06
Round took 2.57e-06
Round took 2.519e-06
Round took 8.942e-06
Round took 2.347e-06
Round took 2.388e-06
Round took 2.32e-06
Round took 2.395e-06
Round took 2.316e-06
Round took 2.334e-06
Round took 0.004683882
Round took 0.002835014
Round took 3.168e-06
Round took 0
Round took 4.865e-06
Round took 2.573e-06
Round took 0
Round took 2.379e-06
Round took 3.25e-06
Round took 1.3425e-05
Round took 6.13e-07
Round took 2.308e-06
Round took 6.771e-06
Round took 7.73e-07
Round took 0
Round took 2.331e-06
Round took 2.2095e-05
Round took 0
Round took 6.029e-06
Round took 0
Round took 2.294e-06
Round took 2.355e-06
Round took 2.404e-06
Round took 2.309e-06
Round took 6.623e-06
Round took 4.729e-06
Round took 5.134e-06
Round took 2.361e-06
Round took 0
Round took 2.282e-06
Round took 2.39e-06
Round took 3.51e-07
Round took 1.82e-07
Round took 1.2502e-05
Round took 2.455e-06
Round took 5.192e-06
Round took 1.992e-06
Round took 0
Round took 0
Round took 2.348e-06
Round took 5.182e-06
Round took 4.16e-07
Round took 1.0369e-05
Round took 6.288e-06
Round took 4.57e-06
Round took 2.118e-06
Round took 2.34e-06
Round took 4.507e-06
Round took 2.329e-06
Round took 3.936e-06
Round took 3.93e-07
Round took 2.354e-06
Round took 2.287e-06
Round took 2.36e-06
Round took 0
Round took 2.49e-06
Round took 7.125e-06
Round took 1.525e-06
Round took 1.123e-06
Round took 2.906e-06
Round took 6.004e-06
Round took 0
Round took 5.141e-06
Round took 7.152e-06
Round took 0
Round took 3.722e-06
Round took 1.549e-06
Round took 6.267e-06
Round took 1.723e-06
Round took 5.434e-06
Round took 6.362e-06
Round took 5.328e-06
Round took 1.491e-06
Round took 6.459e-06
Round took 4.463e-06
Round took 1.298e-06
Round took 0
Round took 2.273e-06
Round took 2.286e-06
Round took 0
Round took 2.359e-06
Round took 0
Round took 6.344e-06
Round took 2.432e-06
Round took 4.78e-07
Round took 6.661e-06
Round took 0
Round took 2.339e-06
Round took 7.178e-06
Round took 0
Round took 5.841e-06
Round took 2.29e-07
Round took 5.339e-06
Round took 2.358e-06
Round took 2.324e-06
Round took 2.292e-06
Round took 0
Round took 6.755e-06
Round took 8.11e-07
Round took 2.33e-06
Round took 2.395e-06
Round took 0
Round took 1.26e-06
Round took 2.162e-06
Round took 2.342e-06
Round took 2.349e-06
Round took 2.315e-06
Round took 2.332e-06
Round took 2.305e-06
Round took 2.728e-06
Round took 2.313e-06
Round took 1.299e-05
Round took 2.381e-06
Round took 6.619e-06
Round took 1.046e-06
Round took 2.3e-06
Round took 5.095e-06
Round took 3.357e-06
Round took 4.52e-06
Round took 2.254e-06
Round took 0
Round took 4.235e-06
Round took 0
Round took 3.432e-06
Round took 2.587e-06
Round took 4.944e-06
Round took 0
Round took 0
Round took 2.271e-06
Round took 0
Round took 0
Round took 0
Round took 2.79e-07
Round took 2.305e-06
Round took 2.759e-06
Round took 0
Round took 3.724e-06
Round took 0
Round took 2.152e-06
Round took 1.323e-06
Round took 2.31e-06
Round took 6.622e-06
Round took 3.06e-06
Round took 2.374e-06
Round took 0
Round took 4.933e-06
Round took 2.392e-06
Round took 2.328e-06
Round took 0
Round took 0
Round took 2.385e-06
Round took 5.087e-06
Round took 3.007e-06
Round took 2.798e-06
Round took 2.916e-06
Round took 2.486e-06
Round took 2.332e-06
Round took 2.514e-06
Round took 2.848e-06
Round took 9.584e-06
Round took 5.228e-06
Round took 3.709e-06
Round took 2.951e-06
Round took 2.789e-06
Round took 2.888e-06
Round took 2.371e-06
Round took 2.378e-06
Round took 0.016971959
Round took 2.916e-06
Round took 2.426e-06
Round took 2.854e-06
Round took 2.722e-06
Round took 2.394e-06
Round took 2.306e-06
Round took 2.484e-06
Round took 1.5824e-05
Round took 2.503e-06
Round took 2.451e-06
Round took 2.355e-06
Round took 2.402e-06
Round took 2.358e-06
Round took 2.398e-06
Round took 2.346e-06
Round took 2.906e-06
Round took 2.3e-06
Round took 2.28e-06
Round took 0.021029068
Round took 3.509e-06
Round took 2.574e-06
Round took 2.875e-06
Round took 2.343e-06
Round took 2.333e-06
Round took 0.014814443
Round took 0.004457446
Round took 3.75e-06
Round took 2.85e-06
Round took 3.129e-06
Round took 3.15e-06
Round took 2.587e-06
Round took 1.415e-06
Round took 0.011767526
Round took 3.898e-06
Round took 3.124e-06
Round took 3.088e-06
Round took 3.161e-06
Round took 1.756e-06
Round took 1.792e-06
Test took 106.975310594
Successful: 4940
