Uniform distribution
Round took 0.157191171
Round took 0.10285918
Round took 0.098022491
Round took 0.306874545
Round took 0.105795355
Round took 0.082019671
Round took 0.096959738
Round took 0.100766746
Round took 0.099026517
Round took 0.100676468
Round took 0.085998718
Round took 0.087029434
Round took 0.102222997
Round took 0.102458895
Round took 0.811897463
Round took 0.110392944
Round took 0.084467762
Round took 0.146370001
Round took 0.126084275
Round took 0.315957674
Round took 0.104697304
Round took 0.090288476
Round took 0.10340058
Round took 0.086039163
Round took 0.309137699
Round took 0.09550185
Round took 0.091640581
Round took 0.368508321
Round took 0.325396274
Round took 0.10582129
Round took 0.40214448
Round took 0.316401961
Round took 0.088848319
Round took 0.110762443
Round took 0.103453946
Round took 0.114463445
Round took 0.105488385
Round took 0.419120066
Round took 0.121826801
Round took 0.308133434
Round took 0.152904626
Round took 0.1267168
Round took 0.109584443
Round took 0.146859692
Round took 0.866131272
Round took 0.120734904
Round took 0.065650465
Round took 0.10212281
Round took 0.125833821
Round took 0.099344775
Round took 0.101790258
Round took 0.102389054
Round took 0.111972515
Round took 0.108340056
Round took 0.10268128
Round took 0.316645421
Round took 0.106130778
Round took 0.360903392
Round took 0.311287453
Round took 0.310729712
Round took 0.096395709
Round took 0.092775613
Round took 0.095229783
Round took 0.118567828
Round took 2.839073961
Round took 0.321368759
Round took 0.108674934
Round took 2.8318993
Round took 0.321655873
Round took 0.099903785
Round took 0.104758021
Round took 0.31688626
Round took 0.095152582
Round took 0.087337949
Round took 0.326479086
Round took 0.099256735
Round took 0.101666585
Round took 0.864460963
Round took 0.188099332
Round took 0.844898041
Round took 0.330620986
Round took 0.1003654
Round took 0.093668391
Round took 0.085594959
Round took 0.094788346
Round took 0.095450264
Round took 0.332091135
Round took 0.10071874
Round took 0.059912548
Round took 0.097948177
Round took 0.096725019
Round took 0.318343287
Round took 0.097673611
Round took 0.107540001
Round took 0.095877779
Round took 0.094757371
Round took 0.309587223
Round took 0.102237795
Round took 1.324778083
Round took 0.095408755
Round took 0.093716777
Round took 1.308788255
Round took 0.100974382
Round took 0.100814615
Round took 0.126029533
Round took 0.089709419
Round took 0.091531252
Round took 0.089995298
Round took 0.090051276
Round took 0.093064548
Round took 0.097274523
Round took 0.111879
Round took 0.296771177
Round took 0.100871813
Round took 0.092070279
Round took 0.093324626
Round took 0.097076434
Round took 0.301209294
Round took 0.307709085
Round took 0.103587825
Round took 0.088859441
Round took 0.086779106
Round took 0.074375655
Round took 0.300603062
Round took 0.097719232
Round took 0.082747406
Round took 0.313542267
Round took 0.083625411
Round took 0.093657077
Round took 0.328022611
Round took 1.307721168
Round took 0.082492013
Round took 0.299376654
Round took 0.083904383
Round took 0.086763723
Round took 0.091324092
Round took 0.092091059
Round took 0.087037446
Round took 0.098818691
Round took 0.097169633
Round took 0.308793899
Round took 0.099734219
Round took 0.305846757
Round took 0.09738733
Round took 0.095180878
Round took 0.085618955
Round took 0.08174279
Round took 0.310730995
Round took 0.091054916
Round took 0.091584499
Round took 0.085585086
Round took 0.086142565
Round took 0.09385598
Round took 0.086415319
Round took 0.082878868
Round took 0.081104994
Round took 0.806829047
Round took 0.084241337
Round took 0.810715071
Round took 0.088308033
Round took 0.093069779
Round took 0.30321274
Round took 0.297022316
Round took 0.076213719
Round took 0.088156318
Round took 0.096983042
Round took 0.308678195
Round took 0.072054448
Round took 0.196549612
Round took 0.069360568
Round took 0.092266856
Round took 0.081739666
Round took 0.802926597
Round took 0.094732344
Round took 0.305976475
Round took 0.096151197
Round took 0.300174334
Round took 0.088827845
Round took 0.0888505
Round took 0.085255319
Round took 0.081246692
Round took 0.090514907
Round took 0.304076451
Round took 0.102753053
Round took 0.121097296
Round took 0.09339029
Round took 0.079259316
Round took 0.097276612
Round took 0.093018763
Round took 0.297418613
Round took 0.097478517
Round took 0.306768592
Round took 0.102008602
Round took 0.102654306
Round took 0.3102592
Round took 0.113200111
Round took 0.103511014
Round took 0.305651201
Round took 0.104422077
Round took 0.091884267
Round took 0.311800799
Round took 0.086859081
Round took 0.091161465
Round took 0.096448647
Round took 0.095346939
Round took 0.090585993
Round took 0.103537526
Round took 0.301899829
Round took 0.304248765
Round took 0.30739684
Round took 0.812576965
Round took 0.091029824
Round took 0.094716511
Round took 0.362697419
Round took 0.309539318
Round took 0.099909044
Round took 0.099184951
Round took 0.099124645
Round took 0.092752707
Round took 0.10313139
Round took 0.313832343
Round took 0.311754526
Round took 0.308299961
Round took 0.094387582
Round took 0.097766958
Round took 0.102497172
Round took 0.102507586
Round took 0.097684734
Round took 0.307108354
Round took 0.100085722
Round took 0.09976406
Round took 0.089677827
Round took 0.097301479
Round took 0.085653623
Round took 0.092829821
Round took 0.096207835
Round took 0.057082469
Round took 0.08810744
Round took 0.086264534
Round took 0.095648552
Round took 0.305807051
Round took 0.085742761
Round took 0.087479248
Round took 0.08716949
Round took 0.083830118
Round took 0.089637127
Round took 0.348702218
Round took 0.089374174
Round took 0.10071781
Round took 0.095482476
Round took 0.095188749
Round took 0.097141652
Round took 0.085507534
Round took 0.08445566
Round took 0.088315236
Round took 0.089210553
Round took 0.077556344
Round took 0.201894595
Round took 0.092990905
Round took 0.098175976
Round took 0.14123335
Round took 0.101607327
Round took 0.109681377
Round took 0.215345559
Round took 0.133178998
Round took 1.330032111
Round took 0.098504105
Round took 0.106147341
Round took 0.094296719
Round took 0.096074073
Round took 0.089834607
Round took 0.088296906
Round took 0.090937033
Round took 0.304327227
Round took 0.297955503
Round took 1.311612838
Round took 0.114011802
Round took 0.081743039
Round took 0.117342476
Round took 0.143752519
Round took 0.094522108
Round took 0.124135594
Round took 0.09481914
Round took 0.309197633
Round took 0.298823675
Round took 0.29902571
Round took 0.0935167
Round took 1.314908085
Round took 0.093550415
Round took 0.088077802
Round took 0.102432153
Round took 0.047711516
Round took 0.11471958
Round took 0.095894614
Round took 0.097368693
Round took 0.095846091
Round took 0.295476095
Round took 0.091027212
Round took 0.088712848
Round took 0.086433085
Round took 0.297031491
Round took 2.812573164
Round took 0.107208221
Round took 0.098044447
Round took 0.093003002
Round took 0.081795854
Round took 0.087979781
Round took 0.113134203
Round took 0.073475778
Round took 0.086486188
Round took 0.083407286
Round took 0.110340307
Round took 0.08255386
Round took 0.27495625
Round took 0.100841283
Round took 0.099595093
Round took 0.090874473
Round took 0.334083666
Round took 0.084862425
Round took 0.805097329
Round took 0.308735965
Round took 0.402360586
Round took 0.573261457
Round took 0.313333881
Round took 0.121173141
Round took 0.133693586
Round took 0.107923847
Round took 1.318440496
Round took 0.103844308
Round took 0.101476862
Round took 0.101302605
Round took 0.102520711
Round took 0.31072407
Round took 0.102557066
Round took 1.3291858730000001
Round took 0.091741489
Round took 0.10185397
Round took 0.104090922
Round took 0.097979891
Round took 0.138149767
Round took 0.114040931
Round took 0.307702839
Round took 0.384046468
Round took 0.107354128
Round took 0.109569071
Round took 0.817749113
Round took 0.101320344
Round took 0.099708831
Round took 0.096247744
Round took 0.060812594
Round took 0.096189547
Round took 0.104258479
Round took 0.097089582
Round took 0.316297732
Round took 0.105783781
Round took 0.097211418
Round took 0.310759039
Round took 0.097706508
Round took 0.308156353
Round took 0.091905079
Round took 0.813927948
Round took 0.307938076
Round took 0.100218449
Round took 0.110969078
Round took 0.102611823
Round took 0.107958705
Round took 0.10804506
Round took 0.09564658
Round took 0.10961223
Round took 0.100449092
Round took 0.112948897
Round took 0.109853406
Round took 0.101417011
Round took 0.814970195
Round took 0.117004567
Round took 0.112512049
Round took 0.102645621
Round took 0.311131724
Round took 0.102314858
Round took 0.103375705
Round took 0.12022739
Round took 0.123698802
Round took 0.324302223
Round took 0.120525621
Round took 0.10044016
Round took 1.823048074
Round took 0.100842494
Round took 0.099545856
Round took 0.085493888
Round took 0.057387864
Round took 0.095311955
Round took 0.083615802
Round took 0.085608325
Round took 0.089937577
Round took 0.091820904
Round took 0.091278221
Round took 0.086936998
Round took 1.81177023
Round took 0.099902085
Round took 0.097393805
Round took 5.337820213
Round took 0.093053269
Round took 0.087007633
Round took 0.084377728
Round took 0.094677485
Round took 0.31659717
Round took 0.089058129
Round took 0.114300421
Round took 0.115329522
Error when reading: read tcp 172.31.54.117:58854->172.31.63.49:7070: read: connection timed out
Error when reading: EOF
Error when reading: read tcp 172.31.54.117:43730->172.31.62.16:7070: read: connection timed out
Error when reading: EOF
Round took 7.813188909
Error when reading: EOF
Error when reading: EOF
Error when reading: EOF
Error when reading: EOF
Round took 0.303699087
Error when reading: EOF
Error when reading: EOF
Error when reading: EOF
Error when reading: EOF
Round took 0.043375313
Error when reading: EOF
Error when reading: EOF
Error when reading: EOF
Error when reading: EOF
Round took 0.010908445
Error when reading: EOF
Error when reading: EOF
Round took 1.3613e-05
Round took 3.723e-06
Round took 3.867e-06
Round took 3.371e-06
Round took 2.909e-06
Round took 2.731e-06
Round took 3.129e-06
Round took 9.727e-06
Round took 2.965e-06
Round took 2.719e-06
Round took 3.213e-06
Round took 2.888e-06
Round took 2.619e-06
Round took 2.813e-06
Round took 2.678e-06
Round took 2.714e-06
Round took 2.574e-06
Round took 2.786e-06
Round took 2.552e-06
Round took 2.819e-06
Round took 2.433e-06
Round took 2.54e-06
Round took 2.494e-06
Round took 0.03773871
Round took 3.109e-06
Round took 2.886e-06
Round took 2.879e-06
Round took 3.04e-06
Round took 2.695e-06
Round took 2.793e-06
Round took 2.819e-06
Round took 3.318e-06
Round took 2.847e-06
Round took 2.87e-06
Round took 2.856e-06
Round took 2.931e-06
Round took 2.897e-06
Round took 2.696e-06
Round took 2.749e-06
Round took 2.632e-06
Round took 8.059e-06
Round took 2.674e-06
Round took 2.638e-06
Round took 2.611e-06
Round took 1.6218e-05
Round took 2.712e-06
Round took 1.6862e-05
Round took 2.79e-06
Round took 2.938e-06
Round took 2.808e-06
Round took 2.664e-06
Round took 2.697e-06
Round took 2.655e-06
Round took 2.72e-06
Round took 2.57e-06
Round took 2.649e-06
Round took 1.0445e-05
Round took 2.678e-06
Round took 2.508e-06
Round took 2.589e-06
Round took 2.622e-06
Round took 1.4519e-05
Round took 2.81e-06
Round took 2.648e-06
Round took 2.884e-06
Round took 1.3128e-05
Round took 2.71e-06
Round took 2.612e-06
Round took 2.742e-06
Round took 2.442e-06
Round took 2.869e-06
Round took 2.469e-06
Round took 2.884e-06
Round took 6.784e-06
Round took 2.55e-06
Round took 2.558e-06
Round took 2.663e-06
Round took 2.562e-06
Round took 2.583e-06
Round took 2.985e-06
Round took 2.703e-06
Round took 2.711e-06
Round took 2.552e-06
Round took 2.672e-06
Round took 2.474e-06
Round took 2.741e-06
Round took 2.457e-06
Round took 2.59e-06
Round took 2.44e-06
Round took 8.227e-06
Round took 7.227e-06
Round took 2.586e-06
Round took 2.457e-06
Round took 2.584e-06
Round took 2.644e-06
Round took 2.542e-06
Round took 2.617e-06
Round took 2.544e-06
Round took 2.611e-06
Round took 2.601e-06
Round took 6.321e-06
Round took 3.406e-06
Round took 3.742e-06
Round took 3.224e-06
Round took 6.5e-06
Round took 3.507e-06
Round took 9.467e-06
Round took 5.793e-06
Round took 2.979e-06
Round took 0.006867893
Round took 3.605e-06
Round took 3.315e-06
Round took 0.02039927
Round took 3.565e-06
Round took 3.753e-06
Round took 3.363e-06
Round took 6.68e-06
Round took 3.41e-06
Round took 3.752e-06
Round took 3.4e-06
Round took 3.538e-06
Round took 3.163e-06
Round took 1.5429e-05
Round took 3.066e-06
Round took 2.743e-06
Round took 2.603e-06
Round took 2.909e-06
Round took 2.911e-06
Round took 2.766e-06
Round took 2.928e-06
Round took 2.918e-06
Round took 2.555e-06
Round took 2.781e-06
Round took 1.7821e-05
Round took 1.0652e-05
Round took 1.0347e-05
Round took 2.528e-06
Round took 2.547e-06
Round took 2.501e-06
Round took 0.037821813
Round took 3.499e-06
Round took 3.464e-06
Round took 3.135e-06
Round took 3.222e-06
Round took 3.119e-06
Round took 0.018758863
Round took 4.485e-06
Round took 3.83e-06
Round took 3.163e-06
Round took 3.058e-06
Round took 2.766e-06
Round took 3.058e-06
Round took 2.72e-06
Round took 2.842e-06
Round took 2.4962e-05
Round took 1.4781e-05
Round took 2.887e-06
Round took 2.7e-06
Round took 2.764e-06
Round took 2.89e-06
Round took 2.86e-06
Round took 2.908e-06
Round took 2.87e-06
Round took 2.881e-06
Round took 2.89e-06
Round took 2.701e-06
Round took 2.773e-06
Round took 2.67e-06
Round took 3.102e-06
Round took 2.778e-06
Round took 2.779e-06
Round took 2.811e-06
Round took 6.192e-06
Round took 2.776e-06
Round took 2.7e-06
Round took 2.823e-06
Round took 2.878e-06
Round took 3.013e-06
Round took 2.868e-06
Round took 2.931e-06
Round took 2.962e-06
Round took 1.687e-05
Round took 2.745e-06
Round took 2.845e-06
Round took 2.753e-06
Round took 2.691e-06
Round took 2.588e-06
Round took 2.925e-06
Round took 7.718e-06
Round took 2.591e-06
Round took 2.771e-06
Round took 2.573e-06
Round took 2.764e-06
Round took 2.614e-06
Round took 2.679e-06
Round took 2.625e-06
Round took 2.73e-06
Round took 2.586e-06
Round took 2.722e-06
Round took 2.635e-06
Round took 2.586e-06
Round took 1.3659e-05
Round took 2.696e-06
Round took 2.595e-06
Round took 2.617e-06
Round took 5.964e-06
Round took 2.471e-06
Round took 2.634e-06
Round took 2.536e-06
Round took 2.639e-06
Round took 2.44e-06
Round took 2.654e-06
Round took 2.447e-06
Round took 2.739e-06
Round took 2.469e-06
Round took 2.6e-06
Round took 2.495e-06
Round took 2.539e-06
Round took 2.477e-06
Round took 2.552e-06
Round took 2.447e-06
Round took 7.063e-06
Round took 2.569e-06
Round took 2.499e-06
Round took 2.451e-06
Round took 2.627e-06
Round took 6.66e-06
Round took 2.518e-06
Round took 2.666e-06
Round took 2.551e-06
Round took 2.604e-06
Round took 2.602e-06
Round took 2.558e-06
Round took 2.469e-06
Round took 2.701e-06
Round took 2.475e-06
Round took 2.529e-06
Round took 2.525e-06
Round took 5.438e-06
Round took 2.637e-06
Round took 2.481e-06
Round took 2.654e-06
Round took 2.58e-06
Round took 2.671e-06
Round took 2.476e-06
Round took 2.655e-06
Round took 2.655e-06
Round took 2.472e-06
Round took 2.528e-06
Round took 2.603e-06
Round took 2.621e-06
Round took 2.57e-06
Round took 2.453e-06
Round took 2.506e-06
Round took 6.35e-06
Round took 2.494e-06
Round took 2.607e-06
Round took 2.48e-06
Round took 2.479e-06
Round took 2.459e-06
Round took 2.502e-06
Round took 2.518e-06
Round took 2.533e-06
Round took 2.454e-06
Round took 2.533e-06
Round took 2.549e-06
Round took 2.491e-06
Round took 2.638e-06
Round took 2.517e-06
Round took 2.478e-06
Round took 6.202e-06
Round took 1.3832e-05
Round took 8.109e-06
Round took 2.55e-06
Round took 2.493e-06
Round took 2.618e-06
Round took 2.467e-06
Round took 2.502e-06
Round took 2.446e-06
Round took 2.74e-06
Round took 2.515e-06
Round took 2.52e-06
Round took 1.8296e-05
Round took 2.571e-06
Round took 2.512e-06
Round took 2.48e-06
Round took 2.503e-06
Round took 8.071e-06
Round took 2.511e-06
Round took 2.565e-06
Round took 2.453e-06
Round took 2.561e-06
Round took 2.454e-06
Round took 2.495e-06
Round took 2.479e-06
Round took 2.465e-06
Round took 2.494e-06
Round took 2.506e-06
Round took 2.504e-06
Round took 2.614e-06
Round took 2.639e-06
Round took 2.504e-06
Round took 2.445e-06
Round took 2.733e-06
Round took 5.931e-06
Round took 2.51e-06
Round took 2.452e-06
Round took 2.552e-06
Round took 2.558e-06
Round took 2.597e-06
Round took 2.465e-06
Round took 2.508e-06
Round took 2.67e-06
Round took 2.527e-06
Round took 2.529e-06
Round took 2.605e-06
Round took 2.628e-06
Round took 7.473e-06
Round took 2.45e-06
Round took 2.936e-06
Round took 7.81e-06
Round took 2.595e-06
Round took 2.613e-06
Round took 2.553e-06
Round took 2.542e-06
Round took 2.624e-06
Round took 2.533e-06
Round took 2.62e-06
Round took 2.524e-06
Round took 2.617e-06
Round took 2.496e-06
Round took 2.499e-06
Round took 2.583e-06
Round took 2.475e-06
Round took 1.5787e-05
Round took 2.551e-06
Round took 2.611e-06
Round took 5.894e-06
Round took 1.1405e-05
Round took 2.604e-06
Round took 2.59e-06
Round took 2.657e-06
Round took 2.484e-06
Round took 2.569e-06
Round took 2.532e-06
Round took 2.594e-06
Round took 2.541e-06
Round took 2.563e-06
Round took 2.493e-06
Round took 1.6808e-05
Round took 2.524e-06
Round took 2.483e-06
Round took 2.519e-06
Round took 7.535e-06
Round took 2.581e-06
Round took 2.648e-06
Round took 6.343e-06
Round took 0
Round took 0
Round took 3.796e-06
Round took 5.11e-07
Round took 0
Round took 0
Round took 2.1634e-05
Round took 0
Round took 2.569e-06
Round took 7.518e-06
Round took 5.053e-06
Round took 4.984e-06
Round took 3.392e-06
Round took 0.008726402
Round took 3.233e-06
Round took 2.962e-06
Round took 3.035e-06
Round took 3.029e-06
Round took 2.902e-06
Round took 2.709e-06
Round took 2.728e-06
Round took 5.037e-06
Round took 3.039e-06
Round took 2.928e-06
Round took 2.699e-06
Round took 0.00846773
Round took 3.768e-06
Round took 3.296e-06
Round took 3.182e-06
Round took 2.978e-06
Round took 1.3006e-05
Round took 2.915e-06
Round took 2.828e-06
Round took 2.979e-06
Round took 2.864e-06
Round took 3.43e-06
Round took 2.697e-06
Round took 2.854e-06
Round took 2.958e-06
Round took 2.621e-06
Round took 2.931e-06
Round took 2.708e-06
Round took 3.046e-06
Round took 2.76e-06
Round took 2.69e-06
Round took 2.822e-06
Round took 6.444e-06
Round took 2.781e-06
Round took 3.108e-06
Round took 0.037784056
Round took 1.9662e-05
Round took 1.79e-05
Round took 3.138e-06
Round took 3.795e-06
Round took 7.689e-06
Round took 3.14e-06
Round took 3.42e-06
Round took 4.249e-06
Round took 3.939e-06
Round took 2.839e-06
Round took 2.826e-06
Round took 2.761e-06
Round took 2.565e-06
Round took 0.021680449
Round took 5.594e-06
Round took 3.582e-06
Round took 3.104e-06
Round took 3.399e-06
Round took 2.739e-06
Round took 6.322e-06
Round took 0.007292054
Round took 4.275e-06
Round took 4.353e-06
Round took 2.828e-06
Round took 2.854e-06
Round took 3.058e-06
Round took 2.818e-06
Round took 3.013e-06
Round took 3.028e-06
Round took 9.849e-06
Round took 2.916e-06
Round took 2.723e-06
Round took 3.184e-06
Round took 0.028172899
Round took 0.002096274
Round took 4.093e-06
Round took 3.454e-06
Round took 0.007040604
Round took 3.704e-06
Round took 4.222e-06
Round took 3.44e-06
Round took 0.011663881
Round took 4.408e-06
Round took 2.759e-06
Round took 3.441e-06
Round took 2.519e-06
Round took 1.7417e-05
Round took 0.014688184
Round took 3.557e-06
Round took 3.36e-06
Round took 3.053e-06
Round took 2.662e-06
Round took 3.162e-06
Round took 2.6e-06
Round took 2.696e-06
Round took 2.721e-06
Round took 2.703e-06
Round took 2.602e-06
Round took 2.654e-06
Round took 2.934e-06
Round took 0.019702921
Round took 4.875e-06
Round took 1.0535e-05
Round took 2.872e-06
Round took 3.009e-06
Round took 2.025e-06
Round took 2.777e-06
Round took 1.8056e-05
Round took 0.028009324
Round took 3.835e-06
Round took 3.29e-06
Round took 3.264e-06
Round took 2.87e-06
Round took 3.684e-06
Round took 2.851e-06
Round took 2.833e-06
Round took 2.72e-06
Round took 2.702e-06
Round took 0.01316307
Round took 0.004855304
Round took 4.696e-06
Round took 3.771e-06
Round took 4.111e-06
Round took 0.015364364
Round took 5.586e-06
Round took 3.205e-06
Round took 3.328e-06
Round took 3.177e-06
Round took 2.848e-06
Round took 2.913e-06
Round took 3.547e-06
Round took 1.993e-06
Round took 0.017819455
Round took 2.854e-06
Round took 3.505e-06
Round took 1.2569e-05
Round took 3.195e-06
Round took 2.618e-06
Round took 2.167e-06
Round took 2.745e-06
Round took 6.455e-06
Round took 3.365e-06
Round took 3.188e-06
Round took 2.474e-06
Round took 2.867e-06
Round took 4.536e-06
Round took 3.881e-06
Round took 2.89e-06
Round took 2.699e-06
Round took 2.57e-06
Round took 2.57e-06
Round took 2.71e-06
Round took 1.6974e-05
Round took 3.248e-06
Round took 2.905e-06
Round took 1.531e-06
Round took 3.6e-06
Round took 1.289e-06
Round took 3.336e-06
Round took 2.835e-06
Round took 4.242e-06
Round took 3.357e-06
Round took 3.323e-06
Round took 3.168e-06
Round took 3.148e-06
Round took 5.633e-06
Round took 3.677e-06
Round took 2.454e-06
Round took 9.765e-06
Round took 2.702e-06
Round took 0.013251449
Round took 4.855e-06
Round took 3.562e-06
Round took 3.21e-06
Round took 0
Round took 1.147e-06
Round took 1.5513e-05
Round took 1.2361e-05
Round took 0.014268604
Round took 5.578e-06
Round took 4.473e-06
Round took 4.015e-06
Round took 3.245e-06
Round took 3.027e-06
Round took 2.726e-06
Round took 0.009585401
Round took 3.475e-06
Round took 3.026e-06
Round took 3.019e-06
Round took 3.269e-06
Round took 3.163e-06
Round took 2.715e-06
Round took 2.881e-06
Round took 2.967e-06
Round took 2.901e-06
Round took 2.668e-06
Round took 2.842e-06
Round took 5.881e-06
Round took 7.161e-06
Round took 0
Round took 9.996e-06
Round took 1.001e-05
Round took 0
Round took 3.87e-06
Round took 5.05e-06
Round took 6.059e-06
Round took 5.089e-06
Round took 4.007e-06
Round took 3.4e-06
Round took 1.962e-06
Round took 3.36e-06
Round took 2.816e-06
Round took 4.691e-06
Round took 4.088e-06
Round took 2.84e-06
Round took 5.646e-06
Round took 3.267e-06
Round took 3.39e-06
Round took 1.2627e-05
Round took 2.817e-06
Round took 0.015927973
Round took 6.168e-06
Round took 3.972e-06
Round took 0.007331353
Round took 7.464e-06
Round took 5.161e-06
Round took 3.347e-06
Round took 2.747e-06
Round took 2.712e-06
Round took 3.47e-06
Round took 2.832e-06
Round took 3.451e-06
Round took 2.667e-06
Round took 4.356e-06
Round took 7.886e-06
Round took 2.014e-06
Round took 9.645e-06
Round took 3.562e-06
Round took 5.215e-06
Round took 3.68e-07
Round took 6.127e-06
Round took 4.549e-06
Round took 3.837e-06
Round took 7.1e-07
Round took 1.7258e-05
Round took 2.54e-07
Round took 9.257e-06
Round took 3.344e-06
Round took 0
Round took 3.042e-06
Round took 0
Round took 1.6792e-05
Round took 1.0901e-05
Round took 3.586e-06
Round took 0
Round took 1.2726e-05
Round took 0
Round took 0
Round took 1.888e-06
Round took 0
Round took 0
Round took 3.541e-06
Round took 1.874e-06
Round took 0
Round took 0
Round took 0
Round took 6.61e-07
Round took 0.005225969
Round took 0.008607052
Round took 1.8867e-05
Round took 4.128e-06
Round took 0
Round took 2.085e-06
Round took 0.015757079
Round took 0
Round took 3.188e-06
Round took 1.0303e-05
Round took 0
Round took 0
Round took 8.011e-06
Round took 0
Round took 5e-07
Round took 2.587e-06
Round took 1.0561e-05
Round took 3.1106e-05
Round took 0
Round took 8.124e-06
Round took 0
Round took 0
Round took 0
Round took 0
Round took 2.75e-06
Round took 0
Round took 1.784e-06
Round took 0
Round took 3.31e-07
Round took 0
Round took 1.0229e-05
Round took 0
Round took 2.936e-06
Round took 0
Round took 0.009272384
Round took 0
Round took 1.2589e-05
Round took 1.492e-06
Round took 0
Round took 1.1584e-05
Round took 4.564e-06
Round took 3.805e-06
Round took 4.133e-06
Round took 0
Round took 0
Round took 3.3651e-05
Round took 1.3695e-05
Round took 2.1743e-05
Round took 0
Round took 9.107e-06
Round took 7.62e-07
Round took 1.6179e-05
Round took 4.816e-06
Round took 0
Round took 1.0684e-05
Round took 0
Round took 2.626e-06
Round took 4.266e-06
Round took 0
Round took 0
Round took 0
Round took 0
Round took 0
Round took 7.72e-06
Round took 2.881e-06
Round took 5.01e-07
Round took 0
Round took 2.556e-06
Round took 1.4076e-05
Round took 0
Round took 0
Round took 3.611e-06
Round took 0
Round took 0
Round took 2.472e-06
Round took 0
Round took 0
Round took 0
Round took 7.374e-06
Round took 0
Round took 2.634e-06
Round took 3.231e-06
Round took 3.92e-06
Round took 6.664e-06
Round took 7.99e-06
Round took 6.7e-06
Round took 4.28e-06
Round took 7.468e-06
Round took 0
Round took 1.0929e-05
Round took 0
Round took 1.029e-06
Round took 2.52e-06
Round took 4.11e-06
Round took 0
Round took 1.0934e-05
Round took 0
Round took 2.3e-06
Round took 1.952e-06
Round took 1.1802e-05
Round took 0
Round took 9.453e-06
Round took 2.842e-06
Round took 0
Round took 1.449e-06
Round took 0
Round took 0
Round took 7.823e-06
Round took 6.207e-06
Round took 3.785e-06
Round took 3.704e-06
Round took 3.063e-06
Round took 2.83e-06
Round took 0.01721745
Round took 1.122e-06
Round took 1.2525e-05
Round took 5.911e-06
Round took 0.006509011
Round took 0.005119919
Round took 1.803e-06
Round took 1.2531e-05
Round took 0.006972733
Round took 0
Round took 1.0072e-05
Round took 5.326e-06
Round took 3.35e-06
Round took 3.305e-06
Round took 2.917e-06
Round took 3.316e-06
Round took 3.154e-06
Round took 2.953e-06
Round took 2.672e-06
Round took 2.821e-06
Round took 2.644e-06
Round took 9.825e-06
Round took 2.61e-06
Round took 2.686e-06
Round took 2.545e-06
Round took 1.8185e-05
Round took 2.692e-06
Round took 2.717e-06
Round took 2.652e-06
Round took 1.0562e-05
Round took 0
Round took 1.213e-05
Round took 5.669e-06
Round took 3.801e-06
Round took 0
Round took 0
Round took 0
Round took 0.046177529
Round took 0.005616556
Round took 4.309e-06
Round took 0.00970327
Round took 2.138e-06
Round took 6.752e-06
Round took 3.081e-06
Round took 3.043e-06
Round took 1.124e-06
Round took 4.581e-06
Round took 3.774e-06
Round took 4.698e-06
Round took 5.652e-06
Round took 3.13e-06
Round took 1.611e-06
Round took 3.13e-06
Round took 5.265e-06
Round took 1.1578e-05
Round took 2.962e-06
Round took 0.010345277
Round took 6.056e-06
Round took 1.528e-06
Round took 4.707e-06
Round took 4.276e-06
Round took 2.944e-06
Round took 2.8e-06
Round took 2.692e-06
Round took 0
Round took 1.787e-06
Round took 5.587e-06
Round took 2.485e-06
Round took 2.616e-06
Round took 1.46e-05
Round took 9.045e-06
Round took 2.5051e-05
Round took 2.653e-06
Round took 2.531e-06
Round took 3.83e-07
Round took 4.428e-06
Round took 4.817e-06
Round took 3.918e-06
Round took 4.216e-06
Round took 2.625e-06
Round took 1.506e-06
Round took 0
Round took 1.089e-06
Round took 2.592e-06
Round took 0
Round took 0
Round took 2.946e-06
Round took 1.488e-06
Round took 6.157e-06
Round took 6.91e-07
Round took 2.074e-06
Round took 4.979e-06
Round took 4.567e-06
Round took 2.834e-06
Round took 4.738e-06
Round took 7.64e-06
Round took 1.61e-06
Round took 3.225e-06
Round took 2.424e-06
Round took 3.209e-06
Round took 4.679e-06
Round took 1.716e-06
Round took 2.91e-06
Round took 6.53e-07
Round took 1.1122e-05
Round took 2.68e-06
Round took 1.959e-06
Round took 3.465e-06
Round took 2.857e-06
Round took 3.12e-06
Round took 3.804e-06
Round took 4.748e-06
Round took 2.895e-06
Round took 3.543e-06
Round took 2.648e-06
Round took 3.288e-06
Round took 1.3918e-05
Round took 2.668e-06
Round took 2.562e-06
Round took 4.27e-07
Round took 2.591e-06
Round took 6.473e-06
Round took 2.653e-06
Round took 3.605e-06
Round took 3.845e-06
Round took 4.48e-07
Round took 4.107e-06
Round took 4.287e-06
Round took 2.984e-06
Round took 6.474e-06
Round took 4.153e-06
Round took 4.506e-06
Round took 5.556e-06
Round took 3.083e-06
Round took 1.308e-06
Round took 5.406e-06
Round took 1.389e-06
Round took 0.011674433
Round took 4.37e-06
Round took 3.27e-06
Round took 7.11e-07
Round took 4.064e-06
Round took 3.656e-06
Round took 2.847e-06
Round took 5.206e-06
Round took 1.47e-07
Round took 3.854e-06
Round took 3.672e-06
Round took 4.003e-06
Round took 4.013e-06
Round took 1.297e-06
Round took 2.724e-06
Round took 5.845e-06
Round took 4.862e-06
Round took 9.669e-06
Round took 3.718e-06
Round took 7.3e-07
Round took 2.291e-06
Round took 2.803e-06
Round took 2.672e-06
Round took 3.452e-06
Round took 1.692e-06
Round took 1.6735e-05
Round took 5.755e-06
Round took 8.34e-07
Round took 2.517e-06
Round took 2.749e-06
Round took 1.78e-06
Round took 2.858e-06
Round took 1.863e-06
Round took 1.0011e-05
Round took 2.578e-06
Round took 2.91e-06
Round took 0
Round took 2.203e-06
Round took 2.541e-06
Round took 0
Round took 2.535e-06
Round took 4.915e-06
Round took 2.39e-07
Round took 2.597e-06
Round took 4.901e-06
Round took 1.916e-06
Round took 5.59e-06
Round took 1.901e-06
Round took 1.258e-06
Round took 5.337e-06
Round took 3.084e-06
Round took 2.507e-06
Round took 1.8263e-05
Round took 3.79e-07
Round took 2.604e-06
Round took 2.866e-06
Round took 2.574e-06
Round took 1.765e-06
Round took 1.204e-06
Round took 8.8e-08
Round took 1.855e-06
Round took 2.036e-06
Round took 2.261e-06
Round took 3.356e-06
Round took 2.531e-06
Round took 5.335e-06
Round took 5.722e-06
Round took 0
Round took 8.054e-06
Round took 1.2921e-05
Round took 1.5369e-05
Round took 2.725e-06
Round took 0
Round took 4.679e-06
Round took 0
Round took 2.539e-06
Round took 4.841e-06
Round took 5.851e-06
Round took 2.249e-06
Round took 1.992e-06
Round took 1.064e-06
Round took 2.504e-06
Round took 2.474e-06
Round took 3.659e-06
Round took 2.511e-06
Round took 1.949e-06
Round took 4.539e-06
Round took 4.988e-06
Round took 4.35e-07
Round took 2.519e-06
Round took 0
Round took 5.12e-07
Round took 2.493e-06
Round took 1.692e-06
Round took 0
Round took 1.85e-07
Round took 4.024e-06
Round took 0
Round took 2.532e-06
Round took 5.114e-06
Round took 3.4e-06
Round took 5.276e-06
Round took 2.487e-06
Round took 1.76e-06
Round took 2.487e-06
Round took 2.674e-06
Round took 2.26e-06
Round took 2.476e-06
Round took 4.377e-06
Round took 4.951e-06
Round took 1.317e-06
Round took 4.558e-06
Round took 6.59e-07
Round took 0
Round took 2.479e-06
Round took 5.138e-06
Round took 5.7607e-05
Round took 3.925e-06
Round took 1.948e-06
Round took 4.88e-06
Round took 4.604e-06
Round took 6.927e-06
Round took 4.162e-06
Round took 2.785e-06
Round took 2.786e-06
Round took 5.883e-06
Round took 5.723e-06
Round took 2.261e-06
Round took 6.642e-06
Round took 1.385e-06
Round took 0
Round took 2.573e-06
Round took 2.497e-06
Round took 1.3052e-05
Round took 0
Round took 2.489e-06
Round took 6.081e-06
Round took 1.6273e-05
Round took 6.577e-06
Round took 4.437e-06
Round took 5.501e-06
Round took 2.007e-06
Round took 2.621e-06
Round took 5.58e-06
Round took 1.875e-06
Round took 2.597e-06
Round took 1.913e-06
Round took 2.018e-06
Round took 2.319e-06
Round took 4.958e-06
Round took 0
Round took 2.423e-06
Round took 0
Round took 1.31e-06
Round took 5.42e-06
Round took 1.746e-06
Round took 2.236e-06
Round took 0.045845227
Round took 9.753e-06
Round took 7.509e-06
Round took 2.793e-06
Round took 1.8659e-05
Round took 6.77e-06
Round took 0
Round took 5.206e-06
Round took 0.015619051
Round took 1.9014e-05
Round took 3.048e-06
Round took 5.558e-06
Round took 1.625e-06
Round took 3.007e-06
Round took 8.21e-07
Round took 4.6e-06
Round took 5.43e-06
Round took 3.003e-06
Round took 2.813e-06
Round took 2.31e-06
Round took 2.148e-06
Round took 2.755e-06
Round took 6.363e-06
Round took 1.802e-06
Round took 2.455e-06
Round took 3.851e-06
Round took 3.934e-06
Round took 5.312e-06
Round took 1.5e-06
Round took 2.468e-06
Round took 4.145e-06
Round took 2.623e-06
Round took 2.367e-06
Round took 2.309e-06
Round took 2.687e-06
Round took 6.071e-06
Round took 1.98e-06
Round took 2.446e-06
Round took 1.786e-06
Round took 2.452e-06
Round took 4.408e-06
Round took 1.276e-06
Round took 1.0717e-05
Round took 2.356e-06
Round took 4.941e-06
Round took 3.88e-06
Round took 2.783e-06
Round took 3.968e-06
Round took 1.8848e-05
Round took 6.312e-06
Round took 9.404e-06
Round took 5.289e-06
Round took 5.016e-06
Round took 5.631e-06
Round took 5.308e-06
Round took 4.947e-06
Round took 3.28e-06
Round took 3.473e-06
Round took 1.2228e-05
Round took 2.697e-06
Round took 2.893e-06
Round took 2.706e-06
Round took 3.061e-06
Round took 2.834e-06
Round took 2.8053e-05
Round took 2.889e-06
Round took 2.831e-06
Round took 2.882e-06
Round took 2.884e-06
Round took 2.745e-06
Round took 2.96e-06
Round took 2.714e-06
Round took 2.806e-06
Round took 2.665e-06
Round took 2.713e-06
Round took 1.1362e-05
Round took 2.71e-06
Round took 2.858e-06
Round took 2.952e-06
Round took 2.874e-06
Round took 2.778e-06
Round took 2.787e-06
Round took 2.829e-06
Round took 0.018333315
Round took 3.773e-06
Round took 3.508e-06
Round took 3.419e-06
Round took 3.04e-06
Round took 2.68e-06
Round took 2.879e-06
Round took 0.005662797
Round took 1.124e-05
Round took 3.031e-06
Round took 2.726e-06
Round took 2.917e-06
Round took 1.0054e-05
Round took 2.725e-06
Round took 2.742e-06
Round took 2.745e-06
Round took 2.571e-06
Round took 3.085e-06
Round took 0.007140269
Round took 3.165e-06
Round took 2.773e-06
Round took 3.025e-06
Round took 2.756e-06
Round took 2.703e-06
Round took 2.653e-06
Round took 1.6213e-05
Round took 2.999e-06
Round took 2.583e-06
Round took 2.69e-06
Round took 2.801e-06
Round took 2.645e-06
Round took 2.543e-06
Round took 2.685e-06
Round took 1.6338e-05
Round took 2.621e-06
Round took 2.53e-06
Round took 2.719e-06
Round took 2.671e-06
Round took 2.541e-06
Round took 2.517e-06
Round took 2.629e-06
Round took 6.187e-06
Round took 2.549e-06
Round took 2.6e-06
Round took 2.451e-06
Round took 2.643e-06
Round took 2.574e-06
Round took 2.591e-06
Round took 2.495e-06
Round took 2.564e-06
Round took 2.671e-06
Round took 2.56e-06
Round took 2.43e-06
Round took 2.502e-06
Round took 2.627e-06
Round took 2.45e-06
Round took 2.47e-06
Round took 2.462e-06
Round took 1.9543e-05
Round took 2.587e-06
Round took 2.549e-06
Round took 2.564e-06
Round took 2.528e-06
Round took 2.587e-06
Round took 2.47e-06
Round took 2.444e-06
Round took 2.613e-06
Round took 2.575e-06
Round took 2.528e-06
Round took 2.468e-06
Round took 2.507e-06
Round took 2.564e-06
Round took 2.65e-06
Round took 2.428e-06
Round took 5.527e-06
Round took 2.683e-06
Round took 2.477e-06
Round took 2.633e-06
Round took 2.511e-06
Round took 2.525e-06
Round took 2.437e-06
Round took 2.468e-06
Round took 2.52e-06
Round took 1.6885e-05
Round took 2.471e-06
Round took 2.549e-06
Round took 2.486e-06
Round took 2.644e-06
Round took 2.444e-06
Round took 2.555e-06
Round took 2.565e-06
Round took 7.752e-06
Round took 2.577e-06
Round took 2.518e-06
Round took 2.451e-06
Round took 2.521e-06
Round took 2.507e-06
Round took 2.465e-06
Round took 2.445e-06
Round took 2.683e-06
Round took 2.541e-06
Round took 6.362e-06
Round took 1.0885e-05
Round took 7.548e-06
Round took 2.564e-06
Round took 2.501e-06
Round took 2.606e-06
Round took 5.875e-06
Round took 2.568e-06
Round took 2.529e-06
Round took 2.51e-06
Round took 2.462e-06
Round took 2.568e-06
Round took 2.554e-06
Round took 2.437e-06
Round took 2.48e-06
Round took 2.592e-06
Round took 2.458e-06
Round took 2.451e-06
Round took 2.45e-06
Round took 2.484e-06
Round took 2.479e-06
Round took 2.444e-06
Round took 2.517e-06
Round took 6.451e-06
Round took 2.413e-06
Round took 2.44e-06
Round took 2.484e-06
Round took 2.638e-06
Round took 2.461e-06
Round took 2.563e-06
Round took 2.486e-06
Round took 2.582e-06
Round took 2.507e-06
Round took 2.437e-06
Round took 2.64e-06
Round took 2.568e-06
Round took 2.471e-06
Round took 2.461e-06
Round took 2.461e-06
Round took 2.54e-06
Round took 2.59e-06
Round took 2.457e-06
Round took 2.573e-06
Round took 2.427e-06
Round took 2.538e-06
Round took 2.46e-06
Round took 2.664e-06
Round took 2.521e-06
Round took 5.636e-06
Round took 2.452e-06
Round took 2.505e-06
Round took 2.495e-06
Round took 2.542e-06
Round took 2.553e-06
Round took 2.431e-06
Round took 2.481e-06
Round took 6.799e-06
Round took 2.592e-06
Round took 2.52e-06
Round took 2.425e-06
Round took 2.476e-06
Round took 2.607e-06
Round took 2.502e-06
Round took 2.455e-06
Round took 2.539e-06
Round took 2.541e-06
Round took 2.506e-06
Round took 2.515e-06
Round took 2.489e-06
Round took 7.687e-06
Round took 2.459e-06
Round took 2.51e-06
Round took 2.67e-06
Round took 5.755e-06
Round took 2.494e-06
Round took 2.392e-06
Round took 2.425e-06
Round took 2.521e-06
Round took 2.508e-06
Round took 2.512e-06
Round took 2.615e-06
Round took 2.673e-06
Round took 2.406e-06
Round took 2.464e-06
Round took 2.458e-06
Round took 2.579e-06
Round took 2.528e-06
Round took 2.578e-06
Round took 2.433e-06
Round took 1.0329e-05
Round took 2.554e-06
Round took 2.55e-06
Round took 2.513e-06
Round took 4.919e-06
Round took 2.462e-06
Round took 2.518e-06
Round took 2.547e-06
Round took 2.537e-06
Round took 2.407e-06
Round took 2.537e-06
Round took 2.399e-06
Round took 2.628e-06
Round took 2.432e-06
Round took 2.42e-06
Round took 2.401e-06
Round took 2.471e-06
Round took 5.282e-06
Round took 2.519e-06
Round took 2.569e-06
Round took 2.443e-06
Round took 2.72e-06
Round took 5.274e-06
Round took 3.439e-06
Round took 3.455e-06
Round took 3.484e-06
Round took 2.832e-06
Round took 3.067e-06
Round took 2.868e-06
Round took 3.285e-06
Round took 3.044e-06
Round took 3.165e-06
Round took 2.975e-06
Round took 2.1793e-05
Round took 2.813e-06
Round took 3.014e-06
Round took 2.896e-06
Round took 2.805e-06
Round took 2.937e-06
Round took 2.853e-06
Round took 2.731e-06
Round took 2.985e-06
Round took 2.554e-06
Round took 2.591e-06
Round took 2.617e-06
Round took 3.155e-06
Round took 2.626e-06
Round took 2.724e-06
Round took 1.7244e-05
Round took 9.911e-06
Round took 1.5443e-05
Round took 2.551e-06
Round took 2.52e-06
Round took 2.473e-06
Round took 2.544e-06
Round took 1.9837e-05
Round took 2.557e-06
Round took 2.513e-06
Round took 2.658e-06
Round took 2.59e-06
Round took 2.499e-06
Round took 2.513e-06
Round took 2.579e-06
Round took 2.5e-06
Round took 2.51e-06
Round took 2.497e-06
Round took 8.367e-06
Round took 2.458e-06
Round took 2.538e-06
Round took 2.471e-06
Round took 2.555e-06
Round took 2.473e-06
Round took 2.48e-06
Round took 2.555e-06
Round took 2.577e-06
Round took 2.494e-06
Round took 2.517e-06
Round took 2.476e-06
Round took 2.501e-06
Round took 2.466e-06
Round took 2.495e-06
Round took 2.449e-06
Round took 2.458e-06
Round took 5.968e-06
Round took 2.473e-06
Round took 2.471e-06
Round took 2.458e-06
Round took 2.488e-06
Round took 2.457e-06
Round took 2.47e-06
Round took 2.46e-06
Round took 2.6e-06
Round took 2.47e-06
Round took 2.506e-06
Round took 2.46e-06
Round took 7.393e-06
Round took 2.546e-06
Round took 2.478e-06
Round took 2.502e-06
Round took 6.672e-06
Round took 2.567e-06
Round took 2.55e-06
Round took 2.46e-06
Round took 2.533e-06
Round took 2.475e-06
Round took 2.5e-06
Round took 2.426e-06
Round took 2.534e-06
Round took 2.46e-06
Round took 2.495e-06
Round took 2.494e-06
Round took 2.518e-06
Round took 2.477e-06
Round took 2.455e-06
Round took 2.461e-06
Round took 2.492e-06
Round took 1.0229e-05
Round took 2.501e-06
Round took 2.48e-06
Round took 2.447e-06
Round took 2.506e-06
Round took 2.6e-06
Round took 2.466e-06
Round took 2.503e-06
Round took 2.642e-06
Round took 2.488e-06
Round took 2.463e-06
Round took 2.488e-06
Round took 2.543e-06
Round took 2.485e-06
Round took 2.486e-06
Round took 2.459e-06
Round took 7.392e-06
Round took 2.492e-06
Round took 2.498e-06
Round took 2.448e-06
Round took 2.551e-06
Round took 2.503e-06
Round took 2.407e-06
Round took 2.566e-06
Round took 2.478e-06
Round took 1.4517e-05
Round took 2.486e-06
Round took 2.53e-06
Round took 2.587e-06
Round took 2.479e-06
Round took 2.437e-06
Round took 2.455e-06
Round took 2.43e-06
Round took 6.146e-06
Round took 2.503e-06
Round took 2.46e-06
Round took 2.485e-06
Round took 2.55e-06
Round took 2.487e-06
Round took 2.49e-06
Round took 2.461e-06
Round took 2.659e-06
Round took 2.442e-06
Round took 2.463e-06
Round took 2.472e-06
Round took 2.573e-06
Round took 2.457e-06
Round took 2.472e-06
Round took 2.633e-06
Round took 7.946e-06
Round took 2.544e-06
Round took 2.502e-06
Round took 2.497e-06
Round took 2.578e-06
Round took 2.444e-06
Round took 2.509e-06
Round took 2.477e-06
Round took 2.558e-06
Round took 2.52e-06
Round took 2.546e-06
Round took 2.482e-06
Round took 2.488e-06
Round took 2.544e-06
Round took 2.526e-06
Round took 2.442e-06
Round took 2.499e-06
Round took 5.251e-06
Round took 2.488e-06
Round took 1.0539e-05
Round took 6.177e-06
Round took 1.4557e-05
Round took 2.605e-06
Round took 2.516e-06
Round took 2.533e-06
Round took 2.593e-06
Round took 2.529e-06
Round took 2.477e-06
Round took 2.531e-06
Round took 2.531e-06
Round took 2.453e-06
Round took 2.479e-06
Round took 2.467e-06
Round took 7.225e-06
Round took 2.517e-06
Round took 2.441e-06
Round took 2.486e-06
Round took 2.483e-06
Round took 2.453e-06
Round took 2.453e-06
Round took 2.439e-06
Round took 1.7132e-05
Round took 2.486e-06
Round took 2.506e-06
Round took 2.504e-06
Round took 2.498e-06
Round took 2.563e-06
Round took 2.482e-06
Round took 2.557e-06
Round took 2.583e-06
Round took 8.994e-06
Round took 1.9811e-05
Round took 2.493e-06
Round took 2.528e-06
Round took 2.539e-06
Round took 2.45e-06
Round took 2.498e-06
Round took 2.432e-06
Round took 2.568e-06
Round took 2.492e-06
Round took 2.555e-06
Round took 2.446e-06
Round took 2.537e-06
Round took 2.506e-06
Round took 0.002289295
Round took 3.381e-06
Round took 1.7134e-05
Round took 1.7512e-05
Round took 2.81e-06
Round took 2.593e-06
Round took 0.006556672
Round took 0.005207798
Round took 3.487e-06
Round took 3.534e-06
Round took 3.461e-06
Round took 2.924e-06
Round took 2.897e-06
Round took 2.792e-06
Round took 0.006019008
Round took 4.008e-06
Round took 3.575e-06
Round took 2.909e-06
Round took 2.833e-06
Round took 9.629e-06
Round took 2.778e-06
Round took 2.734e-06
Round took 2.67e-06
Round took 3.148e-06
Round took 3.4787e-05
Round took 2.728e-06
Round took 2.691e-06
Round took 2.948e-06
Round took 2.698e-06
Round took 2.763e-06
Round took 2.685e-06
Round took 2.906e-06
Round took 2.53e-06
Round took 2.69e-06
Round took 2.438e-06
Round took 9.742e-06
Round took 2.604e-06
Round took 2.897e-06
Round took 2.488e-06
Round took 2.634e-06
Round took 2.557e-06
Round took 2.512e-06
Round took 2.724e-06
Round took 7.581e-06
Test took 103.291468854
Successful: 4103
