Uniform distribution
Round took 0.088390366
Round took 0.045839473
Round took 0.038464302
Round took 0.04259003
Round took 0.052206647
Round took 0.057247882
Round took 0.05750526
Round took 0.047862012
Round took 0.055344386
Round took 0.058657604
Round took 0.079531754
Round took 0.059931854
Round took 0.062485936
Round took 0.091931008
Round took 0.054881224
Round took 0.05708345
Round took 0.054574002
Round took 0.038322049
Round took 0.051739595
Round took 0.089166094
Round took 0.062119624
Round took 0.058569578
Round took 0.05652495
Round took 0.043681168
Round took 0.055293918
Round took 0.052136218
Round took 0.041142068
Round took 0.04714319
Round took 0.055442843
Round took 0.053371273
Round took 0.054605025
Round took 0.050235562
Round took 0.045676396
Round took 0.046690488
Round took 0.056379406
Round took 0.0567805
Round took 0.067611465
Round took 0.061815807
Round took 0.065328161
Round took 0.069019109
Round took 0.054295814
Round took 0.060123413
Round took 0.064896776
Round took 0.06988029
Round took 0.060628969
Round took 0.056798171
Round took 0.054510051
Round took 0.052804915
Round took 0.050314305
Round took 0.056153601
Round took 0.097038195
Round took 0.05836204
Round took 0.055891291
Round took 0.060552341
Round took 0.06948823
Round took 0.077608988
Round took 0.092994481
Round took 0.064848076
Round took 0.063783453
Round took 0.085848219
Round took 0.081871051
Round took 0.052601843
Round took 0.057422017
Round took 0.053346178
Round took 0.051542276
Round took 0.068319088
Round took 0.059913995
Round took 0.060232992
Round took 0.054464458
Round took 0.054336932
Round took 0.072805222
Round took 0.086723343
Round took 0.09151631
Round took 0.0708596
Round took 0.124597836
Round took 0.058812836
Round took 0.071035609
Round took 0.073469164
Round took 0.091259193
Round took 0.090262769
Round took 0.154274266
Round took 0.069337005
Round took 0.075444453
Round took 0.05333767
Round took 0.064889164
Round took 0.055581416
Round took 0.100855262
Round took 0.124421248
Round took 0.112105992
Round took 0.068747731
Round took 0.069806595
Round took 0.100874227
Round took 0.121995846
Round took 0.092924648
Round took 0.068715933
Round took 0.093612407
Round took 0.074982752
Round took 0.08836539
Round took 0.065750219
Round took 0.082197901
Round took 0.073651259
Round took 0.062676688
Round took 0.073361615
Round took 0.066188228
Round took 0.071349269
Round took 0.05369394
Round took 0.04527675
Round took 0.0562251
Round took 0.069306515
Round took 0.084964183
Round took 0.063701684
Round took 0.097801122
Round took 0.101616693
Round took 0.072285183
Round took 0.158213309
Round took 0.078242482
Round took 0.136770087
Round took 0.093323609
Round took 0.097338544
Round took 0.092633786
Round took 0.118082159
Round took 0.119277994
Round took 0.108392459
Round took 0.317278986
Round took 0.118490768
Round took 0.118822308
Round took 0.102415207
Round took 0.098510733
Round took 0.13394402
Round took 0.114219977
Round took 0.096271369
Round took 0.104186733
Round took 0.088155654
Round took 0.093709306
Round took 0.095211971
Round took 0.104745797
Round took 0.094553076
Round took 0.314021054
Round took 0.101049379
Round took 0.088579733
Round took 0.099764516
Round took 0.157518137
Round took 0.087110094
Round took 0.081412951
Round took 0.098461816
Round took 0.093877596
Round took 0.096649016
Round took 0.09489173
Round took 0.101222018
Round took 0.098978907
Round took 0.104612112
Round took 0.086499691
Round took 0.308158058
Round took 0.097278193
Round took 0.303605546
Round took 0.10241407
Round took 0.14891354
Round took 0.141073801
Round took 0.820402081
Round took 0.311789747
Round took 0.092889737
Round took 0.08187335
Round took 0.308148507
Round took 0.095514653
Round took 0.08796024
Round took 0.097541931
Round took 0.093882631
Round took 0.127432484
Round took 0.091760279
Round took 0.092736938
Round took 0.310222151
Round took 0.102821712
Round took 0.103431978
Round took 0.120302712
Round took 0.099019601
Round took 0.10589503
Round took 0.101766573
Round took 0.81733629
Round took 0.107679182
Round took 0.126085557
Round took 0.139490682
Round took 0.103463403
Round took 0.10651078
Round took 0.118156085
Round took 0.12441362
Round took 0.106313536
Round took 0.100631621
Round took 0.132661148
Round took 0.112237237
Round took 0.110490502
Round took 1.3237695999999999
Round took 0.104154495
Round took 0.101417404
Round took 0.105190599
Round took 0.107446489
Round took 0.098997613
Round took 0.099727199
Round took 0.307315144
Round took 0.1118218
Round took 0.122428326
Round took 0.093069325
Round took 0.096661816
Round took 0.816289812
Round took 0.107649694
Round took 0.102924432
Round took 0.112068807
Round took 0.305630038
Round took 0.480926492
Round took 0.139259048
Round took 0.335267506
Round took 0.121118208
Round took 1.331396249
Round took 1.338549903
Round took 0.099144913
Round took 0.104015261
Round took 0.094681303
Round took 0.101454989
Round took 0.094364305
Round took 0.099612909
Round took 1.326085038
Round took 0.104272492
Round took 0.318888806
Round took 0.096314871
Round took 0.107131314
Round took 0.095608014
Round took 0.102013756
Round took 0.098734794
Round took 0.107503097
Round took 0.122773587
Round took 0.136043844
Round took 0.158749965
Round took 0.394753326
Round took 1.331574755
Round took 0.091781369
Round took 0.082200665
Round took 0.084887407
Round took 0.088770457
Round took 0.090847919
Round took 0.317849285
Round took 0.102195813
Round took 0.101966121
Round took 0.096983749
Round took 0.10205253
Round took 0.103053688
Round took 0.106620168
Round took 0.319785572
Round took 0.321811013
Round took 0.100745307
Round took 0.101048908
Round took 0.092969647
Round took 0.097652116
Round took 0.094617001
Round took 0.093733818
Round took 0.096535962
Round took 0.30920587
Round took 0.325836828
Round took 0.09292918
Round took 0.096697092
Round took 0.310346127
Round took 0.093587104
Round took 0.090319445
Round took 0.059284591
Round took 0.092800323
Round took 0.308468349
Round took 0.091098422
Round took 0.305746487
Round took 0.091787981
Round took 0.085602039
Round took 0.295589521
Round took 0.299118624
Round took 0.09417486
Round took 1.318735076
Round took 0.305397626
Round took 0.098380968
Round took 0.306449594
Round took 0.296337452
Round took 0.093096158
Round took 0.305133852
Round took 0.092668016
Round took 0.087848654
Round took 0.329467547
Round took 1.8101640570000002
Round took 0.086011405
Round took 0.092354512
Round took 0.087283187
Round took 0.092246282
Round took 0.092234958
Round took 0.102617895
Round took 0.095690174
Round took 0.097931285
Round took 0.099789604
Round took 0.100370274
Round took 0.108400686
Round took 0.091192274
Round took 0.092511008
Round took 0.305080795
Round took 0.085678973
Round took 0.095750607
Round took 0.091087696
Round took 0.298550887
Round took 0.085825504
Round took 0.085626526
Round took 0.301485696
Round took 0.090869487
Round took 0.798952689
Round took 0.094343831
Round took 0.093032366
Round took 0.088266997
Round took 0.093095016
Round took 0.097608194
Round took 0.091855767
Round took 0.092481936
Round took 0.092679574
Round took 0.08779267
Round took 0.090487084
Round took 0.087203673
Round took 0.289249001
Round took 0.081736481
Round took 0.081323608
Round took 0.086510268
Round took 0.060825459
Round took 0.078504906
Round took 0.083100339
Round took 1.308799184
Round took 0.100813782
Round took 0.302826271
Round took 0.100308349
Round took 0.309052328
Round took 0.050637997
Round took 0.09099878
Round took 0.091871599
Round took 0.095136626
Round took 0.303601393
Round took 0.097799629
Round took 0.091234644
Round took 0.086504174
Round took 0.092147912
Round took 0.364758612
Round took 0.081594386
Round took 0.379781065
Round took 0.097204274
Round took 0.095212267
Round took 0.090968244
Round took 0.350404667
Round took 0.102544427
Round took 0.103086933
Round took 0.313716979
Round took 0.307505937
Round took 0.101264955
Round took 0.095796689
Round took 0.105175638
Round took 0.304414285
Round took 0.097254145
Round took 0.090798153
Round took 0.096370765
Round took 0.092451577
Round took 0.096856812
Round took 0.092434455
Round took 0.30726289
Round took 0.316410239
Round took 0.300911311
Round took 0.091505517
Round took 0.092633451
Round took 0.097706456
Round took 0.102267936
Round took 0.10120985
Round took 0.096793657
Round took 0.09820269
Round took 0.093376175
Round took 0.10219488
Round took 0.307964231
Round took 0.08576076
Round took 0.303491241
Round took 0.096781272
Round took 0.440876993
Round took 0.101424097
Round took 0.098176435
Round took 0.81650279
Round took 0.096995509
Round took 0.093471366
Round took 0.093433967
Round took 0.102715724
Round took 0.308995534
Round took 0.099870588
Round took 0.100965847
Round took 0.31123277
Round took 1.310719482
Round took 0.09597125
Round took 0.080005972
Round took 0.094325735
Round took 0.306846858
Round took 1.8293088640000001
Round took 0.089185009
Round took 0.128060943
Round took 0.818723773
Round took 0.297981131
Round took 0.301821015
Round took 0.091153601
Round took 0.808916242
Round took 0.306411624
Round took 0.306130348
Round took 0.303831472
Round took 1.810711982
Round took 0.048170609
Round took 0.091561561
Round took 0.303567507
Round took 0.102548725
Round took 0.090915292
Round took 0.092884917
Round took 0.108144308
Round took 0.099421208
Round took 0.090237969
Round took 0.086512753
Round took 0.086048086
Round took 0.299809676
Round took 0.089684663
Round took 0.053434562
Round took 0.079965823
Round took 0.098507207
Round took 0.313221767
Round took 0.110977873
Round took 0.096884784
Round took 0.088532772
Round took 0.07941541
Round took 0.080752537
Round took 0.085680146
Round took 0.295340691
Round took 0.086821533
Round took 0.813934654
Round took 0.123723985
Round took 1.311496362
Round took 0.088618072
Round took 0.085410076
Round took 0.117846591
Round took 0.084651577
Round took 0.085879307
Round took 0.085143203
Round took 0.092411113
Round took 0.099429399
Round took 0.086327703
Round took 0.091443953
Round took 0.090673823
Round took 0.09051752
Round took 0.089230536
Round took 0.08762031
Round took 0.047402439
Round took 0.128371312
Round took 0.093061371
Round took 0.081669274
Round took 0.089819811
Round took 0.308139302
Round took 0.116482563
Round took 0.104972227
Round took 0.100292655
Round took 0.084697031
Round took 0.105673356
Round took 0.091232305
Round took 0.085512146
Round took 0.811276879
Round took 0.096327924
Round took 0.307903494
Round took 0.312362244
Round took 1.818672455
Round took 0.098034372
Round took 0.092627058
Round took 0.102435724
Round took 0.381296512
Round took 0.103902731
Round took 0.098132328
Round took 0.432715032
Round took 0.099538884
Round took 0.312282687
Round took 0.125123821
Round took 0.818065584
Round took 0.821881913
Round took 1.8192480930000001
Round took 0.30831702
Round took 0.307138502
Round took 0.09652226
Round took 0.157779727
Round took 0.11265894
Round took 0.106554613
Round took 0.106981234
Round took 0.099031004
Round took 0.100748947
Round took 0.31199189
Round took 0.097196882
Round took 0.092194957
Round took 0.307331537
Round took 0.091740374
Round took 0.102252344
Round took 0.096262246
Round took 0.302968009
Round took 0.313239072
Round took 0.107550706
Round took 0.103919891
Round took 0.826971303
Round took 0.116764461
Round took 0.313260334
Round took 0.104577055
Round took 0.112943976
Round took 0.319983144
Round took 0.31574066
Round took 0.104997609
Round took 0.100293541
Round took 0.322872813
Round took 0.313448363
Round took 0.163834504
Round took 0.363744492
Round took 0.108530048
Round took 0.102289862
Round took 0.105511328
Round took 0.098242193
Round took 0.817702359
Round took 0.084243718
Round took 0.089976764
Round took 0.087996499
Round took 0.105410639
Round took 0.092863656
Round took 0.088018984
Round took 0.091802629
Round took 0.102561194
Round took 0.316766822
Round took 0.308331675
Round took 0.090174953
Round took 0.096327412
Round took 1.3078407269999999
Round took 0.090875689
Round took 0.094246917
Round took 0.088765175
Round took 0.094748271
Round took 1.316352541
Round took 0.084453843
Round took 0.093946699
Round took 0.084047891
Round took 0.089024505
Round took 0.089402097
Round took 1.309186752
Round took 0.333041848
Round took 0.084490586
Round took 0.086495058
Round took 0.102690169
Round took 0.300746742
Round took 0.092492061
Round took 0.10198198
Round took 0.093950507
Round took 0.088361019
Round took 0.084997646
Round took 0.083661103
Round took 0.085363117
Round took 0.082451924
Round took 0.08639443
Round took 0.109960357
Round took 1.32499259
Round took 0.120617226
Round took 0.081839359
Round took 0.106188835
Round took 0.084126907
Round took 0.098941291
Error when reading: read tcp 172.31.54.117:34084->172.31.49.63:7070: read: connection timed out
Error when reading: EOF
Error when reading: read tcp 172.31.54.117:55304->172.31.48.98:7070: read: connection timed out
Error when reading: read tcp 172.31.54.117:49266->172.31.55.252:7070: read: connection timed out
Error when reading: EOF
Error when reading: EOF
Error when reading: read tcp 172.31.54.117:53150->172.31.63.49:7070: read: connection timed out
Error when reading: EOF
Error when reading: read tcp 172.31.54.117:58954->172.31.62.16:7070: read: connection timed out
Error when reading: EOF
Round took 7.812600611
Error when reading: EOF
Error when reading: EOF
Error when reading: EOF
Error when reading: EOF
Error when reading: EOF
Error when reading: EOF
Error when reading: EOF
Error when reading: EOF
Round took 0.028448965
Error when reading: EOF
Error when reading: EOF
Error when reading: EOF
Error when reading: EOF
Error when reading: EOF
Error when reading: EOF
Error when reading: EOF
Round took 6.0528e-05
Error when reading: EOF
Error when reading: EOF
Error when reading: EOF
Error when reading: EOF
Round took 3.577e-05
Error when reading: EOF
Error when reading: EOF
Round took 9.939e-06
Round took 3.427e-06
Round took 9.8e-08
Round took 3.108e-06
Round took 6.22e-07
Round took 5.252e-06
Round took 5.098e-06
Round took 5.99e-06
Round took 4.021e-06
Round took 3.246e-06
Round took 0
Round took 6.188e-06
Round took 3.153e-06
Round took 1.0097e-05
Round took 2.643e-06
Round took 1.53e-06
Round took 2.129e-06
Round took 4.127e-06
Round took 3.274e-06
Round took 2.95e-06
Round took 1.355e-06
Round took 5.548e-06
Round took 2.39e-06
Round took 1.6125e-05
Round took 0
Round took 0.04322366
Round took 5.779e-06
Round took 4.882e-06
Round took 2.28e-06
Round took 5.234e-06
Round took 9.931e-06
Round took 1.824e-06
Round took 2.514e-06
Round took 1.8372e-05
Round took 2.4354e-05
Round took 2.202e-06
Round took 3.2011e-05
Round took 3.763e-06
Round took 0
Round took 2.501e-06
Round took 5.88e-07
Round took 1.7635e-05
Round took 2.825e-06
Round took 2.41e-06
Round took 2.383e-06
Round took 2.74e-07
Round took 1.3136e-05
Round took 3.48e-07
Round took 5.015e-06
Round took 2.467e-06
Round took 0
Round took 1.658e-06
Round took 4.045e-06
Round took 5.127e-06
Round took 2.621e-06
Round took 0
Round took 0.000127457
Round took 5.1787e-05
Round took 0.010260882
Round took 3.479e-06
Round took 3.003e-06
Round took 2.853e-06
Round took 2.486e-06
Round took 9.025e-06
Round took 3.967e-06
Round took 2.1668e-05
Round took 2.563e-06
Round took 2.799e-06
Round took 2.365e-06
Round took 2.331e-06
Round took 2.306e-06
Round took 2.4e-06
Round took 0.013611791
Round took 2.916e-06
Round took 2.873e-06
Round took 2.988e-06
Round took 2.227e-06
Round took 2.337e-06
Round took 2.373e-06
Round took 1.2317e-05
Round took 2.447e-06
Round took 2.294e-06
Round took 2.327e-06
Round took 2.303e-06
Round took 2.36e-06
Round took 4.369e-06
Round took 3.01e-06
Round took 0.00704498
Round took 2.948e-06
Round took 2.831e-06
Round took 2.934e-06
Round took 2.573e-06
Round took 2.48e-06
Round took 1.905e-06
Round took 2.38e-06
Round took 2.713e-06
Round took 1.0108e-05
Round took 1.72e-06
Round took 2.363e-06
Round took 0.014454079
Round took 4.803e-06
Round took 2.875e-06
Round took 2.791e-06
Round took 2.294e-06
Round took 2.327e-06
Round took 2.462e-06
Round took 1.959e-06
Round took 2.574e-06
Round took 1.648e-06
Round took 2.293e-06
Round took 2.427e-06
Round took 1.906e-06
Round took 2.2077e-05
Round took 2.38e-06
Round took 2.63e-06
Round took 2.264e-06
Round took 2.357e-06
Round took 2.291e-06
Round took 2.369e-06
Round took 2.369e-06
Round took 2.437e-06
Round took 1.591e-06
Round took 2.533e-06
Round took 2.397e-06
Round took 2.32e-06
Round took 2.383e-06
Round took 2.196e-06
Round took 2.305e-06
Round took 1.724e-06
Round took 5.171e-06
Round took 2.289e-06
Round took 2.351e-06
Round took 3.005e-06
Round took 2.385e-06
Round took 2.272e-06
Round took 1.877e-06
Round took 2.388e-06
Round took 2.327e-06
Round took 2.532e-06
Round took 2.264e-06
Round took 2.36e-06
Round took 2.357e-06
Round took 2.361e-06
Round took 2.365e-06
Round took 2.272e-06
Round took 5.993e-06
Round took 2.32e-06
Round took 2.264e-06
Round took 2.279e-06
Round took 2.542e-06
Round took 2.328e-06
Round took 2.28e-06
Round took 2.299e-06
Round took 2.485e-06
Round took 2.286e-06
Round took 2.025e-06
Round took 2.295e-06
Round took 2.371e-06
Round took 3.103e-06
Round took 2.763e-06
Round took 2.434e-06
Round took 2.267e-06
Round took 5.241e-06
Round took 2.379e-06
Round took 2.296e-06
Round took 1.51e-06
Round took 2.357e-06
Round took 2.313e-06
Round took 2.255e-06
Round took 2.975e-06
Round took 2.318e-06
Round took 3.162e-06
Round took 2.301e-06
Round took 2.278e-06
Round took 2.383e-06
Round took 2.296e-06
Round took 2.299e-06
Round took 2.271e-06
Round took 5.648e-06
Round took 2.29e-06
Round took 2.387e-06
Round took 2.268e-06
Round took 2.344e-06
Round took 2.281e-06
Round took 2.304e-06
Round took 2.33e-06
Round took 2.309e-06
Round took 2.362e-06
Round took 2.28e-06
Round took 2.253e-06
Round took 2.276e-06
Round took 2.043e-06
Round took 2.297e-06
Round took 2.305e-06
Round took 3.255e-06
Round took 4.987e-06
Round took 2.288e-06
Round took 2.736e-06
Round took 2.17e-06
Round took 2.323e-06
Round took 2.283e-06
Round took 2.291e-06
Round took 2.625e-06
Round took 2.307e-06
Round took 1.771e-06
Round took 2.284e-06
Round took 2.293e-06
Round took 2.873e-06
Round took 3.168e-06
Round took 2.293e-06
Round took 3.2e-06
Round took 7.873e-06
Round took 1.869e-06
Round took 2.381e-06
Round took 2.29e-06
Round took 3.091e-06
Round took 2.385e-06
Round took 2.265e-06
Round took 2.428e-06
Round took 3.102e-06
Round took 1.739e-06
Round took 2.228e-06
Round took 2.287e-06
Round took 2.343e-06
Round took 2.062e-06
Round took 2.274e-06
Round took 2.281e-06
Round took 2.817e-06
Round took 5.01e-06
Round took 2.645e-06
Round took 2.375e-06
Round took 2.268e-06
Round took 2.693e-06
Round took 2.832e-06
Round took 2.273e-06
Round took 2.277e-06
Round took 2.393e-06
Round took 1.82e-06
Round took 2.28e-06
Round took 2.39e-06
Round took 2.384e-06
Round took 2.353e-06
Round took 1.424e-06
Round took 2.357e-06
Round took 6.718e-06
Round took 2.368e-06
Round took 1.722e-06
Round took 1.675e-06
Round took 2.403e-06
Round took 1.471e-06
Round took 2.306e-06
Round took 1.748e-06
Round took 2.355e-06
Round took 2.313e-06
Round took 2.283e-06
Round took 2.308e-06
Round took 3.248e-06
Round took 2.402e-06
Round took 2.4e-06
Round took 2.27e-06
Round took 2.276e-06
Round took 4.977e-06
Round took 2.315e-06
Round took 2.262e-06
Round took 2.152e-06
Round took 2.301e-06
Round took 2.299e-06
Round took 2.286e-06
Round took 2.268e-06
Round took 2.368e-06
Round took 2.6409e-05
Round took 2.427e-06
Round took 2.403e-06
Round took 2.403e-06
Round took 2.311e-06
Round took 2.329e-06
Round took 2.299e-06
Round took 7.544e-06
Round took 2.36e-06
Round took 2.373e-06
Round took 2.274e-06
Round took 2.324e-06
Round took 2.933e-06
Round took 2.364e-06
Round took 2.295e-06
Round took 2.38e-06
Round took 2.402e-06
Round took 2.254e-06
Round took 2.384e-06
Round took 2.287e-06
Round took 2.346e-06
Round took 2.326e-06
Round took 2.155e-06
Round took 2.269e-06
Round took 5.412e-06
Round took 2.301e-06
Round took 2.297e-06
Round took 2.339e-06
Round took 2.361e-06
Round took 2.294e-06
Round took 1.615e-06
Round took 2.291e-06
Round took 2.356e-06
Round took 2.246e-06
Round took 2.297e-06
Round took 2.314e-06
Round took 2.33e-06
Round took 2.301e-06
Round took 2.257e-06
Round took 2.801e-06
Round took 9.669e-06
Round took 3.125e-06
Round took 2.344e-06
Round took 2.379e-06
Round took 2.314e-06
Round took 2.277e-06
Round took 2.296e-06
Round took 1.58e-06
Round took 2.299e-06
Round took 2.44e-06
Round took 2.349e-06
Round took 2.16e-06
Round took 3.114e-06
Round took 2.36e-06
Round took 2.285e-06
Round took 2.738e-06
Round took 2.567e-06
Round took 5.003e-06
Round took 2.308e-06
Round took 1.887e-06
Round took 2.286e-06
Round took 3.214e-06
Round took 2.995e-06
Round took 2.306e-06
Round took 2.388e-06
Round took 2.37e-06
Round took 2.374e-06
Round took 2.302e-06
Round took 2.275e-06
Round took 3.15e-06
Round took 1.839e-06
Round took 2.356e-06
Round took 2.316e-06
Round took 5.579e-06
Round took 2.414e-06
Round took 2.82e-06
Round took 5.75e-06
Round took 3.334e-06
Round took 3.277e-06
Round took 2.789e-06
Round took 2.453e-06
Round took 2.296e-06
Round took 2.419e-06
Round took 2.349e-06
Round took 2.395e-06
Round took 2.387e-06
Round took 2.357e-06
Round took 2.293e-06
Round took 0.016071101
Round took 2.803e-06
Round took 0.005927286
Round took 2.927e-06
Round took 2.664e-06
Round took 4.347e-06
Round took 2.757e-06
Round took 2.325e-06
Round took 6.313e-06
Round took 3.055e-06
Round took 3.347e-06
Round took 0.007914832
Round took 2.3593e-05
Round took 3.657e-06
Round took 3.282e-06
Round took 2.889e-06
Round took 2.318e-06
Round took 2.313e-06
Round took 2.102e-06
Round took 2.42e-06
Round took 2.289e-06
Round took 2.386e-06
Round took 2.293e-06
Round took 2.388e-06
Round took 2.302e-06
Round took 2.277e-06
Round took 1.921e-06
Round took 2.119e-06
Round took 2.092e-06
Round took 2.292e-06
Round took 2.311e-06
Round took 2.385e-06
Round took 2.27e-06
Round took 2.435e-06
Round took 2.656e-06
Round took 5.162e-06
Round took 2.306e-06
Round took 2.741e-06
Round took 2.282e-06
Round took 1.924e-06
Round took 2.35e-06
Round took 2.31e-06
Round took 2.328e-06
Round took 2.406e-06
Round took 2.354e-06
Round took 2.731e-06
Round took 1.69e-06
Round took 1.337e-06
Round took 2.312e-06
Round took 2.341e-06
Round took 2.29e-06
Round took 1.45e-06
Round took 5.894e-06
Round took 3.281e-06
Round took 0.051359267
Round took 0.007468853
Round took 5.16e-06
Round took 3.102e-06
Round took 2.865e-06
Round took 2.76e-06
Round took 0.014671016
Round took 4.312e-06
Round took 2.999e-06
Round took 2.965e-06
Round took 2.814e-06
Round took 2.335e-06
Round took 2.316e-06
Round took 2.306e-06
Round took 8.776e-06
Round took 0.017105482
Round took 4.005e-06
Round took 4.707e-06
Round took 5.692e-06
Round took 3.163e-06
Round took 2.88e-06
Round took 2.688e-06
Round took 2.526e-06
Round took 2.318e-06
Round took 2.344e-06
Round took 2.391e-06
Round took 2.5e-06
Round took 2.327e-06
Round took 2.339e-06
Round took 0.003798344
Round took 3.476e-06
Round took 1.3481e-05
Round took 2.446e-06
Round took 2.3531e-05
Round took 2.39e-06
Round took 2.475e-06
Round took 2.376e-06
Round took 2.376e-06
Round took 2.304e-06
Round took 2.373e-06
Round took 2.321e-06
Round took 2.294e-06
Round took 2.306e-06
Round took 2.361e-06
Round took 2.338e-06
Round took 2.286e-06
Round took 2.422e-06
Round took 6.053e-06
Round took 2.413e-06
Round took 2.275e-06
Round took 2.285e-06
Round took 2.363e-06
Round took 2.352e-06
Round took 2.28e-06
Round took 2.366e-06
Round took 2.376e-06
Round took 2.35e-06
Round took 2.3e-06
Round took 2.341e-06
Round took 2.41e-06
Round took 2.366e-06
Round took 6.69e-06
Round took 2.347e-06
Round took 2.34e-06
Round took 7.238e-06
Round took 2.276e-06
Round took 2.308e-06
Round took 2.349e-06
Round took 2.441e-06
Round took 2.325e-06
Round took 2.296e-06
Round took 2.444e-06
Round took 2.454e-06
Round took 2.433e-06
Round took 2.357e-06
Round took 2.368e-06
Round took 2.355e-06
Round took 2.309e-06
Round took 2.368e-06
Round took 2.292e-06
Round took 5.096e-06
Round took 1.7732e-05
Round took 2.705e-06
Round took 2.344e-06
Round took 2.438e-06
Round took 2.317e-06
Round took 2.301e-06
Round took 2.465e-06
Round took 2.445e-06
Round took 2.312e-06
Round took 2.392e-06
Round took 2.283e-06
Round took 2.345e-06
Round took 2.381e-06
Round took 2.362e-06
Round took 2.288e-06
Round took 2.293e-06
Round took 1.0754e-05
Round took 2.441e-06
Round took 2.294e-06
Round took 2.296e-06
Round took 2.372e-06
Round took 2.313e-06
Round took 2.259e-06
Round took 2.292e-06
Round took 2.355e-06
Round took 2.284e-06
Round took 2.315e-06
Round took 2.271e-06
Round took 2.31e-06
Round took 2.303e-06
Round took 2.278e-06
Round took 2.285e-06
Round took 5.131e-06
Round took 2.307e-06
Round took 2.257e-06
Round took 2.263e-06
Round took 2.336e-06
Round took 2.299e-06
Round took 2.306e-06
Round took 2.394e-06
Round took 2.389e-06
Round took 2.347e-06
Round took 2.308e-06
Round took 2.316e-06
Round took 2.406e-06
Round took 2.331e-06
Round took 2.395e-06
Round took 2.31e-06
Round took 1.7576e-05
Round took 1.3426e-05
Round took 2.386e-06
Round took 2.386e-06
Round took 2.311e-06
Round took 2.559e-06
Round took 2.545e-06
Round took 2.4e-06
Round took 2.302e-06
Round took 2.399e-06
Round took 2.339e-06
Round took 0.004336375
Round took 2.772e-06
Round took 3.022e-06
Round took 2.702e-06
Round took 2.538e-06
Round took 2.348e-06
Round took 9.771e-06
Round took 2.391e-06
Round took 0.012729826
Round took 2.883e-06
Round took 3.14e-06
Round took 2.714e-06
Round took 2.448e-06
Round took 2.389e-06
Round took 2.337e-06
Round took 2.369e-06
Round took 2.334e-06
Round took 2.296e-06
Round took 2.294e-06
Round took 2.386e-06
Round took 2.315e-06
Round took 2.276e-06
Round took 2.361e-06
Round took 1.1745e-05
Round took 2.394e-06
Round took 2.324e-06
Round took 2.275e-06
Round took 2.323e-06
Round took 2.401e-06
Round took 2.293e-06
Round took 2.28e-06
Round took 2.384e-06
Round took 2.285e-06
Round took 2.314e-06
Round took 2.316e-06
Round took 2.426e-06
Round took 2.354e-06
Round took 2.292e-06
Round took 2.288e-06
Round took 5.274e-06
Round took 2.318e-06
Round took 2.341e-06
Round took 2.321e-06
Round took 2.2465e-05
Round took 6.334e-06
Round took 3.047e-06
Round took 2.882e-06
Round took 3.941e-06
Round took 2.693e-06
Round took 2.291e-06
Round took 2.307e-06
Round took 2.299e-06
Round took 2.362e-06
Round took 2.292e-06
Round took 2.335e-06
Round took 2.283e-06
Round took 0.011276682
Round took 2.675e-06
Round took 2.469e-06
Round took 4.884e-06
Round took 3.212e-06
Round took 0.011901674
Round took 2.971e-06
Round took 2.892e-06
Round took 3.06e-06
Round took 2.362e-06
Round took 2.353e-06
Round took 2.411e-06
Round took 2.445e-06
Round took 2.323e-06
Round took 5.65e-06
Round took 3.226e-06
Round took 9.832e-06
Round took 2.422e-06
Round took 2.407e-06
Round took 2.403e-06
Round took 2.394e-06
Round took 2.28e-06
Round took 2.352e-06
Round took 7.808e-06
Round took 0
Round took 3.46e-07
Round took 5.821e-06
Round took 6.571e-06
Round took 3.4e-06
Round took 3.463e-06
Round took 2.093e-06
Round took 3.821e-06
Round took 0
Round took 2.2792e-05
Round took 1.291e-06
Round took 7.975e-06
Round took 7.72e-06
Round took 2.98e-07
Round took 8.497e-06
Round took 0
Round took 0
Round took 1.34e-06
Round took 5.803e-06
Round took 0.011454227
Round took 3.254e-06
Round took 3.253e-06
Round took 2.947e-06
Round took 1.956e-06
Round took 4.912e-06
Round took 3.204e-06
Round took 7.823e-06
Round took 5.651e-06
Round took 0
Round took 2.339e-06
Round took 8.074e-06
Round took 8.579e-06
Round took 3.037e-06
Round took 2.887e-06
Round took 0.009761741
Round took 2.922e-06
Round took 0.009050078
Round took 3.283e-06
Round took 0.007386238
Round took 3.93e-06
Round took 4.022e-06
Round took 0.005242936
Round took 1.4544e-05
Round took 2.622e-06
Round took 2.448e-06
Round took 2.338e-06
Round took 2.39e-06
Round took 2.347e-06
Round took 2.277e-06
Round took 2.437e-06
Round took 2.35e-06
Round took 2.1992e-05
Round took 2.321e-06
Round took 2.331e-06
Round took 2.439e-06
Round took 2.408e-06
Round took 2.311e-06
Round took 2.312e-06
Round took 5.797e-06
Round took 2.336e-06
Round took 2.281e-06
Round took 2.294e-06
Round took 2.288e-06
Round took 2.363e-06
Round took 2.362e-06
Round took 2.317e-06
Round took 2.298e-06
Round took 2.342e-06
Round took 2.317e-06
Round took 2.285e-06
Round took 2.364e-06
Round took 2.399e-06
Round took 2.355e-06
Round took 2.513e-06
Round took 2.315e-06
Round took 1.1023e-05
Round took 2.321e-06
Round took 2.328e-06
Round took 2.311e-06
Round took 2.406e-06
Round took 2.279e-06
Round took 2.398e-06
Round took 2.307e-06
Round took 2.436e-06
Round took 2.283e-06
Round took 2.369e-06
Round took 2.309e-06
Round took 2.346e-06
Round took 2.362e-06
Round took 2.321e-06
Round took 2.333e-06
Round took 2.332e-06
Round took 2.495e-06
Round took 2.311e-06
Round took 2.273e-06
Round took 2.36e-06
Round took 2.32e-06
Round took 2.31e-06
Round took 2.346e-06
Round took 2.341e-06
Round took 2.353e-06
Round took 2.294e-06
Round took 2.269e-06
Round took 2.297e-06
Round took 2.302e-06
Round took 2.295e-06
Round took 2.293e-06
Round took 2.344e-06
Round took 6.156e-06
Round took 2.355e-06
Round took 2.257e-06
Round took 2.285e-06
Round took 2.449e-06
Round took 2.401e-06
Round took 2.26e-06
Round took 2.299e-06
Round took 2.421e-06
Round took 2.291e-06
Round took 2.277e-06
Round took 2.403e-06
Round took 2.424e-06
Round took 2.283e-06
Round took 2.326e-06
Round took 2.287e-06
Round took 2.364e-06
Round took 4.891e-06
Round took 2.277e-06
Round took 2.361e-06
Round took 2.324e-06
Round took 2.39e-06
Round took 2.294e-06
Round took 2.308e-06
Round took 2.293e-06
Round took 2.36e-06
Round took 2.263e-06
Round took 2.367e-06
Round took 2.384e-06
Round took 2.434e-06
Round took 2.332e-06
Round took 2.359e-06
Round took 2.267e-06
Round took 8.45e-06
Round took 2.316e-06
Round took 2.288e-06
Round took 2.342e-06
Round took 2.33e-06
Round took 2.363e-06
Round took 2.313e-06
Round took 2.257e-06
Round took 2.408e-06
Round took 2.398e-06
Round took 2.347e-06
Round took 2.318e-06
Round took 2.355e-06
Round took 2.281e-06
Round took 2.358e-06
Round took 2.362e-06
Round took 2.286e-06
Round took 5.133e-06
Round took 2.387e-06
Round took 2.246e-06
Round took 2.266e-06
Round took 2.299e-06
Round took 2.298e-06
Round took 2.24e-06
Round took 2.35e-06
Round took 2.318e-06
Round took 2.339e-06
Round took 2.347e-06
Round took 2.276e-06
Round took 2.272e-06
Round took 2.358e-06
Round took 2.62e-06
Round took 2.447e-06
Round took 6.883e-06
Round took 2.429e-06
Round took 2.287e-06
Round took 2.295e-06
Round took 2.38e-06
Round took 2.299e-06
Round took 2.262e-06
Round took 2.265e-06
Round took 2.331e-06
Round took 2.33e-06
Round took 2.294e-06
Round took 2.272e-06
Round took 2.349e-06
Round took 2.247e-06
Round took 2.266e-06
Round took 2.605e-06
Round took 2.297e-06
Round took 5.653e-06
Round took 2.705e-06
Round took 2.277e-06
Round took 2.293e-06
Round took 0.173090779
Round took 4.185e-06
Round took 2.96e-06
Round took 2.02e-06
Round took 2.931e-06
Round took 1.476e-06
Round took 2.337e-06
Round took 2.315e-06
Round took 2.341e-06
Round took 2.421e-06
Round took 0.007442996
Round took 3.453e-06
Round took 1.2786e-05
Round took 2.444e-06
Round took 2.37e-06
Round took 2.351e-06
Round took 2.408e-06
Round took 2.333e-06
Round took 2.334e-06
Round took 4.947e-06
Round took 3.372e-06
Round took 2.88e-06
Round took 1.3284e-05
Round took 3.427e-06
Round took 3.212e-06
Round took 2.357e-06
Round took 2.431e-06
Round took 2.322e-06
Round took 2.297e-06
Round took 9.199e-06
Round took 2.181e-06
Round took 4.112e-06
Round took 2.738e-06
Round took 0
Round took 8.044e-06
Round took 0
Round took 7.946e-06
Round took 0
Round took 8.826e-06
Round took 0
Round took 7.089e-06
Round took 8.97e-07
Round took 0
Round took 0
Round took 0
Round took 1.2687e-05
Round took 3.1917e-05
Round took 5.54e-06
Round took 3.048e-06
Round took 3.223e-06
Round took 2.393e-06
Round took 2.376e-06
Round took 2.293e-06
Round took 2.347e-06
Round took 2.402e-06
Round took 2.325e-06
Round took 0.015545186
Round took 4.948e-06
Round took 3.424e-06
Round took 2.447e-06
Round took 2.496e-06
Round took 2.306e-06
Round took 9.709e-06
Round took 3.818e-06
Round took 2.056e-06
Round took 2.291e-06
Round took 2.37e-06
Round took 2.289e-06
Round took 1.982e-06
Round took 2.261e-06
Round took 2.362e-06
Round took 2.146e-06
Round took 2.277e-06
Round took 2.5e-06
Round took 2.3e-06
Round took 2.332e-06
Round took 2.323e-06
Round took 2.297e-06
Round took 9.171e-06
Round took 0.032179427
Round took 4.628e-06
Round took 3.466e-06
Round took 0.007888808
Round took 3.03e-06
Round took 3.763e-06
Round took 2.844e-06
Round took 2.843e-06
Round took 2.7e-06
Round took 2.328e-06
Round took 3.689e-06
Round took 1.407e-06
Round took 2.32e-06
Round took 3.687e-06
Round took 2.326e-06
Round took 2.671e-06
Round took 7.528e-06
Round took 4.899e-06
Round took 1.735e-06
Round took 2.037e-06
Round took 2.844e-06
Round took 2.371e-06
Round took 2.002e-06
Round took 2.594e-06
Round took 2.635e-06
Round took 1.857e-06
Round took 1.567e-06
Round took 3.504e-06
Round took 2.358e-06
Round took 2.225e-06
Round took 1.557e-06
Round took 2.358e-06
Round took 1.3076e-05
Round took 2.479e-06
Round took 2.282e-06
Round took 3.057e-06
Round took 2.372e-06
Round took 3.36e-06
Round took 2.291e-06
Round took 2.203e-06
Round took 3.671e-06
Round took 3.4e-06
Round took 2.336e-06
Round took 2.843e-06
Round took 2.497e-06
Round took 2.933e-06
Round took 2.323e-06
Round took 2.036e-06
Round took 2.28e-06
Round took 5.216e-06
Round took 2.03e-06
Round took 2.287e-06
Round took 2.259e-06
Round took 2.295e-06
Round took 2.235e-06
Round took 2.32e-06
Round took 1.493e-06
Round took 2.362e-06
Round took 2.28e-06
Round took 8.28e-07
Round took 1.967e-06
Round took 3.093e-06
Round took 1.191e-06
Round took 2.307e-06
Round took 3.044e-06
Round took 4.793e-06
Round took 2.356e-06
Round took 2.847e-06
Round took 1.648e-06
Round took 2.285e-06
Round took 2.389e-06
Round took 2.289e-06
Round took 2.718e-06
Round took 1.422e-06
Round took 2.338e-06
Round took 2.379e-06
Round took 2.34e-06
Round took 2.016e-06
Round took 1.761e-06
Round took 1.536e-06
Round took 2.32e-06
Round took 1.434e-06
Round took 3.813e-06
Round took 2.297e-06
Round took 8.73e-07
Round took 2.039e-06
Round took 3.994e-06
Round took 2.136e-06
Round took 1.375e-06
Round took 3.67e-06
Round took 2.683e-06
Round took 2.27e-06
Round took 1.823e-06
Round took 2.317e-06
Round took 2.345e-06
Round took 2.297e-06
Round took 8e-07
Round took 1.221e-06
Round took 2.914e-06
Round took 1.722e-06
Round took 3.075e-06
Round took 2.297e-06
Round took 1.906e-06
Round took 1.549e-06
Round took 2.278e-06
Round took 2.364e-06
Round took 2.383e-06
Round took 3.296e-06
Round took 1.783e-06
Round took 8.72e-07
Round took 2.306e-06
Round took 2.254e-06
Round took 2.253e-06
Round took 2.041e-06
Round took 8.33e-07
Round took 5.403e-06
Round took 3.718e-06
Round took 2.263e-06
Round took 2.282e-06
Round took 7.62e-07
Round took 3.839e-06
Round took 3.478e-06
Round took 9.63e-07
Round took 2.39e-06
Round took 2.275e-06
Round took 2.273e-06
Round took 2.31e-06
Round took 3.607e-06
Round took 3.394e-06
Round took 1.815e-06
Round took 2.239e-06
Round took 1.855e-06
Round took 9.718e-06
Round took 1.617e-06
Round took 2.317e-06
Round took 3.042e-06
Round took 2.738e-06
Round took 1.746e-06
Round took 3.051e-06
Round took 2.283e-06
Round took 2.344e-06
Round took 2.269e-06
Round took 3.227e-06
Round took 2.84e-06
Round took 2.971e-06
Round took 7.38e-07
Round took 1.791e-06
Round took 2.312e-06
Round took 1.9016e-05
Round took 2.373e-06
Round took 3.948e-06
Round took 2.193e-06
Round took 2.41e-06
Round took 3.812e-06
Round took 3.679e-06
Round took 3.903e-06
Round took 3.249e-06
Round took 1.577e-06
Round took 2.34e-06
Round took 1.266e-06
Round took 2.341e-06
Round took 2.309e-06
Round took 1.564e-06
Round took 8.44e-07
Round took 2.297e-06
Round took 7.203e-06
Round took 1.096e-06
Round took 3.495e-06
Round took 9.21e-07
Round took 1.719e-06
Round took 2.258e-06
Round took 2.299e-06
Round took 2.268e-06
Round took 2.309e-06
Round took 2.648e-06
Round took 2.324e-06
Round took 3.483e-06
Round took 2.382e-06
Round took 2.002e-06
Round took 2.017e-06
Round took 2.334e-06
Round took 5.726e-06
Round took 2.283e-06
Round took 1.507e-06
Round took 3.222e-06
Round took 1.723e-06
Round took 2.023e-06
Round took 2.266e-06
Round took 2.305e-06
Round took 2.352e-06
Round took 2.12e-06
Round took 2.301e-06
Round took 0.175467667
Round took 1.2854e-05
Round took 7.658e-06
Round took 0
Round took 0
Round took 2.876e-06
Round took 1.5111e-05
Round took 4.814e-06
Round took 0
Round took 9.56e-06
Round took 0
Round took 1.4838e-05
Round took 1.678e-06
Round took 0
Round took 2.843e-06
Round took 1.525e-06
Round took 0
Round took 2.291e-06
Round took 1.1496e-05
Round took 0
Round took 0.014479895
Round took 4.058e-06
Round took 1.154e-05
Round took 0
Round took 1.826e-06
Round took 1.0756e-05
Round took 2.113e-06
Round took 1.624e-06
Round took 2.331e-06
Round took 2.66e-06
Round took 0
Round took 0
Round took 1.923e-05
Round took 0
Round took 9.28e-06
Round took 0
Round took 1.0702e-05
Round took 5.072e-06
Round took 0
Round took 4.23e-06
Round took 1.1048e-05
Round took 0
Round took 7.779e-06
Round took 0
Round took 0
Round took 1.382e-06
Round took 0
Round took 3.309e-06
Round took 2.941e-06
Round took 0
Round took 1.569e-06
Round took 3.729e-06
Round took 0
Round took 1.026e-05
Round took 4.947e-06
Round took 2.808e-06
Round took 3.096e-06
Round took 0
Round took 0
Round took 8.047e-06
Round took 0
Round took 1.708e-06
Round took 0
Round took 5.758e-06
Round took 0
Round took 7.174e-06
Round took 1.166e-06
Round took 0
Round took 1.1226e-05
Round took 0
Round took 2.536e-06
Round took 1.6982e-05
Round took 4.514e-06
Round took 2.361e-06
Round took 0
Round took 0
Round took 1.0301e-05
Round took 0
Round took 0
Round took 2.963e-06
Round took 5.315e-06
Round took 5.597e-06
Round took 0
Round took 1.092e-06
Round took 0
Round took 0
Round took 2.869e-06
Round took 3.117e-06
Round took 1.1517e-05
Round took 1.2755e-05
Round took 8.48e-07
Round took 1.0819e-05
Round took 4.358e-06
Round took 0
Round took 9.767e-06
Round took 0
Round took 2.336e-06
Round took 1.0592e-05
Round took 0
Round took 1.796e-06
Round took 0
Round took 1.712e-06
Round took 2.367e-06
Round took 0
Round took 0
Round took 0
Round took 1.4708e-05
Round took 0
Round took 0
Round took 0
Round took 2.365e-06
Round took 2.287e-06
Round took 2.296e-06
Round took 2.307e-06
Round took 2.082e-06
Round took 0
Round took 1.758e-06
Round took 2.345e-06
Round took 0
Round took 2.356e-06
Round took 4.022e-06
Round took 0
Round took 1.013e-06
Round took 5.787e-06
Round took 0
Round took 1.65e-06
Round took 5.483e-06
Round took 0
Round took 0
Round took 2.281e-06
Round took 1.728e-06
Round took 0
Round took 3.387e-06
Round took 6.048e-06
Round took 1.083e-06
Round took 0
Round took 8.125e-06
Round took 1.496e-06
Round took 0
Round took 5.882e-06
Round took 0
Round took 0
Round took 0
Round took 0
Round took 3.626e-06
Round took 0
Round took 3.89e-07
Round took 2.33e-06
Round took 1.1415e-05
Round took 1.886e-06
Round took 3.699e-06
Round took 0
Round took 7.18e-07
Round took 2.289e-06
Round took 2.28e-06
Round took 2.315e-06
Round took 6.448e-06
Round took 0
Round took 0
Round took 2.2979e-05
Round took 0
Round took 2.318e-06
Round took 0
Round took 2.575e-06
Round took 0
Round took 0
Round took 9.805e-06
Round took 0
Round took 3.213e-06
Round took 5.363e-06
Round took 0
Round took 8.7e-07
Round took 2.781e-06
Round took 1.0304e-05
Round took 0
Round took 1.74e-07
Round took 1.0541e-05
Round took 0
Round took 2.02e-06
Round took 2.301e-06
Round took 2.298e-06
Round took 3.005e-06
Round took 3.543e-06
Round took 0
Round took 0
Round took 0
Round took 2.229e-06
Round took 0
Round took 2.659e-06
Round took 0
Round took 5.333e-06
Round took 0
Round took 9.989e-06
Round took 0
Round took 0
Round took 1.532e-06
Round took 0
Round took 1.659e-06
Round took 2.941e-06
Round took 4.793e-06
Round took 0
Round took 1.1124e-05
Round took 0
Round took 0
Round took 2.064e-06
Round took 0
Round took 1.304e-05
Round took 4.549e-06
Round took 0
Round took 2.301e-06
Round took 4.328e-06
Round took 4.579e-06
Round took 1.615e-06
Round took 3.358e-06
Round took 0
Round took 1.04e-05
Round took 3.944e-06
Round took 0
Round took 2.137e-06
Round took 0
Round took 1.866e-06
Round took 3.694e-06
Round took 0
Round took 4.876e-06
Round took 6.787e-06
Round took 0
Round took 0
Round took 0
Round took 7.85e-06
Round took 0
Round took 0
Round took 5.4e-08
Round took 5.476e-06
Round took 0
Round took 1.043e-05
Round took 0
Round took 0
Round took 0
Round took 2.13e-06
Round took 3.984e-06
Round took 1.979e-06
Round took 1.1819e-05
Round took 3.352e-06
Round took 0
Round took 1.0361e-05
Round took 4.583e-06
Round took 0.124981964
Round took 0.006680231
Round took 0
Round took 2.755e-06
Round took 2.835e-06
Round took 0
Round took 0.01380567
Round took 2.903e-06
Round took 3.426e-06
Round took 5.264e-06
Round took 0
Round took 1.3763e-05
Round took 0.013647114
Round took 5.924e-06
Round took 3.157e-06
Round took 3.619e-06
Round took 2.21e-07
Round took 7.07e-07
Round took 3.066e-06
Round took 2.173e-06
Round took 5.057e-06
Round took 2.381e-06
Round took 2.325e-06
Round took 5.42e-07
Round took 0.010009035
Round took 2.92e-06
Round took 2.872e-06
Round took 1.4058e-05
Round took 2.433e-06
Round took 2.408e-06
Round took 2.311e-06
Round took 0.019133446
Round took 4.485e-06
Round took 2.958e-06
Round took 2.728e-06
Round took 2.453e-06
Round took 3.442e-06
Round took 0
Round took 5.369e-06
Round took 1.021e-06
Round took 2.318e-06
Round took 2.288e-06
Round took 5.467e-06
Round took 1.859e-06
Round took 8.751e-06
Round took 2.362e-06
Round took 0
Round took 5.103e-06
Round took 2.451e-06
Round took 1.825e-06
Round took 2.313e-06
Round took 2.039e-06
Round took 2.338e-06
Round took 5.208e-06
Round took 3.333e-06
Round took 5.056e-06
Round took 2.611e-06
Round took 1.685e-06
Round took 2.794e-06
Round took 2.455e-06
Round took 1.1991e-05
Round took 3.25e-07
Round took 5.283e-06
Round took 0.008757079
Round took 4.291e-06
Round took 0
Round took 1.22e-07
Round took 1.818e-06
Round took 2.482e-06
Round took 2.37e-06
Round took 0
Round took 2.307e-06
Round took 2.296e-06
Round took 3.903e-06
Round took 2.308e-06
Round took 1.815e-06
Round took 1.51e-06
Round took 1.3604e-05
Round took 5.3e-08
Round took 2.295e-06
Round took 3.557e-06
Round took 2.418e-06
Round took 6.37e-07
Round took 1.51e-07
Round took 9.29e-07
Round took 2.376e-06
Round took 2.282e-06
Round took 0
Round took 3.985e-06
Round took 2.362e-06
Round took 0
Round took 2.292e-06
Round took 2.329e-06
Test took 113.138835502
Successful: 5590
