Uniform distribution
Round took 0.119128764
Round took 0.098701722
Round took 0.11996939
Round took 0.098497892
Round took 0.100335746
Round took 0.105371684
Round took 0.117248599
Round took 0.10080989
Round took 0.102334589
Round took 0.103583376
Round took 0.111182956
Round took 0.105019852
Round took 0.105392831
Round took 0.813085916
Round took 0.132351554
Round took 0.094931074
Round took 2.35004144
Round took 0.13072286
Round took 0.324770301
Round took 0.100590297
Round took 0.107908228
Round took 0.102511031
Round took 0.112083543
Round took 0.104437543
Round took 0.097978977
Round took 0.122519773
Round took 0.107421462
Round took 0.126121859
Round took 0.109422949
Round took 0.330674737
Round took 0.134390425
Round took 0.319182697
Round took 0.111754065
Round took 0.329738551
Round took 0.07374854
Round took 0.118987416
Round took 0.100774014
Round took 0.10243194
Round took 0.095501878
Round took 0.102290007
Round took 0.326994399
Round took 0.105767081
Round took 0.102497622
Round took 0.097035553
Round took 0.049011142
Round took 0.095625851
Round took 0.61934356
Round took 0.099543734
Round took 0.306730965
Round took 0.061789713
Round took 0.312633718
Round took 0.104142819
Round took 0.102112362
Round took 0.096646808
Round took 0.107007777
Round took 0.123760698
Round took 0.361848969
Round took 0.205314262
Round took 0.177986824
Round took 0.369515095
Round took 0.356303435
Round took 0.166133445
Round took 0.105099494
Round took 0.089786006
Round took 0.32849588
Round took 0.325332183
Round took 0.104107588
Round took 0.100700311
Round took 0.096879924
Round took 0.097735065
Round took 0.09749532
Round took 0.102104488
Round took 0.282252041
Round took 0.103558686
Round took 0.099658336
Round took 0.092156068
Round took 0.095787305
Round took 0.100936989
Round took 0.092883416
Round took 0.094918133
Round took 0.105054335
Round took 0.089586351
Round took 0.098101484
Round took 0.311313089
Round took 0.81757441
Round took 0.31036631
Round took 0.098182173
Round took 0.082306512
Round took 0.307322453
Round took 0.091753876
Round took 0.090848827
Round took 0.092024135
Round took 0.306022336
Round took 0.09318426
Round took 0.091700084
Round took 0.107406693
Round took 0.093657591
Round took 0.089546991
Round took 0.087577911
Round took 0.302407317
Round took 1.322583479
Round took 0.093899304
Round took 0.3097739
Round took 0.308203489
Round took 0.09037099
Round took 0.29753596
Round took 0.309722554
Round took 0.305734888
Round took 0.086674308
Round took 0.091748315
Round took 0.096984801
Round took 0.100357156
Round took 0.095425659
Round took 0.104467546
Round took 0.084646104
Round took 0.10662559
Round took 0.83276493
Round took 0.087182293
Round took 0.122737166
Round took 1.30400568
Round took 0.088181146
Round took 0.091104781
Round took 0.094326644
Round took 0.087387899
Round took 0.090213225
Round took 0.085574876
Round took 0.089467706
Round took 0.093053276
Round took 0.094968698
Round took 0.098940403
Round took 0.089639981
Round took 0.086622239
Round took 0.094350969
Round took 0.095524766
Round took 0.085188627
Round took 0.085639185
Round took 0.805518358
Round took 0.101132469
Round took 0.081908013
Round took 0.085113166
Round took 0.099340436
Round took 0.095332188
Round took 2.8285132219999998
Round took 0.809799906
Round took 0.09248845
Round took 0.812883231
Round took 0.299683201
Round took 0.093973699
Round took 0.074626101
Round took 0.123208742
Round took 0.092380497
Round took 0.101317994
Round took 0.099764348
Round took 0.093303121
Round took 0.301802094
Round took 0.09874358
Round took 0.097670023
Round took 0.100787047
Round took 0.09683444
Round took 0.112601006
Round took 0.107834259
Round took 2.324264068
Round took 0.309587553
Round took 0.309118596
Round took 0.305906336
Round took 0.103605885
Round took 0.096268301
Round took 0.348157526
Round took 0.31301121
Round took 0.10098884
Round took 0.305402552
Round took 0.097646829
Round took 0.312060876
Round took 0.108456369
Round took 0.323998874
Round took 0.099088311
Round took 0.097415689
Round took 0.104371865
Round took 0.094339972
Round took 0.09255758
Round took 0.308332878
Round took 0.091289611
Round took 0.098032218
Round took 0.090850307
Round took 0.309273403
Round took 0.097698158
Round took 0.090652061
Round took 0.085564778
Round took 0.093273039
Round took 0.298401716
Round took 1.809506297
Round took 0.295278524
Round took 0.09428081
Round took 0.098012542
Round took 0.087665376
Round took 0.315794264
Round took 0.098941743
Round took 0.812062828
Round took 0.090937504
Round took 0.307122765
Round took 0.081102743
Round took 0.319541085
Round took 0.111896716
Round took 0.488697785
Round took 0.086524183
Round took 0.091050781
Round took 0.094129872
Round took 0.090668093
Round took 0.307625504
Round took 0.093401014
Round took 0.097139022
Round took 0.093531473
Round took 0.092912078
Round took 0.09057398
Round took 0.100764152
Round took 0.091769626
Round took 0.086260641
Round took 0.812987329
Round took 0.303859907
Round took 0.104535443
Round took 0.096280634
Round took 0.082957473
Round took 0.166837459
Round took 0.301002999
Round took 0.06357245
Round took 0.082080656
Round took 0.086386291
Round took 0.092611533
Round took 0.098857772
Round took 0.087460687
Round took 0.101176035
Round took 0.308556272
Round took 0.090197699
Round took 0.297717901
Round took 0.089138339
Round took 0.093704825
Round took 0.108157975
Round took 0.083859197
Round took 0.094449621
Round took 0.076277234
Round took 0.095997613
Round took 0.391660243
Round took 0.313759631
Round took 0.104280938
Round took 0.805870087
Round took 0.801102522
Round took 0.304117482
Round took 0.087393049
Round took 0.08615806
Round took 0.088974423
Round took 0.089191121
Round took 0.085624427
Round took 0.094585869
Round took 0.295221258
Round took 0.093466647
Round took 0.080816065
Round took 0.08263587
Round took 0.101081788
Round took 0.092143575
Round took 0.095062766
Round took 0.083444714
Round took 0.094750147
Round took 2.327672193
Round took 0.108086542
Round took 0.113173927
Round took 0.102195812
Round took 0.106854296
Round took 0.093297374
Round took 0.101309752
Round took 0.100169438
Round took 0.811883096
Round took 0.097813758
Round took 0.313930163
Round took 0.101118125
Round took 0.107055913
Round took 0.12721785
Round took 0.127638506
Round took 0.119241305
Round took 0.09570651
Round took 0.102717946
Round took 0.108297447
Round took 0.314668674
Round took 0.315531674
Round took 0.320381167
Round took 0.824551722
Round took 0.099392934
Round took 0.121088841
Round took 0.095727281
Round took 0.093872992
Round took 0.093159469
Round took 0.309445984
Round took 0.094415033
Round took 0.091200649
Round took 0.10602678
Round took 0.098353181
Round took 0.102122671
Round took 0.101275288
Round took 0.089182926
Round took 0.31479624
Round took 0.098651499
Round took 0.821351134
Round took 0.105245268
Round took 0.103250641
Round took 0.057842321
Round took 0.104678987
Round took 0.108132692
Round took 0.10311232
Round took 0.813424872
Round took 0.167660279
Round took 0.097259117
Round took 0.808163549
Round took 0.098536081
Round took 0.094422765
Round took 0.098161938
Round took 1.320426577
Round took 0.317150509
Round took 0.30396408
Round took 0.099063462
Round took 0.097107496
Round took 0.322500748
Round took 0.099138105
Round took 0.11046635
Round took 0.110107415
Round took 0.105284042
Round took 0.113495881
Round took 0.106422269
Round took 0.400600209
Round took 0.107059646
Round took 0.307057092
Round took 0.10717698
Round took 0.108948069
Round took 0.095344404
Round took 0.12284284
Round took 0.117834867
Round took 1.320542608
Round took 0.456615688
Round took 0.084458672
Round took 0.820234574
Round took 0.098974875
Round took 0.305795424
Round took 0.09475868
Round took 0.307828503
Round took 0.094190278
Round took 0.09846283
Round took 0.099968875
Round took 0.822233926
Round took 1.305218684
Round took 0.084389966
Round took 0.103223506
Round took 0.100911049
Round took 0.094031629
Round took 0.141087786
Round took 0.092945752
Round took 0.317540868
Round took 0.091459276
Round took 0.11007838
Round took 0.326615215
Round took 0.094079705
Round took 0.085941676
Round took 0.093509894
Round took 0.083005058
Round took 0.085111831
Round took 0.087838962
Round took 0.081990405
Round took 0.083563985
Round took 0.089439801
Round took 0.295900462
Round took 0.091999723
Round took 0.103659533
Round took 0.092133399
Round took 0.096919842
Round took 0.304763244
Round took 0.089322668
Round took 0.085845144
Round took 0.08290118
Round took 0.811327082
Round took 0.089310349
Round took 0.298294743
Round took 0.30777322
Round took 0.348783072
Round took 0.406696214
Error when reading: read tcp 172.31.54.117:45606->172.31.49.63:7070: read: connection timed out
Error when reading: EOF
Error when reading: read tcp 172.31.54.117:51852->172.31.48.98:7070: read: connection timed out
Error when reading: read tcp 172.31.54.117:48258->172.31.55.252:7070: read: connection timed out
Error when reading: EOF
Error when reading: EOF
Error when reading: read tcp 172.31.54.117:37808->172.31.63.49:7070: read: connection timed out
Error when reading: EOF
Error when reading: read tcp 172.31.54.117:44146->172.31.62.16:7070: read: connection timed out
Error when reading: EOF
Round took 7.808215284
Error when reading: EOF
Error when reading: EOF
Error when reading: EOF
Error when reading: EOF
Error when reading: EOF
Error when reading: EOF
Error when reading: EOF
Error when reading: EOF
Round took 5.8061e-05
Error when reading: EOF
Error when reading: EOF
Error when reading: EOF
Error when reading: EOF
Error when reading: EOF
Error when reading: EOF
Error when reading: EOF
Round took 2.4373e-05
Error when reading: EOF
Error when reading: EOF
Error when reading: EOF
Error when reading: EOF
Round took 2.4969e-05
Error when reading: EOF
Error when reading: EOF
Round took 1.1655e-05
Round took 1.641e-06
Round took 3.73e-07
Round took 3.265e-06
Round took 3.07e-06
Round took 1.269e-06
Round took 2.048e-06
Round took 2.128e-06
Round took 2.656e-06
Round took 1.648e-06
Round took 2.978e-06
Round took 1.37e-06
Round took 1.161e-06
Round took 5.349e-06
Round took 5.011e-06
Round took 3.538e-06
Round took 4.644e-06
Round took 2.426e-06
Round took 9.2e-07
Round took 5.8e-06
Round took 1.993e-06
Round took 2.057e-06
Round took 2.506e-06
Round took 3.323e-06
Round took 4.247e-06
Round took 1.8e-06
Round took 2.908e-06
Round took 1.261e-06
Round took 2.058e-06
Round took 2.133e-06
Round took 1.412e-06
Round took 3.154e-06
Round took 7.214e-06
Round took 2.417e-06
Round took 5.393e-06
Round took 4.259e-06
Round took 4.374e-06
Round took 5.243e-06
Round took 2.54e-06
Round took 2.565e-06
Round took 2.238e-06
Round took 2.522e-06
Round took 2.413e-06
Round took 3.429e-06
Round took 2.869e-06
Round took 1.34e-06
Round took 5.108e-06
Round took 5.9e-08
Round took 3.003e-06
Round took 2.069e-06
Round took 2.947e-06
Round took 1.24e-06
Round took 4.901e-06
Round took 1.753e-06
Round took 2.083e-06
Round took 3.915e-06
Round took 3.064e-06
Round took 1.699e-06
Round took 0.009179126
Round took 3.015e-06
Round took 3.848e-06
Round took 2.84e-06
Round took 2.908e-06
Round took 2.964e-06
Round took 2.581e-06
Round took 4.1249e-05
Round took 2.832e-06
Round took 2.541e-06
Round took 2.532e-06
Round took 2.443e-06
Round took 2.269e-06
Round took 2.33e-06
Round took 2.314e-06
Round took 2.427e-06
Round took 2.273e-06
Round took 2.461e-06
Round took 2.272e-06
Round took 2.384e-06
Round took 2.29e-06
Round took 2.302e-06
Round took 2.275e-06
Round took 6.519e-06
Round took 2.296e-06
Round took 2.298e-06
Round took 2.291e-06
Round took 2.32e-06
Round took 2.273e-06
Round took 2.266e-06
Round took 2.307e-06
Round took 2.362e-06
Round took 2.345e-06
Round took 2.283e-06
Round took 2.27e-06
Round took 2.361e-06
Round took 2.306e-06
Round took 2.304e-06
Round took 2.302e-06
Round took 2.312e-06
Round took 7.189e-06
Round took 2.285e-06
Round took 2.3e-06
Round took 2.302e-06
Round took 2.364e-06
Round took 2.287e-06
Round took 2.297e-06
Round took 2.416e-06
Round took 3.173e-06
Round took 2.482e-06
Round took 2.475e-06
Round took 2.465e-06
Round took 2.468e-06
Round took 2.4e-06
Round took 2.422e-06
Round took 2.447e-06
Round took 9.205e-06
Round took 3.113e-06
Round took 2.366e-06
Round took 2.347e-06
Round took 2.567e-06
Round took 2.32e-06
Round took 2.332e-06
Round took 2.315e-06
Round took 2.379e-06
Round took 2.371e-06
Round took 2.35e-06
Round took 2.341e-06
Round took 3.224e-06
Round took 2.404e-06
Round took 2.462e-06
Round took 2.406e-06
Round took 2.408e-06
Round took 8.624e-06
Round took 2.357e-06
Round took 2.404e-06
Round took 2.296e-06
Round took 3.537e-06
Round took 2.422e-06
Round took 2.395e-06
Round took 2.357e-06
Round took 2.427e-06
Round took 2.307e-06
Round took 2.349e-06
Round took 2.35e-06
Round took 2.402e-06
Round took 2.323e-06
Round took 0.00016487
Round took 2.523e-06
Round took 6.624e-06
Round took 2.431e-06
Round took 2.435e-06
Round took 2.385e-06
Round took 2.456e-06
Round took 2.391e-06
Round took 2.409e-06
Round took 2.389e-06
Round took 2.458e-06
Round took 2.379e-06
Round took 2.384e-06
Round took 2.357e-06
Round took 3.273e-06
Round took 2.41e-06
Round took 2.4e-06
Round took 2.33e-06
Round took 2.337e-06
Round took 8.77e-06
Round took 2.369e-06
Round took 2.382e-06
Round took 2.322e-06
Round took 3.036e-06
Round took 2.382e-06
Round took 2.421e-06
Round took 2.402e-06
Round took 2.379e-06
Round took 2.305e-06
Round took 2.323e-06
Round took 2.313e-06
Round took 2.403e-06
Round took 2.318e-06
Round took 2.31e-06
Round took 2.319e-06
Round took 5.979e-06
Round took 2.339e-06
Round took 2.335e-06
Round took 2.296e-06
Round took 2.376e-06
Round took 2.314e-06
Round took 2.327e-06
Round took 2.339e-06
Round took 2.39e-06
Round took 2.335e-06
Round took 2.41e-06
Round took 2.313e-06
Round took 2.348e-06
Round took 2.374e-06
Round took 2.354e-06
Round took 2.365e-06
Round took 2.343e-06
Round took 6.76e-06
Round took 2.302e-06
Round took 2.356e-06
Round took 2.315e-06
Round took 2.33e-06
Round took 2.321e-06
Round took 2.296e-06
Round took 2.363e-06
Round took 2.369e-06
Round took 2.364e-06
Round took 2.297e-06
Round took 2.375e-06
Round took 2.368e-06
Round took 2.338e-06
Round took 2.294e-06
Round took 2.307e-06
Round took 5.52e-06
Round took 2.363e-06
Round took 2.33e-06
Round took 2.323e-06
Round took 2.368e-06
Round took 2.31e-06
Round took 2.344e-06
Round took 2.326e-06
Round took 2.38e-06
Round took 2.364e-06
Round took 2.309e-06
Round took 2.318e-06
Round took 2.341e-06
Round took 2.393e-06
Round took 2.356e-06
Round took 2.323e-06
Round took 2.313e-06
Round took 5.785e-06
Round took 2.348e-06
Round took 2.341e-06
Round took 2.293e-06
Round took 2.339e-06
Round took 2.313e-06
Round took 2.315e-06
Round took 2.305e-06
Round took 2.403e-06
Round took 2.349e-06
Round took 2.306e-06
Round took 2.353e-06
Round took 2.388e-06
Round took 2.321e-06
Round took 2.312e-06
Round took 2.322e-06
Round took 5.298e-06
Round took 2.331e-06
Round took 2.374e-06
Round took 2.335e-06
Round took 2.363e-06
Round took 2.313e-06
Round took 2.321e-06
Round took 2.32e-06
Round took 2.361e-06
Round took 2.327e-06
Round took 2.321e-06
Round took 2.314e-06
Round took 2.369e-06
Round took 2.397e-06
Round took 2.337e-06
Round took 2.337e-06
Round took 2.324e-06
Round took 5.944e-06
Round took 2.33e-06
Round took 2.313e-06
Round took 2.309e-06
Round took 2.354e-06
Round took 2.341e-06
Round took 2.308e-06
Round took 2.314e-06
Round took 2.367e-06
Round took 2.32e-06
Round took 2.314e-06
Round took 2.324e-06
Round took 2.365e-06
Round took 2.339e-06
Round took 2.362e-06
Round took 2.324e-06
Round took 5e-06
Round took 2.338e-06
Round took 2.334e-06
Round took 2.319e-06
Round took 2.349e-06
Round took 2.307e-06
Round took 2.338e-06
Round took 2.322e-06
Round took 2.33e-06
Round took 2.32e-06
Round took 2.312e-06
Round took 2.376e-06
Round took 2.347e-06
Round took 3.682e-06
Round took 2.421e-06
Round took 2.398e-06
Round took 2.432e-06
Round took 9.335e-06
Round took 0.000183364
Round took 2.975e-06
Round took 2.458e-06
Round took 2.624e-06
Round took 2.4e-06
Round took 2.377e-06
Round took 2.377e-06
Round took 2.424e-06
Round took 2.369e-06
Round took 2.381e-06
Round took 2.377e-06
Round took 2.417e-06
Round took 0.000173936
Round took 2.395e-06
Round took 2.366e-06
Round took 6.355e-06
Round took 2.341e-06
Round took 2.336e-06
Round took 2.293e-06
Round took 2.341e-06
Round took 2.309e-06
Round took 2.315e-06
Round took 2.351e-06
Round took 2.345e-06
Round took 2.34e-06
Round took 3.34e-06
Round took 2.39e-06
Round took 2.426e-06
Round took 2.514e-06
Round took 2.32e-06
Round took 2.323e-06
Round took 2.307e-06
Round took 8.914e-06
Round took 3.171e-06
Round took 2.417e-06
Round took 2.389e-06
Round took 2.635e-06
Round took 2.359e-06
Round took 2.33e-06
Round took 2.331e-06
Round took 2.366e-06
Round took 2.328e-06
Round took 0.000325198
Round took 2.935e-06
Round took 2.588e-06
Round took 2.448e-06
Round took 2.387e-06
Round took 2.425e-06
Round took 9.932e-06
Round took 2.418e-06
Round took 2.438e-06
Round took 2.399e-06
Round took 2.448e-06
Round took 3.336e-06
Round took 2.336e-06
Round took 2.397e-06
Round took 2.383e-06
Round took 2.51e-06
Round took 9.553e-05
Round took 3.04e-06
Round took 2.423e-06
Round took 2.561e-06
Round took 2.407e-06
Round took 2.411e-06
Round took 2.383e-06
Round took 9.24e-06
Round took 2.422e-06
Round took 0.000197563
Round took 2.965e-06
Round took 2.581e-06
Round took 2.375e-06
Round took 2.34e-06
Round took 2.337e-06
Round took 2.398e-06
Round took 2.355e-06
Round took 2.338e-06
Round took 2.334e-06
Round took 2.381e-06
Round took 2.328e-06
Round took 0.000179246
Round took 2.366e-06
Round took 6.674e-06
Round took 2.335e-06
Round took 2.29e-06
Round took 2.276e-06
Round took 2.325e-06
Round took 2.262e-06
Round took 2.28e-06
Round took 2.278e-06
Round took 2.324e-06
Round took 2.349e-06
Round took 0.001760213
Round took 2.623e-06
Round took 2.552e-06
Round took 2.688e-06
Round took 0.00216776
Round took 2.493e-06
Round took 2.42e-06
Round took 1.1007e-05
Round took 2.364e-06
Round took 2.853e-06
Round took 2.389e-06
Round took 2.48e-06
Round took 2.387e-06
Round took 2.36e-06
Round took 2.333e-06
Round took 2.451e-06
Round took 2.385e-06
Round took 2.314e-06
Round took 2.331e-06
Round took 2.368e-06
Round took 2.347e-06
Round took 2.357e-06
Round took 2.337e-06
Round took 5.924e-06
Round took 2.384e-06
Round took 2.321e-06
Round took 2.323e-06
Round took 2.315e-06
Round took 2.317e-06
Round took 2.301e-06
Round took 2.362e-06
Round took 2.336e-06
Round took 2.397e-06
Round took 2.358e-06
Round took 2.341e-06
Round took 2.324e-06
Round took 2.384e-06
Round took 2.338e-06
Round took 2.336e-06
Round took 2.318e-06
Round took 7.088e-06
Round took 2.39e-06
Round took 2.332e-06
Round took 2.331e-06
Round took 2.366e-06
Round took 2.34e-06
Round took 2.324e-06
Round took 2.348e-06
Round took 2.346e-06
Round took 2.352e-06
Round took 2.349e-06
Round took 2.326e-06
Round took 2.413e-06
Round took 2.378e-06
Round took 2.355e-06
Round took 2.347e-06
Round took 7.8e-06
Round took 2.339e-06
Round took 2.326e-06
Round took 2.353e-06
Round took 2.38e-06
Round took 2.446e-06
Round took 2.353e-06
Round took 2.353e-06
Round took 2.361e-06
Round took 2.482e-06
Round took 2.336e-06
Round took 2.334e-06
Round took 2.381e-06
Round took 2.343e-06
Round took 2.322e-06
Round took 2.331e-06
Round took 2.332e-06
Round took 6.117e-06
Round took 2.397e-06
Round took 2.327e-06
Round took 2.336e-06
Round took 2.433e-06
Round took 2.377e-06
Round took 2.343e-06
Round took 2.368e-06
Round took 2.352e-06
Round took 2.34e-06
Round took 2.343e-06
Round took 2.368e-06
Round took 2.52e-06
Round took 2.342e-06
Round took 2.358e-06
Round took 2.333e-06
Round took 2.45e-06
Round took 2.389e-06
Round took 2.314e-06
Round took 2.355e-06
Round took 2.341e-06
Round took 2.409e-06
Round took 2.311e-06
Round took 2.363e-06
Round took 2.327e-06
Round took 2.418e-06
Round took 2.308e-06
Round took 2.344e-06
Round took 2.349e-06
Round took 2.345e-06
Round took 2.333e-06
Round took 2.37e-06
Round took 2.312e-06
Round took 6.45e-06
Round took 2.34e-06
Round took 2.347e-06
Round took 2.378e-06
Round took 2.422e-06
Round took 2.353e-06
Round took 2.333e-06
Round took 2.313e-06
Round took 2.379e-06
Round took 2.343e-06
Round took 2.343e-06
Round took 2.456e-06
Round took 2.421e-06
Round took 2.429e-06
Round took 2.341e-06
Round took 2.328e-06
Round took 2.399e-06
Round took 5.061e-06
Round took 2.333e-06
Round took 2.353e-06
Round took 2.336e-06
Round took 2.39e-06
Round took 2.332e-06
Round took 2.329e-06
Round took 2.357e-06
Round took 2.411e-06
Round took 2.323e-06
Round took 2.39e-06
Round took 2.323e-06
Round took 2.381e-06
Round took 2.35e-06
Round took 2.351e-06
Round took 2.356e-06
Round took 8.828e-06
Round took 2.332e-06
Round took 2.379e-06
Round took 2.318e-06
Round took 2.374e-06
Round took 5.192e-06
Round took 2.98e-06
Round took 2.769e-06
Round took 3.192e-06
Round took 3.695e-06
Round took 2.924e-06
Round took 3.179e-06
Round took 3.506e-06
Round took 2.63e-06
Round took 2.691e-06
Round took 2.365e-06
Round took 2.339e-06
Round took 8.631e-06
Round took 2.331e-06
Round took 2.335e-06
Round took 2.36e-06
Round took 2.424e-06
Round took 2.374e-06
Round took 2.357e-06
Round took 2.464e-06
Round took 2.458e-06
Round took 2.357e-06
Round took 2.324e-06
Round took 2.54e-06
Round took 2.67e-06
Round took 2.404e-06
Round took 2.363e-06
Round took 2.387e-06
Round took 8.302e-06
Round took 2.481e-06
Round took 2.36e-06
Round took 2.409e-06
Round took 2.409e-06
Round took 2.355e-06
Round took 2.33e-06
Round took 2.404e-06
Round took 2.406e-06
Round took 2.414e-06
Round took 2.354e-06
Round took 2.433e-06
Round took 2.412e-06
Round took 2.381e-06
Round took 2.353e-06
Round took 2.36e-06
Round took 2.374e-06
Round took 5.369e-06
Round took 2.341e-06
Round took 2.342e-06
Round took 2.355e-06
Round took 2.428e-06
Round took 2.343e-06
Round took 2.323e-06
Round took 2.403e-06
Round took 2.473e-06
Round took 2.361e-06
Round took 2.425e-06
Round took 2.388e-06
Round took 2.447e-06
Round took 2.452e-06
Round took 2.36e-06
Round took 2.333e-06
Round took 6.285e-06
Round took 2.424e-06
Round took 2.354e-06
Round took 2.368e-06
Round took 2.427e-06
Round took 2.345e-06
Round took 2.424e-06
Round took 2.383e-06
Round took 2.622e-06
Round took 2.424e-06
Round took 2.426e-06
Round took 2.376e-06
Round took 2.429e-06
Round took 2.354e-06
Round took 2.344e-06
Round took 2.341e-06
Round took 2.343e-06
Round took 5.441e-06
Round took 2.366e-06
Round took 2.373e-06
Round took 2.331e-06
Round took 2.416e-06
Round took 2.363e-06
Round took 1.7034e-05
Round took 2.502e-06
Round took 2.474e-06
Round took 2.384e-06
Round took 2.363e-06
Round took 2.335e-06
Round took 2.355e-06
Round took 2.374e-06
Round took 2.358e-06
Round took 2.333e-06
Round took 6.981e-06
Round took 2.401e-06
Round took 2.332e-06
Round took 2.335e-06
Round took 2.385e-06
Round took 2.375e-06
Round took 2.316e-06
Round took 2.491e-06
Round took 2.433e-06
Round took 2.358e-06
Round took 2.36e-06
Round took 2.428e-06
Round took 2.429e-06
Round took 2.368e-06
Round took 2.327e-06
Round took 2.328e-06
Round took 2.37e-06
Round took 8.032e-06
Round took 2.351e-06
Round took 2.368e-06
Round took 2.331e-06
Round took 2.348e-06
Round took 2.326e-06
Round took 2.365e-06
Round took 2.375e-06
Round took 2.386e-06
Round took 2.319e-06
Round took 2.315e-06
Round took 2.362e-06
Round took 2.406e-06
Round took 2.406e-06
Round took 2.316e-06
Round took 2.349e-06
Round took 5.975e-06
Round took 2.372e-06
Round took 2.393e-06
Round took 2.361e-06
Round took 2.357e-06
Round took 2.402e-06
Round took 2.405e-06
Round took 2.383e-06
Round took 2.381e-06
Round took 2.373e-06
Round took 2.678e-06
Round took 2.427e-06
Round took 2.427e-06
Round took 2.381e-06
Round took 2.358e-06
Round took 2.328e-06
Round took 2.378e-06
Round took 5.88e-06
Round took 2.445e-06
Round took 2.396e-06
Round took 2.376e-06
Round took 2.367e-06
Round took 2.37e-06
Round took 2.364e-06
Round took 2.394e-06
Round took 2.436e-06
Round took 2.4e-06
Round took 2.358e-06
Round took 2.37e-06
Round took 2.383e-06
Round took 2.368e-06
Round took 2.335e-06
Round took 2.371e-06
Round took 6.236e-06
Round took 2.386e-06
Round took 2.383e-06
Round took 2.395e-06
Round took 2.396e-06
Round took 2.355e-06
Round took 2.365e-06
Round took 2.406e-06
Round took 2.411e-06
Round took 0.004502186
Round took 3.656e-06
Round took 2.545e-06
Round took 2.763e-06
Round took 7.93e-06
Round took 0
Round took 2.553e-06
Round took 3.595e-06
Round took 0.016119538
Round took 2.756e-06
Round took 1.894e-06
Round took 2.628e-06
Round took 4.198e-06
Round took 3.982e-06
Round took 2.836e-06
Round took 2.595e-06
Round took 0.007423249
Round took 3.073e-06
Round took 2.933e-06
Round took 3.022e-06
Round took 2.532e-06
Round took 2.386e-06
Round took 2.473e-06
Round took 2.358e-06
Round took 1.2113e-05
Round took 2.373e-06
Round took 2.467e-06
Round took 2.385e-06
Round took 2.512e-06
Round took 2.372e-06
Round took 2.336e-06
Round took 2.911e-06
Round took 2.701e-06
Round took 2.415e-06
Round took 2.241e-06
Round took 1.974e-06
Round took 2.374e-06
Round took 2.427e-06
Round took 2.416e-06
Round took 2.443e-06
Round took 2.351e-06
Round took 5.493e-06
Round took 2.385e-06
Round took 2.32e-06
Round took 2.32e-06
Round took 2.224e-06
Round took 2.149e-06
Round took 2.376e-06
Round took 2.366e-06
Round took 2.44e-06
Round took 2.504e-06
Round took 1.89e-06
Round took 2.399e-06
Round took 2.384e-06
Round took 2.361e-06
Round took 2.915e-06
Round took 3.069e-06
Round took 6.095e-06
Round took 5.202e-06
Round took 2.505e-06
Round took 2.959e-06
Round took 3.208e-06
Round took 2.421e-06
Round took 0.008183774
Round took 3.7e-06
Round took 2.568e-06
Round took 2.942e-06
Round took 3.011e-06
Round took 2e-06
Round took 2.377e-06
Round took 2.432e-06
Round took 2.333e-06
Round took 2.686e-06
Round took 2.361e-06
Round took 8.87e-06
Round took 2.337e-06
Round took 2.355e-06
Round took 2.357e-06
Round took 2.41e-06
Round took 2.405e-06
Round took 2.458e-06
Round took 2.141e-06
Round took 2.363e-06
Round took 3.236e-06
Round took 2.393e-06
Round took 2.361e-06
Round took 2.41e-06
Round took 2.354e-06
Round took 2.419e-06
Round took 2.344e-06
Round took 3.2584e-05
Round took 3.281e-06
Round took 2.38e-06
Round took 2.314e-06
Round took 2.395e-06
Round took 2.376e-06
Round took 2.37e-06
Round took 2.347e-06
Round took 2.479e-06
Round took 2.411e-06
Round took 2.328e-06
Round took 2.62e-06
Round took 2.354e-06
Round took 2.469e-06
Round took 2.341e-06
Round took 2.318e-06
Round took 2.37e-06
Round took 5.751e-06
Round took 2.354e-06
Round took 3.088e-06
Round took 3.022e-06
Round took 2.344e-06
Round took 2.293e-06
Round took 2.307e-06
Round took 2.287e-06
Round took 2.338e-06
Round took 2.411e-06
Round took 2.643e-06
Round took 2.309e-06
Round took 2.406e-06
Round took 2.322e-06
Round took 2.395e-06
Round took 2.31e-06
Round took 6.372e-06
Round took 2.337e-06
Round took 2.306e-06
Round took 2.392e-06
Round took 2.242e-06
Round took 2.299e-06
Round took 3.099e-06
Round took 2.337e-06
Round took 2.325e-06
Round took 3.401e-06
Round took 2.947e-06
Round took 2.348e-06
Round took 2.338e-06
Round took 2.412e-06
Round took 2.352e-06
Round took 3.016e-06
Round took 2.374e-06
Round took 5.061e-06
Round took 2.341e-06
Round took 2.428e-06
Round took 2.331e-06
Round took 2.436e-06
Round took 2.247e-06
Round took 2.339e-06
Round took 2.932e-06
Round took 2.388e-06
Round took 2.4e-06
Round took 2.372e-06
Round took 2.337e-06
Round took 2.389e-06
Round took 2.396e-06
Round took 2.318e-06
Round took 2.311e-06
Round took 5.736e-06
Round took 1.736e-06
Round took 2.315e-06
Round took 2.324e-06
Round took 2.376e-06
Round took 2.41e-06
Round took 2.307e-06
Round took 2.332e-06
Round took 2.32e-06
Round took 1.677e-06
Round took 6.477e-06
Round took 2.358e-06
Round took 2.344e-06
Round took 2.444e-06
Round took 1.832e-06
Round took 2.368e-06
Round took 2.92e-06
Round took 8.508e-06
Round took 2.351e-06
Round took 2.449e-06
Round took 2.341e-06
Round took 2.307e-06
Round took 2.299e-06
Round took 2.347e-06
Round took 2.561e-06
Round took 2.401e-06
Round took 2.38e-06
Round took 2.277e-06
Round took 2.306e-06
Round took 2.476e-06
Round took 2.291e-06
Round took 2.091e-06
Round took 2.3e-06
Round took 5.907e-06
Round took 2.384e-06
Round took 2.358e-06
Round took 3.105e-06
Round took 2.368e-06
Round took 2.144e-06
Round took 2.341e-06
Round took 2.435e-06
Round took 2.467e-06
Round took 2.439e-06
Round took 2.387e-06
Round took 1.994e-06
Round took 1.472e-06
Round took 2.37e-06
Round took 2.326e-06
Round took 2.391e-06
Round took 2.131e-06
Round took 6.036e-06
Round took 1.786e-06
Round took 2.352e-06
Round took 2.41e-06
Round took 2.368e-06
Round took 2.317e-06
Round took 2.297e-06
Round took 2.345e-06
Round took 2.487e-06
Round took 2.036e-06
Round took 2.93e-06
Round took 2.459e-06
Round took 2.753e-06
Round took 2.38e-06
Round took 2.309e-06
Round took 2.322e-06
Round took 6.447e-06
Round took 3.055e-06
Round took 2.292e-06
Round took 2.412e-06
Round took 2.409e-06
Round took 2.405e-06
Round took 2.365e-06
Round took 2.563e-06
Round took 2.36e-06
Round took 2.392e-06
Round took 2.301e-06
Round took 2.364e-06
Round took 2.468e-06
Round took 2.493e-06
Round took 2.19e-06
Round took 2.333e-06
Round took 2.293e-06
Round took 4.652e-06
Round took 2.343e-06
Round took 2.356e-06
Round took 2.293e-06
Round took 2.385e-06
Round took 2.306e-06
Round took 2.346e-06
Round took 1.547e-06
Round took 2.36e-06
Round took 1.89e-06
Round took 2.347e-06
Round took 2.327e-06
Round took 2.58e-06
Round took 2.082e-06
Round took 2.785e-06
Round took 2.035e-06
Round took 3.085e-06
Round took 2.458e-06
Round took 2.343e-06
Round took 3.079e-06
Round took 1.762e-06
Round took 2.347e-06
Round took 2.294e-06
Round took 3.3677e-05
Round took 2.445e-06
Round took 3.033e-06
Round took 2.372e-06
Round took 2.415e-06
Round took 2.5e-06
Round took 2.445e-06
Round took 1.697e-06
Round took 2.327e-06
Round took 1.665e-06
Round took 6.312e-06
Round took 2.353e-06
Round took 2.345e-06
Round took 3.097e-06
Round took 2.348e-06
Round took 3.095e-06
Round took 2.668e-06
Round took 2.338e-06
Round took 2.357e-06
Round took 2.353e-06
Round took 2.394e-06
Round took 2.333e-06
Round took 2.38e-06
Round took 2.341e-06
Round took 2.52e-06
Round took 2.006e-06
Round took 2.359e-06
Round took 6.325e-06
Round took 1.533e-06
Round took 2.338e-06
Round took 1.603e-06
Round took 2.382e-06
Round took 2.191e-06
Round took 2.583e-06
Round took 2.312e-06
Round took 2.417e-06
Round took 2.0704e-05
Round took 2.636e-06
Round took 2.436e-06
Round took 2.68e-06
Round took 2.321e-06
Round took 2.398e-06
Round took 1.696e-06
Round took 5.628e-06
Round took 2.359e-06
Round took 2.436e-06
Round took 1.794e-06
Round took 2.337e-06
Round took 2.365e-06
Round took 2.345e-06
Round took 2.318e-06
Round took 2.885e-06
Round took 2.322e-06
Round took 2.363e-06
Round took 3.12e-06
Round took 1.758e-06
Round took 2.334e-06
Round took 2.413e-06
Round took 1.774e-06
Round took 2.3e-06
Round took 4.813e-06
Round took 1.936e-06
Round took 2.35e-06
Round took 1.651e-06
Round took 2.35e-06
Round took 2.371e-06
Round took 2.3e-06
Round took 2.323e-06
Round took 1.58e-06
Round took 2.416e-06
Round took 2.416e-06
Round took 2.315e-06
Round took 2.405e-06
Round took 2.324e-06
Round took 2.305e-06
Round took 2.521e-06
Round took 5.121e-06
Round took 2.885e-06
Round took 2.327e-06
Round took 2.285e-06
Round took 2.563e-06
Round took 2.291e-06
Round took 2.426e-06
Round took 2.3e-06
Round took 2.385e-06
Round took 2.312e-06
Round took 2.703e-06
Round took 2.311e-06
Round took 2.447e-06
Round took 2.336e-06
Round took 2.33e-06
Round took 1.967e-06
Round took 2.388e-06
Round took 3.1552e-05
Round took 2.32e-06
Round took 2.126e-06
Round took 2.338e-06
Round took 2.41e-06
Round took 2.352e-06
Round took 2.336e-06
Round took 2.331e-06
Round took 2.377e-06
Round took 2.346e-06
Round took 2.33e-06
Round took 2.363e-06
Round took 2.406e-06
Round took 2.32e-06
Round took 2.34e-06
Round took 2.314e-06
Round took 5.169e-06
Round took 2.365e-06
Round took 2.354e-06
Round took 1.947e-06
Round took 2.325e-06
Round took 2.326e-06
Round took 2.373e-06
Round took 2.331e-06
Round took 2.379e-06
Round took 2.333e-06
Round took 2.304e-06
Round took 2.338e-06
Round took 2.21e-06
Round took 2.319e-06
Round took 2.346e-06
Round took 2.273e-06
Round took 2.321e-06
Round took 5.375e-06
Round took 2.442e-06
Round took 2.403e-06
Round took 2.393e-06
Round took 2.382e-06
Round took 2.341e-06
Round took 2.373e-06
Round took 2.387e-06
Round took 2.405e-06
Round took 2.304e-06
Round took 2.613e-06
Round took 2.329e-06
Round took 2.459e-06
Round took 2.323e-06
Round took 2.348e-06
Round took 3.137e-06
Round took 5.405e-06
Round took 2.392e-06
Round took 2.353e-06
Round took 2.306e-06
Round took 2.493e-06
Round took 2.338e-06
Round took 3.025e-06
Round took 2.417e-06
Round took 2.399e-06
Round took 2.336e-06
Round took 3.043e-06
Round took 2.371e-06
Round took 2.004e-06
Round took 2.349e-06
Round took 2.379e-06
Round took 1.876e-06
Round took 2.335e-06
Round took 6.12e-06
Round took 2.509e-06
Round took 2.369e-06
Round took 2.326e-06
Round took 2.358e-06
Round took 2.394e-06
Round took 8.506e-06
Round took 2.93e-06
Round took 3.297e-06
Round took 2.6299e-05
Round took 2.536e-06
Round took 2.952e-06
Round took 2.844e-06
Round took 2.709e-06
Round took 2.348e-06
Round took 2.339e-06
Round took 8.763e-06
Round took 2.436e-06
Round took 2.307e-06
Round took 2.322e-06
Round took 2.359e-06
Round took 2.341e-06
Round took 2.336e-06
Round took 2.355e-06
Round took 2.39e-06
Round took 2.34e-06
Round took 2.319e-06
Round took 2.333e-06
Round took 2.361e-06
Round took 2.382e-06
Round took 2.347e-06
Round took 2.334e-06
Round took 2.336e-06
Round took 2.3938e-05
Round took 2.374e-06
Round took 2.346e-06
Round took 2.349e-06
Round took 2.378e-06
Round took 2.322e-06
Round took 2.348e-06
Round took 0.055964142
Round took 2.635e-06
Round took 0
Round took 0
Round took 2.538e-06
Round took 2.533e-06
Round took 0
Round took 0
Round took 2.365e-06
Round took 1.1585e-05
Round took 2.485e-06
Round took 0
Round took 0.022659678
Round took 4.848e-06
Round took 3.094e-06
Round took 3.053e-06
Round took 2.571e-06
Round took 2.416e-06
Round took 2.592e-06
Round took 0.009963061
Round took 2.933e-06
Round took 2.597e-06
Round took 2.982e-06
Round took 2.483e-06
Round took 2.388e-06
Round took 2.309e-06
Round took 1.2529e-05
Round took 2.411e-06
Round took 2.306e-06
Round took 6.088e-06
Round took 5.059e-06
Round took 3.352e-06
Round took 3.133e-06
Round took 2.964e-06
Round took 2.587e-06
Round took 0.016151436
Round took 4.616e-06
Round took 3.128e-06
Round took 3.413e-06
Round took 2.618e-06
Round took 2.438e-06
Round took 2.447e-06
Round took 9.612e-06
Round took 2.2073e-05
Round took 4.037e-06
Round took 2.834e-06
Round took 2.939e-06
Round took 5.006e-06
Round took 4.029e-06
Round took 3.99e-06
Round took 4.198e-06
Round took 3.542e-06
Round took 2.934e-06
Round took 2.705e-06
Round took 2.466e-06
Round took 0.010866347
Round took 2.72e-06
Round took 2.855e-06
Round took 2.817e-06
Round took 1.2371e-05
Round took 0.013073163
Round took 4.503e-06
Round took 2.953e-06
Round took 0.006258205
Round took 3.186e-06
Round took 3.073e-06
Round took 3.003e-06
Round took 2.562e-06
Round took 2.442e-06
Round took 2.485e-06
Round took 2.461e-06
Round took 4.282e-06
Round took 2.91e-06
Round took 2.953e-06
Round took 2.417e-06
Round took 8.402e-06
Round took 2.398e-06
Round took 2.349e-06
Round took 2.352e-06
Round took 2.616e-06
Round took 2.328e-06
Round took 2.423e-06
Round took 2.382e-06
Round took 2.379e-06
Round took 2.44e-06
Round took 2.342e-06
Round took 2.313e-06
Round took 2.354e-06
Round took 2.366e-06
Round took 2.323e-06
Round took 2.315e-06
Round took 2.32e-06
Round took 9.663e-06
Round took 2.374e-06
Round took 2.335e-06
Round took 4.906e-06
Round took 6.021e-06
Round took 3.06e-06
Round took 2.91e-06
Round took 2.84e-06
Round took 2.471e-06
Round took 2.36e-06
Round took 2.332e-06
Round took 2.341e-06
Round took 2.408e-06
Round took 2.304e-06
Round took 2.31e-06
Round took 2.337e-06
Round took 0.012040085
Round took 2.712e-06
Round took 2.476e-06
Round took 2.427e-06
Round took 2.379e-06
Round took 2.5e-06
Round took 2.426e-06
Round took 2.403e-06
Round took 2.33e-06
Round took 2.475e-06
Round took 2.384e-06
Round took 2.335e-06
Round took 2.369e-06
Round took 2.441e-06
Round took 2.317e-06
Round took 2.373e-06
Round took 2.34e-06
Round took 9.498e-06
Round took 2.366e-06
Round took 2.352e-06
Round took 2.408e-06
Round took 2.471e-06
Round took 2.36e-06
Round took 2.379e-06
Round took 2.372e-06
Round took 2.447e-06
Round took 2.343e-06
Round took 2.35e-06
Round took 2.355e-06
Round took 2.4e-06
Round took 2.37e-06
Round took 2.352e-06
Round took 0.052979927
Round took 3.485e-06
Round took 2.672e-06
Round took 2.513e-06
Round took 2.445e-06
Round took 2.386e-06
Round took 2.439e-06
Round took 2.331e-06
Round took 2.381e-06
Round took 2.376e-06
Round took 2.42e-06
Round took 3.086e-06
Round took 6.007e-06
Round took 3.043e-06
Round took 7.462e-06
Round took 1.109e-06
Round took 3.124e-06
Round took 3.466e-06
Round took 1.327e-05
Round took 5.457e-06
Round took 0
Round took 0
Round took 3.34e-06
Round took 0
Round took 0
Round took 0
Round took 2.202e-06
Round took 0
Round took 0
Round took 0
Round took 2.472e-06
Round took 1.353e-06
Round took 6.769e-06
Round took 0
Round took 2.787e-06
Round took 1.3218e-05
Round took 5.714e-06
Round took 3.112e-06
Round took 2.805e-06
Round took 2.795e-06
Round took 2.423e-06
Round took 2.345e-06
Round took 2.355e-06
Round took 2.469e-06
Round took 2.338e-06
Round took 2.349e-06
Round took 2.406e-06
Round took 7.075e-06
Round took 3.051e-06
Round took 2.958e-06
Round took 3.287e-06
Round took 1.2182e-05
Round took 2.511e-06
Round took 2.387e-06
Round took 2.367e-06
Round took 2.423e-06
Round took 2.414e-06
Round took 2.423e-06
Round took 5.552e-06
Round took 3.027e-06
Round took 3.298e-06
Round took 2.753e-06
Round took 2.432e-06
Round took 2.311e-06
Round took 2.424e-06
Round took 2.347e-06
Round took 2.293e-06
Round took 2.39e-06
Round took 1.0741e-05
Round took 2.647e-06
Round took 2.555e-06
Round took 2.385e-06
Round took 2.52e-06
Round took 2.368e-06
Round took 0.004570283
Round took 4.042e-06
Round took 3.791e-06
Round took 2.874e-06
Round took 2.876e-06
Round took 2.346e-06
Round took 2.42e-06
Round took 2.301e-06
Round took 2.299e-06
Round took 2.179e-06
Round took 1.179e-05
Round took 3.383e-06
Round took 3.909e-06
Round took 2.946e-06
Round took 2.301e-06
Round took 2.479e-06
Round took 2.503e-06
Round took 2.404e-06
Round took 2.411e-06
Round took 2.784e-06
Round took 2.467e-06
Round took 0.021251538
Round took 4.92e-06
Round took 3.073e-06
Round took 2.851e-06
Round took 3.004e-06
Round took 1.658e-06
Round took 7.464e-06
Round took 2.374e-06
Round took 2.391e-06
Round took 2.819e-06
Round took 2.408e-06
Round took 3.189e-06
Round took 2.313e-06
Round took 0.02104794
Round took 4.605e-06
Round took 3.963e-06
Round took 2.238e-06
Round took 2.531e-06
Round took 4.965e-06
Round took 3.144e-06
Round took 2.241e-06
Round took 2.944e-06
Round took 1.2866e-05
Round took 3.895e-06
Round took 8.059e-06
Round took 3.472e-06
Round took 3.106e-06
Round took 2.33e-06
Round took 2.294e-06
Round took 2.569e-06
Round took 2.295e-06
Round took 1.737e-06
Round took 2.341e-06
Round took 2.441e-06
Round took 2.169e-06
Round took 2.355e-06
Round took 0.019761505
Round took 3.401e-06
Round took 2.923e-06
Round took 9.858e-06
Round took 2.383e-06
Round took 2.392e-06
Round took 2.356e-06
Round took 1.569e-06
Round took 2.343e-06
Round took 2.907e-06
Round took 2.457e-06
Round took 6.232e-06
Round took 2.994e-06
Round took 2.703e-06
Round took 1.933e-06
Round took 2.473e-06
Round took 2.47e-06
Round took 2.381e-06
Round took 2.301e-06
Round took 1.2364e-05
Round took 2.852e-06
Round took 2.216e-06
Round took 1.9081e-05
Round took 2.415e-06
Round took 2.969e-06
Round took 2.358e-06
Round took 1.987e-06
Round took 2.317e-06
Round took 2.436e-06
Round took 2.298e-06
Round took 2.42e-06
Round took 2.188e-06
Round took 1.585e-06
Round took 2.29e-06
Round took 2.268e-06
Round took 2.337e-06
Round took 6.11e-06
Round took 2.783e-06
Round took 2.339e-06
Round took 2.669e-06
Round took 2.405e-06
Round took 2.333e-06
Round took 1.475e-06
Round took 2.828e-06
Round took 2.355e-06
Round took 2.267e-06
Round took 2.297e-06
Round took 1.445e-06
Round took 2.437e-06
Round took 1.841e-06
Round took 2.612e-06
Round took 2.391e-06
Round took 1.1382e-05
Round took 2.464e-06
Round took 1.883e-06
Round took 2.382e-06
Round took 2.294e-06
Round took 2.354e-06
Round took 2.365e-06
Round took 2.838e-06
Round took 2.29e-06
Round took 2.426e-06
Round took 2.364e-06
Round took 2.285e-06
Round took 2.413e-06
Round took 3.343e-06
Round took 2.266e-06
Round took 2.291e-06
Round took 3.193e-06
Round took 5.452e-06
Round took 2.383e-06
Round took 3.298e-06
Round took 4.988e-06
Round took 3.531e-06
Round took 0.007022774
Round took 3.775e-06
Round took 3.08e-06
Round took 3.759e-06
Round took 2.451e-06
Round took 4.152e-06
Round took 3.055e-06
Round took 2.994e-06
Round took 2.512e-06
Round took 2.409e-06
Round took 2.376e-06
Round took 2.343e-06
Round took 2.43e-06
Round took 2.32e-06
Round took 2.326e-06
Round took 2.312e-06
Round took 6.51e-06
Round took 3.343e-06
Round took 1.637e-06
Round took 2.652e-06
Round took 2.431e-06
Round took 2.51e-06
Round took 1.561e-06
Round took 2.362e-06
Round took 1.96e-06
Round took 3.249e-06
Round took 4.215e-06
Round took 2.778e-06
Round took 1.06e-05
Round took 1.129e-06
Round took 1.791e-06
Round took 2.411e-06
Round took 2.96e-06
Round took 2.609e-06
Round took 2.392e-06
Round took 2.368e-06
Round took 0.018971752
Round took 3.085e-06
Round took 3.062e-06
Round took 2.731e-06
Round took 2.871e-06
Round took 3.833e-06
Round took 3.222e-06
Round took 2.285e-06
Round took 0.012041263
Round took 0.010228349
Round took 3.484e-06
Round took 4.206e-06
Round took 3.847e-06
Round took 2.637e-06
Round took 3.491e-06
Round took 2.177e-06
Round took 2.104e-06
Round took 3.999e-06
Round took 1.058e-06
Round took 2.314e-06
Round took 0.019296394
Round took 3.4e-06
Round took 3.091e-06
Round took 2.666e-06
Round took 2.66e-06
Round took 8.765e-06
Round took 3.011e-06
Round took 2.362e-06
Round took 2.382e-06
Round took 2.262e-06
Round took 2.352e-06
Round took 2.353e-06
Round took 4.453e-06
Round took 3.957e-06
Round took 1.986e-06
Round took 3.909e-06
Round took 2.429e-06
Round took 2.433e-06
Round took 2.246e-06
Round took 2.409e-06
Round took 2.315e-06
Round took 2.335e-06
Round took 1.4946e-05
Round took 1.144e-06
Round took 2.401e-06
Round took 2.299e-06
Round took 2.369e-06
Round took 2.347e-06
Round took 2.39e-06
Round took 2.39e-06
Round took 3.501e-06
Round took 2.731e-06
Round took 1.438e-06
Round took 2.295e-06
Round took 2.419e-06
Round took 2.162e-06
Round took 1.556e-06
Round took 1.229e-06
Round took 5.887e-06
Round took 1.704e-06
Round took 2.355e-06
Round took 2.31e-06
Round took 2.367e-06
Round took 2.351e-06
Round took 2.409e-06
Round took 2.334e-06
Round took 2.441e-06
Round took 2.352e-06
Round took 8.12e-07
Round took 2.315e-06
Round took 2.373e-06
Round took 2.304e-06
Test took 93.604034818
Successful: 3810
