Uniform distribution
Round took 0.029719424
Round took 0.020958737
Round took 0.055932939
Round took 0.024120294
Round took 0.031811553
Round took 0.02492798
Round took 0.020986693
Round took 0.025299897
Round took 0.030880251
Round took 0.033012167
Round took 0.024735768
Round took 0.018724734
Round took 0.020452628
Round took 0.020925622
Round took 0.019640645
Round took 0.020455918
Round took 0.028612604
Round took 0.038820163
Round took 0.027442019
Round took 0.02761556
Round took 0.03652757
Round took 0.029300614
Round took 0.03650553
Round took 0.03827869
Round took 0.017488494
Round took 0.032864073
Round took 0.029763194
Round took 0.031454848
Round took 0.068431797
Round took 0.02589879
Round took 0.025916938
Round took 0.033618261
Round took 0.025209479
Round took 0.022557069
Round took 0.023608206
Round took 0.03162691
Round took 0.035992529
Round took 0.054486691
Round took 0.059462507
Round took 0.024235799
Round took 0.042803905
Round took 0.031231991
Round took 0.064044101
Round took 0.041740929
Round took 0.037167463
Round took 0.0504213
Round took 0.044700502
Round took 0.040747652
Round took 0.036116036
Round took 0.101551968
Round took 0.039208619
Round took 0.036867314
Round took 0.043500897
Round took 0.075134616
Round took 0.039747578
Round took 0.041655766
Round took 0.050356647
Round took 0.078034785
Round took 0.049390249
Round took 0.050303362
Round took 0.053301921
Round took 0.053035455
Round took 0.042790325
Round took 0.043834803
Round took 0.045189396
Round took 0.061347561
Round took 0.039786162
Round took 0.038880747
Round took 0.038728192
Round took 0.050954418
Round took 0.053046064
Round took 0.042305642
Round took 0.058253101
Round took 0.050112064
Round took 0.052522203
Round took 0.03534015
Round took 0.064409505
Round took 0.044002268
Round took 0.052656514
Round took 0.044001801
Round took 0.04664227
Round took 0.104078046
Round took 0.043488493
Round took 0.049394478
Round took 0.046341614
Round took 0.079310861
Round took 0.040698343
Round took 0.040397801
Round took 0.056406427
Round took 0.062926965
Round took 0.067780114
Round took 0.042463617
Round took 0.055890361
Round took 0.054720844
Round took 0.080036846
Round took 0.05346628
Round took 0.079794547
Round took 0.054215072
Round took 0.05208497
Round took 0.051253624
Round took 0.052410808
Round took 0.07108182
Round took 0.062182539
Round took 0.061434687
Round took 0.061342969
Round took 0.067220673
Round took 0.056929118
Round took 0.072988919
Round took 0.056805958
Round took 0.07351249
Round took 0.071765978
Round took 0.068999379
Round took 0.051574156
Round took 0.062234859
Round took 0.077537368
Round took 0.05126281
Round took 0.064941151
Round took 0.06111915
Round took 0.093173064
Round took 0.062772375
Round took 0.07051858
Round took 0.068255376
Round took 0.070846838
Round took 0.075369001
Round took 0.058406321
Round took 0.124832155
Round took 0.053109145
Round took 0.049320675
Round took 0.063985141
Round took 0.060006279
Round took 0.053549961
Round took 0.052285006
Round took 0.060624293
Round took 0.056514511
Round took 0.051404581
Round took 0.052581153
Round took 0.059015245
Round took 0.061419082
Round took 0.070823094
Round took 0.07191837
Round took 0.110110373
Round took 0.295086443
Round took 0.078472257
Round took 0.052654873
Round took 0.058097258
Round took 0.091465887
Round took 0.157079973
Round took 0.088079259
Round took 0.105186651
Round took 0.102111766
Round took 0.063816204
Round took 0.117912662
Round took 0.077557051
Round took 0.083248776
Round took 0.069209656
Round took 0.089407866
Round took 0.091458964
Round took 0.082495383
Round took 0.072700082
Round took 0.080711407
Round took 0.073173334
Round took 0.088761734
Round took 0.0844868
Round took 0.084797959
Round took 0.072348726
Round took 0.061601583
Round took 0.058571926
Round took 0.082335636
Round took 0.102388826
Round took 0.077507346
Round took 0.100732736
Round took 0.059768808
Round took 0.112118799
Round took 0.090619386
Round took 0.072017364
Round took 0.170143259
Round took 0.074671557
Round took 0.089242314
Round took 0.140685542
Round took 0.08750578
Round took 0.29647749
Round took 0.117058257
Round took 0.118870684
Round took 0.112535652
Round took 0.093740216
Round took 0.101267266
Round took 0.094565985
Round took 0.1003283
Round took 0.300225531
Round took 0.092746546
Round took 0.081013063
Round took 0.085388077
Round took 0.180945703
Round took 0.086046382
Round took 0.297089223
Round took 0.102539498
Round took 0.108114824
Round took 0.096809856
Round took 0.106721683
Round took 0.383275542
Round took 0.095438299
Round took 0.089274469
Round took 0.125891986
Round took 0.093552077
Round took 0.126435742
Round took 0.119886145
Round took 0.115193875
Round took 0.11061362
Round took 0.103287075
Round took 0.121211553
Round took 0.100183722
Round took 0.101716134
Round took 0.091123028
Round took 0.322930592
Round took 0.113656112
Round took 0.087883583
Round took 0.084450616
Round took 0.092948209
Round took 0.096462964
Round took 0.09362405
Round took 0.104856958
Round took 1.3256810319999999
Round took 0.300096967
Round took 0.125979672
Round took 0.10417874
Round took 0.087709572
Round took 0.099299973
Round took 0.094975537
Round took 0.086038635
Round took 0.101910449
Round took 0.099104809
Round took 0.314569445
Round took 0.316941795
Round took 1.332750646
Round took 0.114271393
Round took 0.125928828
Round took 0.105191103
Round took 0.109112166
Round took 0.109163815
Round took 0.119135322
Round took 0.116502758
Round took 0.107062295
Round took 0.107000584
Round took 0.103365924
Round took 0.113416671
Round took 0.104223612
Round took 0.093583196
Round took 0.101008711
Round took 0.103770736
Round took 0.108375059
Round took 0.133089309
Round took 0.101361794
Round took 0.109478657
Round took 0.318458872
Round took 0.836164831
Round took 0.830018585
Round took 0.098957327
Round took 0.097802946
Round took 0.09630846
Round took 0.092809525
Round took 0.374422287
Round took 0.10171197
Round took 0.844893635
Round took 0.127720455
Round took 2.332112643
Round took 0.100761463
Round took 0.117918241
Round took 0.106990506
Round took 0.108971077
Round took 1.829020605
Round took 0.094712313
Round took 0.108571582
Round took 0.097802997
Round took 0.100968821
Round took 0.316621781
Round took 0.107224703
Round took 0.321380027
Round took 0.13317469
Round took 0.369774508
Round took 1.322142834
Round took 0.095182157
Round took 0.11091848
Round took 0.831767694
Round took 0.828807676
Round took 1.312878272
Round took 0.094465899
Round took 0.111333514
Round took 0.131218685
Round took 0.092255358
Round took 0.082937384
Round took 1.318182106
Round took 0.443936986
Round took 0.111217152
Round took 0.089953656
Round took 0.083864481
Round took 0.085787716
Round took 0.306543261
Round took 0.092148822
Round took 0.088295468
Round took 0.091733956
Round took 0.304994205
Round took 0.093039193
Round took 0.094807867
Round took 0.093339478
Round took 0.09691519
Round took 0.102714662
Round took 0.099813048
Round took 0.303165127
Round took 0.096088596
Round took 0.087482443
Round took 0.091258064
Round took 0.05661929
Round took 0.296550359
Round took 1.305099066
Round took 0.099081529
Round took 0.046539903
Round took 0.0851066
Round took 0.799547743
Round took 0.090563237
Round took 0.093039281
Round took 0.297185375
Round took 0.089439309
Round took 0.091205144
Round took 0.088024582
Round took 0.302753739
Round took 0.097801592
Round took 0.803119808
Round took 0.083354665
Round took 0.168479928
Round took 0.089345982
Round took 0.087560402
Round took 0.296977985
Round took 0.099929214
Round took 0.09018573
Round took 0.086968069
Round took 0.306041061
Round took 0.303568943
Round took 0.097274694
Round took 0.09252178
Round took 0.087653182
Round took 0.08768468
Round took 1.307742912
Round took 0.182948316
Round took 0.095488262
Round took 0.083750955
Round took 0.068843097
Round took 0.093283813
Round took 0.301394663
Round took 0.085321758
Round took 0.077303954
Round took 0.337129052
Round took 3.321052808
Round took 0.087896366
Round took 0.087055326
Round took 0.085947326
Round took 0.101861574
Round took 0.097585613
Round took 0.10738475
Round took 0.114778769
Round took 0.8095247
Round took 0.306154796
Round took 0.089513831
Round took 0.087904034
Round took 0.086030925
Round took 0.092018095
Round took 0.105937214
Round took 0.09312955
Round took 0.096843521
Round took 0.101943271
Round took 0.094362233
Round took 0.101846674
Round took 0.307084758
Round took 0.096998347
Round took 0.092426232
Round took 0.094067289
Round took 0.085737594
Round took 0.091029257
Round took 0.099651036
Round took 0.100985357
Round took 0.10580102
Round took 0.094939386
Round took 0.094086984
Round took 0.300267875
Round took 0.099532041
Round took 0.100696202
Round took 0.811570232
Round took 0.097900242
Round took 0.102310028
Round took 0.098938785
Round took 0.100592538
Round took 0.364272056
Round took 0.112131273
Round took 0.309917402
Round took 0.098044642
Round took 0.098868158
Round took 0.102491474
Round took 0.102854106
Round took 0.096728958
Round took 0.093755119
Round took 0.099695632
Round took 0.312079895
Round took 1.8210875629999999
Round took 0.084999967
Round took 0.345136863
Round took 0.094779138
Round took 0.300707432
Round took 0.086810595
Round took 0.076054512
Round took 0.094417071
Round took 0.092180584
Round took 0.092464205
Round took 0.301619241
Round took 0.105222695
Round took 0.803170543
Round took 0.087904845
Round took 0.086128962
Round took 0.092156715
Round took 0.085981906
Round took 0.081677622
Round took 0.213897569
Round took 0.096615496
Round took 0.086636119
Round took 0.093520202
Round took 0.086840779
Round took 0.106803252
Round took 0.091467579
Round took 0.081752184
Round took 0.101409347
Round took 0.351333166
Round took 0.099588724
Round took 0.686128522
Round took 0.086225219
Round took 0.089845276
Round took 0.086692341
Round took 0.090034215
Round took 0.086005244
Round took 0.095526152
Round took 0.091941898
Round took 0.08409128
Round took 0.097215618
Round took 0.329023675
Round took 0.093531855
Round took 0.086198408
Round took 0.087615569
Round took 0.096537935
Round took 0.084927276
Round took 0.08398453
Round took 1.304308611
Round took 0.091095778
Round took 0.098014615
Round took 0.107442718
Round took 0.091761261
Round took 0.086270552
Round took 0.087800889
Round took 0.097458734
Round took 0.084673309
Round took 0.107801573
Round took 0.093406113
Round took 0.376683371
Round took 0.086232091
Round took 0.088670174
Round took 0.347097667
Round took 0.105092663
Round took 0.828734651
Round took 0.105260536
Round took 0.097182823
Round took 0.087275619
Round took 0.077217189
Round took 0.09734242
Round took 0.147561599
Round took 0.314793335
Round took 0.100149891
Round took 0.07888302
Round took 0.105071944
Round took 0.085481888
Round took 0.296487584
Round took 0.082836283
Round took 2.819322799
Round took 0.089736378
Round took 0.814231931
Round took 0.093845142
Round took 0.305248974
Round took 0.104627282
Round took 0.113978984
Round took 0.315725175
Round took 0.090117792
Round took 0.822044635
Round took 1.323960096
Round took 0.097591786
Round took 0.108066517
Round took 0.309046141
Round took 0.100011482
Round took 0.313823752
Round took 0.10173611
Round took 0.111382867
Round took 0.105104545
Round took 0.09440756
Round took 0.30359714
Round took 0.091934227
Round took 0.08636963
Round took 0.093399192
Round took 0.310655711
Round took 0.101579301
Round took 0.097198204
Round took 0.089318353
Round took 0.322433784
Round took 0.094704432
Round took 0.31080598
Round took 0.054192631
Round took 0.313749934
Round took 0.091039171
Round took 0.106156639
Round took 0.10621346
Round took 0.102465207
Round took 0.814972822
Round took 0.056436389
Round took 0.353647627
Round took 0.100072541
Round took 0.096900797
Round took 0.120485546
Round took 0.100286105
Round took 0.318333319
Round took 0.098135027
Round took 0.096314455
Round took 0.092605238
Round took 0.31044575
Round took 0.091524593
Round took 0.093361463
Round took 0.056525737
Round took 0.098770569
Round took 0.088826921
Round took 0.097576577
Round took 0.095341528
Round took 0.099733151
Round took 0.09454747
Round took 2.829647381
Round took 0.094533786
Round took 0.102315677
Round took 0.100360731
Round took 0.102137217
Round took 0.311993576
Round took 1.3152829879999999
Round took 0.094253709
Round took 0.089226728
Round took 0.08984806
Round took 0.088302991
Round took 0.088919951
Round took 0.089618847
Round took 0.090363648
Round took 0.097280803
Round took 0.116860265
Round took 0.090156284
Round took 0.090826043
Round took 0.096343421
Round took 0.106740374
Round took 0.08823044
Round took 0.093687181
Round took 0.099443721
Round took 0.088638958
Round took 0.086094147
Round took 0.085699909
Round took 0.096493553
Round took 0.089743682
Round took 0.087591009
Round took 0.092447754
Round took 0.306947995
Round took 0.093982955
Round took 0.096299319
Round took 0.095579966
Round took 0.301424733
Round took 0.083677048
Round took 0.075337995
Round took 0.298027162
Round took 0.085476193
Round took 0.805994453
Round took 0.09586056
Round took 0.807334587
Round took 0.303495789
Round took 0.096246291
Round took 0.085803503
Round took 0.313900276
Round took 0.085763069
Round took 0.090569942
Round took 0.098965239
Round took 1.332284981
Round took 0.304846259
Round took 0.086339137
Round took 0.082113881
Round took 0.094593001
Round took 0.094823121
Round took 0.085989753
Round took 0.380841871
Round took 0.097804275
Round took 0.303829915
Round took 0.08512858
Round took 0.088994549
Round took 0.09325516
Round took 0.081188422
Round took 0.085607758
Round took 0.259773212
Round took 0.083145192
Round took 0.380115167
Error when reading: read tcp 172.31.54.117:33480->172.31.49.63:7070: read: connection timed out
Error when reading: EOF
Error when reading: read tcp 172.31.54.117:54768->172.31.48.98:7070: read: connection timed out
Error when reading: read tcp 172.31.54.117:48714->172.31.55.252:7070: read: connection timed out
Error when reading: EOF
Error when reading: EOF
Round took 7.821053762
Error when reading: EOF
Error when reading: EOF
Error when reading: EOF
Error when reading: EOF
Round took 0.106901525
Error when reading: EOF
Error when reading: EOF
Error when reading: EOF
Round took 0.088490712
Round took 0.817604758
Round took 0.103009762
Round took 0.16274381
Round took 0.120442088
Round took 0.798272561
Round took 0.088832887
Round took 0.297433111
Round took 0.17121709
Round took 0.110179279
Round took 0.085885967
Round took 0.090154174
Round took 0.109801582
Round took 0.107204238
Round took 0.089932011
Round took 0.081400489
Round took 0.107059851
Round took 0.098734344
Round took 0.084402571
Round took 0.084123455
Round took 0.090389032
Round took 0.090423356
Round took 0.091824248
Round took 0.092255879
Round took 0.098469085
Round took 0.087407966
Round took 0.091129874
Round took 0.801577403
Round took 0.099926581
Round took 0.112617517
Round took 0.104974875
Round took 0.137272467
Round took 0.090690171
Round took 0.086461458
Round took 0.116585676
Round took 0.306586636
Round took 0.088501518
Round took 0.080805276
Round took 0.082251666
Round took 0.080259763
Round took 0.103669301
Round took 0.107672282
Round took 0.319756143
Round took 0.81043784
Round took 0.29574824
Round took 0.085501282
Round took 0.08263032
Round took 0.082810337
Round took 0.303766378
Round took 0.098573412
Round took 0.093688682
Round took 0.090934792
Round took 0.105025706
Round took 0.082660833
Round took 0.094733196
Round took 0.126742678
Round took 0.120104025
Round took 0.097656511
Round took 0.109239295
Round took 0.098758963
Round took 0.103132249
Round took 0.802738716
Round took 0.32747559
Round took 0.105259931
Round took 0.091161149
Round took 0.102404917
Round took 0.80841717
Round took 0.098473712
Round took 0.321116199
Round took 0.096130555
Round took 0.085064305
Round took 0.09453389
Round took 0.077869095
Round took 0.092255126
Round took 0.296212176
Round took 0.302979508
Round took 0.099805534
Round took 0.091465631
Round took 0.310730789
Round took 0.120489721
Round took 0.095266909
Round took 0.093638208
Round took 0.08081475
Round took 0.094454024
Round took 0.085531983
Round took 0.081557821
Round took 0.093444696
Round took 0.091168574
Round took 0.08672297
Round took 0.086836771
Round took 1.303415648
Round took 0.086727503
Round took 0.304273313
Round took 0.085495669
Round took 0.099090941
Round took 0.089148647
Round took 0.08655044
Round took 0.097390857
Round took 0.804404147
Round took 0.10645212
Round took 0.094990784
Round took 0.096837971
Round took 0.112562012
Round took 0.098237265
Round took 0.311571625
Round took 0.304208846
Round took 0.08974413
Round took 0.086519044
Round took 0.100431546
Round took 0.304165984
Round took 0.086421926
Round took 0.304991282
Round took 0.09947837
Round took 0.096527399
Round took 0.097346982
Round took 0.110435609
Round took 0.099545223
Round took 0.102932833
Round took 0.106692644
Round took 0.102140418
Round took 0.059721781
Round took 0.09920055
Round took 0.810454313
Round took 0.310983675
Round took 0.10332413
Round took 0.086046743
Round took 0.107862786
Round took 0.096600059
Round took 0.092399342
Round took 0.088373234
Round took 0.314098473
Round took 0.094517281
Round took 0.081274372
Round took 0.084010116
Round took 0.087312005
Round took 0.09015536
Round took 0.08467408
Round took 0.087500896
Round took 0.307894975
Round took 0.106260665
Round took 0.090482722
Round took 0.097100522
Round took 0.089520513
Round took 0.087811964
Round took 0.094332402
Round took 0.065138678
Round took 0.801029614
Round took 0.098023443
Round took 0.09512359
Round took 0.310719557
Round took 0.112663624
Round took 0.104127816
Round took 0.102286713
Round took 0.11232339
Round took 0.108744316
Round took 0.100738951
Round took 0.116829372
Round took 0.10924489
Round took 0.106997623
Round took 0.117189087
Round took 0.098045747
Round took 0.100943693
Round took 0.097783454
Round took 0.102758496
Round took 0.319039529
Round took 0.099879694
Round took 0.104136041
Round took 0.104850397
Round took 0.107497099
Round took 0.102811612
Round took 0.101831931
Round took 0.108513531
Round took 0.100035288
Round took 0.094137674
Round took 0.101396057
Round took 0.102722694
Round took 0.102488359
Round took 0.105051146
Round took 0.109839518
Round took 0.103086548
Round took 0.087080412
Round took 0.093843522
Round took 0.091015319
Round took 0.092716632
Round took 0.354633336
Round took 0.098816082
Round took 0.091762889
Round took 0.10139567
Round took 0.814534738
Round took 0.309132186
Round took 0.104076859
Round took 0.106673192
Round took 0.108106236
Round took 0.319066354
Round took 0.105726097
Round took 0.104132998
Round took 2.837801675
Round took 0.108710447
Round took 0.142141695
Round took 1.323006739
Round took 0.09962664
Round took 0.087181827
Round took 0.100907705
Round took 0.098610638
Round took 0.096693558
Round took 0.098216508
Round took 0.102085023
Round took 0.101698995
Round took 0.099939757
Round took 0.305541685
Round took 0.311522672
Round took 0.096391906
Round took 0.306324848
Round took 0.811405211
Round took 0.104992405
Round took 0.091143251
Round took 1.312203707
Round took 0.095125215
Round took 0.303707454
Round took 0.094228367
Round took 0.093581668
Round took 0.096167766
Round took 0.09521174
Round took 0.094495065
Round took 0.098915521
Round took 0.085279414
Round took 0.086708737
Round took 0.302611783
Round took 0.085915929
Round took 0.101797715
Round took 0.093815408
Round took 0.080519591
Round took 0.053139966
Round took 0.310583989
Round took 0.083183553
Round took 0.306611215
Round took 0.162189938
Round took 0.309818006
Round took 0.099778526
Round took 0.112975941
Round took 0.30638564
Round took 0.080203972
Round took 0.091555699
Round took 0.083561885
Round took 0.081667834
Round took 0.086182309
Round took 0.097120266
Round took 0.107746711
Round took 0.095427943
Round took 0.085320013
Round took 0.086279873
Round took 0.092428627
Round took 0.091924711
Round took 0.124171227
Round took 0.081620821
Round took 0.092467605
Round took 0.082186407
Round took 0.07485852
Round took 0.103765363
Round took 0.097152126
Round took 0.087222902
Round took 0.084823358
Round took 0.099700932
Round took 0.29794009
Round took 0.380378358
Round took 0.100925875
Round took 0.083517282
Round took 0.801274749
Round took 0.092968697
Round took 0.0917024
Round took 0.09647623
Round took 0.085779696
Round took 0.091968568
Round took 0.091757172
Round took 0.092201683
Round took 0.088316386
Round took 0.097479552
Round took 0.090202336
Round took 0.090397783
Round took 0.08935427
Round took 0.086438154
Round took 0.089563028
Round took 0.37185618
Round took 0.084443134
Round took 0.100437511
Round took 0.093871403
Round took 0.101328475
Round took 0.086520999
Round took 0.092553267
Round took 0.089171781
Round took 0.307010534
Round took 0.087655409
Round took 0.104052785
Round took 0.106442441
Round took 0.08968539
Round took 0.100399716
Round took 0.092381319
Round took 1.309875081
Round took 0.090045799
Round took 0.087251978
Round took 0.106044522
Round took 0.080377939
Round took 0.091663682
Round took 0.092655945
Round took 0.300670178
Round took 0.080928463
Round took 0.093040136
Round took 0.101184064
Round took 0.083355618
Round took 0.098625881
Round took 0.090244578
Round took 0.297159756
Round took 0.195404691
Round took 0.096123673
Round took 0.096291664
Round took 0.087294466
Round took 0.091380523
Round took 0.087486624
Round took 0.089136649
Round took 0.08489827
Round took 0.095191514
Round took 0.091983164
Round took 0.090363999
Round took 0.086705926
Round took 0.094115788
Round took 0.098496574
Round took 0.090617574
Round took 0.085944798
Round took 0.089206622
Round took 0.096275885
Round took 0.094517955
Round took 0.100054173
Round took 0.11576912
Round took 0.098426006
Round took 0.095695907
Round took 0.807647307
Round took 0.096719684
Round took 0.09928553
Round took 0.099164652
Round took 0.096444205
Round took 0.102691305
Round took 0.105008803
Round took 0.306676673
Round took 0.104615255
Round took 0.097450148
Round took 0.093797127
Round took 0.093816974
Round took 0.093870306
Round took 0.096133295
Round took 0.098464376
Round took 0.093871921
Round took 0.086978322
Round took 0.116158208
Round took 0.09587184
Round took 0.099450465
Round took 0.085986146
Round took 0.124053645
Round took 0.09415909
Round took 0.3012206
Round took 0.092718584
Round took 0.089205415
Round took 0.091859563
Round took 0.089814461
Round took 0.090271208
Round took 0.103421086
Round took 1.306524752
Round took 0.08941658
Round took 0.080878704
Round took 0.815471678
Round took 0.083641522
Round took 1.312103642
Round took 0.30295028
Round took 0.082507525
Round took 0.084651085
Round took 0.093893591
Round took 0.088943938
Round took 0.108213841
Round took 0.084888768
Round took 0.088219246
Round took 0.076179603
Round took 0.077547439
Round took 0.094155666
Round took 0.09905144
Round took 0.098363312
Round took 0.087415101
Round took 1.8095012499999998
Round took 0.090755232
Round took 0.084044096
Round took 0.096765389
Round took 0.110288321
Round took 0.324468348
Round took 1.3176623109999999
Round took 0.084854052
Round took 0.075756254
Round took 0.104628869
Round took 0.111281085
Round took 1.308490089
Round took 0.103182607
Round took 0.089524805
Round took 0.083195047
Round took 0.085624871
Round took 0.308883189
Round took 0.09228617
Round took 0.096790385
Round took 0.092862751
Round took 0.086698292
Round took 0.298681559
Round took 0.1169768
Round took 0.095010831
Round took 0.094316951
Round took 0.111551523
Round took 0.091112028
Round took 0.128501341
Round took 0.801877003
Round took 0.097408362
Round took 0.118826472
Round took 0.179649778
Round took 0.099836029
Round took 0.088922697
Round took 0.08793403
Round took 0.089000389
Round took 0.085331034
Round took 1.315996795
Round took 0.295155032
Round took 0.093993968
Round took 0.09459781
Round took 0.099096648
Round took 0.096788712
Round took 0.095621598
Round took 0.094737417
Round took 0.090024867
Round took 0.805399992
Round took 0.085317813
Round took 0.301579054
Round took 0.088328185
Round took 0.083802672
Round took 0.088930071
Round took 0.087097369
Round took 0.348180599
Round took 0.08474827
Round took 0.096393739
Round took 0.304025227
Round took 0.086101902
Round took 0.095379099
Round took 0.087844337
Round took 0.124411052
Round took 0.092981662
Round took 0.79937481
Round took 0.089151114
Round took 0.094286699
Round took 0.083521845
Round took 0.086133393
Round took 0.300787644
Round took 0.133538875
Round took 0.086455366
Round took 0.087054415
Round took 0.093886107
Round took 1.313189628
Round took 0.079898119
Round took 0.293615499
Round took 0.093777742
Round took 0.134820937
Round took 0.111749425
Round took 0.089909057
Round took 0.101188821
Round took 0.10663785
Round took 0.103687879
Round took 0.358606417
Round took 0.316646914
Round took 0.106926815
Round took 0.094280065
Round took 0.107198647
Round took 0.317141488
Round took 0.309156438
Round took 0.106290292
Round took 0.123784759
Round took 0.106644649
Round took 0.319921522
Round took 0.101241664
Round took 0.095595158
Round took 0.107876767
Round took 0.096894227
Round took 0.116532983
Round took 0.106758404
Round took 0.104481178
Round took 0.106692025
Round took 0.314950862
Round took 0.433534533
Round took 0.310150984
Round took 0.103457053
Round took 0.099100543
Round took 0.100577117
Round took 0.098107098
Round took 0.099678471
Round took 0.091582383
Round took 0.103991529
Round took 0.105193904
Round took 0.104972934
Round took 0.10105667
Round took 0.103607028
Round took 0.090848495
Round took 0.099765664
Round took 0.102105086
Round took 0.10057323
Round took 0.307827889
Round took 0.094734349
Round took 0.094690475
Round took 2.832036308
Round took 0.104773125
Round took 0.107405942
Round took 0.099437752
Round took 0.105728063
Round took 0.106714123
Round took 0.102727086
Round took 0.317220459
Round took 0.102136589
Round took 0.113935071
Round took 0.141336704
Round took 0.10731631
Round took 0.058981538
Round took 0.105024071
Round took 0.320402902
Round took 0.101003702
Round took 0.100730841
Round took 0.098847567
Round took 0.092659346
Round took 0.100005721
Round took 0.097792744
Round took 0.106385833
Round took 0.107779279
Round took 0.107601005
Round took 0.098436002
Round took 0.097046644
Round took 0.315021678
Round took 0.094720322
Round took 0.313878012
Round took 0.101888225
Round took 0.099712722
Round took 0.099796184
Round took 0.099997995
Round took 0.113017483
Round took 0.107117504
Round took 0.111487161
Round took 0.102609248
Round took 0.113698389
Round took 0.103386758
Round took 0.10085836
Round took 0.098256801
Round took 0.313789778
Round took 0.097447118
Round took 0.306531928
Round took 0.097073181
Round took 0.11181226
Round took 0.098739791
Round took 0.097521442
Round took 0.102607411
Round took 0.104789746
Round took 0.102261093
Round took 0.099685745
Round took 0.107758678
Round took 0.317452568
Round took 0.096271814
Round took 0.093404345
Round took 0.108484463
Round took 0.107186185
Round took 0.106592054
Round took 0.102637734
Round took 0.319914684
Round took 0.107619565
Round took 0.103593612
Round took 0.103028795
Round took 0.100186052
Round took 0.099000967
Round took 0.102670022
Round took 0.105897668
Round took 0.101937327
Round took 0.102280531
Round took 0.112532456
Round took 0.103432608
Round took 0.108095675
Round took 0.107922367
Round took 0.102746443
Round took 0.105089345
Round took 0.103601045
Round took 0.095632848
Round took 0.097546811
Round took 0.117326922
Round took 0.098385893
Round took 0.096495718
Round took 0.098433504
Round took 0.095373252
Round took 0.096090732
Round took 0.101454293
Round took 0.090609491
Round took 0.097554636
Round took 0.813680078
Round took 0.097309389
Round took 0.306364737
Round took 0.09539195
Round took 0.311105646
Round took 0.098776018
Round took 0.134421879
Round took 0.102624103
Round took 0.093357685
Round took 0.11409421
Round took 0.108467648
Round took 0.094031241
Round took 0.088273735
Round took 0.094014224
Round took 0.106008649
Round took 0.092581634
Round took 0.086816231
Round took 0.090835163
Round took 0.092656891
Round took 0.096574103
Round took 0.101463844
Round took 0.084760436
Round took 1.3133405009999999
Round took 0.099646154
Round took 0.101732847
Round took 0.111911995
Round took 0.124091211
Round took 0.118497678
Round took 0.121629925
Round took 0.127873086
Round took 0.123961461
Round took 0.131372718
Round took 0.128359427
Round took 0.14103836
Round took 0.318879823
Round took 0.050239903
Round took 0.093903748
Round took 0.09034113
Round took 0.311948302
Round took 0.323752447
Round took 0.462858447
Round took 0.093487795
Round took 0.11710116
Round took 1.313740519
Round took 0.453381818
Round took 0.092509261
Round took 0.084680144
Round took 0.082466818
Round took 0.090949768
Round took 0.083270778
Round took 0.076962554
Round took 0.08146215
Round took 0.101293933
Round took 0.086171259
Round took 0.083401637
Round took 0.109463249
Round took 0.105527493
Round took 0.304997121
Round took 0.293667592
Round took 0.087238035
Round took 0.095471275
Round took 0.104851056
Round took 2.321385851
Round took 0.098207654
Round took 0.097774599
Round took 0.099734844
Round took 0.096407152
Round took 0.09062367
Round took 0.100838931
Round took 0.296740177
Round took 0.079771314
Round took 0.089588835
Round took 0.079420383
Round took 0.104463332
Round took 0.118368793
Round took 0.114174655
Round took 0.08174666
Round took 0.08228024
Round took 1.323009004
Round took 0.089494377
Round took 0.086243891
Round took 0.088956185
Round took 0.085900059
Round took 0.093348543
Round took 0.086227843
Round took 0.102226381
Round took 0.092967276
Round took 0.102427665
Round took 0.097329638
Round took 0.086758967
Round took 0.087484642
Round took 0.083379199
Round took 0.084225274
Round took 0.097363775
Round took 0.096364913
Round took 0.081385437
Round took 0.098593526
Round took 0.092163162
Round took 0.101457524
Round took 0.096639005
Round took 0.103359962
Round took 0.096425481
Round took 0.094558647
Round took 0.085930168
Round took 0.095919337
Round took 0.087521373
Round took 0.082274044
Round took 0.099234083
Round took 0.1108964
Round took 0.08701545
Round took 0.334413529
Round took 0.09174415
Round took 0.088648054
Round took 0.09581536
Round took 0.092192743
Round took 0.097518352
Round took 0.108273833
Round took 0.101475499
Round took 0.087790664
Round took 0.095959123
Round took 0.084973872
Round took 0.097945156
Round took 0.312982752
Round took 0.153936614
Round took 0.614002722
Round took 0.091500736
Round took 0.093606775
Round took 0.088408527
Round took 0.092171002
Round took 0.087138357
Round took 0.088040664
Round took 0.087228538
Round took 0.086208987
Round took 0.095536705
Round took 0.110465698
Round took 0.091164823
Round took 0.117088325
Round took 0.093033121
Round took 0.103316882
Round took 0.09658604
Round took 0.813480092
Round took 0.301462545
Round took 0.093967329
Round took 0.09363197
Round took 0.08848546
Round took 0.301714393
Round took 0.309538379
Round took 0.089356938
Round took 0.086805902
Round took 0.090681773
Round took 0.09807895
Round took 0.095543057
Round took 0.096180548
Round took 0.077041898
Round took 0.330583881
Round took 0.344625451
Round took 0.08856175
Round took 0.093315117
Round took 1.8269373629999999
Round took 0.088995636
Round took 0.079063587
Round took 0.299362107
Round took 0.090608132
Round took 0.087350899
Round took 0.089955283
Round took 0.092688151
Round took 0.093561597
Round took 0.091236897
Round took 0.094299047
Round took 0.11708532
Round took 0.29899608
Round took 0.089605554
Round took 0.1155816
Round took 0.093353748
Round took 0.088770779
Round took 0.094435486
Round took 0.091520701
Round took 0.09092172
Round took 0.091630034
Round took 0.09171164
Round took 0.100194321
Round took 0.090399128
Round took 0.099156138
Round took 0.118383144
Round took 0.0999026
Round took 0.096004549
Round took 0.084017861
Round took 0.110122434
Round took 0.804020219
Round took 0.09390595
Round took 0.806926422
Round took 0.095027434
Round took 0.089559617
Round took 0.089306199
Round took 0.091210401
Round took 0.091397198
Round took 0.090147096
Round took 0.096467351
Round took 0.096509153
Round took 0.106835881
Round took 0.100711237
Round took 0.100988752
Round took 3.33052186
Round took 0.091543674
Round took 0.08671072
Round took 0.093407968
Round took 0.088316574
Round took 0.090360415
Round took 0.086508049
Round took 0.120299183
Round took 0.075426018
Round took 0.092009119
Round took 0.087875046
Round took 0.090778766
Round took 0.345324624
Round took 0.089819771
Round took 0.316206366
Round took 0.100181248
Round took 0.13172147
Round took 0.121359212
Round took 0.104437776
Round took 0.086341007
Round took 0.308796186
Round took 0.084765677
Round took 0.084357008
Round took 0.300561074
Round took 0.101462176
Round took 0.09243264
Round took 0.096871807
Round took 0.315728602
Round took 0.107730883
Round took 0.107506925
Round took 0.102186977
Round took 0.102529005
Round took 0.108669449
Round took 0.106256597
Round took 0.099830557
Round took 0.094383288
Round took 0.086593062
Round took 0.30864525
Round took 0.099356789
Round took 0.30353707
Round took 0.103193098
Round took 0.090180341
Round took 0.096579866
Round took 0.107239025
Round took 0.102614786
Round took 0.097405914
Round took 2.324044223
Round took 0.103099488
Round took 0.090594607
Round took 0.10205099
Round took 0.314656275
Round took 0.109869557
Round took 1.8216613929999999
Round took 0.093166119
Round took 0.090680241
Round took 0.090440625
Round took 0.090323167
Round took 0.091232118
Round took 0.108463348
Round took 0.089342591
Round took 0.053331153
Round took 0.097288112
Round took 0.099939886
Round took 0.099520275
Round took 0.093673268
Round took 0.104879737
Round took 0.089187025
Round took 0.352759009
Round took 0.096040254
Round took 0.052951281
Round took 0.095132026
Round took 0.089141539
Round took 0.095354979
Round took 0.100374986
Round took 0.096425378
Round took 0.096321737
Round took 0.097065616
Round took 0.106135317
Round took 0.092705797
Round took 0.094018918
Round took 0.096845421
Round took 0.332099209
Round took 0.227414621
Round took 0.308044619
Round took 0.106917897
Round took 0.095045682
Round took 0.102932562
Round took 0.104748072
Round took 0.813055739
Round took 0.100877442
Round took 0.126542878
Round took 0.104963375
Round took 0.094794976
Round took 0.092512605
Round took 2.858534722
Round took 0.052283846
Round took 0.097095885
Round took 0.098278695
Round took 0.094304436
Round took 0.087116931
Round took 0.093583816
Round took 0.093955364
Round took 0.308473795
Round took 0.089599343
Round took 0.088514864
Round took 0.097093447
Round took 0.090084194
Round took 0.109200901
Round took 0.081327062
Round took 0.299357371
Round took 0.089313133
Round took 0.09109402
Round took 0.090350022
Round took 0.100334035
Round took 0.093174684
Round took 0.095365894
Round took 0.092485623
Round took 0.088407211
Round took 0.142684927
Round took 0.097995865
Round took 0.090152111
Round took 0.085563341
Round took 0.089124613
Round took 0.093629862
Round took 0.100314508
Round took 0.086756707
Round took 0.096563257
Round took 0.101350092
Round took 0.09990389
Round took 0.085782763
Round took 0.089642123
Round took 0.096113836
Round took 0.094626842
Round took 0.096990669
Round took 0.087799724
Round took 0.096974096
Round took 0.091785384
Round took 0.102009365
Round took 0.113721388
Round took 0.38160166
Round took 0.093309241
Round took 0.090711302
Round took 0.09322135
Round took 0.090629893
Round took 0.09248252
Round took 0.815091076
Round took 0.305574086
Round took 0.182729698
Round took 0.094179745
Round took 0.091559047
Round took 0.086733628
Round took 0.091911485
Round took 0.100014241
Round took 0.087098976
Round took 0.098783098
Round took 0.0902763
Round took 0.102407321
Round took 0.096753343
Round took 0.086947297
Round took 0.096989229
Round took 0.048015953
Round took 0.0904847
Round took 0.091970654
Round took 0.089366991
Round took 0.094981132
Round took 0.099929485
Round took 0.095959614
Round took 0.820193589
Round took 0.090950948
Round took 0.08446689
Round took 0.296788395
Round took 0.100002351
Round took 0.097448655
Round took 0.095063371
Round took 0.104886667
Round took 0.803215164
Round took 0.19467977
Round took 0.306749627
Round took 0.09557524
Round took 0.092640856
Round took 0.091907103
Round took 0.296572658
Round took 0.309871333
Round took 0.12963386
Round took 0.128156075
Round took 0.129537617
Round took 1.329937838
Round took 0.109160351
Round took 0.099969809
Round took 0.094952243
Round took 0.324999944
Round took 0.098883622
Round took 0.096913691
Round took 0.103457288
Round took 0.106379805
Round took 0.107232173
Round took 0.10283299
Round took 0.103419166
Round took 0.122890474
Round took 0.311481677
Round took 0.091042238
Round took 0.092313753
Round took 0.118638077
Round took 0.306996846
Round took 0.10564134
Round took 0.101001546
Round took 0.103596139
Round took 0.096609126
Round took 0.806386578
Round took 0.09226629
Round took 0.089324612
Round took 0.087434635
Round took 0.098068272
Round took 0.098638584
Round took 0.109994707
Round took 0.29374531
Round took 0.087005753
Round took 0.093750028
Round took 0.122099379
Round took 0.095485775
Round took 0.104947638
Round took 0.111600326
Round took 0.152051198
Round took 0.103614602
Round took 0.087382333
Round took 0.118478855
Round took 1.3189245920000001
Round took 0.093692781
Round took 0.111542412
Round took 0.092081003
Round took 0.090836454
Round took 0.097967572
Round took 0.316790614
Round took 0.379608505
Round took 0.115814964
Round took 0.105203522
Round took 0.098015401
Round took 0.093400367
Round took 0.089715889
Round took 0.305193611
Round took 0.095251897
Round took 0.084700851
Round took 0.083081406
Round took 0.086763072
Round took 0.308348845
Round took 0.101992193
Round took 0.089372641
Round took 0.094034133
Round took 0.086919475
Round took 0.087398693
Round took 0.088353238
Round took 0.057608132
Round took 0.102305461
Round took 0.097403781
Round took 0.095584323
Round took 0.10251271
Round took 0.097700566
Round took 0.052197539
Round took 0.084560339
Round took 0.092610831
Round took 0.087336135
Round took 0.086233297
Round took 0.302695435
Round took 0.113776241
Round took 0.098495274
Round took 0.102448952
Round took 0.098788562
Round took 0.097553988
Round took 0.096930486
Round took 0.102249442
Round took 0.305737147
Round took 0.093317485
Round took 0.117158671
Round took 0.092910198
Round took 0.088807991
Round took 0.081755155
Round took 0.094462688
Round took 0.090439411
Round took 0.311807057
Round took 0.117469123
Round took 0.307260478
Round took 0.084630148
Round took 0.088463945
Round took 0.317933348
Round took 0.107590122
Round took 0.122471366
Round took 0.11842481
Round took 0.100678338
Round took 0.087042631
Round took 0.091359823
Round took 0.323791337
Round took 0.406755169
Round took 0.091001071
Round took 0.090878541
Round took 0.090870154
Round took 0.091546221
Round took 0.085265139
Round took 0.086523304
Round took 0.088501581
Round took 0.087952755
Round took 0.09248377
Round took 0.121478429
Round took 0.086862155
Round took 0.090407627
Round took 0.122049459
Round took 0.086676156
Round took 0.088880629
Round took 0.087255414
Round took 0.098484001
Round took 0.111533187
Round took 0.091062749
Round took 0.09111463
Round took 0.097466953
Round took 0.095699494
Round took 0.087997604
Round took 0.085725113
Round took 0.086282423
Round took 0.083269456
Round took 0.09130887
Round took 0.196581067
Round took 0.088423499
Round took 0.299621934
Round took 0.081030397
Round took 0.089244089
Round took 0.096698961
Round took 0.090967763
Round took 0.094116265
Round took 0.092644111
Round took 0.090351701
Round took 0.093055354
Round took 0.0912722
Round took 0.089908825
Round took 0.089985564
Round took 0.297636564
Round took 0.11343761
Round took 0.090645782
Round took 0.355243027
Round took 0.085921131
Round took 0.318587038
Round took 0.299097111
Round took 0.093904857
Round took 0.091314469
Round took 0.103903109
Round took 0.30718772
Round took 0.108289618
Round took 0.102354734
Round took 0.102406085
Round took 0.098550747
Round took 0.094893402
Round took 0.091570769
Round took 0.094166674
Round took 0.318737218
Round took 0.100366124
Round took 0.162510499
Round took 0.092398553
Round took 0.08254537
Round took 0.092952203
Round took 0.296587178
Round took 0.089177325
Round took 0.297027441
Round took 0.084962073
Round took 0.300113307
Round took 0.088156237
Round took 0.087747798
Round took 0.088043575
Round took 0.083507833
Round took 0.082398143
Round took 0.086580663
Round took 0.083600255
Round took 0.089234441
Round took 0.376793559
Round took 0.337524725
Round took 0.300352049
Round took 0.083175119
Round took 0.089281364
Round took 0.090126403
Round took 0.083444386
Round took 0.093798815
Round took 0.32641858
Round took 0.112829215
Round took 0.094974545
Round took 0.115757045
Round took 0.098881202
Round took 0.094710705
Round took 0.104447083
Round took 0.094889225
Round took 0.080020069
Round took 0.091559267
Round took 0.102541962
Round took 0.80792298
Round took 0.100121021
Round took 0.105673078
Round took 0.086021006
Round took 0.084857567
Round took 0.102258923
Round took 0.371888017
Round took 1.307225199
Round took 0.124802124
Round took 0.121793385
Round took 0.124074744
Round took 0.101665412
Round took 0.105682152
Round took 0.31840996
Round took 0.105834118
Round took 0.10377619
Round took 0.097595454
Round took 0.094727236
Round took 0.09437841
Round took 0.100043708
Round took 0.099328218
Round took 0.091736012
Round took 0.101531794
Round took 0.102159035
Round took 0.10229561
Round took 0.098259655
Round took 0.103463802
Round took 0.100899384
Round took 0.100659752
Round took 0.101912929
Round took 0.308484651
Round took 0.101997858
Round took 0.100783829
Round took 0.093260255
Round took 0.09897921
Round took 0.09365549
Round took 0.096572578
Round took 0.098069073
Round took 0.097183492
Round took 0.091387095
Round took 0.091969342
Round took 0.30513229
Round took 0.097123057
Round took 0.108791806
Round took 0.096144607
Round took 0.104271307
Round took 0.102642497
Round took 1.831721052
Round took 0.809869894
Round took 0.086678875
Round took 0.086193641
Round took 0.091987571
Round took 0.091738617
Round took 0.347387718
Round took 0.086867539
Round took 0.304314475
Round took 0.095201669
Round took 0.322576823
Round took 0.100621977
Round took 0.101077834
Round took 0.104753093
Round took 0.095199416
Round took 0.313532245
Round took 0.106493624
Round took 0.102745111
Round took 0.093940129
Round took 0.309554837
Round took 0.313196529
Round took 0.311729871
Round took 0.094838113
Round took 0.813076969
Round took 0.054684402
Round took 0.098507277
Round took 0.087710279
Round took 0.112385722
Round took 0.311470464
Round took 0.108786227
Round took 0.100400556
Round took 0.097632498
Round took 0.100280312
Round took 0.100007772
Round took 0.32220747
Round took 0.107316002
Round took 0.101617973
Round took 0.11977658
Round took 0.105594074
Round took 0.092008844
Round took 0.06275403
Round took 0.10683127
Round took 0.103813921
Round took 0.102910196
Round took 0.093748991
Round took 0.108128694
Round took 0.091157257
Round took 0.092778307
Round took 0.092715131
Round took 0.091225239
Round took 0.092072432
Round took 0.098696902
Round took 0.096426728
Round took 0.0971304
Round took 0.088510851
Round took 0.092948831
Round took 0.070761503
Round took 0.126262107
Round took 0.099195122
Round took 0.829247009
Round took 0.102201222
Round took 0.124154519
Round took 0.104769713
Round took 0.314449992
Round took 0.096453189
Round took 0.1017642
Round took 0.087897877
Round took 0.118269513
Round took 0.107606739
Round took 0.084000472
Round took 0.094133924
Round took 0.107382565
Round took 0.095716672
Round took 0.101420515
Round took 0.098591519
Round took 0.114795666
Round took 0.092379058
Round took 0.09074292
Round took 0.09188069
Round took 0.09254985
Round took 0.089798893
Round took 0.103909637
Round took 0.095382045
Round took 0.097809613
Round took 0.10528123
Round took 0.09721866
Round took 0.124633009
Round took 0.128030373
Round took 0.830916998
Round took 0.093961696
Round took 0.345552553
Round took 0.091370755
Round took 0.099818046
Round took 0.098491081
Round took 0.089210888
Round took 0.113299463
Round took 0.097441703
Round took 0.094522792
Round took 0.313702356
Round took 0.087975435
Round took 0.083767674
Round took 0.09086398
Round took 0.315039723
Round took 0.106108404
Round took 0.094099325
Round took 0.096048914
Round took 0.086284524
Round took 0.090340593
Round took 0.083832839
Round took 0.096000397
Round took 0.107041698
Round took 0.112809863
Round took 0.094972239
Round took 0.098408427
Round took 0.103956183
Round took 0.106775071
Round took 0.091292064
Round took 0.308376734
Round took 0.085621291
Round took 0.131647845
Round took 0.102378823
Round took 0.085961873
Round took 0.082179246
Round took 0.097728965
Round took 0.319440083
Round took 0.111446751
Round took 0.08865229
Round took 0.086714551
Round took 0.088378445
Round took 0.093786595
Round took 2.314632733
Round took 0.08837391
Round took 0.093452337
Round took 0.090788731
Round took 0.084277785
Round took 0.087491886
Round took 0.097792207
Round took 0.09228479
Round took 0.098698
Round took 0.083194398
Round took 0.085750066
Round took 0.092657634
Round took 0.096876273
Round took 0.086937099
Round took 0.089892574
Round took 0.105876968
Round took 0.087896161
Round took 0.088821102
Round took 0.099902537
Round took 0.110237871
Round took 0.100717005
Round took 0.104787575
Round took 0.104496745
Round took 0.330763465
Round took 0.10343364
Round took 0.098908038
Round took 0.102176635
Round took 1.331856734
Round took 0.099078
Round took 0.097522052
Round took 0.105139356
Round took 0.108488442
Round took 0.125938868
Test took 353.054979911
Successful: 11612
