Uniform distribution
Round took 0.111392527
Round took 0.09719264
Round took 0.100574386
Round took 0.098064144
Round took 0.077441531
Round took 0.075876487
Round took 0.095180302
Round took 0.085040991
Round took 0.088117329
Round took 0.301361302
Round took 0.305052424
Round took 0.110124913
Round took 0.105857542
Round took 0.102244334
Round took 0.087429279
Round took 0.086159584
Round took 0.091306081
Round took 0.097218494
Round took 0.096877987
Round took 0.116740496
Round took 0.094561377
Round took 0.119442915
Round took 0.102710962
Round took 0.106350034
Round took 0.112982914
Round took 0.112194594
Round took 0.087987785
Round took 0.105647708
Round took 0.100465972
Round took 0.102215803
Round took 0.091157917
Round took 0.106580584
Round took 0.317236931
Round took 0.083981673
Round took 0.104227258
Round took 0.327275998
Round took 0.094685802
Round took 0.093245005
Round took 0.099390848
Round took 0.094990112
Round took 0.10268334
Round took 0.097213099
Round took 0.320035332
Round took 0.118883522
Round took 0.090715851
Round took 0.094841792
Round took 0.096683777
Round took 0.105201568
Round took 0.13278899
Round took 0.096628412
Round took 0.151829694
Round took 0.306208271
Round took 0.308136919
Round took 0.111002023
Round took 0.122068813
Round took 0.147286167
Round took 0.132207804
Round took 0.165776937
Round took 0.09754778
Round took 0.108042961
Round took 0.822805854
Round took 0.110600829
Round took 0.105800764
Round took 0.329774068
Round took 0.108921981
Round took 0.097700303
Round took 0.106447804
Round took 0.135656715
Round took 0.138287451
Round took 0.310843053
Round took 0.111705794
Round took 0.099987732
Round took 0.108330676
Round took 0.103291663
Round took 0.117984834
Round took 0.504512805
Round took 0.122081923
Round took 0.108508482
Round took 0.110856259
Round took 0.101556228
Round took 0.099770859
Round took 0.31255371
Round took 0.112205907
Round took 0.123110069
Round took 0.557497212
Round took 0.847626136
Round took 0.145144814
Round took 0.107846423
Round took 0.100907426
Round took 1.324227608
Round took 0.099905779
Round took 0.327519953
Round took 0.124393348
Round took 0.113101314
Round took 0.131028524
Round took 0.324655542
Round took 0.124861988
Round took 0.144743011
Round took 0.153145932
Round took 0.105715394
Round took 0.108613339
Round took 0.127062933
Round took 2.340798377
Round took 0.106030963
Round took 0.107134936
Round took 0.096131765
Round took 0.103946754
Round took 0.101724843
Round took 0.106553572
Round took 0.097599727
Round took 0.105204479
Round took 0.100054344
Round took 1.36622821
Round took 0.425957628
Round took 0.148638967
Round took 0.592222398
Round took 0.092366453
Round took 0.326703002
Round took 0.319259688
Round took 0.096880477
Round took 0.095900901
Round took 0.316515138
Round took 0.108212869
Round took 0.092063145
Round took 0.092611519
Round took 0.088469504
Round took 0.095451622
Round took 0.098509259
Round took 0.103081095
Round took 0.30786033
Round took 0.092838659
Round took 0.09256378
Round took 0.091719573
Round took 0.092757702
Round took 0.086988331
Round took 0.206997561
Round took 0.083468253
Round took 0.082629435
Round took 0.091736841
Round took 0.36406486
Round took 0.30413908
Round took 0.096115422
Round took 0.092278677
Round took 0.092207595
Round took 0.089980595
Round took 0.08720698
Round took 0.086585968
Round took 0.087328029
Round took 0.30894487
Round took 0.09399832
Round took 0.089629043
Round took 0.09636311
Round took 0.086798585
Round took 0.08793347
Round took 0.304062589
Round took 0.09169812
Round took 0.091314747
Round took 0.097768313
Round took 0.087544246
Round took 0.091731468
Round took 0.101528491
Round took 0.09353677
Round took 0.093388759
Round took 0.097318275
Round took 0.307240884
Round took 0.099546259
Round took 0.35274733
Round took 0.077346677
Round took 0.08540422
Round took 0.082710152
Round took 0.087731033
Round took 0.291935075
Round took 0.084389684
Round took 0.086571429
Round took 0.08532486
Round took 0.303433324
Round took 0.08301098
Round took 0.076899208
Round took 0.091993551
Round took 0.094944808
Round took 2.317767464
Round took 0.095815901
Round took 0.097007768
Round took 0.094602522
Round took 0.303382204
Round took 0.808298828
Round took 0.094431752
Round took 0.094166162
Round took 0.089242889
Round took 0.312898474
Round took 0.081335437
Round took 0.312724163
Round took 0.085988993
Round took 0.076993128
Round took 0.088841175
Round took 0.158087302
Round took 0.105851258
Round took 0.0913055
Round took 0.087881805
Round took 0.09640465
Round took 0.094789171
Round took 1.315316015
Round took 0.087444658
Round took 0.08184433
Round took 0.324143637
Round took 0.09194226
Round took 0.072347932
Round took 0.103046341
Round took 0.094425273
Round took 0.29886798
Round took 0.128860402
Round took 0.084157381
Round took 0.07720554
Round took 0.30169266
Round took 0.092887802
Round took 0.091797372
Round took 0.10061344
Round took 0.802214206
Round took 0.084964496
Round took 0.302903656
Round took 0.096911073
Round took 0.321167256
Round took 0.31027231
Round took 0.120453264
Round took 0.306231846
Round took 0.086536249
Round took 2.319393366
Round took 0.100755284
Round took 0.087967074
Round took 0.096056758
Round took 0.314796111
Round took 0.095645016
Round took 0.092814445
Round took 1.313278952
Round took 0.31223358
Round took 0.097455368
Round took 0.096500995
Round took 0.102401936
Round took 0.101207108
Round took 0.098546662
Round took 0.090554819
Round took 0.103602462
Round took 0.101271606
Round took 0.104157743
Round took 0.107416437
Round took 0.103036219
Round took 0.819379396
Round took 0.100771672
Round took 0.101262104
Round took 0.082271508
Round took 0.096868312
Round took 0.101739537
Round took 0.097911421
Round took 0.101882662
Round took 1.3119238979999999
Round took 0.08739042
Round took 0.086223493
Round took 0.819869848
Round took 0.085047399
Round took 0.818966872
Round took 0.089599144
Round took 0.090210832
Round took 0.331826069
Round took 0.088167093
Round took 0.093220651
Round took 0.08463642
Round took 0.085327607
Round took 0.111293488
Round took 0.127853014
Round took 0.104616137
Round took 0.082882047
Round took 0.085087956
Round took 0.099462413
Round took 0.107978913
Round took 0.094479431
Round took 0.113391683
Round took 0.091473552
Round took 0.125677497
Round took 0.087222346
Round took 0.09016499
Round took 0.109323763
Round took 0.09459144
Round took 0.093091214
Round took 0.088509413
Round took 0.088775333
Round took 0.091273254
Round took 0.306353289
Round took 0.301884923
Round took 0.302549459
Round took 0.087339339
Round took 0.092026275
Round took 0.081508477
Round took 0.086153112
Round took 0.086929109
Round took 0.120384279
Round took 0.092294476
Round took 0.300250403
Round took 0.087074996
Round took 0.305820134
Round took 0.110901149
Round took 0.838017262
Round took 0.069035192
Round took 0.818739398
Round took 0.300044794
Round took 0.08530223
Round took 0.08835085
Round took 0.07855509
Round took 0.102917257
Round took 0.311873349
Round took 0.293107898
Round took 0.094680395
Round took 0.102621422
Round took 0.078416447
Round took 0.113150318
Round took 0.336485877
Round took 0.35434274
Round took 0.29608215
Round took 0.089575326
Round took 2.829568903
Round took 0.09657909
Round took 0.054784135
Round took 0.091455949
Round took 2.318550144
Round took 0.094840535
Round took 0.097258521
Round took 0.309600744
Round took 0.114839237
Round took 0.098854246
Round took 0.111690054
Round took 0.311551833
Round took 0.104485356
Round took 0.316033143
Round took 0.106875288
Round took 0.112157928
Round took 0.133210145
Round took 0.102692108
Round took 0.822939516
Round took 0.103531598
Round took 0.101912813
Round took 0.309880389
Round took 0.108695358
Round took 0.379968713
Round took 0.314284914
Round took 0.123984263
Round took 0.098625661
Round took 0.093653195
Round took 0.092531176
Round took 0.091685771
Round took 1.326487334
Round took 0.099656655
Round took 0.094160136
Round took 0.100583689
Round took 0.102141447
Round took 0.321308186
Round took 0.319564211
Round took 0.319473144
Round took 0.100582525
Round took 0.09945946
Round took 0.10024464
Round took 0.098041895
Round took 0.308216564
Round took 0.821009246
Round took 0.318279972
Round took 0.09861357
Round took 0.106442961
Round took 0.316392375
Round took 0.096447662
Round took 0.091855121
Round took 0.099176075
Round took 0.090910461
Round took 0.308913622
Round took 0.31047921
Round took 0.102197092
Round took 0.101342004
Round took 0.309501475
Round took 0.304462377
Round took 0.096709787
Round took 0.10518257
Round took 0.099825498
Round took 0.123670242
Round took 0.1089702
Round took 0.105439875
Round took 0.107324432
Round took 0.111889899
Round took 0.108805517
Round took 0.108519688
Round took 0.111714453
Round took 0.116516952
Round took 0.103435238
Round took 0.11762968
Round took 2.332808653
Round took 2.830573033
Round took 0.093673107
Round took 2.8314806150000003
Round took 0.114025482
Round took 0.403500013
Round took 0.087290079
Round took 0.085187728
Round took 0.088065564
Round took 0.084026149
Round took 0.085095789
Round took 0.085870021
Round took 0.094608719
Round took 0.093695551
Round took 0.08792204
Round took 0.081202047
Round took 0.109027192
Round took 0.316536737
Round took 0.101346381
Round took 0.096120137
Round took 0.091118325
Round took 0.089542846
Round took 0.084535314
Round took 0.082624617
Round took 0.089619816
Round took 0.097004917
Round took 0.095785195
Round took 0.136648675
Round took 0.093240591
Round took 0.090668247
Round took 0.088072231
Round took 0.092588261
Round took 0.086506374
Round took 0.092525003
Round took 0.095930775
Round took 0.087364048
Round took 1.321539441
Round took 0.083316252
Round took 0.090961171
Round took 0.085036312
Round took 0.092493592
Round took 0.09221154
Round took 0.092125157
Round took 0.079909055
Round took 0.082511911
Round took 0.081435211
Round took 0.090997973
Round took 0.048705822
Round took 0.081001083
Round took 0.083136035
Round took 0.298525819
Round took 0.097092764
Round took 0.090653795
Round took 0.084656186
Round took 0.089840668
Round took 0.093481478
Round took 0.086146519
Round took 0.080743
Round took 0.0942175
Round took 0.097923307
Round took 0.089048353
Round took 0.092951094
Round took 0.078614149
Round took 0.104149546
Round took 0.125026463
Round took 0.108771193
Round took 0.085290536
Round took 0.092129824
Round took 0.08526473
Round took 0.105964096
Round took 0.091416228
Round took 0.101156852
Round took 0.810378959
Round took 0.107360748
Round took 0.100994227
Round took 0.087335361
Round took 0.307501744
Round took 0.099796918
Round took 0.089940603
Round took 0.104829437
Round took 0.094345267
Round took 0.302897127
Round took 0.102694439
Round took 0.099732633
Round took 0.091319765
Round took 2.838858284
Round took 0.082741907
Round took 0.295389993
Round took 0.317739434
Round took 0.082859404
Round took 0.091262971
Round took 0.105736486
Round took 0.085454693
Round took 0.083054485
Round took 0.088340497
Round took 0.106941279
Round took 0.095100285
Round took 0.103070851
Round took 0.0824495
Round took 0.084573279
Round took 0.304329521
Round took 0.130356474
Round took 0.15195738
Round took 0.084838954
Round took 0.314994485
Round took 0.130835177
Round took 0.086971
Round took 1.337357372
Round took 0.154975941
Round took 0.087478016
Round took 0.094562327
Round took 0.136086544
Round took 0.082545944
Round took 0.375105869
Round took 1.315979122
Round took 0.096409224
Round took 0.097912988
Round took 0.098347201
Round took 0.095679217
Round took 0.103549345
Round took 0.09574126
Round took 0.092454605
Round took 0.086420524
Round took 0.309696054
Round took 0.088457247
Round took 0.088883089
Round took 0.124698558
Round took 0.107746939
Round took 0.814733456
Round took 0.108174939
Round took 0.308856833
Round took 0.105848303
Round took 0.086150675
Round took 0.081663707
Round took 0.089563194
Round took 0.088760025
Round took 0.08200005
Round took 0.055945348
Round took 0.091983851
Round took 0.304963196
Round took 0.107546485
Round took 0.103582224
Round took 0.088395262
Round took 0.093958504
Round took 0.096752895
Round took 0.118526653
Round took 1.141114291
Round took 0.090417426
Round took 0.103371176
Round took 0.109461348
Round took 0.096273327
Round took 0.087779648
Round took 2.30958952
Round took 0.082453269
Round took 0.106894811
Round took 0.113355418
Round took 0.324792741
Round took 0.083039425
Round took 0.08811429
Round took 0.086632245
Round took 0.090488925
Round took 0.094510747
Round took 0.814012725
Round took 0.091434308
Round took 0.090447557
Round took 0.097242456
Round took 0.09835457
Round took 0.316906017
Round took 0.103054703
Round took 0.104613283
Round took 0.103163907
Round took 0.097313779
Round took 0.100961202
Round took 0.082382107
Round took 0.093295315
Round took 0.307904448
Round took 0.099350123
Round took 0.094448071
Round took 0.09705918
Round took 0.098198037
Round took 0.090617323
Round took 0.308987924
Round took 0.095137726
Round took 0.096839817
Round took 0.097877525
Round took 0.091021404
Round took 0.09882076
Round took 0.310928725
Round took 0.106699737
Round took 0.10210606
Round took 0.310720581
Round took 0.095342466
Round took 0.308718902
Round took 0.091501094
Round took 0.083385089
Round took 0.309762361
Round took 0.097935721
Round took 0.812130959
Round took 0.306871161
Round took 0.335385947
Round took 0.094767957
Round took 2.825710533
Round took 0.11310743
Round took 0.105587715
Round took 0.103068307
Round took 1.319869295
Round took 0.106391587
Round took 0.097038189
Round took 0.314298641
Round took 0.313828659
Round took 0.104659398
Round took 0.309938867
Round took 0.094230523
Round took 0.058041045
Round took 0.096084399
Round took 0.104668687
Round took 1.312889448
Round took 0.106871221
Round took 0.099775322
Round took 0.10166357
Round took 0.312393296
Round took 0.101858547
Round took 0.102547482
Round took 0.108889958
Round took 0.104834558
Round took 0.316574876
Round took 0.310107541
Round took 0.106345901
Round took 0.314973843
Round took 0.315321099
Round took 0.104749966
Round took 0.111603198
Round took 0.102386444
Round took 1.317783996
Round took 0.133769135
Round took 0.124246273
Round took 0.100476478
Round took 0.098279557
Round took 1.322795716
Round took 1.824514435
Round took 2.33462504
Round took 0.09537979
Round took 0.31527868
Round took 0.097562355
Round took 0.092794934
Round took 0.093594165
Round took 0.094754439
Round took 0.096491338
Round took 1.826439654
Round took 0.114269835
Round took 0.097977118
Round took 0.08872517
Round took 0.094514636
Round took 0.309256014
Round took 0.100506278
Round took 0.107815307
Round took 0.130744305
Round took 1.325829353
Round took 0.162296918
Round took 0.105252907
Round took 0.08622534
Round took 0.098440838
Round took 0.086517722
Round took 0.081725237
Round took 0.294216458
Round took 0.074586438
Round took 0.107123338
Round took 0.083775968
Round took 0.091035554
Round took 0.090465023
Round took 0.084764685
Round took 0.08040971
Round took 0.087977861
Round took 0.300395163
Round took 0.093937117
Round took 0.092851193
Round took 0.091508062
Round took 0.086028419
Round took 0.088432103
Round took 0.080536076
Round took 0.098407802
Round took 0.111368289
Round took 0.102029795
Round took 0.102905741
Round took 0.112327135
Round took 0.319813874
Round took 0.110593273
Round took 0.117261213
Round took 0.092448214
Round took 0.09443824
Round took 0.297624956
Round took 0.084413174
Round took 0.085455929
Round took 0.084777271
Round took 0.086063877
Round took 0.095190681
Round took 0.09430043
Round took 0.305911158
Round took 0.105000819
Round took 0.807504612
Round took 0.32799356
Round took 0.14586364
Round took 0.100482311
Round took 0.309054658
Round took 0.301754827
Round took 0.084077088
Round took 0.109301452
Round took 0.089870439
Round took 0.12085371
Round took 0.124690498
Round took 0.091204504
Round took 0.087349848
Round took 0.109034725
Round took 0.299464047
Round took 0.308556215
Round took 0.293758507
Round took 0.085986448
Round took 0.302263275
Round took 0.089685192
Round took 0.089955642
Round took 0.09467857
Round took 0.828141829
Round took 0.303582198
Round took 0.091116779
Round took 0.090126245
Round took 0.089030267
Round took 0.817322717
Round took 0.092596401
Round took 0.098219555
Round took 0.101150118
Round took 0.102430449
Round took 0.097549909
Round took 0.098594299
Round took 0.090687224
Round took 0.094413103
Round took 0.092959557
Round took 0.094506021
Round took 0.308738781
Round took 0.818457394
Round took 0.100713826
Round took 0.136491702
Round took 0.086530879
Round took 0.297303216
Round took 0.307613889
Round took 0.095669296
Round took 0.092286855
Round took 0.087060034
Round took 0.095259266
Round took 0.088352512
Round took 0.083934069
Round took 0.091868279
Round took 0.834952521
Round took 0.075160646
Round took 0.096599652
Round took 0.086085909
Round took 0.105083847
Round took 0.091655488
Round took 0.094642775
Round took 0.317412631
Round took 0.114373857
Round took 0.126956674
Round took 0.310250397
Round took 0.084921563
Round took 0.089390997
Round took 0.813700407
Round took 0.08746318
Round took 0.085216727
Round took 0.098709157
Round took 0.058561494
Round took 0.091604712
Round took 0.120791611
Round took 0.087014701
Round took 0.814921539
Round took 0.083587008
Round took 0.08782004
Round took 0.299169307
Round took 0.094877754
Round took 0.088577325
Round took 0.092902532
Round took 0.089204871
Round took 0.091610283
Round took 0.092554746
Round took 0.09613092
Round took 0.091528612
Round took 0.80380892
Round took 0.081146985
Round took 0.102200439
Round took 0.083082272
Round took 0.084161774
Round took 0.092151882
Round took 0.082630711
Round took 0.122195453
Round took 0.086004531
Round took 0.113178986
Round took 0.105272285
Round took 0.085505758
Round took 0.101274707
Round took 0.091406183
Round took 0.080863408
Round took 0.080407781
Round took 0.090090568
Round took 0.082660208
Round took 0.297683189
Round took 0.077871264
Round took 0.082272384
Round took 0.084965832
Round took 0.086028291
Round took 0.078492761
Round took 0.108960564
Round took 0.098042659
Round took 0.114699567
Round took 0.299514591
Round took 0.085614518
Round took 0.091854586
Round took 0.092663106
Round took 0.100617442
Round took 0.355031728
Round took 0.087402264
Round took 0.084371647
Round took 0.141158011
Round took 0.083221943
Round took 0.078488214
Round took 0.102717884
Round took 0.087707429
Round took 0.087682206
Round took 0.107902651
Round took 0.093258328
Round took 0.089332454
Round took 0.079937502
Round took 0.090257436
Round took 0.105753322
Round took 0.299843196
Round took 0.104895638
Round took 0.103061737
Round took 0.128192732
Round took 0.081368978
Round took 0.123255917
Round took 2.319670757
Round took 0.056476976
Round took 0.083908664
Round took 0.088230247
Round took 0.098458989
Round took 1.309863816
Round took 0.091539929
Round took 0.092335766
Round took 0.088765383
Round took 0.356398716
Round took 4.343326888
Round took 0.101781974
Round took 0.247999148
Round took 0.075064058
Round took 0.292233823
Round took 2.325570308
Round took 0.108991463
Round took 0.112595242
Round took 0.11445184
Error when reading: read tcp 172.31.54.117:43434->172.31.49.63:7070: read: connection timed out
Error when reading: read tcp 172.31.54.117:60724->172.31.55.252:7070: read: connection timed out
Error when reading: EOF
Error when reading: EOF
Error when reading: read tcp 172.31.54.117:42218->172.31.48.98:7070: read: connection timed out
Error when reading: EOF
Round took 7.819305208
Error when reading: EOF
Error when reading: EOF
Error when reading: EOF
Error when reading: EOF
Round took 0.098399458
Error when reading: EOF
Error when reading: EOF
Error when reading: EOF
Round took 0.111561586
Round took 0.101226259
Round took 0.120628493
Round took 0.310016188
Round took 0.103376485
Round took 0.114390994
Round took 0.106452098
Round took 0.102908918
Round took 0.109532505
Round took 0.100370166
Round took 0.098560763
Round took 0.310474963
Round took 0.106926623
Round took 0.106565045
Round took 0.104288819
Round took 0.092296139
Round took 0.102388828
Round took 0.105286501
Round took 0.107697551
Round took 0.099009535
Round took 0.09486986
Round took 0.097897341
Round took 0.098794823
Round took 0.366574655
Round took 0.101887206
Round took 0.113056449
Round took 0.308866983
Round took 0.115157809
Round took 0.099353943
Round took 0.102274994
Round took 0.100663323
Round took 0.100814102
Round took 0.097450105
Round took 0.106842152
Round took 0.313827468
Round took 0.325524067
Round took 0.096811293
Round took 0.098401039
Round took 0.101926133
Round took 0.097451873
Round took 0.098927675
Round took 0.10273495
Round took 0.107054414
Round took 0.105865559
Round took 0.108269267
Round took 0.108031328
Round took 0.095379132
Round took 0.10710631
Round took 0.103414396
Round took 0.104099809
Round took 0.100052185
Round took 0.315813409
Round took 0.314030091
Round took 0.105060711
Round took 0.093857809
Round took 0.10114762
Round took 0.103768487
Round took 0.106759929
Round took 0.1032491
Round took 0.106202122
Round took 0.36926325
Round took 0.102758264
Round took 0.105667862
Round took 0.102984706
Round took 0.107071618
Round took 0.09250855
Round took 0.108426977
Round took 0.311138038
Round took 0.30359725
Round took 0.091802705
Round took 0.092804988
Round took 0.311385299
Round took 0.091870662
Round took 0.100146539
Round took 0.30410647
Round took 0.098397248
Round took 0.306129469
Round took 0.094115133
Round took 0.08900126
Round took 0.084864021
Round took 0.094155763
Round took 0.094578443
Round took 0.093044019
Round took 0.109405466
Round took 0.096971048
Round took 0.095040678
Round took 0.100918619
Round took 0.111341078
Round took 0.087010482
Round took 0.105470821
Round took 0.090542302
Round took 0.087275242
Round took 0.110540794
Round took 0.086190396
Round took 0.098654587
Round took 0.100734498
Round took 0.796975621
Round took 0.094413029
Round took 0.088251894
Round took 0.086006897
Round took 0.08054208
Round took 0.086907616
Round took 0.087079106
Round took 0.086591963
Round took 0.101143227
Round took 0.301869861
Round took 0.109498719
Round took 0.814332742
Round took 0.309626736
Round took 0.100150993
Round took 0.08970531
Round took 0.085541693
Round took 0.095751781
Round took 0.09203443
Round took 0.086758425
Round took 0.080472568
Round took 3.32868794
Round took 0.10841145
Round took 0.084252499
Round took 0.104348049
Round took 0.815761
Round took 0.175407357
Round took 0.107691421
Round took 0.088651754
Round took 0.087541774
Round took 0.099547397
Round took 0.351856705
Round took 0.086393944
Round took 0.089669744
Round took 0.090245199
Round took 0.076838124
Round took 0.086745005
Round took 0.092956609
Round took 0.095757536
Round took 0.088173512
Round took 0.310046775
Round took 0.093124119
Round took 0.095626931
Round took 0.089486034
Round took 0.314507104
Round took 0.098484313
Round took 0.094354452
Round took 0.096505613
Round took 0.306584983
Round took 0.299702228
Round took 0.096173933
Round took 0.808310195
Round took 0.091103563
Round took 0.085200016
Round took 0.086341844
Round took 0.089032286
Round took 0.087079945
Round took 0.086545303
Round took 2.3278941890000002
Round took 0.832225962
Round took 0.09000109
Round took 0.087355426
Round took 0.301182019
Round took 0.093299195
Round took 0.106327528
Round took 0.088773417
Round took 0.097468098
Round took 0.110280528
Round took 0.092625512
Round took 0.095447649
Round took 0.096211161
Round took 1.31106787
Round took 0.094804131
Round took 0.104943099
Round took 0.088642071
Round took 0.101736774
Round took 0.095906823
Round took 0.296681992
Round took 0.09067681
Round took 0.090319613
Round took 0.314269527
Round took 0.096829935
Round took 0.086199429
Round took 0.085213436
Round took 0.094268878
Round took 0.301402846
Round took 0.089557138
Round took 0.092691556
Round took 0.107076063
Round took 0.306757199
Round took 0.09881886
Round took 0.1032802
Round took 0.093238307
Round took 0.808768057
Round took 0.090766916
Round took 0.090667044
Round took 0.093805129
Round took 0.086613848
Round took 0.088878389
Round took 0.08492652
Round took 0.297325764
Round took 0.081922181
Round took 0.082181188
Round took 0.096894926
Round took 0.088003277
Round took 0.091131948
Round took 0.093701741
Round took 0.088576194
Round took 0.114765921
Round took 0.089994144
Round took 0.089841729
Round took 0.099977166
Round took 0.347613395
Round took 1.315097846
Round took 0.091333392
Round took 0.086130894
Round took 0.300247927
Round took 0.084379655
Round took 0.087856811
Round took 0.087233279
Round took 0.307690006
Round took 0.087673663
Round took 0.094541245
Round took 0.106452574
Round took 0.095337739
Round took 1.314142095
Round took 0.099096193
Round took 0.104960662
Round took 0.367097378
Round took 0.090822079
Round took 0.08596564
Round took 0.098204995
Round took 0.362465854
Round took 0.303153445
Round took 0.09406884
Round took 0.093177254
Round took 0.086582526
Round took 0.097003431
Round took 0.096916734
Round took 0.09506692
Round took 0.811823504
Round took 0.096817965
Round took 0.084064585
Round took 0.089114144
Round took 0.055100759
Round took 0.095194073
Round took 0.091306386
Round took 0.104131599
Round took 0.095722145
Round took 0.090727905
Round took 0.106392517
Round took 0.061645669
Round took 0.090907038
Round took 0.092417672
Round took 0.097332974
Round took 0.314713872
Round took 0.086918176
Round took 0.081945066
Round took 0.085222451
Round took 0.097262669
Round took 0.094901875
Round took 0.112538167
Round took 0.086098454
Round took 1.305752477
Round took 0.092827982
Round took 0.311842716
Round took 0.090395935
Round took 0.081700346
Round took 0.088806985
Round took 0.081641859
Round took 0.083317021
Round took 0.107748398
Round took 0.169263312
Round took 0.287414511
Round took 0.313239619
Round took 0.091149284
Round took 0.091564108
Round took 0.098784555
Round took 0.086190156
Round took 0.098824331
Round took 0.102311209
Round took 0.089653601
Round took 0.083490653
Round took 0.086144679
Round took 0.049570105
Round took 0.086083538
Round took 0.106769577
Round took 0.097294879
Round took 0.086005712
Round took 0.095306
Round took 0.816589044
Round took 0.106648581
Round took 0.10494781
Round took 0.100610129
Round took 0.10221104
Round took 0.109503651
Round took 0.305524502
Round took 0.087075523
Round took 0.387106694
Round took 0.104604736
Round took 0.09573208
Round took 0.375851114
Round took 0.117125505
Round took 0.10526298
Round took 0.098026907
Round took 0.090747823
Round took 0.093111855
Round took 0.113119861
Round took 0.093352452
Round took 0.306650612
Round took 0.101480732
Round took 0.101273694
Round took 0.10414258
Round took 0.106696437
Round took 0.110331708
Round took 0.094950887
Round took 0.097351914
Round took 0.09238094
Round took 0.101975825
Round took 0.098757252
Round took 0.093690249
Round took 0.093251735
Round took 0.103407291
Round took 0.101895203
Round took 0.096365479
Round took 0.057012878
Round took 0.101426876
Round took 0.102871906
Round took 0.090954509
Round took 0.102878608
Round took 0.316241751
Round took 0.815895519
Round took 0.091570985
Round took 0.102897753
Round took 0.814549817
Round took 0.091169136
Round took 1.331520863
Round took 1.327931014
Round took 0.095399088
Round took 0.095118733
Round took 0.094379146
Round took 0.099197684
Round took 0.11474308
Round took 1.821461829
Round took 0.10066003
Round took 0.310026135
Round took 0.089550165
Round took 0.100734553
Round took 0.092525628
Round took 0.098562928
Round took 0.095200695
Round took 0.098062285
Round took 0.092051036
Round took 0.089064182
Round took 0.089618152
Round took 0.103828094
Round took 0.101395016
Round took 0.097382347
Round took 0.12086001
Round took 0.090618108
Round took 0.097898916
Round took 0.088912239
Round took 0.086672608
Round took 0.090873354
Round took 0.300482863
Round took 0.085021715
Round took 0.092427798
Round took 0.086513122
Round took 0.098549951
Round took 0.091327727
Round took 0.101347435
Round took 0.314427161
Round took 0.162012921
Round took 0.097745555
Round took 0.307671381
Round took 0.100139604
Round took 0.097049056
Round took 0.052196858
Round took 0.090161843
Round took 0.412048921
Round took 0.094401373
Round took 0.093996333
Round took 0.297787445
Round took 0.09839225
Round took 0.810691459
Round took 0.094631421
Round took 0.090608468
Round took 0.090215407
Round took 0.081682612
Round took 0.302572514
Round took 0.097235069
Round took 0.099874208
Round took 0.101674299
Round took 0.087892362
Round took 0.102628396
Round took 0.094237707
Round took 0.092070526
Round took 0.098117767
Round took 0.087387414
Round took 0.096241686
Round took 0.101144926
Round took 0.097121301
Round took 0.089915566
Round took 0.10277351
Round took 0.107798483
Round took 0.100616894
Round took 0.097276501
Round took 0.092142706
Round took 0.092149694
Round took 0.057151465
Round took 0.091776477
Round took 0.092874955
Round took 0.094175541
Round took 0.098458823
Round took 0.097151326
Round took 0.130158882
Round took 0.088247968
Round took 0.308787436
Round took 0.103906534
Round took 0.095351737
Round took 0.090481508
Round took 0.087876192
Round took 0.094575257
Round took 0.087916766
Round took 0.099631016
Round took 0.086849926
Round took 0.091460757
Round took 0.096223095
Round took 1.311634304
Round took 0.098934914
Round took 0.095349354
Round took 0.098013953
Round took 0.809466532
Round took 0.092741417
Round took 0.089169968
Round took 0.097198575
Round took 0.102666064
Round took 0.087601714
Round took 0.302752705
Round took 0.105293009
Round took 0.088489652
Round took 0.097820566
Round took 0.089890586
Round took 0.093439145
Round took 0.09071563
Round took 0.081807451
Round took 0.098464539
Round took 0.098781382
Round took 0.080071942
Round took 1.328360766
Round took 0.142855512
Round took 0.149439657
Round took 0.136061813
Round took 0.130255578
Round took 0.832839359
Round took 0.106245333
Round took 0.319000942
Round took 0.099610526
Round took 0.098011891
Round took 0.098200971
Round took 0.102841301
Round took 0.100299786
Round took 0.102042918
Round took 0.107032437
Round took 0.10338177
Round took 0.37237409
Round took 0.093080546
Round took 0.096366428
Round took 0.09716919
Round took 0.098160318
Round took 0.095077328
Round took 0.093795568
Round took 0.100381531
Round took 0.097978088
Round took 0.06793661
Round took 0.094745429
Round took 0.102925003
Round took 0.099921354
Round took 0.098989066
Round took 0.10473844
Round took 0.100356451
Round took 0.087055355
Round took 0.313661671
Round took 0.084753742
Round took 0.086446273
Round took 0.086583929
Round took 0.086769491
Round took 0.090731359
Round took 0.097024192
Round took 0.806383634
Round took 0.087948384
Round took 0.091184889
Round took 0.103326133
Round took 0.823320426
Round took 0.323438043
Round took 0.134688901
Round took 0.088963652
Round took 0.092864314
Round took 0.812303332
Round took 0.104001619
Round took 0.104118168
Round took 0.087877725
Round took 0.097092141
Round took 0.086298225
Round took 0.099188952
Round took 0.306501933
Round took 0.10572994
Round took 0.105342525
Round took 0.0959338
Round took 0.093925339
Round took 0.298174989
Round took 0.100389284
Round took 0.085974997
Round took 0.085004013
Round took 0.303144234
Round took 0.084891027
Round took 0.09714053
Round took 0.092638289
Round took 0.087368826
Round took 0.093055915
Round took 0.104720751
Round took 1.31675082
Round took 0.08859407
Round took 0.097953191
Round took 0.301296642
Round took 0.102283347
Round took 0.106762862
Round took 0.10022544
Round took 0.099582171
Round took 0.093932919
Round took 0.307304175
Round took 0.090219536
Round took 0.086014771
Round took 0.087488412
Round took 0.089415887
Round took 0.112168765
Round took 0.082546291
Round took 0.10120039
Round took 0.092335481
Round took 0.30309226
Round took 0.30003443
Round took 0.05155891
Round took 0.097848937
Round took 0.115013892
Round took 0.122660253
Round took 0.113058313
Round took 0.121574279
Round took 0.301145144
Round took 0.09187321
Round took 0.091825801
Round took 0.08985886
Round took 1.313235068
Round took 0.109173909
Round took 0.368396182
Round took 0.114475416
Round took 0.807192152
Round took 0.091859767
Round took 0.093059075
Round took 0.092075619
Round took 0.10655567
Round took 0.09653794
Round took 1.32299195
Round took 0.117108881
Round took 0.086762197
Round took 0.088910458
Round took 0.087703417
Round took 0.085334858
Round took 0.090156534
Round took 0.097613816
Round took 0.085798931
Round took 0.085713343
Round took 0.08581561
Round took 2.324509248
Round took 0.093295742
Round took 0.095242967
Round took 0.097948964
Round took 0.323867217
Round took 1.322949771
Round took 0.09028984
Round took 0.080453146
Round took 0.086416938
Round took 0.104313286
Round took 0.104275876
Round took 0.092504842
Round took 0.092118826
Round took 0.105827512
Round took 0.108993913
Round took 0.093919938
Round took 2.331522933
Round took 0.100643232
Round took 0.09381499
Round took 0.089416287
Round took 0.089589475
Round took 0.102698569
Round took 0.104349591
Round took 0.100863104
Round took 0.306756642
Round took 0.106947319
Round took 0.103441612
Round took 0.100219163
Round took 0.102135432
Round took 0.103885017
Round took 0.097296501
Round took 0.10386167
Round took 0.097195818
Round took 0.302636469
Round took 0.111621643
Round took 0.415398462
Round took 0.121337776
Round took 0.117972794
Round took 0.122910773
Round took 0.1228432
Round took 0.122897225
Round took 0.106552326
Round took 0.363796614
Round took 0.102001011
Round took 0.313467375
Round took 0.095453259
Round took 0.10499541
Round took 0.115364105
Round took 0.096743727
Round took 0.303701383
Round took 0.100425339
Round took 0.101954843
Round took 0.103235463
Round took 0.101660585
Round took 0.313651515
Round took 0.098233942
Round took 0.099683875
Round took 0.103318258
Round took 0.096219726
Round took 0.095355266
Round took 0.095618894
Round took 0.100808407
Round took 0.102864948
Round took 0.097408623
Round took 0.096567154
Round took 0.098197461
Round took 0.096162841
Round took 0.092405869
Round took 0.091869334
Round took 0.308653684
Round took 0.109251671
Round took 0.309683292
Round took 0.295560582
Round took 0.097793486
Round took 0.100263837
Round took 0.097725768
Round took 0.101566975
Round took 0.103492246
Round took 0.10084908
Round took 0.096615895
Round took 0.101949195
Round took 0.113196837
Round took 0.315051212
Round took 0.115750617
Round took 0.328863181
Round took 0.120431086
Round took 0.097719677
Round took 0.099150866
Round took 0.090234289
Round took 0.09275013
Round took 0.308994532
Round took 0.091070561
Round took 0.09653133
Round took 0.091157224
Round took 0.088071664
Round took 0.089801272
Round took 0.092827314
Round took 0.092428853
Round took 0.09918848
Round took 0.35693261
Round took 0.818368225
Round took 0.099977155
Round took 0.094544622
Round took 0.09402069
Round took 0.102900615
Round took 0.095474579
Round took 2.346836088
Round took 0.818495433
Round took 0.100447878
Round took 0.107236917
Round took 0.103069945
Round took 0.096280494
Round took 0.098423533
Round took 0.099360754
Round took 0.113152448
Round took 0.102593339
Round took 0.098585733
Round took 0.105117246
Round took 0.098556115
Round took 0.089933447
Round took 0.096990671
Round took 0.096130169
Round took 0.816021185
Round took 0.100574773
Round took 0.086216419
Round took 0.092652948
Round took 0.10090501
Round took 0.091189697
Round took 0.312867964
Round took 0.105923586
Round took 0.105000295
Round took 0.098743609
Round took 0.106428717
Round took 0.084728133
Round took 0.096199481
Round took 0.089707609
Round took 0.103410744
Round took 0.097826675
Round took 0.089962785
Round took 0.126753174
Round took 0.09146504
Round took 0.086644328
Round took 0.095399685
Round took 0.214423532
Round took 0.086815139
Round took 0.341904795
Round took 0.090846045
Round took 0.095281791
Round took 0.099960777
Round took 0.094341131
Round took 0.311119963
Round took 0.095836577
Round took 0.084168999
Round took 0.087016089
Round took 0.095516194
Round took 0.111450348
Round took 0.128624093
Round took 0.103114238
Round took 0.376839544
Round took 0.090296046
Round took 0.0866167
Round took 0.08709163
Round took 0.090992516
Round took 0.093512141
Round took 0.101088428
Round took 0.095747248
Round took 0.084634059
Round took 0.096215397
Round took 0.091372474
Round took 0.088785557
Round took 0.092750947
Round took 0.097654658
Round took 0.111287921
Round took 0.116663772
Round took 0.099133353
Round took 0.075082592
Round took 0.097179351
Round took 0.093242137
Round took 0.090109958
Round took 0.325934332
Round took 0.101876518
Round took 0.317118168
Round took 0.319593181
Round took 0.097204015
Round took 0.100576976
Round took 0.093509044
Round took 0.100661587
Round took 0.091958713
Round took 0.311233402
Round took 0.32060153
Round took 0.128894901
Round took 0.122290062
Round took 0.123043792
Round took 0.100673229
Round took 0.092121447
Round took 0.118090408
Round took 0.116763432
Round took 0.098566403
Round took 0.09572157
Round took 0.108616611
Round took 0.094965031
Round took 0.094387757
Round took 0.084784886
Round took 0.089130409
Round took 0.084628874
Round took 0.095657633
Round took 0.101988363
Round took 0.099167879
Round took 0.079098406
Round took 0.086162428
Round took 1.312654589
Round took 0.105535088
Round took 0.147728102
Round took 0.113101884
Round took 0.104328406
Round took 0.854945258
Round took 0.113855445
Round took 0.114760775
Round took 0.119577989
Round took 0.097371849
Round took 0.106589239
Round took 0.114955845
Round took 0.098093081
Round took 0.097783404
Round took 0.106435035
Round took 0.112878313
Round took 0.10704893
Round took 0.103209971
Round took 0.812348416
Round took 0.817365293
Round took 0.093256135
Round took 0.092224868
Round took 0.09196579
Round took 0.098515868
Round took 0.094625547
Round took 0.094197085
Round took 0.093339439
Round took 0.08776475
Round took 0.092604851
Round took 0.804578244
Round took 0.092565654
Round took 0.09094722
Round took 0.321316597
Round took 0.086853785
Round took 0.091340384
Round took 0.082063896
Round took 0.082993404
Round took 0.090946194
Round took 0.086020714
Round took 0.095735843
Round took 0.09848792
Round took 0.095674138
Round took 0.09561197
Round took 0.098578266
Round took 0.833190148
Round took 0.30136452
Round took 0.098993202
Round took 0.102824239
Round took 0.093916175
Round took 0.094230884
Round took 0.08865583
Round took 0.09154915
Round took 0.087045457
Round took 0.091511908
Round took 0.093159236
Round took 0.087341317
Round took 0.086416063
Round took 0.086512953
Round took 0.097085972
Round took 0.090033646
Round took 0.091018246
Round took 0.105475449
Round took 0.090595499
Round took 0.096026304
Round took 0.083941827
Round took 0.096002642
Round took 0.095850052
Round took 0.087935846
Round took 0.105017186
Round took 0.351319587
Round took 0.090999988
Round took 0.079420508
Round took 0.098420569
Round took 0.127429541
Round took 0.09876251
Round took 0.089638697
Round took 0.317545045
Round took 0.104983369
Round took 0.086488317
Round took 0.08647327
Round took 1.321060258
Round took 0.101164615
Round took 0.103639175
Round took 0.110044166
Round took 0.101659954
Round took 0.092880157
Round took 0.097717487
Round took 0.100596108
Round took 0.128054183
Round took 0.109279113
Round took 0.115080979
Round took 0.088627399
Round took 0.104086699
Round took 0.822808065
Round took 0.104415792
Round took 0.085259696
Round took 0.098865333
Round took 0.115651214
Round took 0.09118142
Round took 0.080830636
Round took 0.088163509
Round took 0.102762771
Round took 0.346917426
Round took 0.820596507
Round took 0.088456918
Round took 0.097802568
Round took 0.352979574
Round took 0.318890608
Round took 0.080541234
Round took 0.102938063
Round took 0.10095558
Round took 0.325613953
Round took 0.09808286
Round took 0.302598657
Round took 0.656399596
Round took 0.097919908
Round took 0.093185102
Round took 0.094260731
Round took 0.087059916
Round took 0.085343359
Round took 0.100624656
Round took 0.083327209
Round took 0.091433267
Round took 0.321245239
Round took 0.101743896
Round took 0.08458605
Round took 0.100952126
Round took 0.150913094
Round took 0.30764433
Round took 0.097213244
Round took 0.111335461
Round took 0.090872948
Round took 0.0856513
Round took 0.096923192
Round took 0.100888215
Round took 0.072975924
Round took 0.094623883
Round took 0.098071394
Round took 0.336382606
Round took 0.128413488
Round took 0.096337687
Round took 0.095577152
Round took 0.093267938
Round took 0.097264128
Round took 0.065951314
Round took 0.305259159
Round took 0.326295033
Round took 0.323563191
Round took 0.180283365
Round took 0.098377634
Round took 1.836427633
Round took 2.319990455
Round took 0.089352161
Round took 0.082514611
Round took 0.092988692
Round took 0.091245245
Round took 0.096743544
Round took 0.091577238
Round took 0.087487183
Round took 0.198389235
Round took 0.091936641
Round took 0.0984098
Round took 0.091565438
Round took 0.091176327
Round took 0.095586176
Round took 0.091190881
Round took 0.086581713
Round took 0.082925788
Round took 0.312506977
Round took 0.105790966
Round took 0.087541343
Round took 0.090071732
Round took 0.110120736
Round took 0.096839482
Round took 0.100126305
Round took 0.092162546
Round took 0.100707954
Round took 0.225298411
Round took 0.099578679
Round took 0.094889528
Round took 0.058141996
Round took 0.830052706
Round took 0.313458735
Round took 0.089783751
Round took 0.099865658
Round took 0.064896539
Round took 0.316570085
Round took 0.089949531
Round took 0.096307362
Round took 0.094481866
Round took 0.091821373
Round took 0.091845286
Round took 0.318104666
Round took 0.105059251
Round took 0.308379726
Round took 0.087773969
Round took 0.092631604
Round took 0.093563685
Round took 0.091823032
Round took 0.307993273
Round took 0.10022562
Round took 0.101895212
Round took 0.097881275
Round took 0.102885345
Round took 0.096377828
Round took 0.815756944
Round took 0.089864835
Round took 0.088018104
Round took 0.065362802
Round took 0.100585243
Round took 0.097667126
Round took 0.126761636
Round took 0.098276029
Round took 0.093700149
Round took 0.089526665
Round took 0.818565884
Round took 0.093987569
Round took 0.318774559
Round took 0.346529457
Round took 0.30679819
Round took 0.116818296
Round took 0.355691796
Round took 0.089506467
Round took 0.099983792
Round took 0.103846805
Round took 0.101589563
Round took 0.107274227
Round took 0.099945195
Round took 0.088985208
Round took 0.327270581
Round took 0.090381833
Round took 0.080938051
Round took 0.090459013
Round took 0.099098464
Round took 0.091877381
Round took 0.089028822
Round took 0.085690173
Round took 0.091316392
Round took 0.083007531
Round took 0.095260591
Round took 0.092428524
Round took 1.3126115760000001
Round took 0.094796627
Round took 0.095883732
Round took 0.813834535
Round took 0.090107433
Round took 0.097303923
Round took 0.097785685
Round took 0.087045213
Round took 0.132693781
Round took 0.095678786
Round took 0.095822066
Round took 0.298073486
Round took 0.093678394
Round took 0.102544362
Round took 0.096241166
Round took 0.106291593
Round took 0.811640904
Round took 0.095133708
Round took 0.078120318
Round took 0.098104714
Round took 0.090161866
Round took 0.306869693
Round took 0.089305611
Round took 0.094527697
Round took 0.079989592
Round took 0.131095417
Round took 0.097903083
Round took 0.085133842
Round took 0.081953674
Round took 0.095011859
Round took 0.085791027
Round took 0.093329279
Round took 0.091986745
Round took 0.10784711
Round took 0.087767873
Round took 0.091174592
Round took 0.127801483
Round took 0.124376035
Round took 0.120183641
Round took 0.103794648
Round took 0.082185335
Round took 0.097695408
Round took 0.0926967
Round took 0.079690039
Round took 0.076663622
Round took 0.299475007
Round took 0.125505762
Round took 0.102406616
Round took 0.090614847
Round took 0.071316578
Round took 0.303346119
Round took 0.091937421
Round took 0.300538996
Round took 0.091227722
Round took 0.090757987
Round took 0.088483746
Round took 0.092480157
Round took 0.318494507
Round took 0.099146338
Round took 0.102045857
Round took 0.093969647
Round took 0.09646745
Round took 0.094518109
Round took 0.094863357
Round took 0.088465029
Round took 0.054095784
Round took 0.08266661
Round took 0.087438724
Round took 0.092133888
Round took 0.081555714
Round took 0.086583702
Round took 0.29803338
Round took 0.084105896
Round took 0.082259344
Round took 0.088109225
Round took 0.094404782
Round took 0.088516849
Round took 0.097434305
Round took 0.091722154
Round took 0.097378673
Round took 0.092116428
Round took 0.087824494
Round took 0.081059988
Round took 0.374239669
Round took 0.082280155
Round took 0.09071408
Round took 0.088676325
Round took 0.083476786
Round took 0.089438556
Round took 0.091942307
Round took 0.144038084
Round took 0.082906774
Round took 0.105096576
Round took 0.294565942
Round took 0.08648234
Round took 0.292449702
Round took 0.084915278
Round took 0.089591727
Round took 0.087204259
Round took 0.303121768
Round took 0.097959703
Round took 0.102585311
Round took 0.096786265
Round took 0.100092364
Round took 0.095529078
Round took 0.095553853
Round took 0.094482487
Round took 0.099319836
Round took 0.30848235
Round took 0.084833334
Round took 0.102659567
Round took 0.07676245
Round took 0.076533767
Round took 0.091544042
Round took 0.0867373
Round took 0.113291142
Round took 0.102677095
Round took 0.298915721
Round took 0.094708506
Round took 0.093862703
Round took 0.09052238
Round took 0.079107196
Round took 0.090714926
Round took 0.093303346
Round took 0.089237378
Round took 0.078815973
Round took 0.092951485
Round took 0.110595653
Round took 0.094494218
Round took 0.800955298
Round took 0.181465168
Round took 0.089420924
Round took 0.308614912
Round took 0.101245547
Test took 398.072042258
Successful: 13076
