Uniform distribution
Round took 0.075191265
Round took 0.102788417
Round took 0.089463253
Round took 0.099178467
Round took 0.102306677
Round took 0.106317881
Round took 0.106685043
Round took 0.094423206
Round took 0.109051317
Round took 0.087610806
Round took 0.08196754
Round took 0.09357915
Round took 0.099491961
Round took 0.077065856
Round took 0.091448475
Round took 0.094031059
Round took 0.089994582
Round took 0.087643675
Round took 0.100530598
Round took 0.087702016
Round took 0.082922951
Round took 0.076915725
Round took 0.1627608
Round took 0.080414762
Round took 0.099655011
Round took 0.087533202
Round took 0.105135219
Round took 0.080240633
Round took 0.093860158
Round took 0.103014548
Round took 0.094134322
Round took 0.071857076
Round took 0.089986325
Round took 0.089128777
Round took 0.10718459
Round took 0.081591832
Round took 0.104589272
Round took 0.103614922
Round took 0.106844725
Round took 0.125699927
Round took 0.115927611
Round took 0.109274459
Round took 0.113587771
Round took 0.12195157
Round took 0.334326714
Round took 0.099091244
Round took 0.107848782
Round took 0.09994992
Round took 0.099432579
Round took 0.116014921
Round took 0.081037306
Round took 0.087431255
Round took 0.29633534
Round took 0.169021168
Round took 0.075176457
Round took 0.096163699
Round took 0.091385243
Round took 0.140266308
Round took 0.084728637
Round took 0.080895533
Round took 0.090244823
Round took 0.102275753
Round took 0.301457265
Round took 0.088906612
Round took 0.105798199
Round took 0.109264844
Round took 0.374579181
Round took 0.084364585
Round took 0.105201941
Round took 0.094082968
Round took 0.082998082
Round took 0.114167498
Round took 0.103849799
Round took 0.117494
Round took 0.148120613
Round took 0.091575571
Round took 0.082786968
Round took 0.152838511
Round took 0.105941238
Round took 0.112729099
Round took 0.108337246
Round took 0.109203791
Round took 0.087956973
Round took 0.087260505
Round took 0.083659658
Round took 0.144796456
Round took 0.077496035
Round took 0.087280016
Round took 0.11330366
Round took 0.105029102
Round took 0.098181545
Round took 0.099205394
Round took 0.092005796
Round took 0.093186192
Round took 0.100380266
Round took 0.084468733
Round took 0.10324536
Round took 0.114426117
Round took 0.371161775
Round took 0.104380165
Round took 0.089362948
Round took 0.309631349
Round took 0.346452897
Round took 0.084974019
Round took 0.080022966
Round took 0.086373213
Round took 0.124851232
Round took 0.088245779
Round took 0.079774295
Round took 0.304909456
Round took 0.089764802
Round took 0.093363557
Round took 0.094023823
Round took 0.181918077
Round took 0.100509865
Round took 0.159273062
Round took 0.119890444
Round took 0.309647601
Round took 0.055490817
Round took 0.090123804
Round took 0.101775157
Round took 0.083645518
Round took 0.228608272
Round took 0.082892195
Round took 0.143430549
Round took 0.297216742
Round took 0.096926088
Round took 0.161127759
Round took 0.086184498
Round took 0.087180205
Round took 0.097303225
Round took 0.105679438
Round took 0.107811327
Round took 0.089657167
Round took 0.090878523
Round took 0.089870444
Round took 0.328071908
Round took 0.131989553
Round took 0.121524477
Round took 0.078495691
Round took 0.091195852
Round took 0.107615207
Round took 0.09071965
Round took 0.341627405
Round took 0.132230066
Round took 0.08336177
Round took 0.108762817
Round took 0.307717618
Round took 0.298744363
Round took 0.091464428
Round took 0.301717259
Round took 0.088944735
Round took 0.085212718
Round took 0.299211113
Round took 0.084905508
Round took 0.088335842
Round took 0.09324285
Round took 0.078824695
Round took 0.286912102
Round took 0.090710339
Round took 0.305378784
Round took 0.104789186
Round took 0.091449817
Round took 0.818320614
Round took 0.086482226
Round took 0.096512424
Round took 0.094417901
Round took 0.804956583
Round took 0.30710963
Round took 0.095549252
Round took 0.083158667
Round took 0.096805277
Round took 0.098120629
Round took 0.089236068
Round took 0.105096558
Round took 0.09613621
Round took 0.090538096
Round took 0.111780334
Round took 0.077985631
Round took 0.102800286
Round took 0.30947693
Round took 0.30540047
Round took 0.094898502
Round took 0.087927197
Round took 0.095889069
Round took 0.310631406
Round took 0.317051911
Round took 0.300389006
Round took 0.089650305
Round took 0.091964316
Round took 0.086562345
Round took 0.080686092
Round took 0.096672384
Round took 0.084887335
Round took 0.304646819
Round took 0.084361678
Round took 0.094039733
Round took 0.090781662
Round took 0.076749071
Round took 0.109739199
Round took 0.108712419
Round took 0.127647137
Round took 0.086892917
Round took 0.08193814
Round took 0.287390892
Round took 0.101440944
Round took 0.127415417
Round took 0.084016794
Round took 0.088875672
Round took 0.082022233
Round took 0.087724321
Round took 0.100969134
Round took 0.818558814
Round took 0.316421054
Round took 0.099605914
Round took 0.32376672
Round took 0.102504262
Round took 0.108310001
Round took 0.106634646
Round took 0.113282688
Round took 0.1080462
Round took 0.100228934
Round took 0.313997131
Round took 0.110667329
Round took 0.102666641
Round took 0.091778197
Round took 0.096551574
Round took 0.108792632
Round took 0.096720941
Round took 0.095591764
Round took 0.093005444
Round took 0.103659862
Round took 0.320591358
Round took 0.097588703
Round took 0.097762161
Round took 0.097044537
Round took 0.098141409
Round took 0.101599156
Round took 0.102396542
Round took 0.101451102
Round took 0.099062046
Round took 0.103361997
Round took 0.107281095
Round took 0.113673715
Round took 0.093809832
Round took 0.107681196
Round took 0.102322414
Round took 0.092892427
Round took 0.09650947
Round took 0.094747241
Round took 0.100979124
Round took 0.090824655
Round took 0.103757798
Round took 0.101182834
Round took 0.097757847
Round took 0.09772526
Round took 0.09668135
Round took 0.32908537
Round took 0.107593868
Round took 0.099269903
Round took 0.322934554
Round took 0.095418973
Round took 0.113385166
Round took 0.101982831
Round took 0.102392301
Round took 1.824375926
Round took 2.327856992
Round took 0.105796514
Round took 0.057152793
Round took 0.099097217
Round took 0.102540483
Round took 0.088195082
Round took 0.302086718
Round took 0.314124406
Round took 0.098337468
Round took 0.332936343
Round took 0.093018882
Round took 0.096477806
Round took 0.093093308
Round took 0.094381607
Round took 0.092984864
Round took 0.10315927
Round took 0.092638115
Round took 0.088571339
Round took 0.100968014
Round took 0.084940332
Round took 0.093884813
Round took 0.091160356
Round took 0.105599121
Round took 0.095861613
Round took 0.093625113
Round took 0.310243459
Round took 0.089976335
Round took 0.086473355
Round took 0.097518131
Round took 0.09697952
Round took 0.092116947
Round took 0.087083243
Round took 0.097599422
Round took 0.102400336
Round took 0.096736554
Round took 1.8130172930000001
Round took 0.091989956
Round took 0.092395462
Round took 0.091162089
Round took 0.090988853
Round took 0.09358061
Round took 0.092696573
Round took 0.09122446
Round took 0.111847925
Round took 0.108823584
Round took 0.098559624
Round took 0.109055787
Round took 0.811414176
Round took 0.091149244
Round took 0.104510484
Round took 0.122217126
Round took 0.091316504
Round took 0.108655374
Round took 0.093560259
Round took 0.092228343
Round took 0.306423255
Round took 0.088689584
Round took 0.083944454
Round took 0.0825281
Round took 0.096564318
Round took 0.093142049
Round took 0.816222442
Round took 0.304108259
Round took 0.087440069
Round took 0.095894132
Round took 0.091194689
Round took 0.09494502
Round took 0.097802792
Round took 0.328027904
Round took 0.10493262
Round took 0.094090773
Round took 1.3268623370000001
Round took 0.124478272
Round took 0.090660441
Round took 0.094135052
Round took 0.100392609
Round took 0.332894074
Round took 0.29839304
Round took 0.084491291
Round took 0.090133723
Round took 0.084283677
Round took 0.11168456
Round took 0.115594357
Round took 0.107008135
Round took 0.090618869
Round took 0.089922369
Round took 0.080644741
Round took 0.085760851
Round took 0.122618696
Round took 0.30512464
Round took 0.087666547
Round took 0.101955841
Round took 0.08941177
Round took 0.086027349
Round took 0.112404796
Round took 0.114984152
Round took 0.091869848
Round took 0.089812632
Round took 0.08549343
Round took 0.157652989
Round took 0.09469479
Round took 0.089542197
Round took 0.092215461
Round took 0.092073069
Round took 0.085046615
Round took 1.845366164
Round took 0.090220913
Round took 0.81396172
Round took 0.092828897
Round took 0.095085202
Round took 0.117929036
Round took 0.085438267
Round took 0.109340536
Round took 0.352160993
Round took 0.094622525
Round took 0.098158741
Round took 0.092282243
Round took 0.092251298
Round took 0.096204997
Round took 0.084813841
Round took 0.094791814
Round took 0.306813415
Round took 0.097212081
Round took 0.087960312
Round took 0.313571302
Round took 0.114138576
Round took 0.08938198
Round took 0.299365386
Round took 0.094428064
Round took 0.106524053
Round took 0.096656853
Round took 0.101901376
Round took 0.09705609
Round took 0.089229181
Round took 0.091097343
Round took 0.125292872
Round took 0.126256042
Round took 0.326147303
Round took 0.108328841
Round took 0.25959071
Round took 0.084022119
Round took 0.300322098
Round took 0.103401949
Round took 0.082807211
Round took 0.161236473
Round took 0.095057173
Round took 0.08855229
Round took 0.32418493
Round took 0.11023882
Round took 0.092599586
Round took 0.090574473
Round took 0.09707661
Round took 0.808419302
Round took 0.093323575
Round took 0.088731757
Round took 0.089161069
Round took 0.08191495
Round took 0.300601137
Round took 0.091911833
Round took 0.090955271
Round took 0.091339642
Round took 0.081850975
Round took 0.095160201
Round took 0.812531236
Round took 0.108857801
Round took 0.099471924
Round took 0.106444221
Round took 0.093212448
Round took 0.090961057
Round took 0.113172233
Round took 0.097091045
Round took 0.097312627
Round took 0.093860375
Round took 0.090280095
Round took 0.08384718
Round took 0.093294633
Round took 0.312499189
Round took 0.092906724
Round took 0.096278199
Round took 0.09841892
Round took 0.305844334
Round took 0.097670324
Round took 0.096469507
Round took 0.091884754
Round took 0.08970438
Round took 0.093418938
Round took 0.326367756
Round took 0.098905776
Round took 0.108018241
Round took 0.336025889
Round took 0.086830199
Round took 0.092573827
Round took 0.085109128
Round took 0.090781817
Round took 0.111739376
Round took 0.298399934
Round took 0.083000431
Round took 0.099274564
Round took 0.162872571
Round took 0.088519255
Round took 0.087016382
Round took 0.094304774
Round took 0.089905046
Round took 0.103294184
Round took 0.09100272
Round took 0.088994566
Round took 0.086543221
Round took 0.050347448
Round took 0.095201584
Round took 0.319085336
Round took 0.802559166
Round took 0.089607703
Round took 0.053989541
Round took 0.106394655
Round took 0.097973466
Round took 0.097107825
Round took 0.091934546
Round took 0.100492671
Round took 0.831535333
Round took 0.379993068
Round took 1.3073799830000001
Round took 0.084156287
Round took 0.531386642
Round took 0.104125209
Round took 0.084646108
Round took 0.095866316
Round took 0.091544459
Round took 0.087079878
Round took 1.313281511
Round took 0.096001742
Round took 0.301195886
Round took 0.308485967
Round took 0.82078145
Round took 0.086421967
Round took 0.096678073
Round took 0.097213575
Round took 0.097825698
Round took 0.103979706
Round took 1.318643125
Round took 0.103511902
Round took 0.308071908
Round took 0.102713094
Round took 0.10114597
Round took 0.101355539
Round took 0.302936108
Round took 0.087152271
Round took 0.08746174
Round took 0.094691007
Round took 0.088760303
Round took 0.082745322
Round took 0.101315282
Round took 0.08204289
Round took 0.079578985
Round took 0.08685578
Round took 0.098294146
Round took 0.095510897
Round took 0.093721879
Round took 0.105211977
Round took 0.110256911
Round took 0.101573018
Round took 0.101276222
Round took 0.309347232
Round took 0.085531601
Round took 0.303640317
Round took 0.092268236
Round took 0.09756449
Round took 0.094164912
Round took 0.104400037
Round took 0.086060477
Round took 0.088663832
Round took 0.101593259
Round took 0.304158172
Round took 0.079439544
Round took 0.102719331
Round took 0.11127045
Round took 0.136063152
Round took 0.094536507
Round took 0.111653487
Round took 0.113504986
Round took 0.317783883
Round took 0.118836227
Round took 0.11888135
Round took 1.329323941
Round took 0.31682456
Round took 0.104876186
Round took 0.314501407
Round took 0.30482483
Round took 0.087515336
Round took 0.087812587
Round took 0.311809541
Round took 0.454437892
Round took 0.819459608
Round took 0.108958965
Round took 0.108322557
Round took 0.102167916
Round took 0.107199502
Round took 0.101725939
Round took 0.117812082
Round took 0.383663268
Round took 0.108848875
Round took 0.312666984
Round took 0.109500276
Round took 0.320614111
Round took 0.112064928
Round took 0.10509412
Round took 0.106353472
Round took 0.0988817
Round took 0.061475178
Round took 0.106915987
Round took 0.323802374
Round took 0.110622274
Round took 0.106113174
Round took 0.105485295
Round took 0.109631615
Round took 0.312536236
Round took 0.056848165
Round took 1.825736108
Round took 0.103348391
Round took 0.097617199
Round took 0.091612427
Round took 0.093856789
Round took 0.093274214
Round took 0.311015799
Round took 0.30927661
Round took 0.090502303
Round took 0.088978358
Round took 0.08738704
Round took 0.103468288
Round took 0.093229435
Round took 0.301149673
Round took 0.089787325
Round took 0.097885349
Round took 0.094887126
Round took 0.809914325
Round took 0.091131421
Round took 0.087837984
Round took 0.087365932
Round took 1.317686368
Round took 0.30186949
Round took 0.090363253
Round took 0.095305399
Round took 0.089106444
Round took 0.100092477
Round took 0.093007585
Round took 0.095612597
Round took 0.800789124
Round took 0.084715453
Round took 1.829556298
Round took 0.116570892
Round took 0.304057344
Round took 0.099194023
Round took 0.088203177
Round took 0.079902755
Round took 0.08723363
Round took 0.094762147
Round took 0.093952918
Round took 0.093230562
Error when reading: read tcp 172.31.54.117:50334->172.31.55.252:7070: read: connection timed out
Error when reading: EOF
Error when reading: EOF
Error when reading: read tcp 172.31.54.117:34506->172.31.63.49:7070: read: connection timed out
Error when reading: EOF
Round took 7.816319938
Error when reading: EOF
Error when reading: EOF
Error when reading: EOF
Error when reading: EOF
Error when reading: EOF
Round took 0.094504898
Error when reading: EOF
Error when reading: EOF
Error when reading: EOF
Error when reading: EOF
Error when reading: EOF
Round took 0.091977785
Error when reading: EOF
Error when reading: EOF
Round took 0.297282098
Error when reading: EOF
Error when reading: EOF
Round took 5.523e-05
Round took 3.885e-06
Round took 3.247e-06
Round took 3.047e-06
Round took 3.036e-06
Round took 8.904e-06
Round took 2.798e-06
Round took 2.723e-06
Round took 2.763e-06
Round took 2.831e-06
Round took 2.726e-06
Round took 2.645e-06
Round took 2.743e-06
Round took 2.631e-06
Round took 3.195e-06
Round took 2.65e-06
Round took 2.685e-06
Round took 2.851e-06
Round took 2.706e-06
Round took 2.58e-06
Round took 2.455e-06
Round took 2.7e-06
Round took 5.682e-06
Round took 2.548e-06
Round took 2.552e-06
Round took 2.559e-06
Round took 2.628e-06
Round took 2.549e-06
Round took 2.501e-06
Round took 2.602e-06
Round took 2.828e-06
Round took 2.43e-06
Round took 2.647e-06
Round took 2.706e-06
Round took 2.692e-06
Round took 2.637e-06
Round took 2.756e-06
Round took 2.456e-06
Round took 7.177e-06
Round took 2.498e-06
Round took 2.577e-06
Round took 2.454e-06
Round took 2.539e-06
Round took 2.51e-06
Round took 2.555e-06
Round took 2.45e-06
Round took 2.451e-06
Round took 2.664e-06
Round took 2.446e-06
Round took 2.648e-06
Round took 2.607e-06
Round took 2.905e-06
Round took 2.663e-06
Round took 2.899e-06
Round took 2.744e-06
Round took 5.865e-06
Round took 2.728e-06
Round took 2.781e-06
Round took 2.562e-06
Round took 2.755e-06
Round took 2.508e-06
Round took 2.616e-06
Round took 2.628e-06
Round took 2.547e-06
Round took 2.484e-06
Round took 1.5645e-05
Round took 2.514e-06
Round took 2.588e-06
Round took 1.0086e-05
Round took 2.548e-06
Round took 2.517e-06
Round took 7.557e-06
Round took 2.484e-06
Round took 2.465e-06
Round took 2.477e-06
Round took 2.491e-06
Round took 2.549e-06
Round took 2.417e-06
Round took 2.557e-06
Round took 2.611e-06
Round took 2.553e-06
Round took 2.576e-06
Round took 2.439e-06
Round took 2.552e-06
Round took 2.885e-06
Round took 2.935e-06
Round took 2.58e-06
Round took 2.647e-06
Round took 6.267e-06
Round took 2.571e-06
Round took 2.598e-06
Round took 2.492e-06
Round took 2.647e-06
Round took 2.601e-06
Round took 2.65e-06
Round took 2.63e-06
Round took 2.773e-06
Round took 2.586e-06
Round took 2.737e-06
Round took 2.483e-06
Round took 2.695e-06
Round took 2.565e-06
Round took 2.676e-06
Round took 2.465e-06
Round took 6.826e-06
Round took 2.499e-06
Round took 2.678e-06
Round took 2.443e-06
Round took 2.601e-06
Round took 2.608e-06
Round took 2.562e-06
Round took 2.602e-06
Round took 2.579e-06
Round took 2.738e-06
Round took 2.46e-06
Round took 2.638e-06
Round took 2.504e-06
Round took 2.643e-06
Round took 2.499e-06
Round took 2.679e-06
Round took 2.535e-06
Round took 5.392e-06
Round took 7.64e-06
Round took 2.659e-06
Round took 2.496e-06
Round took 2.638e-06
Round took 2.685e-06
Round took 2.436e-06
Round took 2.675e-06
Round took 2.624e-06
Round took 2.565e-06
Round took 2.463e-06
Round took 2.757e-06
Round took 7.379e-06
Round took 1.1682e-05
Round took 2.577e-06
Round took 6.182e-06
Round took 1.1469e-05
Round took 2.632e-06
Round took 2.442e-06
Round took 2.521e-06
Round took 2.44e-06
Round took 2.49e-06
Round took 2.552e-06
Round took 2.457e-06
Round took 2.435e-06
Round took 2.6e-06
Round took 2.444e-06
Round took 2.489e-06
Round took 2.56e-06
Round took 2.605e-06
Round took 2.478e-06
Round took 2.486e-06
Round took 2.541e-06
Round took 5.362e-06
Round took 2.532e-06
Round took 2.482e-06
Round took 2.454e-06
Round took 2.495e-06
Round took 2.413e-06
Round took 2.499e-06
Round took 2.496e-06
Round took 2.781e-06
Round took 2.455e-06
Round took 2.486e-06
Round took 2.407e-06
Round took 2.637e-06
Round took 2.414e-06
Round took 2.46e-06
Round took 2.571e-06
Round took 6.613e-06
Round took 2.449e-06
Round took 2.484e-06
Round took 2.473e-06
Round took 2.463e-06
Round took 2.6e-06
Round took 2.454e-06
Round took 2.574e-06
Round took 2.421e-06
Round took 2.578e-06
Round took 2.5e-06
Round took 2.507e-06
Round took 2.563e-06
Round took 2.542e-06
Round took 2.456e-06
Round took 2.488e-06
Round took 2.528e-06
Round took 5.312e-06
Round took 2.52e-06
Round took 2.516e-06
Round took 2.514e-06
Round took 2.573e-06
Round took 2.529e-06
Round took 2.601e-06
Round took 2.533e-06
Round took 2.742e-06
Round took 2.551e-06
Round took 2.536e-06
Round took 2.486e-06
Round took 2.56e-06
Round took 2.481e-06
Round took 1.4806e-05
Round took 2.527e-06
Round took 2.552e-06
Round took 8.057e-06
Round took 2.467e-06
Round took 2.567e-06
Round took 2.551e-06
Round took 2.629e-06
Round took 2.502e-06
Round took 2.503e-06
Round took 2.52e-06
Round took 2.548e-06
Round took 2.445e-06
Round took 2.534e-06
Round took 2.533e-06
Round took 2.515e-06
Round took 2.553e-06
Round took 2.461e-06
Round took 2.503e-06
Round took 5.598e-06
Round took 2.52e-06
Round took 2.597e-06
Round took 2.516e-06
Round took 2.528e-06
Round took 2.451e-06
Round took 2.635e-06
Round took 2.446e-06
Round took 2.689e-06
Round took 2.473e-06
Round took 2.487e-06
Round took 2.459e-06
Round took 2.533e-06
Round took 2.535e-06
Round took 2.489e-06
Round took 2.484e-06
Round took 2.445e-06
Round took 6.321e-06
Round took 2.494e-06
Round took 2.466e-06
Round took 2.518e-06
Round took 2.46e-06
Round took 2.507e-06
Round took 2.46e-06
Round took 2.621e-06
Round took 2.538e-06
Round took 2.461e-06
Round took 2.506e-06
Round took 0.016593248
Round took 4.683e-06
Round took 4.444e-06
Round took 3.184e-06
Round took 3.05e-06
Round took 9.557e-06
Round took 2.833e-06
Round took 2.539e-06
Round took 2.832e-06
Round took 2.882e-06
Round took 3.443e-06
Round took 2.78e-06
Round took 2.862e-06
Round took 2.904e-06
Round took 2.84e-06
Round took 2.8e-06
Round took 2.745e-06
Round took 2.77e-06
Round took 2.766e-06
Round took 2.742e-06
Round took 0.000587766
Round took 2.779e-06
Round took 1.789e-05
Round took 0.001815361
Round took 3.149e-06
Round took 8.92e-06
Round took 2.885e-06
Round took 3.621e-06
Round took 2.579e-06
Round took 2.54e-06
Round took 2.822e-06
Round took 0.000375948
Round took 7.1493e-05
Round took 2.978e-06
Round took 2.894e-06
Round took 2.531e-06
Round took 2.529e-06
Round took 2.475e-06
Round took 0.000229839
Round took 2.577e-06
Round took 3.313e-06
Round took 2.509e-06
Round took 2.822e-06
Round took 2.435e-06
Round took 2.529e-06
Round took 2.506e-06
Round took 2.647e-06
Round took 0.000113782
Round took 3.124e-06
Round took 7.5622e-05
Round took 3.213e-06
Round took 2.553e-06
Round took 2.481e-06
Round took 2.47e-06
Round took 2.556e-06
Round took 1.3835e-05
Round took 9.7249e-05
Round took 2.975e-06
Round took 2.528e-06
Round took 2.737e-06
Round took 2.587e-06
Round took 2.521e-06
Round took 0.000226341
Round took 3.345e-06
Round took 2.513e-06
Round took 2.518e-06
Round took 2.471e-06
Round took 3.307e-06
Round took 2.555e-06
Round took 2.526e-06
Round took 2.523e-06
Round took 7.434e-06
Round took 2.623e-06
Round took 2.51e-06
Round took 3.805e-06
Round took 2.931e-06
Round took 2.624e-06
Round took 2.623e-06
Round took 2.491e-06
Round took 2.795e-06
Round took 2.525e-06
Round took 2.524e-06
Round took 2.623e-06
Round took 2.63e-06
Round took 2.418e-06
Round took 2.456e-06
Round took 2.45e-06
Round took 2.52e-06
Round took 1.2293e-05
Round took 2.817e-06
Round took 7.094e-06
Round took 2.758e-06
Round took 2.639e-06
Round took 5.509e-06
Round took 2.586e-06
Round took 2.489e-06
Round took 2.673e-06
Round took 2.528e-06
Round took 2.515e-06
Round took 2.584e-06
Round took 2.66e-06
Round took 2.471e-06
Round took 2.645e-06
Round took 2.473e-06
Round took 5.896e-06
Round took 2.557e-06
Round took 2.86e-06
Round took 2.558e-06
Round took 2.811e-06
Round took 2.573e-06
Round took 2.559e-06
Round took 2.536e-06
Round took 2.648e-06
Round took 2.507e-06
Round took 2.558e-06
Round took 2.558e-06
Round took 2.593e-06
Round took 2.437e-06
Round took 2.566e-06
Round took 2.604e-06
Round took 2.507e-06
Round took 1.1025e-05
Round took 2.591e-06
Round took 2.95e-06
Round took 2.48e-06
Round took 2.702e-06
Round took 2.461e-06
Round took 2.572e-06
Round took 2.53e-06
Round took 2.612e-06
Round took 2.493e-06
Round took 2.672e-06
Round took 2.475e-06
Round took 2.545e-06
Round took 2.609e-06
Round took 2.499e-06
Round took 2.62e-06
Round took 5.25e-06
Round took 2.485e-06
Round took 2.445e-06
Round took 2.433e-06
Round took 2.578e-06
Round took 2.559e-06
Round took 2.438e-06
Round took 2.481e-06
Round took 2.736e-06
Round took 2.534e-06
Round took 2.516e-06
Round took 2.496e-06
Round took 2.541e-06
Round took 2.595e-06
Round took 2.533e-06
Round took 2.609e-06
Round took 2.442e-06
Round took 6.542e-06
Round took 2.558e-06
Round took 2.535e-06
Round took 4.862e-06
Round took 9.708e-06
Round took 7.853e-06
Round took 2.2951e-05
Round took 1.5511e-05
Round took 3.014e-06
Round took 7.462e-06
Round took 2.768e-06
Round took 2.752e-06
Round took 2.612e-06
Round took 2.495e-06
Round took 2.664e-06
Round took 2.493e-06
Round took 9.276e-06
Round took 2.515e-06
Round took 2.577e-06
Round took 2.432e-06
Round took 2.649e-06
Round took 2.462e-06
Round took 2.531e-06
Round took 2.539e-06
Round took 2.602e-06
Round took 2.469e-06
Round took 2.523e-06
Round took 2.414e-06
Round took 2.537e-06
Round took 2.596e-06
Round took 2.47e-06
Round took 2.464e-06
Round took 2.532e-06
Round took 9.883e-06
Round took 2.54e-06
Round took 2.543e-06
Round took 2.52e-06
Round took 2.557e-06
Round took 2.804e-06
Round took 2.454e-06
Round took 2.51e-06
Round took 2.669e-06
Round took 2.523e-06
Round took 2.582e-06
Round took 2.461e-06
Round took 2.517e-06
Round took 2.449e-06
Round took 2.354e-06
Round took 2.413e-06
Round took 5.209e-06
Round took 2.601e-06
Round took 2.532e-06
Round took 2.494e-06
Round took 2.581e-06
Round took 2.55e-06
Round took 2.469e-06
Round took 2.685e-06
Round took 2.83e-06
Round took 2.56e-06
Round took 2.63e-06
Round took 2.718e-06
Round took 2.565e-06
Round took 2.602e-06
Round took 2.539e-06
Round took 2.578e-06
Round took 2.617e-06
Round took 6.972e-06
Round took 2.554e-06
Round took 2.728e-06
Round took 2.56e-06
Round took 2.627e-06
Round took 2.562e-06
Round took 5.873e-06
Round took 2.687e-06
Round took 2.641e-06
Round took 1.7439e-05
Round took 2.648e-06
Round took 2.518e-06
Round took 2.634e-06
Round took 2.549e-06
Round took 2.498e-06
Round took 2.473e-06
Round took 5.83e-06
Round took 2.636e-06
Round took 2.542e-06
Round took 2.55e-06
Round took 2.653e-06
Round took 2.499e-06
Round took 2.577e-06
Round took 2.473e-06
Round took 2.581e-06
Round took 2.429e-06
Round took 2.507e-06
Round took 2.455e-06
Round took 2.59e-06
Round took 2.641e-06
Round took 2.579e-06
Round took 2.463e-06
Round took 2.537e-06
Round took 8.522e-06
Round took 2.547e-06
Round took 2.472e-06
Round took 2.466e-06
Round took 2.563e-06
Round took 2.64e-06
Round took 2.501e-06
Round took 2.566e-06
Round took 2.544e-06
Round took 2.388e-06
Round took 2.528e-06
Round took 2.717e-06
Round took 2.435e-06
Round took 2.444e-06
Round took 2.91e-06
Round took 2.502e-06
Round took 5.21e-06
Round took 2.191e-06
Round took 2.622e-06
Round took 2.509e-06
Round took 2.495e-06
Round took 2.571e-06
Round took 2.442e-06
Round took 2.441e-06
Round took 2.456e-06
Round took 2.522e-06
Round took 2.434e-06
Round took 2.733e-06
Round took 2.467e-06
Round took 2.38e-06
Round took 2.481e-06
Round took 2.55e-06
Round took 2.7e-06
Round took 6.377e-06
Round took 2.586e-06
Round took 2.582e-06
Round took 2.403e-06
Round took 2.555e-06
Round took 2.464e-06
Round took 2.441e-06
Round took 2.388e-06
Round took 2.524e-06
Round took 1.1576e-05
Round took 4.832e-06
Round took 3.93e-06
Round took 1.19e-05
Round took 2.624e-06
Round took 2.695e-06
Round took 2.532e-06
Round took 8.318e-06
Round took 2.628e-06
Round took 2.5e-06
Round took 2.475e-06
Round took 2.597e-06
Round took 2.437e-06
Round took 2.477e-06
Round took 2.449e-06
Round took 2.492e-06
Round took 2.604e-06
Round took 3.611e-06
Round took 2.55e-06
Round took 2.467e-06
Round took 2.707e-06
Round took 2.438e-06
Round took 2.483e-06
Round took 2.467e-06
Round took 1.307e-05
Round took 2.261e-06
Round took 2.571e-06
Round took 0.000473236
Round took 3.008e-06
Round took 3.094e-06
Round took 2.609e-06
Round took 2.658e-06
Round took 2.838e-06
Round took 8.877e-06
Round took 2.819e-06
Round took 2.569e-06
Round took 2.932e-06
Round took 2.605e-06
Round took 7.94e-06
Round took 2.517e-06
Round took 8.722e-06
Round took 2.533e-06
Round took 0.003740709
Round took 3.658e-06
Round took 8.894e-06
Round took 2.725e-06
Round took 2.564e-05
Round took 2.76e-06
Round took 8.275e-06
Round took 3.4228e-05
Round took 2.763e-06
Round took 2.601e-06
Round took 2.27e-06
Round took 2.842e-06
Round took 2.69e-06
Round took 2.67e-06
Round took 2.641e-06
Round took 1.7454e-05
Round took 2.729e-06
Round took 2.651e-06
Round took 9.112e-06
Round took 2.694e-06
Round took 2.574e-06
Round took 7.669e-06
Round took 2.685e-06
Round took 2.573e-06
Round took 0.000130588
Round took 2.91e-06
Round took 1.2787e-05
Round took 2.714e-06
Round took 2.875e-06
Round took 5.963e-06
Round took 2.501e-06
Round took 6.4629e-05
Round took 2.703e-06
Round took 2.922e-06
Round took 3.0438e-05
Round took 3.134e-06
Round took 2.0889e-05
Round took 2.814e-06
Round took 9.823e-06
Round took 2.853e-06
Round took 2.8405e-05
Round took 2.895e-06
Round took 2.751e-06
Round took 2.527e-06
Round took 2.866e-06
Round took 2.593e-06
Round took 2.635e-06
Round took 2.653e-06
Round took 9.305e-06
Round took 2.56e-06
Round took 7.935e-06
Round took 2.628e-06
Round took 2.689e-06
Round took 2.491e-06
Round took 2.581e-06
Round took 2.615e-06
Round took 2.687e-06
Round took 2.508e-06
Round took 2.535e-06
Round took 2.902e-06
Round took 2.708e-06
Round took 2.629e-06
Round took 2.612e-06
Round took 2.696e-06
Round took 2.7803e-05
Round took 9.073e-06
Round took 2.599e-06
Round took 2.811e-06
Round took 2.542e-06
Round took 2.1071e-05
Round took 2.768e-06
Round took 2.524e-06
Round took 2.821e-06
Round took 2.805e-06
Round took 1.9771e-05
Round took 2.513e-06
Round took 2.663e-06
Round took 2.802e-06
Round took 2.479e-06
Round took 2.541e-06
Round took 2.541e-06
Round took 8.242e-06
Round took 2.686e-06
Round took 2.508e-06
Round took 2.661e-06
Round took 3.4217e-05
Round took 2.806e-06
Round took 2.572e-06
Round took 0.007909288
Round took 3.353e-06
Round took 2.898e-06
Round took 3.855e-06
Round took 2.604e-06
Round took 4.01e-06
Round took 1.3691e-05
Round took 1.2985e-05
Round took 2.988e-06
Round took 6.8086e-05
Round took 2.612e-06
Round took 2.525e-06
Round took 2.625e-06
Round took 2.596e-06
Round took 2.388e-06
Round took 2.622e-06
Round took 2.628e-06
Round took 7.943e-06
Round took 7.0478e-05
Round took 2.941e-06
Round took 2.554e-06
Round took 1.373e-05
Round took 3.066e-06
Round took 2.974e-06
Round took 4.9216e-05
Round took 2.826e-06
Round took 1.0551e-05
Round took 2.88e-06
Round took 2.558e-06
Round took 2.756e-06
Round took 2.487e-06
Round took 2.704e-06
Round took 2.628e-06
Round took 3.664e-06
Round took 2.948e-06
Round took 2.544e-06
Round took 2.707e-06
Round took 2.552e-06
Round took 1.0925e-05
Round took 2.488e-06
Round took 2.617e-06
Round took 2.793e-06
Round took 2.506e-06
Round took 2.663e-06
Round took 2.405e-06
Round took 2.478e-06
Round took 2.57e-06
Round took 2.604e-06
Round took 2.561e-06
Round took 2.514e-06
Round took 7.276e-06
Round took 2.702e-06
Round took 2.519e-06
Round took 2.56e-06
Round took 2.819e-06
Round took 3.135e-06
Round took 2.659e-06
Round took 2.683e-06
Round took 2.841e-06
Round took 2.6921e-05
Round took 2.844e-06
Round took 2.632e-06
Round took 2.552e-06
Round took 2.658e-06
Round took 2.495e-06
Round took 2.542e-06
Round took 2.479e-06
Round took 2.653e-06
Round took 2.66e-06
Round took 2.535e-06
Round took 2.56e-06
Round took 2.664e-06
Round took 2.81e-06
Round took 2.512e-06
Round took 6.166e-06
Round took 2.582e-06
Round took 6.7935e-05
Round took 5.499e-06
Round took 2.541e-06
Round took 2.507e-06
Round took 2.94e-06
Round took 2.545e-06
Round took 2.535e-06
Round took 1.0969e-05
Round took 2.715e-06
Round took 2.479e-06
Round took 2.455e-06
Round took 2.608e-06
Round took 2.2598e-05
Round took 2.84e-06
Round took 2.602e-06
Round took 2.572e-06
Round took 1.9128e-05
Round took 2.513e-06
Round took 2.505e-06
Round took 1.0487e-05
Round took 2.757e-06
Round took 9.336e-06
Round took 1.4867e-05
Round took 2.614e-06
Round took 2.829e-06
Round took 2.804e-06
Round took 2.575e-06
Round took 2.529e-06
Round took 2.747e-06
Round took 2.561e-06
Round took 8.776e-06
Round took 2.565e-06
Round took 2.542e-06
Round took 7.355e-06
Round took 2.1795e-05
Round took 2.606e-06
Round took 2.552e-06
Round took 2.834e-06
Round took 1.3034e-05
Round took 8.98e-06
Round took 2.792e-06
Round took 2.723e-06
Round took 2.613e-06
Round took 2.433e-06
Round took 2.428e-06
Round took 0.003093234
Round took 3.856e-06
Round took 2.745e-06
Round took 2.754e-06
Round took 2.1468e-05
Round took 3.829e-06
Round took 3.057e-06
Round took 2.652e-06
Round took 3.479e-06
Round took 2.584e-06
Round took 2.654e-06
Round took 2.526e-06
Round took 2.84e-06
Round took 3.122e-06
Round took 2.563e-06
Round took 2.649e-06
Round took 2.633e-06
Round took 2.619e-06
Round took 2.55e-06
Round took 1.4224e-05
Round took 2.512e-06
Round took 7.134e-06
Round took 1.6489e-05
Round took 5.165e-06
Round took 2.507e-06
Round took 1.9531e-05
Round took 2.477e-06
Round took 2.497e-06
Round took 2.495e-06
Round took 2.684e-06
Round took 2.834e-06
Round took 2.473e-06
Round took 2.376e-06
Round took 2.687e-06
Round took 8.037e-06
Round took 2.555e-06
Round took 2.45e-06
Round took 0.000154249
Round took 3.022e-06
Round took 2.581e-06
Round took 2.876e-06
Round took 1.5377e-05
Round took 2.622e-06
Round took 2.581e-06
Round took 2.58e-06
Round took 6.87e-06
Round took 2.56e-06
Round took 2.549e-06
Round took 2.453e-06
Round took 2.665e-06
Round took 2.595e-06
Round took 2.0804e-05
Round took 2.638e-06
Round took 2.6164e-05
Round took 5.5502e-05
Round took 2.956e-06
Round took 3.965e-05
Round took 2.556e-06
Round took 2.713e-06
Round took 2.656e-06
Round took 0.001228824
Round took 2.7e-06
Round took 2.861e-06
Round took 2.707e-06
Round took 2.491e-06
Round took 3.233e-06
Round took 2.66e-06
Round took 2.531e-06
Round took 2.543e-06
Round took 2.638e-06
Round took 1.0794e-05
Round took 2.645e-06
Round took 2.354e-06
Round took 2.392e-06
Round took 2.6e-06
Round took 2.563e-06
Round took 2.601e-06
Round took 2.515e-06
Round took 2.627e-06
Round took 2.446e-06
Round took 2.462e-06
Round took 2.56e-06
Round took 2.645e-06
Round took 2.451e-06
Round took 2.657e-06
Round took 2.472e-06
Round took 2.531e-06
Round took 5.781e-06
Round took 2.438e-06
Round took 2.553e-06
Round took 8.218e-06
Round took 3.012e-06
Round took 2.538e-06
Round took 4.974e-06
Round took 2.53e-06
Round took 3.4281e-05
Round took 2.516e-06
Round took 2.573e-06
Round took 2.546e-06
Round took 2.595e-06
Round took 2.425e-06
Round took 2.475e-06
Round took 2.491e-06
Round took 1.9488e-05
Round took 2.5e-06
Round took 2.55e-06
Round took 2.225e-06
Round took 2.602e-06
Round took 2.429e-06
Round took 2.522e-06
Round took 2.474e-06
Round took 2.573e-06
Round took 2.635e-06
Round took 2.42e-06
Round took 2.291e-06
Round took 2.498e-06
Round took 2.471e-06
Round took 2.314e-06
Round took 2.68e-06
Round took 2.544e-06
Round took 5.51e-06
Round took 2.601e-06
Round took 2.488e-06
Round took 2.516e-06
Round took 2.645e-06
Round took 2.46e-06
Round took 2.563e-06
Round took 2.595e-06
Round took 2.669e-06
Round took 2.408e-06
Round took 2.218e-06
Round took 2.446e-06
Round took 2.42e-06
Round took 2.453e-06
Round took 2.449e-06
Round took 2.496e-06
Round took 6.364e-06
Round took 2.469e-06
Round took 2.498e-06
Round took 2.476e-06
Round took 2.607e-06
Round took 2.447e-06
Round took 2.381e-06
Round took 2.161e-06
Round took 2.567e-06
Round took 2.514e-06
Round took 2.457e-06
Round took 2.501e-06
Round took 2.502e-06
Round took 2.603e-06
Round took 2.517e-06
Round took 2.5e-06
Round took 2.43e-06
Round took 4.934e-06
Round took 2.588e-06
Round took 2.56e-06
Round took 2.356e-06
Round took 2.52e-06
Round took 1.6354e-05
Round took 6.079e-06
Round took 2.605e-06
Round took 4.809e-06
Round took 2.623e-06
Round took 2.563e-06
Round took 2.755e-06
Round took 2.337e-06
Round took 2.461e-06
Round took 2.438e-06
Round took 2.479e-06
Round took 9.005e-06
Round took 2.479e-06
Round took 2.51e-06
Round took 2.422e-06
Round took 2.535e-06
Round took 2.449e-06
Round took 2.433e-06
Round took 2.405e-06
Round took 2.584e-06
Round took 2.466e-06
Round took 2.515e-06
Round took 2.532e-06
Round took 2.643e-06
Round took 2.637e-06
Round took 2.466e-06
Round took 2.483e-06
Round took 2.46e-06
Round took 5.165e-06
Round took 2.489e-06
Round took 2.499e-06
Round took 2.492e-06
Round took 2.563e-06
Round took 2.467e-06
Round took 2.576e-06
Round took 2.494e-06
Round took 2.646e-06
Round took 2.49e-06
Round took 2.49e-06
Round took 2.523e-06
Round took 2.554e-06
Round took 2.464e-06
Round took 2.456e-06
Round took 2.467e-06
Round took 6.218e-06
Round took 2.48e-06
Round took 2.464e-06
Round took 2.493e-06
Round took 2.554e-06
Round took 2.487e-06
Round took 2.401e-06
Round took 2.502e-06
Round took 2.483e-06
Round took 2.503e-06
Round took 2.458e-06
Round took 2.498e-06
Round took 2.472e-06
Round took 2.491e-06
Round took 2.443e-06
Round took 2.553e-06
Round took 2.475e-06
Round took 5.032e-06
Round took 2.373e-06
Round took 2.464e-06
Round took 2.429e-06
Round took 2.547e-06
Round took 2.428e-06
Round took 2.448e-06
Round took 2.499e-06
Round took 4.63e-06
Round took 2.56e-06
Round took 2.49e-06
Round took 4.578e-06
Round took 2.492e-06
Round took 2.448e-06
Round took 2.485e-06
Round took 2.405e-06
Round took 6.184e-06
Round took 2.446e-06
Round took 2.461e-06
Round took 2.48e-06
Round took 2.518e-06
Round took 2.438e-06
Round took 2.519e-06
Round took 2.47e-06
Round took 2.494e-06
Round took 2.429e-06
Round took 2.496e-06
Round took 2.45e-06
Round took 2.487e-06
Round took 2.484e-06
Round took 2.454e-06
Round took 2.495e-06
Round took 2.536e-06
Round took 5.492e-06
Round took 2.503e-06
Round took 2.496e-06
Round took 2.462e-06
Round took 2.569e-06
Round took 2.444e-06
Round took 2.485e-06
Round took 4.126e-06
Round took 3.266e-06
Round took 2.849e-06
Round took 1.7592e-05
Round took 2.698e-06
Round took 2.703e-06
Round took 2.737e-06
Round took 3.226e-06
Round took 2.617e-06
Round took 1.244e-05
Round took 2.506e-06
Round took 2.594e-06
Round took 2.605e-06
Round took 2.564e-06
Round took 2.429e-06
Round took 2.525e-06
Round took 2.458e-06
Round took 2.585e-06
Round took 3.707e-06
Round took 2.581e-06
Round took 2.568e-06
Round took 2.567e-06
Round took 2.558e-06
Round took 2.535e-06
Round took 2.467e-06
Round took 2.496e-06
Round took 7.034e-06
Round took 2.49e-06
Round took 2.617e-06
Round took 2.5854e-05
Round took 2.801e-06
Round took 2.494e-06
Round took 2.557e-06
Round took 2.605e-06
Round took 2.632e-06
Round took 2.518e-06
Round took 6.79e-06
Round took 4.953e-06
Round took 2.718e-06
Round took 5.519e-06
Round took 2.472e-06
Round took 2.5e-06
Round took 0.000129472
Round took 2.647e-06
Round took 2.605e-06
Round took 2.606e-06
Round took 2.846e-06
Round took 2.659e-06
Round took 2.555e-06
Round took 2.672e-06
Round took 2.467e-06
Round took 2.534e-06
Round took 2.494e-06
Round took 2.523e-06
Round took 2.49e-06
Round took 2.492e-06
Round took 2.609e-06
Round took 2.494e-06
Round took 2.551e-06
Round took 6.607e-06
Round took 2.507e-06
Round took 2.481e-06
Round took 2.492e-06
Round took 2.579e-06
Round took 2.474e-06
Round took 2.579e-06
Round took 2.482e-06
Round took 2.687e-06
Round took 2.495e-06
Round took 2.534e-06
Round took 2.588e-06
Round took 2.681e-06
Round took 2.562e-06
Round took 2.879e-06
Round took 2.569e-06
Round took 8.878e-06
Round took 2.715e-06
Round took 2.516e-06
Round took 2.486e-06
Round took 2.511e-06
Round took 2.486e-06
Round took 2.572e-06
Round took 2.476e-06
Round took 2.484e-06
Round took 2.64e-06
Round took 2.479e-06
Round took 2.614e-06
Round took 2.576e-06
Round took 2.578e-06
Round took 2.531e-06
Round took 2.498e-06
Round took 2.525e-06
Round took 5.67e-06
Round took 2.637e-06
Round took 2.478e-06
Round took 2.466e-06
Round took 2.568e-06
Round took 2.565e-06
Round took 2.477e-06
Round took 2.518e-06
Round took 2.659e-06
Round took 2.466e-06
Round took 2.453e-06
Round took 2.467e-06
Round took 1.6212e-05
Round took 2.489e-06
Round took 2.504e-06
Round took 5.957e-06
Round took 6.74e-06
Round took 2.505e-06
Round took 2.457e-06
Round took 2.52e-06
Round took 2.423e-06
Round took 2.453e-06
Round took 2.449e-06
Round took 2.54e-06
Round took 2.512e-06
Round took 2.531e-06
Round took 2.5e-06
Round took 2.504e-06
Round took 2.426e-06
Round took 2.533e-06
Round took 2.468e-06
Round took 2.491e-06
Round took 2.423e-06
Round took 5.411e-06
Round took 2.481e-06
Round took 2.49e-06
Round took 2.452e-06
Round took 2.51e-06
Round took 2.449e-06
Round took 2.491e-06
Round took 2.44e-06
Round took 2.989e-06
Round took 2.461e-06
Round took 2.6e-06
Round took 2.512e-06
Round took 2.6e-06
Round took 2.438e-06
Round took 2.52e-06
Round took 2.512e-06
Round took 6.388e-06
Round took 2.443e-06
Round took 2.447e-06
Round took 2.424e-06
Round took 2.487e-06
Round took 2.528e-06
Round took 2.545e-06
Round took 2.417e-06
Round took 2.421e-06
Round took 2.635e-06
Round took 2.564e-06
Round took 2.525e-06
Round took 2.436e-06
Round took 2.538e-06
Round took 2.502e-06
Round took 2.451e-06
Round took 2.417e-06
Round took 5.361e-06
Round took 2.492e-06
Round took 2.403e-06
Round took 2.396e-06
Round took 2.561e-06
Round took 2.526e-06
Round took 2.522e-06
Round took 2.442e-06
Round took 2.555e-06
Round took 2.429e-06
Round took 2.387e-06
Round took 2.536e-06
Round took 2.536e-06
Round took 2.497e-06
Round took 4.53e-06
Round took 5.855e-06
Round took 2.586e-06
Round took 4.635e-06
Round took 2.48e-06
Round took 2.506e-06
Round took 2.519e-06
Round took 2.522e-06
Round took 2.462e-06
Round took 2.597e-06
Round took 2.418e-06
Round took 2.721e-06
Round took 2.47e-06
Round took 2.561e-06
Round took 2.509e-06
Round took 2.699e-06
Round took 2.43e-06
Round took 2.565e-06
Round took 2.419e-06
Round took 5.622e-06
Round took 2.467e-06
Round took 2.621e-06
Round took 2.488e-06
Round took 2.601e-06
Round took 2.58e-06
Round took 2.48e-06
Round took 2.465e-06
Round took 2.693e-06
Round took 2.422e-06
Round took 2.589e-06
Round took 2.64e-06
Round took 2.596e-06
Round took 2.508e-06
Round took 2.465e-06
Round took 2.593e-06
Round took 2.536e-06
Round took 6.489e-06
Round took 2.537e-06
Round took 2.542e-06
Round took 2.512e-06
Round took 2.507e-06
Round took 2.449e-06
Round took 2.43e-06
Round took 2.467e-06
Round took 2.668e-06
Round took 2.539e-06
Round took 2.48e-06
Round took 2.515e-06
Round took 2.528e-06
Round took 2.459e-06
Round took 2.443e-06
Round took 2.612e-06
Round took 7.53e-06
Round took 2.513e-06
Round took 2.456e-06
Round took 2.51e-06
Round took 2.479e-06
Round took 0.000136191
Round took 2.678e-06
Round took 2.574e-06
Round took 2.928e-06
Round took 2.567e-06
Round took 2.528e-06
Round took 2.461e-06
Round took 2.546e-06
Round took 3.9311e-05
Round took 2.541e-06
Round took 2.626e-06
Round took 2.464e-06
Round took 1.3117e-05
Round took 2.528e-06
Round took 2.519e-06
Round took 4.822e-06
Round took 2.586e-06
Round took 2.508e-06
Round took 2.451e-06
Round took 2.46e-06
Round took 2.503e-06
Round took 3.177e-06
Round took 2.498e-06
Round took 2.455e-06
Round took 2.605e-06
Round took 2.476e-06
Round took 2.463e-06
Round took 2.586e-06
Round took 6.299e-06
Round took 2.514e-06
Round took 2.557e-06
Round took 2.471e-06
Round took 2.645e-06
Round took 2.439e-06
Round took 2.459e-06
Round took 2.451e-06
Round took 5.402e-05
Round took 2.653e-06
Round took 2.517e-06
Round took 2.609e-06
Round took 2.562e-06
Round took 2.473e-06
Round took 2.446e-06
Round took 2.53e-06
Round took 2.494e-06
Round took 8.2e-06
Round took 3.0522e-05
Round took 2.599e-06
Round took 2.523e-06
Round took 2.862e-06
Round took 2.452e-06
Round took 2.499e-06
Round took 2.576e-06
Round took 2.547e-06
Round took 2.447e-06
Round took 2.536e-06
Round took 2.456e-06
Round took 2.6e-06
Round took 2.5e-06
Round took 2.44e-06
Round took 2.594e-06
Round took 6.04e-06
Round took 2.3858e-05
Round took 2.645e-06
Round took 2.566e-06
Round took 2.642e-06
Round took 2.467e-06
Round took 2.485e-06
Round took 2.481e-06
Round took 2.694e-06
Round took 2.495e-06
Round took 2.472e-06
Round took 2.52e-06
Round took 2.631e-06
Round took 2.518e-06
Round took 2.576e-06
Round took 2.496e-06
Round took 2.551e-06
Round took 7.3342e-05
Round took 3.306e-06
Round took 6.531e-06
Round took 1.3038e-05
Round took 2.766e-06
Round took 2.1536e-05
Round took 2.93e-06
Round took 2.64e-06
Round took 2.715e-06
Round took 2.451e-06
Round took 2.48e-06
Round took 2.509e-06
Round took 2.499e-06
Test took 116.236369364
Successful: 6242
