Uniform distribution
Round took 0.133573689
Round took 0.088075989
Round took 0.092190478
Round took 0.088450255
Round took 0.09926406
Round took 0.097335036
Round took 0.092007964
Round took 0.090218283
Round took 0.103783768
Round took 0.068499779
Round took 0.085293805
Round took 0.065124113
Round took 0.095001219
Round took 0.115698732
Round took 0.083998102
Round took 0.318592413
Round took 0.109070756
Round took 0.087886533
Round took 0.176635242
Round took 0.092246389
Round took 0.091193743
Round took 0.091413457
Round took 0.088086635
Round took 0.125779916
Round took 0.082389573
Round took 0.31231802
Round took 0.106871055
Round took 0.120801861
Round took 0.104645041
Round took 0.093674133
Round took 0.100373841
Round took 0.831884371
Round took 0.303000304
Round took 0.094235083
Round took 0.092526841
Round took 0.088570754
Round took 0.085457421
Round took 0.078682158
Round took 0.091728138
Round took 0.081915129
Round took 0.098442558
Round took 0.090056164
Round took 0.087032324
Round took 0.076266729
Round took 0.084328922
Round took 0.089614177
Round took 0.829128251
Round took 0.098241299
Round took 0.104328458
Round took 0.306391728
Round took 0.192129533
Round took 0.115417396
Round took 0.120742655
Round took 0.086341084
Round took 0.088721242
Round took 0.114915079
Round took 0.104152527
Round took 0.094475456
Round took 0.104193523
Round took 0.305459432
Round took 0.336820583
Round took 0.339269852
Round took 0.117354577
Round took 0.100937505
Round took 0.103265545
Round took 0.096529897
Round took 0.105950893
Round took 0.093730226
Round took 0.09053517
Round took 0.108374766
Round took 0.129815759
Round took 0.153773396
Round took 0.091048977
Round took 0.116263968
Round took 0.085481911
Round took 0.316502683
Round took 0.321547436
Round took 0.085717374
Round took 0.108591928
Round took 0.100502638
Round took 0.112143429
Round took 0.102645418
Round took 0.079162167
Round took 0.112022263
Round took 0.098128647
Round took 0.123535157
Round took 0.305451852
Round took 0.098229524
Round took 0.118144799
Round took 0.172919509
Round took 0.331081508
Round took 0.319320704
Round took 0.100832534
Round took 0.10526549
Round took 0.223742944
Round took 1.320685465
Round took 0.309628537
Round took 0.108192045
Round took 0.117762218
Round took 0.096472339
Round took 0.09645335
Round took 0.099218048
Round took 0.312368387
Round took 0.12738885
Round took 0.099933526
Round took 0.093737704
Round took 2.325206059
Round took 0.825959
Round took 0.093405376
Round took 0.085351875
Round took 0.092965794
Round took 0.116687198
Round took 0.097971882
Round took 0.135300218
Round took 0.094087234
Round took 0.131988957
Round took 0.086750133
Round took 0.372937743
Round took 0.086703585
Round took 0.083012651
Round took 0.092093125
Round took 0.079459769
Round took 0.084976706
Round took 0.078075363
Round took 0.082575697
Round took 0.092850707
Round took 0.087571889
Round took 0.148109955
Round took 0.115891558
Round took 0.094808735
Round took 0.089634514
Round took 0.084164341
Round took 0.086817542
Round took 0.123925871
Round took 0.115027525
Round took 0.121092929
Round took 3.838521102
Round took 0.099370499
Round took 0.100534728
Round took 0.103130162
Round took 0.105124607
Round took 0.107331873
Round took 0.098479841
Round took 0.322802998
Round took 0.814206422
Round took 0.099597674
Round took 0.097439614
Round took 0.098802638
Round took 0.097623987
Round took 0.094915534
Round took 0.090748387
Round took 0.103058328
Round took 0.094182119
Round took 1.324505622
Round took 0.310340543
Round took 0.102847807
Round took 0.099010737
Round took 0.103616937
Round took 0.30719922
Round took 0.409841959
Round took 0.101585727
Round took 0.107051786
Round took 0.107973437
Round took 0.098498563
Round took 0.113186303
Round took 0.104982342
Round took 0.504635396
Round took 0.100394749
Round took 0.094918256
Round took 0.100119607
Round took 0.312812799
Round took 0.100855078
Round took 0.057371912
Round took 0.10062542
Round took 0.096268587
Round took 0.09576233
Round took 0.102901231
Round took 0.097627609
Round took 0.098513122
Round took 0.095484263
Round took 0.101110522
Round took 0.09234468
Round took 0.309996533
Round took 1.318726044
Round took 0.312209035
Round took 0.098035808
Round took 0.090387956
Round took 0.090965435
Round took 0.310276068
Round took 0.300517729
Round took 0.088564549
Round took 0.092705383
Round took 0.094696311
Round took 0.092883278
Round took 0.090962165
Round took 0.093076484
Round took 0.091323779
Round took 0.102618492
Round took 0.087007277
Round took 0.089833481
Round took 0.091144099
Round took 0.090398148
Round took 0.094058446
Round took 0.093542851
Round took 1.817286218
Round took 0.094073646
Round took 0.092244552
Round took 0.825707036
Round took 0.103670102
Round took 0.090518204
Round took 0.300980394
Round took 0.087846958
Round took 0.085449479
Round took 0.092585424
Round took 0.086919084
Round took 0.301883049
Round took 0.093571558
Round took 0.81154295
Round took 0.306801729
Round took 0.147197176
Round took 0.309452039
Round took 0.115292039
Round took 0.109686414
Round took 0.102260157
Round took 0.099559781
Round took 0.090965578
Round took 0.092074086
Round took 0.090889702
Round took 0.091342025
Round took 0.309556983
Round took 0.086922355
Round took 0.803280329
Round took 0.099729249
Round took 0.090330142
Round took 0.308486465
Round took 0.095482161
Round took 0.088077251
Round took 0.082332858
Round took 0.092656179
Round took 0.094307223
Round took 0.112865193
Round took 0.085501417
Round took 0.125733386
Round took 0.138605896
Round took 0.334880497
Round took 0.074334837
Round took 0.096847586
Round took 0.108145613
Round took 0.306265593
Round took 0.116818227
Round took 0.314193349
Round took 0.29847216
Round took 0.083795389
Round took 0.089321376
Round took 0.312271762
Round took 0.090004973
Round took 0.816630598
Round took 0.298723802
Round took 0.093259427
Round took 0.088249841
Round took 0.091799687
Round took 0.090114638
Round took 0.086421519
Round took 0.331223601
Round took 0.090829461
Round took 0.110521617
Round took 0.546564809
Round took 0.089430127
Round took 0.071052651
Round took 0.337613099
Round took 0.104426647
Round took 1.810031401
Round took 0.095830871
Round took 0.095949346
Round took 0.309944241
Round took 0.088430179
Round took 0.31294134
Round took 0.301263965
Round took 0.090010929
Round took 1.31749667
Round took 0.096207478
Round took 0.365403365
Round took 0.090352512
Round took 0.098797299
Round took 0.309515346
Round took 0.096089776
Round took 0.081992767
Round took 0.097239158
Round took 0.097911483
Round took 0.082904789
Round took 0.103620611
Round took 0.085104696
Round took 0.088728625
Round took 0.107521757
Round took 0.106235195
Round took 0.092761435
Round took 0.098124779
Round took 0.096043866
Round took 0.104240862
Round took 0.312922451
Round took 0.089888114
Round took 0.094381808
Round took 0.092417872
Round took 0.09192233
Round took 0.119510116
Round took 0.093031614
Round took 0.0923773
Round took 0.100878419
Round took 0.095508207
Round took 0.085013658
Round took 0.087173257
Round took 0.093347748
Round took 0.094052107
Round took 0.08560105
Round took 0.058420967
Round took 0.105044751
Round took 0.798628826
Round took 0.318573543
Round took 0.081885652
Round took 0.0887238
Round took 0.094058427
Round took 0.10644417
Round took 0.100475537
Round took 0.092423294
Round took 0.308349417
Round took 0.096287767
Round took 0.090417239
Round took 0.808808503
Round took 0.100702734
Round took 0.099879031
Round took 0.106532906
Round took 0.092511421
Round took 0.293670929
Round took 0.094580195
Round took 0.087872592
Round took 0.091633797
Round took 0.090190891
Round took 0.099794904
Round took 0.094514601
Round took 1.306152714
Round took 0.085824955
Round took 0.076501229
Round took 0.099990211
Round took 0.089002058
Round took 0.327440612
Round took 0.29969134
Round took 0.309706617
Round took 0.109092672
Round took 0.096696058
Round took 0.305511965
Round took 0.303172272
Round took 0.088676196
Round took 0.089714017
Round took 0.306731298
Round took 0.099580231
Round took 0.087967952
Round took 0.092084581
Round took 0.306881229
Round took 0.089037385
Round took 0.086476236
Round took 0.088816355
Round took 0.088365035
Round took 0.090828838
Round took 0.101206006
Round took 0.096482487
Round took 0.095696438
Round took 0.092645041
Round took 0.08726602
Round took 0.087212522
Round took 0.088189154
Round took 0.091668969
Round took 0.113642499
Round took 0.116062755
Round took 0.098767508
Round took 0.094673905
Round took 0.094208392
Round took 0.086022206
Round took 0.093607973
Round took 0.091866096
Round took 0.30274973
Round took 0.086340192
Round took 0.10252758
Round took 0.121234841
Round took 0.108947521
Round took 0.100069127
Round took 0.115682855
Round took 0.098259871
Round took 0.091956203
Round took 0.089473962
Round took 0.093599214
Round took 0.095746064
Round took 0.146637285
Round took 0.082890192
Round took 0.089535888
Round took 0.093486235
Round took 0.095885399
Round took 0.089563441
Round took 0.096415232
Round took 0.304103997
Round took 0.309172232
Round took 0.80627563
Round took 0.35387268
Round took 0.099897866
Round took 0.809976258
Round took 0.091498836
Round took 0.082154461
Round took 0.094630768
Round took 0.088882101
Round took 0.306360133
Round took 0.087234863
Round took 0.083190331
Round took 0.097943049
Round took 0.100504521
Round took 0.816042226
Round took 0.094482856
Round took 0.091882914
Round took 0.086737459
Round took 0.081825506
Round took 0.087312984
Round took 0.110696061
Round took 0.077739775
Round took 0.101908016
Round took 0.08298074
Round took 0.086437717
Round took 0.085077844
Round took 0.086881583
Round took 0.099033526
Round took 0.096056436
Round took 0.31111867
Round took 0.094706774
Round took 0.098313459
Round took 0.097160573
Round took 0.085287475
Round took 0.092320012
Round took 0.101804408
Round took 0.082489169
Round took 0.095565288
Round took 0.091840667
Round took 0.087628849
Round took 0.089702244
Round took 0.111203239
Round took 0.093467701
Round took 0.094885582
Round took 0.300964928
Round took 0.305818481
Round took 0.095005555
Round took 0.128421759
Round took 0.110008166
Round took 0.094585044
Round took 0.092684898
Round took 0.315524895
Round took 0.109829094
Round took 0.11759933
Round took 0.315465597
Round took 0.360007213
Round took 0.099422995
Round took 0.120011579
Round took 0.108352714
Round took 0.323127294
Round took 0.312491691
Round took 0.102919483
Round took 0.098042996
Round took 1.312316072
Round took 0.318807065
Round took 0.11584677
Round took 0.112107113
Round took 0.313626654
Round took 0.111532758
Round took 0.101356323
Round took 0.108603912
Round took 0.107449771
Round took 0.108232604
Round took 0.109114482
Round took 0.110389495
Round took 0.108111651
Round took 0.117226743
Round took 0.112224349
Round took 0.113253379
Round took 0.107088721
Round took 0.107705097
Round took 0.107206339
Round took 0.103030572
Round took 0.813351418
Round took 0.105689222
Round took 0.100074948
Round took 0.315446481
Round took 0.815538495
Round took 0.098823887
Round took 0.528334215
Round took 0.095226036
Round took 0.099486177
Round took 0.094952211
Round took 0.093851204
Round took 0.090785653
Round took 0.095487155
Round took 0.093633348
Round took 0.308207197
Round took 0.098998804
Round took 0.311645371
Round took 1.313029292
Round took 0.084768141
Round took 0.090564408
Round took 0.312271024
Round took 0.094167994
Round took 0.092360446
Round took 0.093976151
Round took 0.300500661
Round took 1.315435675
Round took 0.088139783
Round took 0.311819881
Round took 0.095542399
Round took 0.086525814
Round took 0.098037393
Round took 0.102563115
Round took 0.097453158
Round took 0.091922293
Round took 0.094066909
Round took 0.317774189
Round took 0.086219561
Round took 0.099524041
Round took 0.305018297
Round took 0.807258642
Round took 0.101746206
Round took 0.097354179
Round took 0.541082492
Round took 0.091937724
Round took 0.100859868
Round took 0.295839942
Round took 0.080580794
Round took 0.140707957
Round took 0.098308452
Round took 3.328779577
Round took 0.097670707
Round took 1.833027918
Round took 3.835026663
Round took 0.08733616
Round took 0.091279458
Round took 0.10670407
Round took 0.096761487
Round took 0.087017274
Round took 0.093548037
Round took 0.093858475
Round took 0.086746966
Round took 0.08875478
Round took 0.093128261
Round took 0.090668092
Round took 0.085622659
Round took 0.805536835
Round took 0.085263266
Round took 1.3139747609999999
Round took 0.303358635
Round took 0.301397213
Round took 0.089997057
Round took 0.083686763
Round took 0.094197892
Round took 0.099102047
Round took 0.086648242
Round took 0.091894386
Round took 0.093751265
Round took 0.317067176
Round took 0.099438125
Round took 0.805652498
Round took 0.095207563
Round took 0.076283098
Round took 0.094577901
Round took 0.088744625
Round took 0.100486301
Round took 0.086785397
Round took 0.092213786
Round took 0.087962547
Round took 0.091496154
Round took 0.093150825
Round took 1.8217544289999998
Round took 0.099380894
Round took 0.097723229
Round took 0.101729546
Round took 0.091975435
Round took 0.330993996
Round took 0.089752102
Round took 0.091182988
Round took 0.099664051
Round took 0.090061212
Round took 0.088348046
Round took 0.096476077
Round took 0.09765829
Round took 0.095522068
Round took 0.085284591
Round took 0.092524184
Round took 0.091375587
Round took 0.087747021
Round took 0.087036629
Round took 0.08520641
Round took 0.090409724
Round took 0.155596935
Round took 0.122859486
Round took 0.092304564
Round took 0.121622975
Round took 0.086164643
Round took 0.097900016
Round took 0.085235664
Round took 0.091155184
Round took 0.087648416
Round took 0.304215908
Round took 0.093274954
Round took 0.099331502
Round took 0.105886743
Round took 0.319065649
Round took 0.100113462
Round took 0.098779769
Round took 0.084996764
Round took 0.084380384
Round took 0.094724032
Round took 0.100812504
Round took 0.090464483
Round took 0.085505123
Round took 0.075475038
Round took 0.093716981
Round took 0.092788347
Round took 0.111061829
Round took 0.107337742
Round took 0.094963143
Round took 0.092125161
Round took 0.09309999
Round took 0.096019715
Round took 0.094850431
Round took 0.306319519
Round took 0.403945245
Round took 0.093912828
Round took 0.090537187
Round took 0.09218644
Round took 0.10105693
Round took 0.108744316
Round took 0.107686505
Round took 0.104601736
Round took 0.103286042
Round took 0.107026921
Round took 0.309026633
Round took 0.110257108
Round took 0.097299856
Round took 0.092623713
Round took 0.375604722
Round took 0.084082232
Round took 0.087458168
Round took 0.086826272
Round took 0.090800065
Round took 0.09347888
Round took 0.105044538
Round took 0.805988471
Round took 0.10963917
Round took 0.107157686
Round took 0.098702951
Round took 0.085308046
Round took 0.098711504
Round took 0.304783565
Round took 0.435426095
Round took 0.125734078
Round took 0.089256802
Round took 1.319327921
Round took 0.095828956
Round took 0.08790693
Round took 0.086442999
Round took 0.318666396
Round took 0.31005293
Round took 0.093070272
Round took 0.077755527
Round took 0.097294754
Round took 0.30581341
Round took 0.09141639
Round took 0.096827028
Round took 0.295314146
Round took 0.094031814
Round took 0.325860647
Round took 0.300948512
Round took 0.812452909
Round took 0.095320267
Round took 0.101403774
Round took 0.10072936
Round took 0.352800781
Round took 0.096607142
Round took 0.092720126
Round took 0.304403508
Round took 0.082564159
Round took 0.088524677
Round took 0.090759495
Round took 0.084754124
Round took 0.097761722
Round took 0.089862315
Round took 0.307135624
Round took 0.085114236
Round took 0.092450988
Round took 0.102633229
Round took 0.084710694
Round took 0.083278895
Round took 0.092591563
Round took 0.089478358
Round took 0.100582243
Round took 0.090263676
Round took 0.092513572
Round took 0.104915638
Round took 0.091097627
Round took 0.305506774
Round took 0.091775238
Round took 0.318161889
Round took 0.161628295
Round took 0.812075356
Round took 0.080993197
Round took 0.090897806
Round took 0.094305526
Round took 0.102908906
Round took 0.30570271
Round took 0.085191227
Round took 0.103883276
Round took 0.08652655
Round took 0.086432729
Round took 0.808345299
Round took 0.09640974
Round took 0.090431423
Round took 0.328124882
Round took 0.120559317
Round took 0.090704775
Round took 0.318829669
Round took 0.310238628
Round took 0.104162885
Round took 0.336712083
Round took 0.648241005
Round took 0.111814596
Round took 0.849846088
Round took 0.316742
Round took 0.101967639
Round took 0.323281082
Round took 0.102615629
Round took 0.092865548
Round took 0.317762265
Round took 0.101226888
Round took 0.102517887
Round took 0.106407265
Round took 0.320386859
Round took 0.103610258
Round took 1.818570155
Round took 0.095526751
Round took 0.317180996
Round took 0.102052295
Round took 0.097603872
Round took 0.106955976
Round took 0.097797405
Round took 0.103386836
Round took 0.105221384
Round took 0.112850538
Round took 0.103366882
Round took 2.334065965
Round took 0.099526106
Round took 0.096496097
Round took 0.097597001
Round took 0.091727824
Round took 0.093656645
Round took 0.096737556
Round took 0.090399044
Round took 0.100075602
Round took 0.101997391
Round took 0.105390841
Round took 0.111042703
Round took 0.099444905
Round took 0.310018491
Round took 0.092938096
Round took 0.087040106
Round took 0.310977057
Round took 0.093030496
Round took 0.057331343
Round took 0.099131752
Round took 0.09478899
Round took 0.089592193
Round took 0.092711574
Round took 0.087028036
Round took 0.09579468
Round took 0.097350991
Round took 0.090819774
Round took 0.092477537
Round took 0.094130529
Round took 0.100284238
Round took 0.304161818
Round took 0.127867302
Round took 0.312707202
Round took 0.098081023
Round took 0.10444304
Round took 0.092759881
Round took 0.11260664
Round took 0.092232865
Round took 0.123961538
Round took 0.094457661
Round took 0.80595833
Round took 0.09633501
Round took 0.085288565
Round took 0.08097961
Round took 0.301448995
Round took 0.082912509
Round took 0.082940158
Round took 0.271496413
Round took 1.3118181039999999
Round took 0.095314387
Round took 0.090883772
Round took 0.295413089
Round took 1.81221688
Round took 0.090674977
Round took 0.298590764
Round took 0.089518119
Round took 0.081631237
Round took 0.320384556
Round took 0.080765889
Round took 0.081604598
Round took 2.820378154
Round took 0.302261606
Round took 0.095464947
Round took 0.090069447
Round took 0.08898533
Round took 0.092136622
Round took 0.092996584
Round took 0.09288849
Round took 0.090808297
Round took 0.090518455
Round took 0.307516396
Round took 0.10375956
Round took 0.813293152
Round took 0.087845616
Round took 0.095847932
Round took 0.09177936
Round took 0.094984325
Round took 0.095894381
Round took 0.094510285
Round took 0.094329726
Round took 0.093912334
Round took 0.092133031
Round took 0.092718669
Round took 0.09365724
Round took 0.089968693
Round took 0.098727042
Round took 0.086333068
Round took 0.087070384
Round took 0.11360696
Round took 0.319524145
Round took 0.094814836
Round took 0.08998845
Round took 0.081714641
Round took 0.17444592
Round took 0.082721615
Round took 0.300322186
Round took 0.306870247
Round took 0.082059818
Round took 0.104353526
Round took 2.317867324
Round took 0.09774778
Round took 0.099115837
Round took 0.089463003
Round took 0.092394996
Round took 0.302111709
Round took 0.086820171
Round took 0.086611097
Round took 0.085279356
Round took 0.083140865
Round took 0.079071496
Round took 0.084986497
Round took 2.824922904
Round took 0.091467998
Round took 0.057725221
Round took 0.093634464
Round took 0.097203688
Round took 0.098095894
Round took 0.10275357
Round took 0.088052979
Round took 0.094550907
Round took 2.316974322
Round took 0.093853557
Round took 0.31925111
Round took 0.102761309
Round took 0.059420563
Round took 0.10154694
Round took 0.095180034
Round took 0.095155449
Round took 0.095787918
Round took 0.090525405
Round took 0.093939079
Round took 0.090824513
Round took 0.092677167
Round took 0.303043435
Round took 0.084160453
Round took 0.093049881
Round took 0.303937446
Round took 0.082888165
Round took 0.100743326
Round took 0.09008443
Round took 0.310077884
Round took 0.315104756
Round took 0.308642788
Round took 0.095023166
Round took 0.090720723
Round took 0.097370549
Round took 0.091025343
Round took 0.101687106
Round took 0.091810834
Round took 0.093568398
Round took 0.103671806
Round took 0.103164743
Round took 0.096106569
Round took 0.103811719
Round took 0.313239034
Round took 0.090701859
Round took 0.100455079
Round took 0.818792237
Round took 0.33429785
Round took 1.3187326320000001
Round took 1.323833114
Round took 0.10928493
Round took 0.085935858
Round took 0.085320102
Round took 0.10396545
Round took 0.314889688
Round took 0.30595765
Round took 0.091850631
Round took 0.094524401
Round took 0.087879831
Round took 0.090867402
Round took 0.086854185
Round took 0.094494995
Round took 0.107621117
Round took 0.099646592
Round took 0.092054404
Round took 0.093033679
Round took 0.091001139
Round took 0.092779376
Round took 0.09041631
Round took 0.086806597
Round took 0.336052055
Round took 0.844113373
Round took 1.316608498
Round took 0.089284722
Round took 0.08900712
Round took 0.092363827
Round took 2.818160613
Round took 0.098958132
Round took 0.109298399
Round took 0.089428183
Round took 0.135123266
Round took 0.093530498
Round took 0.140413203
Round took 0.088751584
Round took 0.301428942
Round took 0.105468386
Round took 0.090784727
Round took 0.811670595
Round took 0.311608736
Round took 0.303195855
Round took 0.088589383
Round took 0.304009307
Round took 0.089233388
Round took 0.099231988
Round took 0.091435982
Round took 0.090083973
Round took 0.089189679
Round took 0.093018009
Round took 0.137770859
Round took 0.118511164
Round took 0.113187561
Round took 0.095491583
Round took 0.10051211
Round took 0.120355551
Round took 0.81292797
Round took 0.086844596
Round took 0.08878456
Round took 0.10298825
Round took 0.311551116
Round took 0.09770333
Round took 0.107303752
Round took 0.10189567
Round took 0.3140246
Round took 0.105517196
Round took 0.122636546
Round took 0.122288944
Round took 0.313350508
Round took 0.096467631
Round took 0.316553781
Round took 0.154852512
Round took 0.097151314
Round took 0.060433505
Round took 0.119328525
Round took 0.109611773
Round took 0.10341605
Round took 0.308742998
Round took 0.316518078
Round took 0.091533136
Round took 0.316646078
Round took 0.313507572
Round took 0.09780497
Round took 0.103797229
Round took 0.102378452
Round took 0.101173182
Round took 0.093966396
Round took 0.095632252
Round took 0.38406954
Round took 0.093978617
Round took 0.09136149
Round took 0.820007255
Round took 3.834303244
Round took 1.339972609
Round took 0.820216259
Round took 0.309578401
Round took 0.089769703
Round took 0.098658113
Round took 0.089610853
Round took 0.089516488
Round took 0.087703321
Round took 0.107106685
Round took 0.088100422
Round took 0.090464103
Round took 0.088221582
Round took 0.086431027
Round took 0.300460935
Round took 0.093390319
Round took 0.120933861
Round took 0.474550195
Round took 1.81159564
Round took 0.085583618
Round took 0.083332408
Round took 0.313508963
Round took 0.089575751
Round took 0.087410648
Round took 0.091455033
Round took 0.088963612
Round took 0.089971406
Round took 0.087430088
Round took 0.081481115
Round took 0.300734693
Round took 0.096101222
Round took 0.090999266
Round took 0.113623101
Round took 0.087917853
Round took 0.096791171
Round took 0.810651685
Round took 0.11601204
Round took 0.089084644
Round took 0.086143146
Round took 0.088837535
Round took 0.102961688
Round took 0.101451619
Round took 0.300902841
Round took 0.091804178
Round took 0.303369173
Round took 0.093316839
Round took 0.101293342
Round took 0.104093507
Round took 0.091829386
Round took 0.091968994
Round took 1.308466957
Round took 0.303937849
Round took 0.079845073
Round took 0.132503516
Round took 0.09428612
Round took 0.084334381
Round took 0.099321329
Round took 0.104155092
Round took 0.113504822
Round took 0.082163087
Round took 0.086845527
Round took 0.087945621
Round took 2.321167479
Round took 0.313291423
Round took 0.09345161
Round took 0.098513155
Round took 0.108395857
Round took 0.097509727
Round took 0.10054367
Round took 0.374592666
Round took 0.086148402
Round took 0.092313488
Round took 0.089948775
Round took 0.08338606
Round took 0.291880374
Round took 0.09080036
Round took 0.091631593
Round took 0.086547712
Round took 0.091880245
Round took 0.091338076
Round took 0.082319716
Round took 0.303937198
Round took 0.306886407
Round took 0.302252193
Round took 0.109219851
Round took 0.311345555
Round took 0.090295914
Round took 0.339517202
Round took 0.082365714
Round took 0.082354184
Round took 0.084641017
Round took 0.082610971
Round took 0.190466576
Round took 0.090773304
Round took 0.096230815
Round took 1.320921568
Round took 0.096581307
Round took 0.098566313
Round took 0.090649906
Round took 0.093572912
Round took 0.30733439
Round took 0.129890309
Round took 0.126272861
Round took 0.101299633
Round took 0.105738324
Round took 0.107197669
Round took 0.31178167
Round took 0.100489255
Round took 0.099662116
Round took 0.320185512
Round took 0.087974091
Round took 0.118818244
Round took 0.141678618
Round took 0.335654093
Round took 0.082646985
Round took 0.086809701
Round took 0.086193772
Round took 0.099234419
Round took 0.094067845
Round took 0.090513317
Round took 0.321939466
Round took 0.098609381
Round took 0.803613826
Round took 0.091992218
Round took 0.08589988
Round took 0.086769616
Round took 0.081569476
Round took 0.093665574
Round took 0.096746254
Round took 0.135201682
Round took 0.098704054
Round took 0.083182189
Round took 0.094198146
Round took 0.08007253
Round took 0.085873588
Round took 0.082810562
Round took 0.086379047
Round took 0.095109088
Round took 0.08985264
Round took 0.088667965
Round took 0.100532458
Round took 0.093552814
Round took 0.105070785
Round took 0.086007394
Round took 0.092392402
Round took 0.09203775
Round took 0.08875425
Round took 0.089385486
Round took 0.107509051
Round took 0.807739761
Round took 0.091050395
Round took 0.08774839
Round took 0.094817417
Round took 0.090198923
Round took 0.091654825
Round took 0.094771184
Round took 0.087756366
Round took 0.094240108
Round took 0.083987217
Round took 0.08708984
Round took 0.093637998
Round took 0.09630282
Round took 0.106645705
Round took 0.090762526
Round took 0.836962667
Round took 0.818028949
Round took 0.313003062
Round took 0.092424146
Round took 0.384152065
Round took 0.086884575
Round took 0.096218768
Round took 0.111022324
Round took 0.087517938
Round took 0.817782467
Round took 0.118425069
Round took 0.124027206
Round took 1.315310022
Round took 0.326169143
Round took 0.099065792
Round took 0.05759436
Round took 0.110682514
Round took 0.09517817
Round took 0.12655701
Round took 0.105854131
Round took 1.301021212
Round took 0.131607069
Round took 0.821968652
Round took 0.522460902
Round took 0.079198548
Round took 0.092551568
Round took 0.307862111
Round took 0.092401055
Round took 0.095005721
Round took 2.834892565
Round took 0.314971273
Round took 0.098128977
Round took 0.094110349
Round took 0.098091875
Round took 0.087549167
Round took 0.301973063
Round took 0.08969793
Round took 0.300839868
Round took 0.093717727
Round took 0.094761428
Round took 0.310486282
Round took 0.108026286
Round took 0.095084684
Round took 0.100667273
Round took 1.308827295
Round took 0.105178368
Round took 0.101463728
Round took 0.089439522
Round took 0.129057768
Round took 0.098867829
Round took 0.101394692
Round took 0.09525776
Round took 0.099564324
Round took 0.318261581
Round took 0.086669387
Round took 0.364516249
Round took 0.092699964
Round took 0.090705289
Round took 0.096943691
Round took 0.101285393
Round took 0.106781616
Round took 0.110458017
Round took 0.097585348
Round took 0.307194658
Round took 0.342111737
Round took 0.303451094
Round took 0.093390888
Round took 0.147027765
Round took 0.807353192
Round took 0.100356688
Round took 0.102847748
Round took 0.096770244
Round took 0.058891173
Round took 0.104987374
Round took 0.111363699
Round took 0.102139458
Round took 0.814243008
Round took 1.314650313
Round took 0.812402042
Round took 0.101426141
Round took 0.102302025
Round took 0.306763856
Round took 0.093114778
Round took 2.324175066
Round took 0.090943484
Round took 0.086792329
Round took 0.097434955
Round took 0.097366781
Round took 0.098589079
Round took 0.801731061
Round took 0.319661365
Round took 0.108114829
Round took 0.109316234
Round took 0.114044898
Round took 1.325717505
Round took 0.105844024
Round took 0.052097149
Round took 0.093901538
Round took 0.097078186
Round took 0.311664839
Round took 0.091016211
Round took 0.103243806
Round took 0.096777865
Round took 0.088734476
Round took 0.100914794
Round took 0.101604386
Round took 0.103318417
Round took 0.094378809
Round took 0.090064811
Round took 0.096841943
Round took 0.090905459
Round took 0.826085251
Round took 0.097196294
Round took 0.098701875
Round took 0.097160715
Round took 0.097374222
Round took 0.090444369
Round took 0.313274867
Round took 0.307699164
Round took 0.095536347
Round took 0.090842993
Round took 0.092405232
Round took 0.093184774
Round took 0.095221576
Round took 0.108050818
Round took 1.8676417669999998
Round took 0.814301515
Round took 0.108670043
Round took 0.324487785
Round took 0.308540845
Round took 1.306060857
Round took 0.125539919
Round took 0.115071463
Round took 0.094598131
Round took 0.090800451
Round took 0.09018404
Round took 0.113741438
Round took 0.090070724
Round took 0.104542163
Round took 0.123964334
Round took 0.119475138
Round took 0.129335407
Round took 0.123259815
Round took 3.31917682
Round took 0.811861723
Round took 0.102707535
Round took 0.086674473
Round took 0.095152524
Round took 0.088420409
Round took 0.0866344
Round took 0.332005086
Round took 0.084182556
Round took 0.158925723
Round took 0.113227023
Round took 0.140925291
Round took 0.337774216
Round took 0.384257721
Round took 0.320895462
Round took 0.089081506
Round took 0.093094241
Round took 0.119880907
Round took 0.102495135
Round took 0.299964007
Round took 0.05514525
Round took 0.102062547
Round took 0.092004526
Round took 0.098225388
Round took 0.09365338
Round took 0.099127884
Round took 0.097997526
Round took 0.076934653
Round took 0.085396065
Round took 0.103561182
Round took 0.092991301
Round took 1.830431911
Round took 0.087983291
Round took 0.092249576
Round took 0.098744682
Round took 0.111976783
Round took 0.111149316
Round took 0.824062238
Round took 0.097265534
Round took 0.302735592
Round took 0.316022061
Round took 0.090294595
Round took 0.098350591
Round took 0.300174353
Round took 0.101797284
Round took 0.104978274
Round took 0.087419973
Round took 0.084194835
Round took 1.308640534
Round took 0.104236428
Round took 0.102710074
Round took 0.102919833
Round took 0.117746476
Round took 0.805080974
Round took 0.295890154
Round took 0.088142907
Round took 0.094752471
Round took 0.130450653
Round took 0.084904067
Round took 0.079372844
Round took 0.12068161
Round took 0.082803497
Round took 0.096488999
Round took 0.295102384
Round took 0.1745829
Round took 0.218695274
Round took 0.092095516
Round took 0.085255304
Round took 0.807199019
Round took 0.307897636
Round took 0.086013012
Round took 0.081225057
Round took 0.102227834
Round took 0.107958935
Round took 0.306576082
Round took 0.08069511
Round took 0.092508246
Round took 0.109045643
Round took 1.318293418
Round took 0.104772624
Round took 0.087962815
Round took 0.091544077
Round took 0.090331357
Round took 0.08985441
Round took 0.091548127
Round took 0.084184362
Round took 0.089509512
Round took 0.094595056
Round took 0.363090286
Round took 0.079144162
Round took 0.078714704
Round took 0.09543997
Round took 1.310379802
Round took 0.102145601
Round took 0.10005544
Round took 0.803203927
Round took 0.096042697
Round took 0.097543919
Round took 0.107472782
Round took 0.095169082
Round took 0.089668754
Round took 0.08890969
Round took 0.809169913
Round took 0.095203648
Round took 0.055803521
Round took 0.404163441
Round took 0.09406824
Round took 0.310744301
Round took 0.814552743
Round took 0.305770807
Round took 0.092137551
Round took 0.302793227
Round took 0.091583473
Round took 0.09766758
Round took 0.093168455
Round took 0.100190482
Round took 0.099475719
Round took 0.100311448
Round took 0.090735619
Round took 0.0956254
Round took 0.086952112
Round took 0.093280373
Round took 0.099408612
Round took 0.097808971
Round took 0.08896026
Round took 2.834274321
Round took 0.088816762
Round took 0.092099965
Round took 0.056160222
Round took 0.299676915
Round took 0.087341244
Round took 0.311222909
Round took 0.8091465
Round took 0.318127277
Round took 0.101977338
Round took 0.097200633
Round took 0.094223617
Round took 0.095771768
Round took 0.100532216
Round took 0.08322544
Round took 0.110154339
Round took 0.134779267
Round took 0.102367774
Round took 0.090561761
Round took 0.090022039
Round took 0.095515991
Round took 0.093687986
Round took 0.118653152
Round took 0.30276558
Round took 0.310842684
Round took 0.11306406
Round took 0.093502011
Round took 0.090936496
Round took 0.30168538
Round took 0.109180775
Round took 0.093598014
Round took 0.094277824
Round took 0.84191923
Round took 0.107323581
Round took 0.090431109
Round took 0.310565968
Round took 0.320038845
Round took 0.121876133
Round took 0.11194046
Round took 0.102436094
Round took 0.315196879
Round took 0.108992576
Round took 0.105594867
Round took 0.114660829
Round took 0.107321034
Round took 0.103590408
Round took 0.095869189
Round took 0.10361485
Round took 0.309479661
Round took 0.319998811
Round took 0.106891472
Round took 0.319324534
Round took 0.312122974
Round took 0.321049578
Round took 0.101711775
Round took 0.314804597
Round took 0.089982507
Round took 0.10181385
Round took 0.094697482
Round took 0.09405835
Error when reading: read tcp 172.31.54.117:33688->172.31.48.98:7070: read: connection timed out
Error when reading: read tcp 172.31.54.117:35200->172.31.63.49:7070: read: connection timed out
Error when reading: EOF
Error when reading: read tcp 172.31.54.117:51006->172.31.55.252:7070: read: connection timed out
Error when reading: EOF
Error when reading: EOF
Error when reading: read tcp 172.31.54.117:59988->172.31.49.63:7070: read: connection timed out
Error when reading: EOF
Round took 7.82024839
Error when reading: EOF
Error when reading: EOF
Error when reading: EOF
Error when reading: EOF
Error when reading: EOF
Error when reading: EOF
Round took 0.093439157
Error when reading: EOF
Error when reading: EOF
Error when reading: EOF
Error when reading: EOF
Error when reading: EOF
Round took 0.117100515
Error when reading: EOF
Error when reading: EOF
Round took 0.118657606
Error when reading: EOF
Error when reading: EOF
Round took 0.000124502
Round took 3.569e-06
Round took 3.649e-06
Round took 3.418e-06
Round took 9.567e-06
Round took 2.965e-06
Round took 3.311e-06
Round took 3.02e-06
Round took 2.816e-06
Round took 3.23e-06
Round took 3.101e-06
Round took 2.994e-06
Round took 2.52e-06
Round took 8.259e-06
Round took 2.845e-06
Round took 2.615e-06
Round took 1.9916e-05
Round took 2.591e-06
Round took 2.759e-06
Round took 2.94e-06
Round took 2.797e-06
Round took 1.452e-05
Round took 2.653e-06
Round took 2.643e-06
Round took 2.729e-06
Round took 2.691e-06
Round took 2.66e-06
Round took 2.63e-06
Round took 2.577e-06
Round took 2.671e-06
Round took 2.755e-06
Round took 2.538e-06
Round took 7.188e-06
Round took 2.729e-06
Round took 2.645e-06
Round took 2.598e-06
Round took 2.681e-06
Round took 2.551e-06
Round took 1.3095e-05
Round took 2.69e-06
Round took 2.757e-06
Round took 2.636e-06
Round took 2.72e-06
Round took 2.8749e-05
Round took 2.802e-06
Round took 2.829e-06
Round took 3.209e-06
Round took 2.62e-06
Round took 2.708e-06
Round took 9.198e-06
Round took 3.537e-06
Round took 2.717e-06
Round took 2.962e-06
Round took 2.77e-06
Round took 2.669e-06
Round took 3.154e-06
Round took 1.1946e-05
Round took 2.495e-06
Round took 3.029e-06
Round took 3.363e-06
Round took 2.72e-06
Round took 2.856e-06
Round took 8.888e-06
Round took 2.467e-06
Round took 2.975e-06
Round took 0.000116077
Round took 3.084e-06
Round took 3.273e-06
Round took 1.7836e-05
Round took 9.787e-06
Round took 2.456e-06
Round took 2.603e-06
Round took 7.168e-06
Round took 3.125e-06
Round took 2.672e-06
Round took 2.535e-06
Round took 2.404e-06
Round took 2.322e-06
Round took 2.321e-06
Round took 2.397e-06
Round took 3.017e-06
Round took 2.009e-06
Round took 1.0213e-05
Round took 1.2858e-05
Round took 3.076e-06
Round took 2.439e-06
Round took 2.379e-06
Round took 2.412e-06
Round took 2.373e-06
Round took 2.425e-06
Round took 2.509e-06
Round took 3.132e-06
Round took 2.493e-06
Round took 2.936e-06
Round took 3.167e-06
Round took 9.096e-06
Round took 2.27e-06
Round took 1.886e-06
Round took 7.792e-06
Round took 2.542e-06
Round took 8.01e-06
Round took 2.655e-06
Round took 2.135e-06
Round took 2.433e-06
Round took 0.023380003
Round took 5.055e-06
Round took 3.691e-06
Round took 3.144e-06
Round took 2.461e-06
Round took 2.488e-06
Round took 2.533e-06
Round took 5.5354e-05
Round took 2.529e-06
Round took 2.439e-06
Round took 2.552e-06
Round took 1.5674e-05
Round took 2.411e-06
Round took 2.44e-06
Round took 2.419e-06
Round took 2.62e-06
Round took 2.456e-06
Round took 3.301e-06
Round took 2.534e-06
Round took 2.666e-06
Round took 2.42e-06
Round took 2.465e-06
Round took 2.411e-06
Round took 2.394e-06
Round took 2.522e-06
Round took 2.48e-06
Round took 2.429e-06
Round took 9.477e-06
Round took 2.456e-06
Round took 2.462e-06
Round took 2.46e-06
Round took 2.57e-06
Round took 9.369e-06
Round took 2.45e-06
Round took 2.391e-06
Round took 2.445e-06
Round took 2.39e-06
Round took 2.334e-06
Round took 2.336e-06
Round took 2.455e-06
Round took 2.437e-06
Round took 2.408e-06
Round took 2.328e-06
Round took 2.36e-06
Round took 7.706e-06
Round took 2.374e-06
Round took 2.377e-06
Round took 2.383e-06
Round took 2.4e-06
Round took 2.319e-06
Round took 2.328e-06
Round took 2.346e-06
Round took 2.386e-06
Round took 2.318e-06
Round took 2.392e-06
Round took 2.358e-06
Round took 2.44e-06
Round took 2.343e-06
Round took 2.341e-06
Round took 2.356e-06
Round took 5.549e-06
Round took 2.408e-06
Round took 2.287e-06
Round took 2.355e-06
Round took 2.455e-06
Round took 2.485e-06
Round took 2.4e-06
Round took 2.413e-06
Round took 2.436e-06
Round took 2.477e-06
Round took 2.325e-06
Round took 2.36e-06
Round took 2.432e-06
Round took 2.388e-06
Round took 2.309e-06
Round took 2.386e-06
Round took 2.375e-06
Round took 6.219e-06
Round took 2.378e-06
Round took 2.332e-06
Round took 2.329e-06
Round took 2.455e-06
Round took 2.311e-06
Round took 2.418e-06
Round took 2.327e-06
Round took 2.442e-06
Round took 2.382e-06
Round took 2.316e-06
Round took 2.413e-06
Round took 2.525e-06
Round took 2.328e-06
Round took 2.461e-06
Round took 2.339e-06
Round took 5.35e-06
Round took 2.372e-06
Round took 2.348e-06
Round took 2.341e-06
Round took 2.449e-06
Round took 2.341e-06
Round took 2.404e-06
Round took 1.3361e-05
Round took 2.523e-06
Round took 2.405e-06
Round took 2.4e-06
Round took 2.388e-06
Round took 2.414e-06
Round took 2.461e-06
Round took 2.362e-06
Round took 2.323e-06
Round took 2.459e-06
Round took 7.288e-06
Round took 2.387e-06
Round took 2.44e-06
Round took 2.402e-06
Round took 2.37e-06
Round took 2.462e-06
Round took 2.405e-06
Round took 2.447e-06
Round took 2.372e-06
Round took 2.322e-06
Round took 2.38e-06
Round took 2.436e-06
Round took 2.421e-06
Round took 2.445e-06
Round took 2.424e-06
Round took 2.487e-06
Round took 5.62e-06
Round took 2.481e-06
Round took 2.368e-06
Round took 2.446e-06
Round took 2.535e-06
Round took 2.31e-06
Round took 2.464e-06
Round took 2.414e-06
Round took 2.406e-06
Round took 1.8446e-05
Round took 2.416e-06
Round took 2.442e-06
Round took 2.372e-06
Round took 2.468e-06
Round took 2.399e-06
Round took 3.874e-06
Round took 2.701e-06
Round took 1.0845e-05
Round took 2.445e-06
Round took 2.483e-06
Round took 2.443e-06
Round took 4.523e-06
Round took 2.574e-06
Round took 2.545e-06
Round took 2.38e-06
Round took 2.437e-06
Round took 2.441e-06
Round took 2.358e-06
Round took 2.33e-06
Round took 2.545e-06
Round took 2.396e-06
Round took 2.351e-06
Round took 2.326e-06
Round took 6.312e-06
Round took 2.412e-06
Round took 2.35e-06
Round took 0.003600536
Round took 3.393e-06
Round took 2.587e-06
Round took 2.626e-06
Round took 2.43e-06
Round took 4.126e-06
Round took 2.841e-06
Round took 1.0229e-05
Round took 2.872e-06
Round took 2.683e-06
Round took 2.837e-06
Round took 2.384e-06
Round took 2.428e-06
Round took 2.566e-06
Round took 1.0011e-05
Round took 2.379e-06
Round took 2.311e-06
Round took 2.346e-06
Round took 2.545e-06
Round took 2.378e-06
Round took 2.351e-06
Round took 2.365e-06
Round took 2.513e-06
Round took 2.379e-06
Round took 2.303e-06
Round took 2.456e-06
Round took 2.519e-06
Round took 2.309e-06
Round took 2.328e-06
Round took 2.356e-06
Round took 5.504e-06
Round took 2.421e-06
Round took 2.384e-06
Round took 2.365e-06
Round took 2.4e-06
Round took 2.383e-06
Round took 2.338e-06
Round took 2.438e-06
Round took 2.349e-06
Round took 2.483e-06
Round took 2.34e-06
Round took 2.331e-06
Round took 2.421e-06
Round took 2.423e-06
Round took 2.394e-06
Round took 2.322e-06
Round took 2.438e-06
Round took 6.441e-06
Round took 2.484e-06
Round took 2.305e-06
Round took 2.377e-06
Round took 2.375e-06
Round took 2.307e-06
Round took 2.331e-06
Round took 2.33e-06
Round took 2.438e-06
Round took 2.337e-06
Round took 2.358e-06
Round took 2.315e-06
Round took 2.431e-06
Round took 2.317e-06
Round took 2.32e-06
Round took 2.323e-06
Round took 5.095e-06
Round took 2.355e-06
Round took 2.346e-06
Round took 2.309e-06
Round took 2.403e-06
Round took 2.345e-06
Round took 2.346e-06
Round took 2.352e-06
Round took 2.356e-06
Round took 2.44e-06
Round took 2.342e-06
Round took 2.339e-06
Round took 5.391e-06
Round took 2.376e-06
Round took 2.333e-06
Round took 2.332e-06
Round took 2.329e-06
Round took 6.523e-06
Round took 2.43e-06
Round took 4.253e-06
Round took 3.021e-06
Round took 3.04e-06
Round took 2.488e-06
Round took 2.371e-06
Round took 2.4e-06
Round took 3.079e-05
Round took 3.02e-06
Round took 2.406e-06
Round took 2.402e-06
Round took 2.353e-06
Round took 2.091e-06
Round took 2.076e-06
Round took 2.233e-06
Round took 9.13e-06
Round took 2.225e-06
Round took 1.88e-06
Round took 2.549e-06
Round took 2.474e-06
Round took 2.443e-06
Round took 2.411e-06
Round took 2.411e-06
Round took 1.988e-06
Round took 2.514e-06
Round took 2.496e-06
Round took 2.368e-06
Round took 2.317e-06
Round took 2.445e-06
Round took 2.304e-06
Round took 2.424e-06
Round took 2.484e-06
Round took 9.16e-06
Round took 2.473e-06
Round took 3.015e-06
Round took 2.365e-06
Round took 2.443e-06
Round took 2.323e-06
Round took 2.36e-06
Round took 2.341e-06
Round took 2.435e-06
Round took 2.332e-06
Round took 2.379e-06
Round took 2.329e-06
Round took 2.445e-06
Round took 2.326e-06
Round took 2.362e-06
Round took 2.34e-06
Round took 5.106e-06
Round took 2.39e-06
Round took 2.383e-06
Round took 2.349e-06
Round took 2.335e-06
Round took 2.377e-06
Round took 2.393e-06
Round took 2.406e-06
Round took 2.524e-06
Round took 2.121e-06
Round took 2.368e-06
Round took 2.332e-06
Round took 2.361e-06
Round took 2.38e-06
Round took 0.000338095
Round took 2.627e-06
Round took 2.509e-06
Round took 1.0191e-05
Round took 2.419e-06
Round took 2.323e-06
Round took 2.346e-06
Round took 2.433e-06
Round took 2.344e-06
Round took 2.32e-06
Round took 2.445e-06
Round took 2.4e-06
Round took 2.331e-06
Round took 2.9607e-05
Round took 2.446e-06
Round took 2.521e-06
Round took 2.383e-06
Round took 2.403e-06
Round took 2.347e-06
Round took 5.843e-06
Round took 2.36e-06
Round took 2.363e-06
Round took 2.321e-06
Round took 2.331e-06
Round took 2.418e-06
Round took 2.378e-06
Round took 2.39e-06
Round took 2.131e-06
Round took 2.574e-06
Round took 2.328e-06
Round took 2.338e-06
Round took 2.373e-06
Round took 2.453e-06
Round took 2.362e-06
Round took 2.352e-06
Round took 2.312e-06
Round took 7.786e-06
Round took 2.426e-06
Round took 2.348e-06
Round took 2.362e-06
Round took 4.499e-06
Round took 2.843e-06
Round took 2.697e-06
Round took 2.549e-06
Round took 2.783e-06
Round took 2.415e-06
Round took 2.512e-06
Round took 2.437e-06
Round took 2.329e-06
Round took 5.602e-05
Round took 2.566e-06
Round took 2.37e-06
Round took 2.609e-06
Round took 2.558e-06
Round took 2.364e-06
Round took 2.357e-06
Round took 2.961e-06
Round took 3.201e-06
Round took 1.0117e-05
Round took 2.018e-06
Round took 2.387e-06
Round took 2.61e-06
Round took 2.5982e-05
Round took 2.04e-06
Round took 2.463e-06
Round took 3.175e-06
Round took 2.403e-06
Round took 2.56e-06
Round took 1.2983e-05
Round took 4.812e-05
Round took 2.461e-06
Round took 3.235e-06
Round took 7.648e-06
Round took 2.712e-06
Round took 1.85e-06
Round took 2.411e-06
Round took 2.465e-06
Round took 2.661e-06
Round took 2.32e-06
Round took 2.326e-06
Round took 1.5003e-05
Round took 2.696e-06
Round took 2.391e-06
Round took 2.402e-06
Round took 1.8595e-05
Round took 2.708e-06
Round took 1.0444e-05
Round took 3.401e-06
Round took 2.268e-06
Round took 2.542e-06
Round took 3.437e-06
Round took 2.285e-06
Round took 2.581e-06
Round took 2.106e-06
Round took 2.599e-06
Test took 336.088216999
Successful: 14928
