Uniform distribution
Round took 0.014457638
Round took 0.009982177
Round took 0.008903071
Round took 0.012932631
Round took 0.016449877
Round took 0.008412617
Round took 0.00920549
Round took 0.010040719
Round took 0.009434971
Round took 0.011801852
Round took 0.016023034
Round took 0.008730081
Round took 0.006559162
Round took 0.015932486
Round took 0.013856563
Round took 0.016096058
Round took 0.0122939
Round took 0.020435232
Round took 0.011950604
Round took 0.008950686
Round took 0.011691382
Round took 0.013568571
Round took 0.008605972
Round took 0.014817574
Round took 0.011889088
Round took 0.017295641
Round took 0.016364142
Round took 0.013225682
Round took 0.017367868
Round took 0.013720213
Round took 0.010751633
Round took 0.014182269
Round took 0.021073419
Round took 0.015765785
Round took 0.016307306
Round took 0.008378471
Round took 0.015972265
Round took 0.013820311
Round took 0.026508611
Round took 0.050074467
Round took 0.018569034
Round took 0.020664857
Round took 0.021226031
Round took 0.013670061
Round took 0.014662042
Round took 0.025917697
Round took 0.022611114
Round took 0.025052401
Round took 0.021182061
Round took 0.010097077
Round took 0.02124216
Round took 0.027600414
Round took 0.022816272
Round took 0.022805638
Round took 0.017437698
Round took 0.0196761
Round took 0.020063676
Round took 0.024082176
Round took 0.01441781
Round took 0.026508668
Round took 0.028901876
Round took 0.023003697
Round took 0.02844462
Round took 0.022916959
Round took 0.02688441
Round took 0.027584106
Round took 0.016796986
Round took 0.034827033
Round took 0.030679949
Round took 0.01957437
Round took 0.015620034
Round took 0.026086952
Round took 0.044287529
Round took 0.02479905
Round took 0.040743312
Round took 0.027912019
Round took 0.030428488
Round took 0.025474359
Round took 0.032867928
Round took 0.042143912
Round took 0.048481772
Round took 0.029195286
Round took 0.0373787
Round took 0.034959763
Round took 0.033826398
Round took 0.0307146
Round took 0.038508035
Round took 0.036985196
Round took 0.036756685
Round took 0.027285551
Round took 0.034100559
Round took 0.039901177
Round took 0.025603223
Round took 0.027260061
Round took 0.046591028
Round took 0.036045658
Round took 0.037134947
Round took 0.029577244
Round took 0.026239818
Round took 0.038700762
Round took 0.036657947
Round took 0.032349825
Round took 0.030059102
Round took 0.033518779
Round took 0.029845376
Round took 0.032877203
Round took 0.037160853
Round took 0.036327417
Round took 0.041879957
Round took 0.06553501
Round took 0.055050591
Round took 0.034065587
Round took 0.057877044
Round took 0.054909751
Round took 0.043808264
Round took 0.049141113
Round took 0.075121658
Round took 0.066430107
Round took 0.052221285
Round took 0.033958735
Round took 0.037456828
Round took 0.041766008
Round took 0.063015401
Round took 0.07177461
Round took 0.052204645
Round took 0.032663209
Round took 0.042462948
Round took 0.047431429
Round took 0.053047082
Round took 0.033233663
Round took 0.055553463
Round took 0.0427567
Round took 0.043631693
Round took 0.048925048
Round took 0.040880421
Round took 0.059489284
Round took 0.048106281
Round took 0.043790359
Round took 0.03987637
Round took 0.056750524
Round took 0.054173267
Round took 0.047004807
Round took 0.048474181
Round took 0.042934122
Round took 0.049260739
Round took 0.047678563
Round took 0.052899044
Round took 0.056227372
Round took 0.052002509
Round took 0.046810217
Round took 0.045084203
Round took 0.044682905
Round took 0.037404872
Round took 0.067111996
Round took 0.053295838
Round took 0.057227754
Round took 0.105147132
Round took 0.046791766
Round took 0.05194573
Round took 0.048953032
Round took 0.045834182
Round took 0.03587067
Round took 0.05143901
Round took 0.059982956
Round took 0.091195818
Round took 0.143534239
Round took 0.051977591
Round took 0.049233774
Round took 0.051524991
Round took 0.08417431
Round took 0.066790791
Round took 0.061319191
Round took 0.064306741
Round took 0.052386143
Round took 0.08084152
Round took 0.091376682
Round took 0.05633908
Round took 0.067302918
Round took 0.094528857
Round took 0.067244157
Round took 0.053694986
Round took 0.066511643
Round took 0.095525012
Round took 0.050745925
Round took 0.056000767
Round took 0.07184222
Round took 0.084266442
Round took 0.109681074
Round took 0.108247204
Round took 0.086029944
Round took 0.063847901
Round took 0.10181357
Round took 0.095428478
Round took 0.103253272
Round took 0.097133677
Round took 0.084507596
Round took 0.079071333
Round took 0.095040107
Round took 0.089773445
Round took 0.095104115
Round took 0.101054034
Round took 0.126510946
Round took 0.092059847
Round took 0.085771102
Round took 0.10159116
Round took 0.102589324
Round took 0.095906542
Round took 0.106957837
Round took 0.092964828
Round took 0.095680687
Round took 0.116089156
Round took 0.083983094
Round took 0.102159623
Round took 0.146180827
Round took 0.073712347
Round took 0.097330116
Round took 0.106496843
Round took 0.118249157
Round took 0.080726927
Round took 0.119728123
Round took 0.090944812
Round took 0.094481249
Round took 0.120339233
Round took 0.123460577
Round took 0.116432774
Round took 0.086329995
Round took 0.11193973
Round took 0.105939504
Round took 0.107264095
Round took 0.084054228
Round took 0.121910134
Round took 0.091366217
Round took 0.099482834
Round took 0.102326323
Round took 0.097798629
Round took 0.101243932
Round took 0.107490937
Round took 0.096734323
Round took 0.099383961
Round took 0.097764005
Round took 0.108130155
Round took 0.104955095
Round took 0.148926121
Round took 0.819195765
Round took 0.116107487
Round took 0.090866827
Round took 0.097991147
Round took 0.090782413
Round took 0.08550978
Round took 0.099281747
Round took 0.131479909
Round took 0.106512649
Round took 0.355010224
Round took 0.127605862
Round took 0.105271767
Round took 0.099147012
Round took 0.088275979
Round took 0.109135908
Round took 0.084256123
Round took 0.094558938
Round took 0.089106013
Round took 0.094947645
Round took 0.087322992
Round took 0.101873273
Round took 0.100800875
Round took 0.814749456
Round took 0.810504104
Round took 0.094413946
Round took 0.114362144
Round took 0.084391194
Round took 0.093999345
Round took 0.084806998
Round took 0.113100967
Round took 0.088877514
Round took 0.098878378
Round took 0.097513491
Round took 0.314291777
Round took 0.099054809
Round took 0.094364057
Round took 0.112024157
Round took 0.108004456
Round took 0.824987915
Round took 0.112774579
Round took 0.825379404
Round took 0.102303717
Round took 0.093000403
Round took 0.092470999
Round took 0.104297021
Round took 0.413343584
Round took 0.126793415
Round took 0.142546182
Round took 0.100767001
Round took 0.080459943
Round took 0.339146563
Round took 0.098925849
Round took 0.104578395
Round took 0.124598616
Round took 0.10437591
Round took 0.09756191
Round took 0.100497485
Round took 0.230923998
Round took 0.113414279
Round took 0.11825183
Round took 0.098020116
Round took 0.082292963
Round took 0.088653269
Round took 0.106338475
Round took 0.085220879
Round took 0.091483869
Round took 0.084028518
Round took 0.806338993
Round took 0.121144727
Round took 0.113110529
Round took 0.083230984
Round took 0.075074049
Round took 0.128669079
Round took 0.106247244
Round took 0.099041587
Round took 0.143568066
Round took 0.317969161
Round took 0.135488329
Round took 0.103422795
Round took 0.127903017
Round took 0.112191068
Round took 0.096246616
Round took 0.191240577
Round took 0.094656587
Round took 0.101749321
Round took 0.097587395
Round took 0.120001865
Round took 0.129110932
Round took 0.303086596
Round took 0.108960609
Round took 0.086492351
Round took 0.08654882
Round took 0.107675032
Round took 0.092316965
Round took 0.105069771
Round took 0.088122186
Round took 0.097407629
Round took 0.086568846
Round took 0.323731878
Round took 0.09870615
Round took 0.111973588
Round took 0.10773678
Round took 0.117909133
Round took 0.132550706
Round took 0.133806302
Round took 0.099530744
Round took 0.816121444
Round took 0.094593896
Round took 0.084178956
Round took 0.085882701
Round took 0.305998905
Round took 0.314404552
Round took 0.086624966
Round took 0.096231143
Round took 0.152090739
Round took 0.084309049
Round took 0.810759078
Round took 0.103599736
Round took 0.092796023
Round took 0.337950868
Round took 0.107394436
Round took 0.116522212
Round took 0.10452678
Round took 0.098166067
Round took 0.320568378
Round took 0.093974018
Round took 0.080242947
Round took 0.087883668
Round took 0.112068528
Round took 0.100805734
Round took 0.827614905
Round took 0.328958399
Round took 0.116131473
Round took 0.1942208
Round took 0.303808441
Round took 0.07973795
Round took 0.085492472
Round took 0.843658211
Round took 0.306180446
Round took 0.1083389
Round took 0.311030123
Round took 0.112695318
Round took 0.310245693
Round took 0.112883488
Round took 0.102828077
Round took 0.319319443
Round took 0.105434455
Round took 0.106698425
Round took 0.108377076
Round took 0.094056995
Round took 0.102084484
Round took 0.10949108
Round took 0.099437293
Round took 0.100845302
Round took 0.315839959
Round took 0.095251996
Round took 0.105730805
Round took 0.09783636
Round took 0.097348367
Round took 0.097941187
Round took 0.097995035
Round took 0.100072048
Round took 0.091425
Round took 0.386270021
Round took 0.109800715
Round took 0.102351477
Round took 0.111345532
Round took 0.099286404
Round took 0.097420345
Round took 0.091946601
Round took 0.092044105
Round took 0.307993908
Round took 0.100141291
Round took 0.100139608
Round took 1.31393129
Round took 0.100651633
Round took 0.345392929
Round took 0.107461688
Round took 0.105181154
Round took 0.100604006
Round took 0.099306787
Round took 0.105510861
Round took 0.107111677
Round took 0.093204247
Round took 0.091330098
Round took 0.098655694
Round took 0.102384447
Round took 0.817830146
Round took 0.099698743
Round took 0.10171637
Round took 0.091332433
Round took 0.103346895
Round took 0.0991893
Round took 0.09832696
Round took 0.099500095
Round took 0.113124832
Round took 0.103389038
Round took 0.104361508
Round took 0.10153456
Round took 0.10137865
Round took 0.318425274
Round took 0.101618696
Round took 0.100065423
Round took 0.101479958
Round took 0.092087007
Round took 0.103047474
Round took 0.101898866
Round took 0.092188684
Round took 1.8250518420000001
Round took 0.093400751
Round took 0.306514867
Round took 0.092416576
Round took 0.086922538
Round took 0.098229419
Round took 0.432988792
Round took 0.102736991
Round took 0.817203935
Round took 0.102727814
Round took 0.10618086
Round took 0.10124291
Round took 0.109103912
Round took 0.101716105
Round took 0.056993699
Round took 0.10037399
Round took 0.097617694
Round took 0.096365521
Round took 0.308372711
Round took 0.091061369
Round took 0.090896384
Round took 0.09337795
Round took 0.09080727
Round took 0.096578467
Round took 0.096013448
Round took 0.090515291
Round took 0.093254171
Round took 1.820904393
Round took 0.13223573
Round took 0.116002971
Round took 0.092456522
Round took 0.110878228
Round took 0.806183273
Round took 0.310908738
Round took 0.095358941
Round took 0.302444993
Round took 0.099303679
Round took 0.347355658
Round took 0.320824582
Round took 0.098395075
Round took 0.088583028
Round took 0.314447613
Round took 0.317797525
Round took 0.105017759
Round took 0.090939549
Round took 0.344399086
Round took 0.094712175
Round took 0.094589764
Round took 0.091899202
Round took 0.085711468
Round took 0.096246043
Round took 0.089385267
Round took 0.339136265
Round took 0.086286723
Round took 0.089771475
Round took 0.299871514
Round took 0.815521505
Round took 0.087164851
Round took 0.080259927
Round took 0.089323607
Round took 0.056350756
Round took 0.090830422
Round took 0.295299125
Round took 0.798058369
Round took 0.085269979
Round took 0.088158918
Round took 0.085961625
Round took 0.305247211
Round took 0.090824259
Round took 0.091453535
Round took 0.353681706
Round took 0.09156353
Round took 0.084646915
Round took 0.085871554
Round took 0.087422412
Round took 0.087959465
Round took 0.116897652
Round took 0.123513157
Round took 0.105804466
Round took 0.102814029
Round took 0.083927346
Round took 0.085503895
Round took 0.109618989
Round took 0.086622397
Round took 0.09009037
Round took 0.073537998
Round took 0.091780199
Round took 0.093928929
Round took 0.094359152
Round took 0.09642306
Round took 0.085263637
Round took 0.08864231
Round took 0.084841029
Round took 0.08717971
Round took 0.085175645
Round took 0.086881968
Round took 0.093022953
Round took 0.093503407
Round took 0.097340234
Round took 0.091508412
Round took 0.090647818
Round took 0.323823915
Round took 0.308041701
Round took 1.320903392
Round took 0.085251599
Round took 0.806561215
Round took 0.087815411
Round took 0.093565243
Round took 0.090720807
Round took 0.097774927
Round took 0.324736832
Round took 0.089280824
Round took 0.123364365
Round took 0.09203353
Round took 0.12800402
Round took 0.104050876
Round took 0.098750338
Round took 0.303314533
Round took 0.104438592
Round took 0.092883
Round took 0.084103129
Round took 0.106169248
Round took 0.076358038
Round took 0.08883783
Round took 0.102494661
Round took 0.095304617
Round took 0.08623604
Round took 0.08659179
Round took 0.094945356
Round took 0.302026575
Round took 0.322995068
Round took 0.091698777
Round took 0.082815866
Round took 0.088753804
Round took 0.086332778
Round took 0.109525099
Round took 1.8471940070000001
Round took 0.095026803
Round took 0.088782297
Round took 0.321089706
Round took 0.117213964
Round took 0.089713818
Round took 0.125020378
Round took 0.091968056
Round took 2.3270863410000002
Round took 0.109679915
Round took 0.090070579
Round took 0.099676551
Round took 0.303316037
Round took 0.096816527
Round took 0.110088781
Round took 0.12279991
Round took 0.099345375
Round took 0.175486965
Round took 0.077600136
Round took 0.082698181
Round took 0.081251394
Round took 0.08989713
Round took 0.093784739
Round took 0.827106344
Round took 0.09103351
Round took 0.092886769
Round took 0.091359672
Round took 0.09993792
Round took 0.810419173
Round took 0.103524283
Round took 0.806676906
Round took 0.087358616
Round took 0.090949712
Round took 0.339182658
Round took 2.324238985
Round took 0.085818317
Round took 0.808194395
Round took 0.092670861
Round took 0.096135015
Round took 0.089299961
Round took 0.11245648
Round took 0.154112786
Round took 0.099121136
Round took 0.097682746
Round took 0.09844258
Round took 0.103714765
Round took 0.100803842
Round took 0.091385736
Round took 0.1024565
Round took 0.091829483
Round took 0.099077867
Round took 1.31722754
Round took 0.302838551
Round took 0.088438301
Round took 0.099156985
Round took 0.088699055
Round took 0.09235496
Round took 0.097157845
Round took 0.092001077
Round took 0.8213954
Round took 0.355249559
Round took 0.301281117
Round took 0.082541862
Round took 0.085921074
Round took 0.088688252
Round took 0.083849299
Round took 0.078329582
Round took 0.085675826
Round took 0.095965754
Round took 0.083360054
Round took 0.103585365
Round took 0.179809618
Round took 1.830056183
Round took 0.106979706
Round took 0.315106038
Round took 0.085411353
Round took 0.305880816
Round took 0.319768447
Round took 0.106643297
Round took 0.107836505
Round took 0.114999663
Round took 1.326729757
Round took 0.315718137
Round took 0.111798373
Round took 0.099071946
Round took 0.109700581
Round took 0.108246432
Round took 0.107347236
Round took 0.107056564
Round took 0.105918202
Round took 0.822527736
Round took 0.094143249
Round took 0.107899826
Round took 0.106515913
Round took 0.11256897
Round took 0.112475966
Round took 0.320987951
Round took 0.111180753
Round took 2.830128
Round took 0.319955784
Round took 0.098845534
Round took 1.321927549
Round took 0.093939354
Round took 0.088234116
Round took 0.095562323
Round took 0.091864346
Round took 0.093464277
Round took 0.096192555
Round took 0.102206729
Round took 0.096854445
Round took 0.101846529
Round took 0.107451876
Round took 0.307491042
Round took 0.09190133
Round took 0.091782295
Round took 0.09233008
Round took 0.119638541
Round took 0.324545334
Round took 1.3209946000000001
Round took 0.310689912
Round took 0.09719961
Round took 0.306886903
Round took 0.08654677
Round took 0.082358052
Round took 0.087597599
Round took 0.100890502
Round took 0.094528461
Round took 0.095049791
Round took 0.312906714
Round took 0.095819823
Round took 0.303168608
Round took 0.088114909
Round took 0.104290948
Round took 0.107233988
Round took 0.302440502
Round took 0.08915898
Round took 0.101904008
Round took 0.354125819
Round took 0.809479656
Round took 0.079730964
Round took 0.092035743
Round took 0.086000295
Round took 0.089777247
Round took 0.117671717
Round took 0.088079464
Round took 0.08910655
Round took 0.0845158
Round took 0.102327169
Round took 0.090574356
Round took 0.0913684
Round took 0.088809359
Round took 0.098681071
Error when reading: read tcp 172.31.54.117:39768->172.31.48.98:7070: read: connection timed out
Error when reading: read tcp 172.31.54.117:47350->172.31.55.252:7070: read: connection timed out
Error when reading: EOF
Error when reading: EOF
Error when reading: read tcp 172.31.54.117:44546->172.31.63.49:7070: read: connection timed out
Error when reading: EOF
Error when reading: read tcp 172.31.54.117:42774->172.31.62.16:7070: read: connection timed out
Error when reading: EOF
Round took 7.820297031
Error when reading: EOF
Error when reading: EOF
Error when reading: EOF
Error when reading: EOF
Error when reading: EOF
Error when reading: EOF
Error when reading: EOF
Error when reading: EOF
Round took 8.6714e-05
Error when reading: EOF
Error when reading: EOF
Error when reading: EOF
Error when reading: EOF
Error when reading: EOF
Error when reading: EOF
Error when reading: EOF
Round took 2.4005e-05
Error when reading: EOF
Error when reading: EOF
Error when reading: EOF
Error when reading: EOF
Round took 1.4943e-05
Error when reading: EOF
Error when reading: EOF
Round took 9.284e-06
Round took 2.895e-06
Round took 2.907e-06
Round took 2.587e-06
Round took 2.522e-06
Round took 2.542e-06
Round took 2.548e-06
Round took 7.755e-06
Round took 2.545e-06
Round took 2.566e-06
Round took 2.517e-06
Round took 2.553e-06
Round took 2.362e-06
Round took 2.456e-06
Round took 2.456e-06
Round took 2.51e-06
Round took 2.442e-06
Round took 2.472e-06
Round took 2.468e-06
Round took 2.774e-06
Round took 2.43e-06
Round took 2.331e-06
Round took 2.318e-06
Round took 5.458e-06
Round took 2.333e-06
Round took 2.382e-06
Round took 2.361e-06
Round took 2.534e-06
Round took 2.384e-06
Round took 2.339e-06
Round took 2.388e-06
Round took 2.417e-06
Round took 2.544e-06
Round took 2.359e-06
Round took 2.322e-06
Round took 2.355e-06
Round took 2.413e-06
Round took 2.339e-06
Round took 2.342e-06
Round took 2.368e-06
Round took 6.923e-06
Round took 2.379e-06
Round took 2.356e-06
Round took 2.402e-06
Round took 2.407e-06
Round took 2.389e-06
Round took 2.432e-06
Round took 2.365e-06
Round took 2.421e-06
Round took 2.315e-06
Round took 2.322e-06
Round took 2.392e-06
Round took 2.416e-06
Round took 2.318e-06
Round took 2.344e-06
Round took 2.335e-06
Round took 5.2e-06
Round took 2.345e-06
Round took 2.403e-06
Round took 2.343e-06
Round took 2.354e-06
Round took 2.379e-06
Round took 2.48e-06
Round took 2.458e-06
Round took 2.485e-06
Round took 1.6121e-05
Round took 2.359e-06
Round took 2.379e-06
Round took 2.361e-06
Round took 2.552e-06
Round took 2.323e-06
Round took 2.356e-06
Round took 2.427e-06
Round took 6.824e-06
Round took 2.331e-06
Round took 2.341e-06
Round took 2.398e-06
Round took 2.38e-06
Round took 2.315e-06
Round took 2.37e-06
Round took 2.346e-06
Round took 2.373e-06
Round took 2.32e-06
Round took 2.324e-06
Round took 2.437e-06
Round took 2.417e-06
Round took 2.365e-06
Round took 2.381e-06
Round took 2.363e-06
Round took 5.128e-06
Round took 2.712e-06
Round took 2.403e-06
Round took 2.375e-06
Round took 2.39e-06
Round took 2.369e-06
Round took 2.324e-06
Round took 2.344e-06
Round took 2.356e-06
Round took 2.427e-06
Round took 2.347e-06
Round took 2.4e-06
Round took 2.338e-06
Round took 2.445e-06
Round took 2.291e-06
Round took 2.341e-06
Round took 2.336e-06
Round took 1.0164e-05
Round took 2.328e-06
Round took 2.297e-06
Round took 2.288e-06
Round took 2.419e-06
Round took 2.361e-06
Round took 2.359e-06
Round took 2.523e-06
Round took 2.493e-06
Round took 2.443e-06
Round took 2.473e-06
Round took 2.347e-06
Round took 2.56e-06
Round took 2.407e-06
Round took 2.505e-06
Round took 2.379e-06
Round took 5.279e-06
Round took 2.349e-06
Round took 2.371e-06
Round took 2.372e-06
Round took 2.4e-06
Round took 2.32e-06
Round took 2.346e-06
Round took 2.328e-06
Round took 2.384e-06
Round took 2.391e-06
Round took 2.35e-06
Round took 7.388e-06
Round took 2.419e-06
Round took 2.429e-06
Round took 2.363e-06
Round took 2.309e-06
Round took 2.314e-06
Round took 8.38e-06
Round took 2.416e-06
Round took 2.304e-06
Round took 2.307e-06
Round took 2.371e-06
Round took 2.324e-06
Round took 2.392e-06
Round took 2.32e-06
Round took 2.398e-06
Round took 2.348e-06
Round took 2.325e-06
Round took 2.341e-06
Round took 2.43e-06
Round took 2.346e-06
Round took 2.366e-06
Round took 2.353e-06
Round took 6.439e-06
Round took 2.349e-06
Round took 2.357e-06
Round took 2.351e-06
Round took 2.332e-06
Round took 2.428e-06
Round took 2.311e-06
Round took 2.342e-06
Round took 2.317e-06
Round took 2.387e-06
Round took 2.328e-06
Round took 2.352e-06
Round took 2.382e-06
Round took 2.419e-06
Round took 2.341e-06
Round took 2.334e-06
Round took 2.329e-06
Round took 5.54e-06
Round took 2.34e-06
Round took 2.298e-06
Round took 2.341e-06
Round took 2.394e-06
Round took 2.304e-06
Round took 2.331e-06
Round took 2.393e-06
Round took 2.356e-06
Round took 2.529e-06
Round took 2.412e-06
Round took 2.411e-06
Round took 2.442e-06
Round took 2.343e-06
Round took 2.34e-06
Round took 2.403e-06
Round took 2.405e-06
Round took 2.347e-06
Round took 2.32e-06
Round took 2.314e-06
Round took 2.344e-06
Round took 2.396e-06
Round took 2.347e-06
Round took 2.322e-06
Round took 2.343e-06
Round took 2.366e-06
Round took 2.316e-06
Round took 2.344e-06
Round took 2.384e-06
Round took 1.0363e-05
Round took 2.359e-06
Round took 2.406e-06
Round took 2.332e-06
Round took 6.157e-06
Round took 2.315e-06
Round took 2.298e-06
Round took 2.287e-06
Round took 2.353e-06
Round took 2.323e-06
Round took 2.334e-06
Round took 2.363e-06
Round took 2.406e-06
Round took 2.315e-06
Round took 2.363e-06
Round took 2.309e-06
Round took 2.447e-06
Round took 2.332e-06
Round took 2.352e-06
Round took 2.322e-06
Round took 2.439e-06
Round took 5.084e-06
Round took 2.362e-06
Round took 2.413e-06
Round took 2.34e-06
Round took 2.371e-06
Round took 2.363e-06
Round took 2.346e-06
Round took 2.326e-06
Round took 2.393e-06
Round took 2.326e-06
Round took 2.285e-06
Round took 2.348e-06
Round took 5.279e-06
Round took 3.078e-06
Round took 2.613e-06
Round took 2.624e-06
Round took 0.000265123
Round took 8.38e-07
Round took 1.419e-06
Round took 4.439e-06
Round took 1.288e-06
Round took 2.42e-06
Round took 3.202e-06
Round took 1.995e-06
Round took 2.104e-06
Round took 3.95e-07
Round took 1.127e-06
Round took 2.448e-06
Round took 2.461e-06
Round took 2.442e-06
Round took 2.505e-06
Round took 2.35e-06
Round took 2.407e-06
Round took 6.038e-06
Round took 2.421e-06
Round took 2.35e-06
Round took 2.346e-06
Round took 2.496e-06
Round took 2.372e-06
Round took 2.405e-06
Round took 2.364e-06
Round took 2.407e-06
Round took 2.415e-06
Round took 2.515e-06
Round took 4.17e-06
Round took 1.412e-06
Round took 3.514e-06
Round took 1.966e-06
Round took 1.0107e-05
Round took 6.643e-06
Round took 3.932e-06
Round took 4.327e-06
Round took 3.412e-06
Round took 4.21e-07
Round took 1.587e-06
Round took 2.353e-06
Round took 2.341e-06
Round took 2.489e-06
Round took 9.74e-07
Round took 1.602e-06
Round took 3.892e-06
Round took 2.414e-06
Round took 2.318e-06
Round took 2.352e-06
Round took 2.331e-06
Round took 4.365e-06
Round took 6.827e-06
Round took 3.125e-06
Round took 1.286e-06
Round took 7.3e-07
Round took 1.381e-06
Round took 2.434e-06
Round took 2.366e-06
Round took 2.408e-06
Round took 2.2238e-05
Round took 2.406e-06
Round took 2.363e-06
Round took 2.372e-06
Round took 2.407e-06
Round took 4.9949e-05
Round took 4.2019e-05
Round took 8.728e-06
Round took 7.66e-06
Round took 2.5836e-05
Round took 9.83e-06
Round took 3.212e-06
Round took 2.105e-06
Round took 1.904e-06
Round took 7.859e-06
Round took 2.406e-06
Round took 4.477e-06
Round took 2.37e-06
Round took 1.6558e-05
Round took 4.448e-06
Round took 3.97e-06
Round took 2.427e-06
Round took 3.79e-06
Round took 1.808e-06
Round took 8.83e-07
Round took 1.244e-05
Round took 3.37e-06
Round took 8.865e-06
Round took 1.055e-06
Round took 8.21e-07
Round took 3.243e-06
Round took 2.395e-06
Round took 2.422e-06
Round took 2.482e-06
Round took 2.023e-06
Round took 8.984e-06
Round took 8.54e-07
Round took 3.31e-06
Round took 2.321e-06
Round took 7.997e-06
Round took 3.122e-06
Round took 7.858e-06
Round took 1.1673e-05
Round took 8.2e-07
Round took 3.397e-06
Round took 4.134e-06
Round took 1.315e-06
Round took 8.55e-07
Round took 2.383e-06
Round took 2.475e-06
Round took 7.141e-06
Round took 2.403e-06
Round took 2.316e-06
Round took 8.614e-06
Round took 2.338e-06
Round took 2.373e-06
Round took 2.363e-06
Round took 2.385e-06
Round took 1.1014e-05
Round took 2.365e-06
Round took 1.354e-06
Round took 9.09e-07
Round took 7.921e-06
Round took 3.643e-06
Round took 3.72e-06
Round took 3.523e-06
Round took 9.063e-06
Round took 2.445e-06
Round took 2.347e-06
Round took 2.352e-06
Round took 2.397e-06
Round took 2.344e-06
Round took 2.328e-06
Round took 2.35e-06
Round took 1.51e-05
Round took 2.4e-06
Round took 2.324e-06
Round took 2.458e-06
Round took 2.383e-06
Round took 2.362e-06
Round took 2.379e-06
Round took 7.662e-06
Round took 3.501e-06
Round took 2.65e-06
Round took 3.397e-06
Round took 7.543e-06
Round took 2.31e-06
Round took 2.398e-06
Round took 2.436e-06
Round took 2.406e-06
Round took 2.55e-06
Round took 5.606e-06
Round took 2.399e-06
Round took 2.511e-06
Round took 2.365e-06
Round took 2.411e-06
Round took 2.36e-06
Round took 2.359e-06
Round took 4.058e-06
Round took 1.771e-06
Round took 1.504e-06
Round took 1.002e-06
Round took 2.418e-06
Round took 2.454e-06
Round took 2.337e-06
Round took 2.397e-06
Round took 7.256e-06
Round took 6.499e-06
Round took 2.329e-06
Round took 2.357e-06
Round took 1.3651e-05
Round took 2.492e-06
Round took 2.517e-06
Round took 6.175e-06
Round took 2.642e-06
Round took 2.527e-06
Round took 2.379e-06
Round took 2.343e-06
Round took 2.412e-06
Round took 2.334e-06
Round took 2.383e-06
Round took 2.36e-06
Round took 2.42e-06
Round took 2.548e-06
Round took 5.052e-06
Round took 2.191e-06
Round took 8.382e-06
Round took 2.384e-06
Round took 3.7707e-05
Round took 4.038e-06
Round took 1.3239e-05
Round took 2.419e-06
Round took 2.412e-06
Round took 5.79e-07
Round took 2.3009e-05
Round took 5.689e-06
Round took 3.325e-06
Round took 2.661e-06
Round took 2.637e-06
Round took 2.403e-06
Round took 1.0181e-05
Round took 2.44e-06
Round took 2.431e-06
Round took 2.422e-06
Round took 2.445e-06
Round took 2.429e-06
Round took 8.412e-06
Round took 2.413e-06
Round took 2.435e-06
Round took 2.409e-06
Round took 2.432e-06
Round took 2.342e-06
Round took 2.381e-06
Round took 2.418e-06
Round took 2.344e-06
Round took 2.534e-06
Round took 3.036e-06
Round took 7.56e-06
Round took 2.565e-06
Round took 2.467e-06
Round took 2.482e-06
Round took 2.585e-06
Round took 2.359e-06
Round took 2.372e-06
Round took 2.363e-06
Round took 2.424e-06
Round took 2.348e-06
Round took 2.411e-06
Round took 2.445e-06
Round took 0.000172396
Round took 2.406e-06
Round took 2.423e-06
Round took 2.403e-06
Round took 9.272e-06
Round took 2.452e-06
Round took 2.365e-06
Round took 2.336e-06
Round took 2.428e-06
Round took 7.504e-06
Round took 0.000186499
Round took 2.529e-06
Round took 2.62e-06
Round took 2.368e-06
Round took 2.359e-06
Round took 2.301e-06
Round took 2.373e-06
Round took 2.438e-06
Round took 2.466e-06
Round took 2.31e-06
Round took 1.8867e-05
Round took 7.765e-06
Round took 2.384e-06
Round took 2.331e-06
Round took 2.406e-06
Round took 2.406e-06
Round took 2.4e-06
Round took 2.46e-06
Round took 2.382e-06
Round took 2.43e-06
Round took 2.423e-06
Round took 2.333e-06
Round took 2.367e-06
Round took 2.469e-06
Round took 3.202e-06
Round took 2.418e-06
Round took 2.405e-06
Round took 1.1172e-05
Round took 2.43e-06
Round took 0.000722908
Round took 3.123e-06
Round took 2.694e-06
Round took 2.42e-06
Round took 2.373e-06
Round took 2.356e-06
Round took 6.2172e-05
Round took 2.635e-06
Round took 2.482e-06
Round took 2.469e-06
Round took 2.36e-06
Round took 2.473e-06
Round took 2.437e-06
Round took 2.385e-06
Round took 3.523e-06
Round took 7.822e-06
Round took 2.387e-06
Round took 2.463e-06
Round took 2.441e-06
Round took 2.466e-06
Round took 2.423e-06
Round took 2.506e-06
Round took 2.371e-06
Round took 2.466e-06
Round took 2.355e-06
Round took 2.606e-06
Round took 2.391e-06
Round took 2.494e-06
Round took 2.388e-06
Round took 2.373e-06
Round took 2.365e-06
Round took 8.128e-06
Round took 2.368e-06
Round took 2.394e-06
Round took 2.352e-06
Round took 2.391e-06
Round took 2.342e-06
Round took 2.36e-06
Round took 2.363e-06
Round took 8.884e-06
Round took 2.51e-06
Round took 2.38e-06
Round took 2.346e-06
Round took 2.373e-06
Round took 2.43e-06
Round took 2.318e-06
Round took 2.355e-06
Round took 2.374e-06
Round took 5.472e-06
Round took 2.336e-06
Round took 2.371e-06
Round took 2.409e-06
Round took 2.403e-06
Round took 2.331e-06
Round took 2.421e-06
Round took 2.345e-06
Round took 2.431e-06
Round took 2.382e-06
Round took 2.413e-06
Round took 2.356e-06
Round took 2.429e-06
Round took 2.357e-06
Round took 2.34e-06
Round took 2.318e-06
Round took 6.007e-06
Round took 8.5095e-05
Round took 3.072e-06
Round took 2.373e-06
Round took 2.67e-06
Round took 2.416e-06
Round took 2.4e-06
Round took 2.364e-06
Round took 2.371e-06
Round took 2.483e-06
Round took 5.5161e-05
Round took 3.107e-06
Round took 2.368e-06
Round took 2.52e-06
Round took 2.398e-06
Round took 2.408e-06
Round took 3.232e-06
Round took 7.427e-06
Round took 2.348e-06
Round took 2.3e-06
Round took 3.963e-06
Round took 2.695e-06
Round took 2.464e-06
Round took 2.461e-06
Round took 2.536e-06
Round took 2.469e-06
Round took 2.436e-06
Round took 2.426e-06
Round took 2.384e-06
Round took 2.409e-06
Round took 2.493e-06
Round took 2.389e-06
Round took 2.467e-06
Round took 1.1971e-05
Round took 2.396e-06
Round took 2.285e-06
Round took 2.323e-06
Round took 2.343e-06
Round took 2.314e-06
Round took 2.308e-06
Round took 2.352e-06
Round took 2.286e-06
Round took 2.53e-06
Round took 1.5819e-05
Round took 2.416e-06
Round took 2.384e-06
Round took 2.374e-06
Round took 2.312e-06
Round took 2.323e-06
Round took 2.339e-06
Round took 9.082e-06
Round took 2.313e-06
Round took 2.347e-06
Round took 2.266e-06
Round took 2.394e-06
Round took 2.27e-06
Round took 2.349e-06
Round took 2.29e-06
Round took 2.432e-06
Round took 2.332e-06
Round took 2.376e-06
Round took 2.298e-06
Round took 2.411e-06
Round took 2.291e-06
Round took 2.333e-06
Round took 2.343e-06
Round took 6.55e-06
Round took 2.36e-06
Round took 2.363e-06
Round took 2.346e-06
Round took 2.35e-06
Round took 2.527e-06
Round took 2.382e-06
Round took 2.319e-06
Round took 2.449e-06
Round took 2.458e-06
Round took 2.375e-06
Round took 2.359e-06
Round took 2.366e-06
Round took 2.361e-06
Round took 2.338e-06
Round took 2.368e-06
Round took 2.325e-06
Round took 5.26e-06
Round took 2.35e-06
Round took 2.301e-06
Round took 2.398e-06
Round took 2.322e-06
Round took 2.382e-06
Round took 2.404e-06
Round took 2.357e-06
Round took 2.494e-06
Round took 2.435e-06
Round took 2.386e-06
Round took 2.445e-06
Round took 2.58e-06
Round took 2.373e-06
Round took 2.342e-06
Round took 2.345e-06
Round took 6.134e-06
Round took 2.376e-06
Round took 2.353e-06
Round took 2.332e-06
Round took 2.347e-06
Round took 2.48e-06
Round took 2.338e-06
Round took 2.342e-06
Round took 2.355e-06
Round took 2.381e-06
Round took 2.352e-06
Round took 2.341e-06
Round took 6.315e-06
Round took 2.394e-06
Round took 2.42e-06
Round took 2.372e-06
Round took 2.33e-06
Round took 5.346e-06
Round took 2.43e-06
Round took 2.336e-06
Round took 2.313e-06
Round took 2.409e-06
Round took 2.305e-06
Round took 2.316e-06
Round took 2.388e-06
Round took 2.399e-06
Round took 2.334e-06
Round took 2.315e-06
Round took 2.31e-06
Round took 2.43e-06
Round took 2.296e-06
Round took 2.338e-06
Round took 2.329e-06
Round took 2.393e-06
Round took 2.44e-06
Round took 2.306e-06
Round took 2.334e-06
Round took 2.295e-06
Round took 2.368e-06
Round took 2.419e-06
Round took 2.376e-06
Round took 2.337e-06
Round took 2.43e-06
Round took 2.437e-06
Round took 2.362e-06
Round took 2.351e-06
Round took 2.422e-06
Round took 2.323e-06
Round took 2.326e-06
Round took 2.358e-06
Round took 5.254e-06
Round took 2.33e-06
Round took 2.329e-06
Round took 2.306e-06
Round took 2.355e-06
Round took 2.3e-06
Round took 2.304e-06
Round took 2.341e-06
Round took 2.448e-06
Round took 2.355e-06
Round took 2.473e-06
Round took 2.408e-06
Round took 2.451e-06
Round took 2.36e-06
Round took 2.469e-06
Round took 2.301e-06
Round took 2.376e-06
Round took 5.828e-06
Round took 2.407e-06
Round took 2.355e-06
Round took 2.429e-06
Round took 2.338e-06
Round took 2.452e-06
Round took 2.31e-06
Round took 2.332e-06
Round took 2.399e-06
Round took 2.33e-06
Round took 2.302e-06
Round took 2.349e-06
Round took 2.361e-06
Round took 4.521e-06
Round took 3.442e-06
Round took 2.658e-06
Round took 8.116e-06
Round took 2.409e-06
Round took 2.381e-06
Round took 2.344e-06
Round took 2.386e-06
Round took 2.381e-06
Round took 2.353e-06
Round took 2.371e-06
Round took 2.413e-06
Round took 2.473e-06
Round took 2.374e-06
Round took 2.36e-06
Round took 2.455e-06
Round took 2.318e-06
Round took 2.344e-06
Round took 2.366e-06
Round took 2.376e-06
Round took 7.291e-06
Round took 2.415e-06
Round took 2.417e-06
Round took 2.379e-06
Round took 2.398e-06
Round took 2.388e-06
Round took 2.356e-06
Round took 2.385e-06
Round took 2.401e-06
Round took 2.357e-06
Round took 2.344e-06
Round took 2.397e-06
Round took 2.423e-06
Round took 2.321e-06
Round took 2.384e-06
Round took 2.338e-06
Round took 1.7503e-05
Round took 2.416e-06
Round took 2.361e-06
Round took 2.321e-06
Round took 2.432e-06
Round took 2.32e-06
Round took 2.379e-06
Round took 2.391e-06
Round took 2.45e-06
Round took 2.414e-06
Round took 2.418e-06
Round took 2.425e-06
Round took 2.509e-06
Round took 2.476e-06
Round took 2.505e-06
Round took 2.448e-06
Round took 2.369e-06
Round took 6.747e-06
Round took 2.343e-06
Round took 2.429e-06
Round took 2.327e-06
Round took 2.398e-06
Round took 2.384e-06
Round took 2.485e-06
Round took 2.391e-06
Round took 2.471e-06
Round took 2.356e-06
Round took 2.376e-06
Round took 2.415e-06
Round took 2.467e-06
Round took 2.341e-06
Round took 2.362e-06
Round took 2.306e-06
Round took 1.0223e-05
Round took 2.36e-06
Round took 2.357e-06
Round took 2.399e-06
Round took 2.472e-06
Round took 2.405e-06
Round took 2.371e-06
Round took 2.32e-06
Round took 2.553e-06
Round took 2.341e-06
Round took 2.373e-06
Round took 2.303e-06
Round took 2.466e-06
Round took 2.304e-06
Round took 2.353e-06
Round took 2.461e-06
Round took 2.384e-06
Round took 8.468e-06
Round took 2.408e-06
Round took 2.323e-06
Round took 2.352e-06
Round took 2.436e-06
Round took 2.326e-06
Round took 2.336e-06
Round took 2.455e-06
Round took 2.412e-06
Round took 2.322e-06
Round took 2.342e-06
Round took 2.464e-06
Round took 2.4e-06
Round took 2.391e-06
Round took 2.339e-06
Round took 2.329e-06
Round took 5.225e-06
Round took 2.411e-06
Round took 2.325e-06
Round took 2.35e-06
Round took 2.342e-06
Round took 2.339e-06
Round took 2.301e-06
Round took 2.41e-06
Round took 2.348e-06
Round took 2.382e-06
Round took 2.297e-06
Round took 6.711e-06
Round took 2.457e-06
Round took 2.426e-06
Round took 2.392e-06
Round took 2.447e-06
Round took 2.406e-06
Round took 6.119e-06
Round took 2.4e-06
Round took 2.367e-06
Round took 2.362e-06
Round took 2.393e-06
Round took 3.1902e-05
Round took 2.435e-06
Round took 2.421e-06
Round took 2.487e-06
Round took 2.368e-06
Round took 2.341e-06
Round took 2.293e-06
Round took 2.397e-06
Round took 2.318e-06
Round took 2.348e-06
Round took 2.343e-06
Round took 5.283e-06
Round took 2.379e-06
Round took 5.211e-06
Round took 2.392e-06
Round took 2.416e-06
Round took 2.36e-06
Round took 2.369e-06
Round took 2.356e-06
Round took 2.433e-06
Round took 2.33e-06
Round took 2.32e-06
Round took 2.291e-06
Round took 2.337e-06
Round took 2.309e-06
Round took 2.308e-06
Round took 2.386e-06
Round took 2.337e-06
Round took 8.885e-06
Round took 2.393e-06
Round took 2.318e-06
Round took 2.384e-06
Round took 2.392e-06
Round took 2.443e-06
Round took 2.369e-06
Round took 2.383e-06
Round took 2.407e-06
Round took 2.327e-06
Round took 2.322e-06
Round took 2.32e-06
Round took 2.39e-06
Round took 2.332e-06
Round took 2.289e-06
Round took 2.369e-06
Round took 5.06e-06
Round took 2.455e-06
Round took 2.414e-06
Round took 2.336e-06
Round took 2.413e-06
Round took 2.326e-06
Round took 2.31e-06
Round took 2.339e-06
Round took 2.418e-06
Round took 2.32e-06
Round took 2.304e-06
Round took 2.396e-06
Round took 2.331e-06
Round took 2.405e-06
Round took 2.342e-06
Round took 2.366e-06
Round took 2.34e-06
Round took 6.085e-06
Round took 2.488e-06
Round took 2.457e-06
Round took 2.433e-06
Round took 2.467e-06
Round took 2.368e-06
Round took 2.356e-06
Round took 2.363e-06
Round took 2.421e-06
Round took 2.304e-06
Round took 2.353e-06
Round took 2.364e-06
Round took 2.439e-06
Round took 2.317e-06
Round took 2.325e-06
Round took 2.325e-06
Round took 4.941e-06
Round took 2.293e-06
Round took 2.356e-06
Round took 2.306e-06
Round took 5.504e-06
Round took 2.676e-06
Round took 2.398e-06
Round took 2.376e-06
Round took 2.39e-06
Round took 2.346e-06
Round took 2.326e-06
Round took 2.395e-06
Round took 2.388e-06
Round took 2.355e-06
Round took 2.384e-06
Round took 2.346e-06
Round took 2.39e-06
Round took 7.989e-06
Round took 2.313e-06
Round took 2.377e-06
Round took 2.339e-06
Round took 2.357e-06
Round took 2.344e-06
Round took 2.362e-06
Round took 2.386e-06
Round took 2.353e-06
Round took 2.325e-06
Round took 2.317e-06
Round took 2.289e-06
Round took 2.395e-06
Round took 2.357e-06
Round took 2.302e-06
Round took 2.291e-06
Round took 5.133e-06
Round took 2.378e-06
Round took 2.337e-06
Round took 2.325e-06
Round took 2.388e-06
Round took 2.292e-06
Round took 2.308e-06
Round took 2.333e-06
Round took 2.401e-06
Round took 2.303e-06
Round took 2.306e-06
Round took 2.306e-06
Round took 2.333e-06
Round took 2.387e-06
Round took 2.357e-06
Round took 2.339e-06
Round took 2.331e-06
Round took 1.0765e-05
Round took 2.433e-06
Round took 2.368e-06
Round took 2.409e-06
Round took 2.377e-06
Round took 2.394e-06
Round took 2.346e-06
Round took 2.365e-06
Round took 2.483e-06
Round took 4.008e-06
Round took 2.635e-06
Round took 2.834e-06
Round took 2.935e-06
Round took 2.614e-06
Round took 2.504e-06
Round took 2.371e-06
Round took 7.419e-06
Round took 2.446e-06
Round took 2.373e-06
Round took 2.402e-06
Round took 2.401e-06
Round took 3.243e-06
Round took 1.629e-06
Round took 7.728e-06
Round took 3.12e-06
Round took 1.182e-06
Round took 3.97e-07
Round took 2.452e-06
Round took 2.38e-06
Round took 2.459e-06
Round took 2.391e-06
Round took 2.344e-06
Round took 2.357e-06
Round took 7.362e-06
Round took 2.328e-06
Round took 2.425e-06
Round took 2.323e-06
Round took 2.404e-06
Round took 2.326e-06
Round took 2.334e-06
Round took 2.376e-06
Round took 2.437e-06
Round took 2.501e-06
Round took 2.353e-06
Round took 2.389e-06
Round took 2.449e-06
Round took 2.353e-06
Round took 2.381e-06
Round took 2.374e-06
Round took 7.622e-06
Round took 4.3921e-05
Round took 3.689e-06
Round took 1.892e-06
Round took 2.593e-06
Round took 2.936e-06
Round took 8.12e-07
Round took 1.321e-06
Round took 1.934e-06
Round took 2.103e-06
Round took 4.411e-06
Round took 2.536e-06
Round took 7.47e-07
Round took 1.618e-06
Round took 2.379e-06
Round took 2.467e-06
Round took 2.443e-06
Round took 1.0275e-05
Round took 2.581e-06
Round took 2.403e-06
Round took 3.939e-06
Round took 1.132e-06
Round took 2.121e-06
Round took 4.369e-06
Round took 7.46e-07
Round took 2.43e-06
Round took 7.743e-06
Round took 2.398e-06
Round took 2.358e-06
Round took 2.497e-06
Round took 2.339e-06
Round took 2.444e-06
Round took 2.443e-06
Round took 1.7996e-05
Round took 2.464e-06
Round took 2.392e-06
Round took 2.374e-06
Round took 4.327e-06
Round took 3.563e-06
Round took 2.275e-06
Round took 2.353e-06
Round took 2.385e-06
Round took 0.000150987
Round took 2.472e-06
Round took 2.399e-06
Round took 2.445e-06
Round took 2.515e-06
Round took 2.398e-06
Round took 2.413e-06
Round took 2.385e-06
Round took 8.394e-06
Round took 2.418e-06
Round took 2.355e-06
Round took 2.375e-06
Round took 2.407e-06
Round took 2.369e-06
Round took 2.368e-06
Round took 2.358e-06
Round took 2.397e-06
Round took 2.36e-06
Round took 2.409e-06
Round took 2.373e-06
Round took 2.398e-06
Round took 2.378e-06
Round took 2.367e-06
Round took 2.375e-06
Round took 1.0885e-05
Round took 2.469e-06
Round took 2.404e-06
Round took 2.365e-06
Round took 2.492e-06
Round took 2.392e-06
Round took 2.453e-06
Round took 4.038e-06
Round took 7.31e-07
Round took 7.84e-07
Round took 2.514e-06
Round took 2.433e-06
Round took 2.433e-06
Round took 2.459e-06
Round took 2.487e-06
Round took 2.434e-06
Round took 2.389e-06
Round took 6.851e-06
Round took 2.511e-06
Round took 2.43e-06
Round took 2.371e-06
Round took 2.407e-06
Round took 2.42e-06
Round took 2.438e-06
Round took 2.439e-06
Round took 3.1846e-05
Round took 2.536e-06
Round took 1.637e-06
Round took 1.0023e-05
Round took 2.572e-05
Round took 7.79e-07
Round took 5.61e-07
Round took 1.903e-06
Round took 6.113e-06
Round took 1.635e-06
Round took 2.398e-06
Round took 2.406e-06
Round took 1.6318e-05
Round took 3.513e-06
Round took 2.0323e-05
Round took 2.512e-06
Round took 2.414e-06
Round took 1.078e-06
Round took 9.694e-06
Round took 2.8559e-05
Round took 2.453e-06
Round took 2.44e-06
Round took 7.278e-06
Round took 1.197e-06
Round took 7.96e-07
Round took 6.397e-06
Round took 6.418e-06
Round took 2.379e-06
Round took 8.87e-06
Round took 2.455e-06
Round took 8.115e-06
Round took 2.374e-06
Round took 2.396e-06
Round took 2.429e-06
Round took 2.466e-06
Round took 2.362e-06
Round took 2.408e-06
Round took 2.417e-06
Round took 1e-06
Round took 2.466e-06
Round took 2.009e-06
Round took 5.995e-06
Round took 6.639e-06
Round took 2.385e-06
Round took 2.387e-06
Round took 2.339e-06
Round took 2.387e-06
Round took 2.349e-06
Round took 2.424e-06
Round took 2.401e-06
Round took 2.509e-06
Round took 2.379e-06
Round took 3.416e-06
Round took 2.384e-06
Round took 2.615e-06
Round took 3.195e-06
Round took 3.011e-06
Round took 2.377e-06
Round took 9.52e-06
Round took 8.382e-06
Round took 2.471e-06
Round took 2.349e-06
Round took 8.423e-06
Round took 2.446e-06
Round took 2.381e-06
Round took 4.366e-06
Round took 2.401e-06
Round took 2.438e-06
Round took 1.9343e-05
Round took 2.414e-06
Round took 2.695e-06
Round took 2.519e-06
Round took 2.405e-06
Round took 2.418e-06
Round took 4.9e-06
Round took 2.42e-06
Round took 2.37e-06
Round took 2.351e-06
Round took 2.409e-06
Round took 2.389e-06
Round took 2.36e-06
Round took 1.0428e-05
Round took 2.47e-06
Round took 2.619e-06
Round took 2.46e-06
Round took 2.377e-06
Round took 2.384e-06
Round took 6.412e-06
Round took 2.411e-06
Round took 2.395e-06
Round took 8.256e-06
Round took 0.008607103
Round took 6.972e-06
Round took 1.909e-06
Round took 2.648e-06
Round took 1.125e-06
Round took 3.989e-06
Round took 2.553e-06
Round took 9.764e-06
Round took 1.208e-06
Round took 2.172e-06
Round took 2.308e-06
Round took 1.311e-06
Round took 2.571e-06
Round took 2.659e-06
Round took 3.16e-06
Round took 2.977e-06
Round took 2.325e-06
Round took 1.0958e-05
Round took 3.232e-06
Round took 2.668e-06
Round took 3.705e-06
Round took 7.651e-06
Round took 2.402e-06
Round took 3.131e-06
Round took 2.515e-06
Round took 2.436e-06
Round took 4.185e-06
Round took 1.225e-05
Test took 122.50894095
Successful: 7392
