Uniform distribution
Round took 0.042513783
Round took 0.145589575
Round took 0.035370671
Round took 0.044100724
Round took 0.043920688
Round took 0.051766588
Round took 0.040645068
Round took 0.035169993
Round took 0.045815619
Round took 0.068662968
Round took 0.04365749
Round took 0.038060613
Round took 0.038346401
Round took 0.045340194
Round took 0.056121177
Round took 0.069191833
Round took 0.043471941
Round took 0.051786805
Round took 0.033066292
Round took 0.137631243
Round took 0.054981316
Round took 0.041870746
Round took 0.043684786
Round took 0.042071253
Round took 0.040678281
Round took 0.070941203
Round took 0.043268931
Round took 0.041381224
Round took 0.035240406
Round took 0.055893556
Round took 0.047104438
Round took 0.05504132
Round took 0.032230381
Round took 0.035697181
Round took 0.034094996
Round took 0.043970571
Round took 0.064932353
Round took 0.06748748
Round took 0.045209552
Round took 0.039774081
Round took 0.037445497
Round took 0.043294467
Round took 0.054267327
Round took 0.057434095
Round took 0.050755983
Round took 0.058234288
Round took 0.041486224
Round took 0.048009496
Round took 0.051107603
Round took 0.068489723
Round took 0.062615213
Round took 0.05815134
Round took 0.067315876
Round took 0.063093954
Round took 0.051891472
Round took 0.059808146
Round took 0.068189757
Round took 0.060999382
Round took 0.051588774
Round took 0.043393778
Round took 0.051497244
Round took 0.042559068
Round took 0.050541721
Round took 0.046018664
Round took 0.064591424
Round took 0.082676001
Round took 0.054362925
Round took 0.062057945
Round took 0.06967605
Round took 0.074448223
Round took 0.106611824
Round took 0.094062656
Round took 0.086826797
Round took 0.067443353
Round took 0.064700275
Round took 0.072519609
Round took 0.097337496
Round took 0.064279644
Round took 0.076860982
Round took 0.071665152
Round took 0.072969582
Round took 0.096529154
Round took 0.085157972
Round took 0.083709532
Round took 0.087939827
Round took 0.093047689
Round took 0.069125461
Round took 0.064245272
Round took 0.082856291
Round took 0.094024653
Round took 0.102751063
Round took 0.097072176
Round took 0.100410325
Round took 0.307685281
Round took 0.089070112
Round took 0.086338784
Round took 0.105568113
Round took 0.095135708
Round took 0.088865411
Round took 0.095722262
Round took 0.100221558
Round took 0.116019291
Round took 0.119250508
Round took 0.103888365
Round took 0.07898284
Round took 0.09642965
Round took 0.097777376
Round took 0.147600244
Round took 0.10672575
Round took 0.076185359
Round took 0.077213363
Round took 0.07112878
Round took 0.073484618
Round took 0.079126535
Round took 0.082084382
Round took 0.095596213
Round took 0.088949733
Round took 0.089897286
Round took 0.082152062
Round took 0.113469326
Round took 0.085566089
Round took 0.100086452
Round took 0.08296889
Round took 0.291083161
Round took 0.095074186
Round took 0.107649698
Round took 0.095439377
Round took 0.14060311
Round took 0.087734265
Round took 0.09436789
Round took 0.105003141
Round took 0.113499497
Round took 0.119630225
Round took 0.084675218
Round took 0.316280753
Round took 0.105106447
Round took 0.092357299
Round took 0.089377531
Round took 0.085691941
Round took 0.152825152
Round took 0.09249961
Round took 0.087912758
Round took 0.100644066
Round took 0.108520796
Round took 0.095647928
Round took 0.087718632
Round took 0.085997922
Round took 0.131975756
Round took 0.342018141
Round took 0.106729386
Round took 0.105957028
Round took 0.130718729
Round took 0.830906813
Round took 0.100911884
Round took 0.104578886
Round took 0.134288729
Round took 0.082972406
Round took 0.098547344
Round took 0.186234269
Round took 0.309861536
Round took 0.090872745
Round took 0.106844504
Round took 0.823839321
Round took 0.084406266
Round took 0.102212461
Round took 0.1026222
Round took 0.135667073
Round took 0.137241671
Round took 0.092221639
Round took 0.14345048
Round took 0.086279973
Round took 0.095312831
Round took 0.324370498
Round took 0.105046855
Round took 0.134964295
Round took 0.130655649
Round took 0.104490159
Round took 0.108666899
Round took 0.08881174
Round took 0.114724834
Round took 1.334019889
Round took 0.096129183
Round took 0.11675666
Round took 0.098896252
Round took 0.099153562
Round took 0.097753848
Round took 0.109168005
Round took 0.100414907
Round took 0.831684485
Round took 1.305696818
Round took 0.109075609
Round took 0.838185565
Round took 0.113151029
Round took 0.127232453
Round took 0.099770775
Round took 0.084989842
Round took 0.106160408
Round took 0.096740509
Round took 0.107733533
Round took 0.091308085
Round took 0.090559619
Round took 0.099938551
Round took 0.097791748
Round took 0.111903789
Round took 0.106787359
Round took 0.1161138
Round took 0.100064663
Round took 0.09934645
Round took 0.110378732
Round took 0.127743684
Round took 0.110783092
Round took 0.098459276
Round took 0.093339253
Round took 0.11118873
Round took 0.11678701
Round took 0.091752984
Round took 0.111941274
Round took 0.114826058
Round took 0.33534895
Round took 0.113700594
Round took 0.0994368
Round took 0.14513181
Round took 0.11021333
Round took 0.504741281
Round took 2.832790116
Round took 0.113444109
Round took 0.824775963
Round took 0.08917229
Round took 0.089796617
Round took 0.088715913
Round took 0.083052813
Round took 0.087351877
Round took 0.091223652
Round took 0.274713546
Round took 0.087942071
Round took 0.083237094
Round took 0.085270696
Round took 0.086982211
Round took 6.860396829
Round took 1.314642687
Round took 0.101610946
Round took 0.099617125
Round took 0.393373132
Round took 0.316046184
Round took 0.109326234
Round took 0.318327499
Round took 0.31428443
Round took 0.093203423
Round took 0.311748578
Round took 0.097251598
Round took 0.097769962
Round took 0.317365427
Round took 0.309412073
Round took 0.108744503
Round took 0.11059308
Round took 0.108952586
Round took 1.322706186
Round took 0.106111204
Round took 0.096576976
Round took 0.096998527
Round took 0.104978256
Round took 0.093937982
Round took 0.096465774
Round took 0.100192439
Round took 0.10027693
Round took 0.107717058
Round took 0.099425781
Round took 0.098618768
Round took 0.09875868
Round took 0.097072994
Round took 0.096657288
Round took 0.096533427
Round took 0.084849514
Round took 0.096640179
Round took 0.095145362
Round took 0.810220087
Round took 0.815859666
Round took 0.083197146
Round took 0.094825481
Round took 1.8287302840000002
Round took 0.100123863
Round took 0.098631186
Round took 0.097736814
Round took 0.101273143
Round took 0.101291487
Round took 0.097437299
Round took 0.096009026
Round took 0.053995099
Round took 0.089211331
Round took 0.819197978
Round took 0.094285791
Round took 0.269952323
Round took 0.10301508
Round took 0.114705381
Round took 0.107617494
Round took 0.107322872
Round took 0.311330178
Round took 0.084814215
Round took 0.089536458
Round took 0.085799986
Round took 0.124624168
Round took 0.150201357
Round took 0.095191003
Round took 0.100444198
Round took 0.097392849
Round took 0.301817244
Round took 0.312053493
Round took 0.305507915
Round took 0.09514773
Round took 0.083520979
Round took 0.087332156
Round took 1.313398941
Round took 0.098499909
Round took 0.103469443
Round took 0.098012376
Round took 0.097173122
Round took 1.3290864789999999
Round took 0.118389693
Round took 0.089683889
Round took 0.316152136
Round took 0.082832444
Round took 0.101684017
Round took 0.098878103
Round took 0.088154799
Round took 0.098825548
Round took 0.114439681
Round took 0.084256322
Round took 0.093397554
Round took 0.100834377
Round took 0.091021677
Round took 0.083662767
Round took 0.316084555
Round took 0.340498692
Round took 0.089631946
Round took 0.821617924
Round took 0.084642793
Round took 0.085904111
Round took 0.089134204
Round took 0.087852197
Round took 0.13871385
Round took 0.113905069
Round took 0.093173135
Round took 1.306229596
Round took 0.106728781
Round took 0.31495935
Round took 0.098777231
Round took 0.109033441
Round took 0.101060888
Round took 0.078487344
Round took 0.315833481
Round took 0.083355571
Round took 0.084843864
Round took 0.086081617
Round took 0.097157846
Round took 0.095755394
Round took 0.10042339
Round took 0.816563714
Round took 0.096409314
Round took 0.3065765
Round took 0.101029058
Round took 0.816835175
Round took 0.0849344
Round took 0.088014724
Round took 0.091615427
Round took 0.105032724
Round took 0.104812709
Round took 0.098310285
Round took 0.091346989
Round took 0.323264193
Round took 0.129893396
Round took 0.106724527
Round took 0.095429996
Round took 0.095853847
Round took 0.091806743
Round took 0.093419722
Round took 0.810377221
Round took 0.087530343
Round took 0.091271767
Round took 0.101212914
Round took 0.087585444
Round took 0.096436645
Round took 0.089837939
Round took 0.083867688
Round took 0.098409761
Round took 0.102760652
Round took 0.309243774
Round took 0.102720511
Round took 0.099301867
Round took 0.096634719
Round took 0.302655965
Round took 0.309098483
Round took 0.103589877
Round took 0.081096637
Round took 0.095128562
Round took 0.3379353
Round took 3.329058154
Round took 0.106782781
Round took 0.090323744
Round took 0.310795327
Round took 0.092341389
Round took 0.299662402
Round took 0.092163438
Round took 0.096740836
Round took 0.092262722
Round took 0.105652103
Round took 0.083944045
Round took 0.086909714
Round took 2.335133593
Round took 0.299589512
Round took 0.413952282
Round took 0.102531824
Round took 0.303827248
Round took 0.096945979
Round took 0.106643503
Round took 0.096349002
Round took 0.10243229
Round took 0.309572302
Round took 0.091286106
Round took 0.094108151
Round took 0.092374967
Round took 0.083678223
Round took 0.089665101
Round took 0.090715719
Round took 0.117801608
Round took 0.850469014
Round took 0.083504271
Round took 0.150234814
Round took 0.300525289
Round took 0.088474799
Round took 0.093952851
Round took 0.088958431
Round took 0.085896534
Round took 0.323589959
Round took 0.100943671
Round took 0.309791714
Round took 0.095940242
Round took 0.086052978
Round took 0.09465608
Round took 0.08514228
Round took 0.094093085
Round took 0.096065367
Round took 0.088240328
Round took 0.316356908
Round took 0.086375115
Round took 0.1032255
Round took 1.818404562
Round took 0.088918325
Round took 0.097524427
Round took 0.085234326
Round took 0.083484379
Round took 0.094004588
Round took 1.8293350720000001
Round took 0.132017341
Round took 0.102961427
Round took 0.105223107
Round took 0.10260389
Round took 0.095612269
Round took 0.086081644
Round took 0.082885161
Round took 0.08150106
Round took 0.088673781
Round took 0.325033225
Round took 0.09586123
Round took 0.079064416
Round took 0.085812306
Round took 0.087646429
Round took 0.102516049
Round took 0.104550993
Round took 1.3136752839999999
Round took 0.318752312
Round took 0.084594362
Round took 0.086627013
Round took 0.090384553
Round took 0.304154811
Round took 0.09380617
Round took 0.102690053
Round took 0.104748061
Round took 0.107066543
Round took 0.098753631
Round took 0.106619279
Round took 0.808441225
Round took 0.307284332
Round took 0.106618656
Round took 0.105220812
Round took 0.11487246
Round took 0.108583114
Round took 0.822740062
Round took 0.109577377
Round took 0.316169917
Round took 0.179697053
Round took 0.090451161
Round took 0.305632152
Round took 0.308940381
Round took 0.109459053
Round took 0.113334967
Round took 0.112370411
Round took 0.112811074
Round took 0.107849046
Round took 0.111765916
Round took 0.101531902
Round took 0.82169161
Round took 0.115369375
Round took 0.110405994
Round took 0.321456637
Round took 0.105087198
Round took 0.399016142
Round took 0.121737313
Round took 0.098084512
Round took 0.109689954
Round took 0.320073861
Round took 0.323354602
Round took 0.106720368
Round took 0.112099264
Round took 0.122577905
Round took 0.105127438
Round took 0.102389002
Round took 0.320040811
Round took 0.317553409
Round took 0.316738042
Round took 0.089577946
Round took 1.828629379
Round took 0.817369015
Round took 0.094355595
Round took 0.095719052
Round took 1.312746982
Round took 0.097620061
Round took 0.089203835
Round took 0.313302905
Round took 0.093130398
Round took 0.091237499
Round took 0.097695633
Round took 0.085364739
Round took 0.311618117
Round took 1.315620446
Round took 0.096230567
Round took 0.098924344
Round took 0.140105512
Round took 0.107476287
Round took 0.095022487
Round took 0.078769211
Round took 0.087704484
Round took 0.099662903
Round took 0.07471854
Round took 0.092260498
Round took 0.089981437
Round took 0.11662717
Round took 0.088663931
Round took 0.086784319
Round took 0.087403802
Round took 0.30838093
Round took 0.096423128
Round took 0.11796028
Round took 0.095843533
Round took 0.098743662
Round took 0.105519315
Round took 0.081809977
Round took 0.138924578
Round took 0.354372832
Round took 0.09694508
Round took 0.084977721
Round took 0.827207575
Round took 0.094819591
Round took 0.092662828
Round took 0.091128209
Round took 0.087974768
Round took 0.098852403
Round took 1.302541841
Round took 0.097075345
Round took 0.095754323
Round took 0.08124842
Round took 0.089222037
Round took 0.084295783
Round took 0.081148445
Round took 0.083442583
Round took 0.052771498
Round took 0.303214611
Round took 0.086606115
Round took 0.092025131
Round took 0.123675894
Round took 0.101534819
Round took 0.087065346
Round took 0.303534871
Round took 0.084772055
Round took 0.089228807
Round took 0.090987638
Round took 0.095180638
Round took 0.093373194
Round took 0.096820637
Round took 0.088261155
Round took 0.102286598
Round took 0.09803684
Round took 0.102102131
Round took 0.103129711
Round took 0.101774755
Round took 0.103787181
Round took 0.097701701
Round took 1.835621846
Round took 0.125776572
Round took 0.093300116
Round took 0.095428507
Round took 0.521270394
Round took 0.089441465
Round took 0.097760232
Round took 0.090902681
Round took 0.092228156
Round took 0.301271113
Round took 0.807976896
Round took 0.089845055
Round took 0.091363675
Round took 0.099982579
Round took 0.157052721
Round took 0.141476615
Round took 0.120207358
Round took 0.297119145
Round took 1.30975596
Round took 0.087873623
Round took 0.517078854
Round took 0.093623169
Round took 0.093774746
Round took 0.084600564
Round took 0.087144435
Round took 0.09487949
Round took 0.087298397
Round took 0.305801631
Round took 0.313073247
Round took 0.093806647
Round took 0.095916059
Round took 1.315078216
Round took 0.800098566
Round took 0.083082223
Round took 0.092818969
Round took 1.3186754600000001
Round took 0.08256725
Round took 0.085778209
Round took 0.099876853
Round took 0.097676106
Round took 0.104161666
Round took 0.094110342
Round took 0.08749387
Round took 0.369328581
Round took 0.302642705
Round took 0.094267326
Round took 0.083608104
Round took 0.312200854
Round took 0.138987009
Round took 0.088415118
Round took 0.097156823
Round took 3.835388746
Round took 0.098131892
Round took 0.099894978
Round took 0.10206832
Round took 0.815254545
Round took 0.308542445
Round took 0.301393008
Round took 0.092381374
Round took 0.086427578
Round took 0.082203536
Round took 0.0836602
Round took 0.089240495
Round took 0.101009651
Round took 0.30639519
Round took 0.10518161
Round took 0.098955935
Round took 0.090619476
Round took 0.314423793
Round took 0.818709672
Round took 0.095275853
Round took 0.099891596
Round took 0.806273623
Round took 0.09317608
Round took 0.096445916
Round took 0.098129033
Round took 0.118146705
Round took 0.096107839
Round took 0.307383796
Round took 0.059650717
Round took 0.814244554
Round took 0.107927397
Round took 0.30316022
Round took 0.302030581
Round took 0.106792607
Round took 1.369462937
Round took 0.102667856
Round took 0.09202328
Round took 0.095992594
Round took 0.155313885
Round took 0.353367193
Round took 0.094361071
Round took 0.092512398
Round took 0.09859465
Round took 0.097197931
Round took 0.092153838
Round took 0.088120178
Round took 0.306166889
Round took 0.099248038
Round took 0.087231776
Round took 0.091314964
Round took 0.30648103
Round took 0.092547404
Round took 0.30547089
Round took 2.354123771
Round took 0.095155449
Round took 0.085386526
Round took 0.346468965
Round took 0.166982748
Round took 0.096483427
Round took 0.087639263
Round took 0.090329069
Round took 0.800147357
Round took 0.092461484
Round took 0.094627135
Round took 0.099892327
Round took 0.09221858
Round took 0.101548884
Round took 0.334535339
Round took 0.113089276
Round took 0.090738788
Round took 0.11292221
Round took 0.123824925
Round took 0.310350947
Round took 0.323642104
Round took 0.157198198
Round took 0.143966932
Round took 0.122472172
Round took 0.115725929
Round took 0.100874122
Round took 0.10200397
Round took 1.8371331629999998
Round took 0.098467671
Round took 0.100911
Round took 0.320393692
Round took 0.104000928
Round took 0.101439323
Round took 0.320790682
Round took 0.318777369
Round took 0.317670353
Round took 0.102289397
Round took 0.32062054
Round took 0.314539891
Round took 0.516903634
Round took 0.089799875
Round took 0.097028611
Round took 0.097666478
Round took 0.107422246
Round took 0.100648283
Round took 0.102972279
Round took 0.099237255
Round took 0.100601106
Round took 0.098542235
Round took 0.095897294
Round took 0.102621279
Round took 0.11244431
Round took 0.103883231
Round took 0.100807998
Round took 0.102982459
Round took 0.101138617
Round took 0.308262841
Round took 0.31226079
Round took 0.09371674
Round took 0.128304675
Round took 0.105194986
Round took 1.8215722479999998
Round took 0.109354062
Round took 0.308401794
Round took 0.09540502
Round took 0.087181415
Round took 0.092113268
Round took 0.820773718
Round took 0.313809893
Round took 0.812236906
Round took 2.334760136
Round took 0.10715184
Round took 0.103299162
Round took 0.096722194
Round took 0.082106339
Round took 0.086446954
Round took 0.103006162
Round took 0.096600322
Round took 0.097493043
Round took 0.092343139
Round took 0.086749038
Round took 0.294014655
Round took 0.302395489
Round took 0.086488197
Round took 0.086774056
Round took 0.080599102
Round took 0.309304727
Round took 0.088258982
Round took 0.086592029
Round took 0.087015587
Round took 0.09369537
Round took 0.10340849
Round took 0.3395539
Round took 0.086992368
Round took 0.091224806
Round took 0.101112666
Round took 0.130332239
Round took 0.104066036
Round took 0.110441521
Round took 0.09473551
Round took 0.092824335
Round took 0.802984188
Round took 0.084821568
Round took 0.089918185
Round took 0.095339469
Round took 0.093926799
Round took 0.083743102
Round took 0.315462779
Round took 0.300383793
Round took 0.078466168
Round took 0.088622429
Round took 0.090486397
Round took 0.08197585
Round took 0.106595616
Round took 0.092036972
Round took 0.194801429
Round took 0.080626687
Round took 0.095479995
Round took 0.085701452
Round took 0.295599268
Round took 0.087023093
Round took 0.079119031
Round took 0.304633143
Round took 0.083147653
Round took 0.083101907
Round took 0.102670796
Round took 0.10063269
Round took 0.086463947
Round took 0.087727555
Round took 0.086484597
Round took 0.087818212
Round took 0.090009496
Round took 0.088788137
Round took 0.092489668
Round took 0.102942661
Round took 0.302270913
Round took 0.092450222
Round took 0.096911415
Round took 0.094343386
Round took 0.092259253
Round took 0.093703552
Round took 0.084124874
Round took 0.083385121
Round took 0.825034319
Round took 0.055719728
Round took 0.087529704
Round took 0.087642907
Round took 0.09079483
Round took 0.102052634
Round took 0.255407941
Round took 0.092292454
Round took 0.101284556
Round took 0.092731909
Round took 0.097147973
Round took 0.094217729
Round took 1.307101799
Round took 0.083525017
Round took 0.304100373
Round took 0.098338889
Round took 0.348524089
Round took 0.089375117
Round took 0.089395588
Round took 0.079310618
Round took 0.118206851
Round took 0.081835653
Round took 0.304377992
Round took 0.089728875
Round took 0.080321626
Round took 0.300600201
Round took 0.089091856
Round took 0.309874533
Round took 0.297505416
Round took 0.089728838
Round took 0.105777194
Round took 0.115903904
Round took 0.349947939
Round took 1.3489643199999999
Round took 0.096279125
Round took 0.09243894
Round took 0.105963693
Round took 0.094614764
Round took 0.300076346
Round took 0.093501855
Round took 0.30135875
Round took 0.087801239
Round took 1.8255097340000002
Round took 0.303550896
Round took 0.08705411
Round took 0.811304684
Round took 0.088279752
Round took 0.094047376
Round took 0.095033988
Round took 0.316137257
Round took 0.10385127
Round took 0.088144115
Round took 0.087005934
Round took 0.09140563
Round took 0.091039273
Round took 0.089670668
Round took 0.089993006
Round took 0.096635536
Round took 0.304797161
Round took 0.10412747
Round took 0.311155674
Round took 0.09358301
Round took 0.302365677
Round took 0.404350797
Round took 0.096269253
Round took 0.093904673
Round took 0.085258428
Round took 0.316962051
Round took 0.30164164
Round took 0.800551286
Round took 0.811081342
Round took 1.304402318
Round took 0.084850025
Round took 0.090168749
Round took 0.104665335
Round took 0.092550637
Round took 0.09490276
Round took 0.128965039
Round took 0.090155522
Round took 0.11750256
Round took 0.842881822
Round took 0.297610134
Round took 0.095866235
Round took 0.084591763
Round took 0.088098505
Round took 0.109920858
Round took 0.306182477
Round took 0.093425781
Round took 0.11055175
Round took 0.113024882
Round took 0.319311698
Round took 2.340405215
Round took 0.091010769
Round took 0.101557717
Round took 0.08959634
Round took 0.802012016
Round took 0.091950275
Round took 1.311462353
Round took 0.1055035
Round took 0.093037569
Round took 0.096619362
Round took 0.10651768
Error when reading: read tcp 172.31.54.117:48248->172.31.55.252:7070: read: connection timed out
Error when reading: EOF
Error when reading: EOF
Error when reading: read tcp 172.31.54.117:45532->172.31.63.49:7070: read: connection timed out
Error when reading: EOF
Error when reading: read tcp 172.31.54.117:43748->172.31.62.16:7070: read: connection timed out
Error when reading: EOF
Round took 7.842055047
Error when reading: EOF
Error when reading: EOF
Error when reading: EOF
Error when reading: EOF
Error when reading: EOF
Error when reading: EOF
Error when reading: EOF
Round took 0.052507997
Error when reading: EOF
Error when reading: EOF
Error when reading: EOF
Error when reading: EOF
Error when reading: EOF
Error when reading: EOF
Error when reading: EOF
Round took 5.7817e-05
Error when reading: EOF
Error when reading: EOF
Error when reading: EOF
Error when reading: EOF
Round took 1.849e-05
Error when reading: EOF
Error when reading: EOF
Round took 1.1118e-05
Round took 3.092e-06
Round took 1.8869e-05
Round took 2.905e-06
Round took 3.051e-06
Round took 2.986e-06
Round took 6.76e-06
Round took 2.705e-06
Round took 2.635e-06
Round took 2.595e-06
Round took 2.718e-06
Round took 2.577e-06
Round took 2.495e-06
Round took 2.683e-06
Round took 2.587e-06
Round took 2.729e-06
Round took 1.6197e-05
Round took 2.611e-06
Round took 2.535e-06
Round took 2.833e-06
Round took 2.507e-06
Round took 2.605e-06
Round took 2.612e-06
Round took 1.4611e-05
Round took 2.47e-06
Round took 2.774e-06
Round took 2.533e-06
Round took 2.746e-06
Round took 2.59e-06
Round took 2.597e-06
Round took 1.5139e-05
Round took 2.72e-06
Round took 2.688e-06
Round took 2.504e-06
Round took 2.658e-06
Round took 2.548e-06
Round took 2.635e-06
Round took 2.606e-06
Round took 2.816e-06
Round took 5.821e-06
Round took 2.769e-06
Round took 2.567e-06
Round took 2.769e-06
Round took 2.632e-06
Round took 2.485e-06
Round took 2.528e-06
Round took 2.672e-06
Round took 2.951e-06
Round took 2.67e-06
Round took 2.737e-06
Round took 2.603e-06
Round took 2.657e-06
Round took 2.609e-06
Round took 2.581e-06
Round took 2.42e-06
Round took 2.453e-06
Round took 6.521e-06
Round took 2.508e-06
Round took 2.48e-06
Round took 2.409e-06
Round took 2.554e-06
Round took 2.728e-06
Round took 2.584e-06
Round took 2.435e-06
Round took 2.592e-06
Round took 1.6731e-05
Round took 2.584e-06
Round took 2.44e-06
Round took 2.74e-06
Round took 2.485e-06
Round took 2.607e-06
Round took 2.397e-06
Round took 6.517e-06
Round took 2.413e-06
Round took 2.535e-06
Round took 2.408e-06
Round took 2.482e-06
Round took 2.385e-06
Round took 2.402e-06
Round took 2.474e-06
Round took 2.419e-06
Round took 2.695e-06
Round took 2.392e-06
Round took 2.485e-06
Round took 2.552e-06
Round took 2.493e-06
Round took 2.419e-06
Round took 2.462e-06
Round took 2.467e-06
Round took 6.92e-06
Round took 2.414e-06
Round took 2.53e-06
Round took 2.582e-06
Round took 2.52e-06
Round took 2.523e-06
Round took 2.425e-06
Round took 2.633e-06
Round took 2.433e-06
Round took 2.616e-06
Round took 2.373e-06
Round took 2.507e-06
Round took 2.413e-06
Round took 2.485e-06
Round took 2.438e-06
Round took 2.54e-06
Round took 5.291e-06
Round took 2.485e-06
Round took 2.476e-06
Round took 2.461e-06
Round took 2.433e-06
Round took 2.469e-06
Round took 2.698e-06
Round took 2.463e-06
Round took 2.567e-06
Round took 2.567e-06
Round took 2.55e-06
Round took 2.368e-06
Round took 2.499e-06
Round took 2.407e-06
Round took 2.58e-06
Round took 2.449e-06
Round took 2.467e-06
Round took 6.989e-06
Round took 2.475e-06
Round took 2.356e-06
Round took 2.498e-06
Round took 2.724e-06
Round took 2.428e-06
Round took 2.503e-06
Round took 2.399e-06
Round took 2.704e-06
Round took 2.433e-06
Round took 2.535e-06
Round took 7.998e-06
Round took 1.0876e-05
Round took 2.518e-06
Round took 2.547e-06
Round took 2.598e-06
Round took 2.571e-06
Round took 2.443e-06
Round took 2.419e-06
Round took 2.335e-06
Round took 2.453e-06
Round took 2.421e-06
Round took 2.427e-06
Round took 2.459e-06
Round took 2.8e-06
Round took 2.582e-06
Round took 2.389e-06
Round took 2.37e-06
Round took 2.468e-06
Round took 2.432e-06
Round took 2.513e-06
Round took 2.415e-06
Round took 2.478e-06
Round took 8.56e-06
Round took 2.482e-06
Round took 2.38e-06
Round took 2.41e-06
Round took 2.422e-06
Round took 2.401e-06
Round took 2.484e-06
Round took 1.5568e-05
Round took 2.528e-06
Round took 2.424e-06
Round took 2.428e-06
Round took 2.514e-06
Round took 2.697e-06
Round took 2.546e-06
Round took 2.354e-06
Round took 2.389e-06
Round took 2.426e-06
Round took 6.405e-06
Round took 2.369e-06
Round took 2.467e-06
Round took 2.372e-06
Round took 2.558e-06
Round took 2.343e-06
Round took 2.478e-06
Round took 2.442e-06
Round took 2.53e-06
Round took 2.344e-06
Round took 2.556e-06
Round took 2.384e-06
Round took 6.197e-06
Round took 2.407e-06
Round took 2.421e-06
Round took 2.524e-06
Round took 6.61e-06
Round took 2.485e-06
Round took 2.393e-06
Round took 2.431e-06
Round took 2.47e-06
Round took 2.4e-06
Round took 2.385e-06
Round took 2.379e-06
Round took 2.464e-06
Round took 2.375e-06
Round took 2.416e-06
Round took 2.469e-06
Round took 2.454e-06
Round took 1.036e-05
Round took 2.44e-06
Round took 2.365e-06
Round took 2.394e-06
Round took 5.516e-06
Round took 2.393e-06
Round took 2.417e-06
Round took 2.368e-06
Round took 2.441e-06
Round took 2.382e-06
Round took 2.455e-06
Round took 2.37e-06
Round took 2.589e-06
Round took 2.372e-06
Round took 2.388e-06
Round took 2.446e-06
Round took 2.418e-06
Round took 2.464e-06
Round took 2.364e-06
Round took 2.504e-06
Round took 6.104e-06
Round took 2.383e-06
Round took 0.157785787
Round took 3.334e-06
Round took 3.351e-06
Round took 3.077e-06
Round took 2.879e-06
Round took 2.778e-06
Round took 0.002157799
Round took 2.983e-06
Round took 3.08e-06
Round took 3.293e-06
Round took 3.008e-06
Round took 2.603e-06
Round took 2.606e-06
Round took 2.508e-06
Round took 2.575e-06
Round took 8.793e-06
Round took 0.002691885
Round took 3.63e-06
Round took 2.78e-06
Round took 2.958e-06
Round took 2.681e-06
Round took 2.665e-06
Round took 2.784e-06
Round took 2.788e-06
Round took 2.68e-06
Round took 2.622e-06
Round took 2.835e-06
Round took 2.625e-06
Round took 2.688e-06
Round took 2.414e-06
Round took 2.539e-06
Round took 1.3821e-05
Round took 2.646e-06
Round took 2.706e-06
Round took 2.722e-06
Round took 2.77e-06
Round took 1.9596e-05
Round took 2.709e-06
Round took 2.673e-06
Round took 2.891e-06
Round took 2.534e-06
Round took 2.623e-06
Round took 2.554e-06
Round took 2.729e-06
Round took 2.57e-06
Round took 2.465e-06
Round took 2.619e-06
Round took 1.6336e-05
Round took 2.8646e-05
Round took 2.651e-06
Round took 2.472e-06
Round took 2.611e-06
Round took 2.603e-06
Round took 2.417e-06
Round took 2.491e-06
Round took 2.447e-06
Round took 2.594e-06
Round took 2.508e-06
Round took 2.44e-06
Round took 2.558e-06
Round took 2.53e-06
Round took 2.477e-06
Round took 2.442e-06
Round took 2.541e-06
Round took 7.973e-06
Round took 2.616e-06
Round took 2.457e-06
Round took 2.409e-06
Round took 1.8305e-05
Round took 2.555e-06
Round took 2.56e-06
Round took 2.512e-06
Round took 2.661e-06
Round took 2.45e-06
Round took 2.429e-06
Round took 2.393e-06
Round took 2.462e-06
Round took 2.422e-06
Round took 2.43e-06
Round took 2.471e-06
Round took 2.648e-06
Round took 9.422e-06
Round took 2.471e-06
Round took 2.478e-06
Round took 2.411e-06
Round took 2.47e-06
Round took 2.477e-06
Round took 2.413e-06
Round took 2.437e-06
Round took 2.592e-06
Round took 2.449e-06
Round took 2.522e-06
Round took 2.505e-06
Round took 2.598e-06
Round took 2.399e-06
Round took 2.446e-06
Round took 2.436e-06
Round took 6.629e-06
Round took 2.394e-06
Round took 2.421e-06
Round took 2.371e-06
Round took 2.647e-06
Round took 2.446e-06
Round took 2.431e-06
Round took 2.432e-06
Round took 2.518e-06
Round took 2.515e-06
Round took 2.514e-06
Round took 2.478e-06
Round took 2.493e-06
Round took 2.427e-06
Round took 2.545e-06
Round took 2.426e-06
Round took 2.433e-06
Round took 5.138e-06
Round took 7.227e-06
Round took 2.489e-06
Round took 2.502e-06
Round took 2.485e-06
Round took 2.421e-06
Round took 2.37e-06
Round took 2.427e-06
Round took 2.52e-06
Round took 2.371e-06
Round took 2.43e-06
Round took 2.418e-06
Round took 2.432e-06
Round took 2.342e-06
Round took 2.382e-06
Round took 2.513e-06
Round took 6.335e-06
Round took 2.59e-06
Round took 2.407e-06
Round took 2.38e-06
Round took 2.49e-06
Round took 2.44e-06
Round took 2.502e-06
Round took 2.503e-06
Round took 2.511e-06
Round took 2.405e-06
Round took 2.42e-06
Round took 2.407e-06
Round took 2.429e-06
Round took 2.546e-06
Round took 2.419e-06
Round took 2.477e-06
Round took 2.465e-06
Round took 2.22e-05
Round took 2.576e-06
Round took 2.55e-06
Round took 2.42e-06
Round took 2.474e-06
Round took 2.377e-06
Round took 2.596e-06
Round took 2.463e-06
Round took 2.523e-06
Round took 2.344e-06
Round took 2.461e-06
Round took 2.343e-06
Round took 2.475e-06
Round took 2.354e-06
Round took 2.48e-06
Round took 2.429e-06
Round took 7.138e-06
Round took 2.495e-06
Round took 2.45e-06
Round took 2.423e-06
Round took 2.584e-06
Round took 2.352e-06
Round took 2.41e-06
Round took 2.399e-06
Round took 2.506e-06
Round took 2.423e-06
Round took 2.38e-06
Round took 2.472e-06
Round took 2.448e-06
Round took 2.485e-06
Round took 2.379e-06
Round took 2.403e-06
Round took 2.381e-06
Round took 5.449e-06
Round took 2.383e-06
Round took 2.467e-06
Round took 1.1269e-05
Round took 6.435e-06
Round took 2.422e-06
Round took 2.404e-06
Round took 2.494e-06
Round took 2.541e-06
Round took 2.351e-06
Round took 2.472e-06
Round took 2.375e-06
Round took 2.436e-06
Round took 2.44e-06
Round took 2.397e-06
Round took 2.526e-06
Round took 7.297e-06
Round took 2.492e-06
Round took 2.411e-06
Round took 2.376e-06
Round took 2.402e-06
Round took 2.4e-06
Round took 2.368e-06
Round took 2.401e-06
Round took 2.41e-06
Round took 2.38e-06
Round took 2.336e-06
Round took 2.436e-06
Round took 2.412e-06
Round took 0.065159362
Round took 5.573e-06
Round took 3.269e-06
Round took 3.093e-06
Round took 8.396e-06
Round took 2.736e-06
Round took 2.562e-06
Round took 2.557e-06
Round took 2.659e-06
Round took 2.677e-06
Round took 2.627e-06
Round took 6.736e-06
Round took 2.488e-06
Round took 2.587e-06
Round took 2.649e-06
Round took 2.597e-06
Round took 2.807e-06
Round took 2.566e-06
Round took 2.608e-06
Round took 2.614e-06
Round took 9.677e-06
Round took 2.613e-06
Round took 4.48e-06
Round took 2.713e-06
Round took 3.236e-06
Round took 2.67e-06
Round took 2.54e-06
Round took 2.556e-06
Round took 0.000912391
Round took 3.184e-06
Round took 2.616e-06
Round took 2.773e-06
Round took 2.624e-06
Round took 2.773e-06
Round took 2.76e-06
Round took 2.691e-06
Round took 2.545e-06
Round took 8.282e-06
Round took 2.675e-06
Round took 2.702e-06
Round took 2.61e-06
Round took 3.153e-06
Round took 1.7118e-05
Round took 2.519e-06
Round took 2.442e-06
Round took 2.579e-06
Round took 2.606e-06
Round took 2.427e-06
Round took 2.576e-06
Round took 2.425e-06
Round took 2.598e-06
Round took 2.471e-06
Round took 2.502e-06
Round took 4.6594e-05
Round took 3.004e-06
Round took 2.717e-06
Round took 2.727e-06
Round took 2.67e-06
Round took 2.73e-06
Round took 2.563e-06
Round took 2.505e-06
Round took 2.649e-06
Round took 2.707e-06
Round took 2.596e-06
Round took 2.615e-06
Round took 1.5366e-05
Round took 2.642e-06
Round took 2.85e-06
Round took 2.575e-06
Round took 2.648e-06
Round took 6.184e-06
Round took 2.662e-06
Round took 2.443e-06
Round took 2.536e-06
Round took 2.645e-06
Round took 2.48e-06
Round took 2.401e-06
Round took 2.563e-06
Round took 2.802e-06
Round took 2.783e-06
Round took 2.491e-06
Round took 2.344e-06
Round took 2.569e-06
Round took 2.352e-06
Round took 2.586e-06
Round took 2.369e-06
Round took 6.666e-06
Round took 2.416e-06
Round took 2.518e-06
Round took 2.399e-06
Round took 2.525e-06
Round took 2.455e-06
Round took 2.581e-06
Round took 2.382e-06
Round took 2.413e-06
Round took 3.063e-06
Round took 2.382e-06
Round took 2.64e-06
Round took 2.399e-06
Round took 2.932e-06
Round took 2.466e-06
Round took 2.555e-06
Round took 2.531e-06
Round took 5.437e-06
Round took 2.458e-06
Round took 2.59e-06
Round took 2.452e-06
Round took 2.832e-06
Round took 2.376e-06
Round took 2.475e-06
Round took 2.584e-06
Round took 1.1088e-05
Round took 8.191e-06
Round took 2.526e-06
Round took 2.426e-06
Round took 2.561e-06
Round took 2.5e-06
Round took 2.452e-06
Round took 2.385e-06
Round took 9.267e-06
Round took 2.392e-06
Round took 2.448e-06
Round took 2.42e-06
Round took 2.423e-06
Round took 2.506e-06
Round took 2.562e-06
Round took 2.427e-06
Round took 2.355e-06
Round took 2.456e-06
Round took 2.45e-06
Round took 2.448e-06
Round took 2.413e-06
Round took 2.418e-06
Round took 2.383e-06
Round took 2.401e-06
Round took 2.463e-06
Round took 5.053e-06
Round took 2.375e-06
Round took 2.38e-06
Round took 2.381e-06
Round took 2.494e-06
Round took 2.363e-06
Round took 6.094e-06
Round took 2.396e-06
Round took 2.862e-06
Round took 2.43e-06
Round took 2.421e-06
Round took 2.368e-06
Round took 2.478e-06
Round took 2.366e-06
Round took 2.405e-06
Round took 2.415e-06
Round took 6.692e-06
Round took 2.432e-06
Round took 2.412e-06
Round took 2.472e-06
Round took 2.457e-06
Round took 2.472e-06
Round took 2.44e-06
Round took 2.345e-06
Round took 2.409e-06
Round took 2.485e-06
Round took 2.4e-06
Round took 2.413e-06
Round took 2.404e-06
Round took 2.478e-06
Round took 2.399e-06
Round took 2.384e-06
Round took 2.688e-06
Round took 1.129e-05
Round took 2.422e-06
Round took 2.415e-06
Round took 2.429e-06
Round took 2.464e-06
Round took 2.377e-06
Round took 2.431e-06
Round took 2.437e-06
Round took 2.762e-06
Round took 2.427e-06
Round took 5.1549e-05
Round took 2.527e-06
Round took 2.515e-06
Round took 2.515e-06
Round took 2.412e-06
Round took 2.477e-06
Round took 8.35e-06
Round took 2.491e-06
Round took 2.411e-06
Round took 2.402e-06
Round took 2.371e-06
Round took 2.529e-06
Round took 2.445e-06
Round took 2.44e-06
Round took 2.464e-06
Round took 2.495e-06
Round took 2.374e-06
Round took 2.405e-06
Round took 2.42e-06
Round took 2.462e-06
Round took 2.385e-06
Round took 2.415e-06
Round took 2.385e-06
Round took 5.182e-06
Round took 2.44e-06
Round took 2.396e-06
Round took 2.345e-06
Round took 2.463e-06
Round took 2.398e-06
Round took 2.395e-06
Round took 2.487e-06
Round took 2.534e-06
Round took 2.358e-06
Round took 2.412e-06
Round took 2.368e-06
Round took 2.509e-06
Round took 2.401e-06
Round took 2.51e-06
Round took 2.377e-06
Round took 2.4e-06
Round took 2.511e-06
Round took 2.431e-06
Round took 2.387e-06
Round took 2.411e-06
Round took 2.423e-06
Round took 2.461e-06
Round took 2.419e-06
Round took 2.475e-06
Round took 2.445e-06
Round took 2.374e-06
Round took 2.461e-06
Round took 2.473e-06
Round took 2.493e-06
Round took 2.383e-06
Round took 2.37e-06
Round took 2.355e-06
Round took 5.158e-06
Round took 2.408e-06
Round took 2.465e-06
Round took 2.452e-06
Round took 2.448e-06
Round took 2.399e-06
Round took 2.349e-06
Round took 2.398e-06
Round took 2.521e-06
Round took 2.401e-06
Round took 2.611e-06
Round took 2.427e-06
Round took 6.349e-06
Round took 1.1579e-05
Round took 2.697e-06
Round took 2.488e-06
Round took 2.45e-06
Round took 7.194e-06
Round took 2.4e-06
Round took 2.415e-06
Round took 2.409e-06
Round took 2.469e-06
Round took 2.518e-06
Round took 2.404e-06
Round took 2.45e-06
Round took 2.488e-06
Round took 2.4e-06
Round took 2.455e-06
Round took 2.577e-06
Round took 2.479e-06
Round took 2.409e-06
Round took 2.47e-06
Round took 2.355e-06
Round took 5.105e-06
Round took 2.469e-06
Round took 2.462e-06
Round took 2.363e-06
Round took 2.448e-06
Round took 2.421e-06
Round took 2.406e-06
Round took 2.395e-06
Round took 2.459e-06
Round took 2.464e-06
Round took 2.377e-06
Round took 2.43e-06
Round took 2.46e-06
Round took 2.453e-06
Round took 2.411e-06
Round took 2.424e-06
Round took 2.36e-06
Round took 6.072e-06
Round took 2.447e-06
Round took 2.37e-06
Round took 2.424e-06
Round took 2.578e-06
Round took 2.487e-06
Round took 6.172e-06
Round took 8.534e-06
Round took 0
Round took 3.32e-06
Round took 3.139e-06
Round took 0
Round took 2.709e-06
Round took 9.22e-07
Round took 2.643e-06
Round took 3.221e-06
Round took 9.418e-06
Round took 1.082e-06
Round took 6.709e-06
Round took 2.093e-06
Round took 2.63e-07
Round took 1.8696e-05
Round took 2.55e-06
Round took 3.548e-06
Round took 3.216e-06
Round took 2.72e-06
Round took 1.45e-06
Round took 2.062e-06
Round took 6.05e-07
Round took 7.46e-06
Round took 7.165e-06
Round took 7.665e-06
Round took 2.886e-06
Round took 4.948e-06
Round took 1.27e-07
Round took 7.174e-06
Round took 0
Round took 2.409e-06
Round took 7.214e-06
Round took 0
Round took 6.949e-06
Round took 0
Round took 5.107e-06
Round took 0
Round took 2.422e-06
Round took 6.398e-06
Round took 1.431e-06
Round took 2.462e-06
Round took 2.582e-06
Round took 1.995e-06
Round took 2.383e-06
Round took 1.23e-07
Round took 0
Round took 0
Round took 6.435e-06
Round took 0
Round took 2.391e-06
Round took 2.481e-06
Round took 2.114e-06
Round took 2.573e-06
Round took 2.475e-06
Round took 0
Round took 1.18e-07
Round took 2.437e-06
Round took 2.381e-06
Round took 0
Round took 6.725e-06
Round took 2.43e-06
Round took 7.284e-06
Round took 3.85e-06
Round took 0
Round took 1.0065e-05
Round took 0
Round took 2.382e-06
Round took 5.256e-06
Round took 0.05142685
Round took 5.491e-06
Round took 3.271e-06
Round took 3.533e-06
Round took 2.493e-06
Round took 2.524e-06
Round took 2.752e-06
Round took 2.597e-06
Round took 8.987e-06
Round took 2.6e-06
Round took 2.758e-06
Round took 5.446e-06
Round took 3.31e-06
Round took 2.957e-06
Round took 2.726e-06
Round took 2.573e-06
Round took 2.793e-06
Round took 2.52e-06
Round took 2.546e-06
Round took 2.504e-06
Round took 2.587e-06
Round took 2.831e-06
Round took 2.534e-06
Round took 2.66e-06
Round took 2.6961e-05
Round took 1.1071e-05
Round took 2.454e-06
Round took 2.472e-06
Round took 2.486e-06
Round took 2.437e-06
Round took 2.368e-06
Round took 2.455e-06
Round took 2.468e-06
Round took 2.426e-06
Round took 2.424e-06
Round took 2.441e-06
Round took 2.501e-06
Round took 1.7252e-05
Round took 2.429e-06
Round took 2.442e-06
Round took 2.53e-06
Round took 6.22e-06
Round took 2.475e-06
Round took 2.426e-06
Round took 2.39e-06
Round took 2.598e-06
Round took 2.403e-06
Round took 2.4e-06
Round took 2.452e-06
Round took 2.547e-06
Round took 2.386e-06
Round took 2.405e-06
Round took 2.416e-06
Round took 2.66e-06
Round took 2.423e-06
Round took 2.405e-06
Round took 2.446e-06
Round took 7.188e-06
Round took 2.377e-06
Round took 2.405e-06
Round took 2.367e-06
Round took 2.467e-06
Round took 2.351e-06
Round took 2.455e-06
Round took 2.367e-06
Round took 2.517e-06
Round took 2.36e-06
Round took 2.387e-06
Round took 2.352e-06
Round took 2.495e-06
Round took 2.391e-06
Round took 2.494e-06
Round took 2.361e-06
Round took 2.378e-06
Round took 5.134e-06
Round took 2.432e-06
Round took 2.376e-06
Round took 2.427e-06
Round took 2.466e-06
Round took 2.383e-06
Round took 2.411e-06
Round took 2.407e-06
Round took 2.483e-06
Round took 2.386e-06
Round took 2.408e-06
Round took 2.427e-06
Round took 2.46e-06
Round took 2.437e-06
Round took 2.392e-06
Round took 2.485e-06
Round took 2.4555e-05
Round took 2.431e-06
Round took 1.1613e-05
Round took 2.512e-06
Round took 2.509e-06
Round took 2.469e-06
Round took 2.4e-06
Round took 2.435e-06
Round took 2.491e-06
Round took 2.408e-06
Round took 2.376e-06
Round took 2.392e-06
Round took 2.511e-06
Round took 2.376e-06
Round took 2.394e-06
Round took 2.397e-06
Round took 2.392e-06
Round took 5.851e-06
Round took 2.412e-06
Round took 2.381e-06
Round took 2.406e-06
Round took 2.419e-06
Round took 2.4e-06
Round took 2.387e-06
Round took 2.368e-06
Round took 2.536e-06
Round took 2.379e-06
Round took 2.429e-06
Round took 2.377e-06
Round took 2.509e-06
Round took 2.367e-06
Round took 2.435e-06
Round took 2.355e-06
Round took 1.0311e-05
Round took 2.42e-06
Round took 2.418e-06
Round took 2.39e-06
Round took 2.479e-06
Round took 2.413e-06
Round took 2.424e-06
Round took 2.392e-06
Round took 2.464e-06
Round took 2.451e-06
Round took 2.436e-06
Round took 2.371e-06
Round took 2.425e-06
Round took 2.416e-06
Round took 2.395e-06
Round took 2.386e-06
Round took 2.391e-06
Round took 5.087e-06
Round took 2.438e-06
Round took 2.375e-06
Round took 2.428e-06
Round took 2.405e-06
Round took 2.412e-06
Round took 2.346e-06
Round took 2.379e-06
Round took 2.592e-06
Round took 7.013e-06
Round took 3.158e-06
Round took 4.099e-06
Round took 3.607e-06
Round took 2.986e-06
Round took 2.639e-06
Round took 2.737e-06
Round took 1.7135e-05
Round took 3.064e-06
Round took 3.611e-06
Round took 1.9363e-05
Round took 1.759e-05
Round took 1.0355e-05
Round took 2.458e-06
Round took 1.813e-06
Round took 2.552e-06
Round took 2.4e-06
Round took 2.387e-06
Round took 2.464e-06
Round took 3.289e-06
Round took 3.587e-06
Round took 3.457e-06
Round took 5.732e-06
Round took 3.165e-06
Round took 1.5015e-05
Round took 2.941e-06
Round took 2.3662e-05
Round took 2.747e-06
Round took 2.746e-06
Round took 2.629e-06
Round took 3.367e-06
Round took 1.691e-06
Round took 2.671e-06
Round took 2.526e-06
Round took 3.058e-06
Round took 3.057e-06
Round took 2.669e-06
Round took 2.568e-06
Round took 1.853e-06
Round took 2.598e-06
Round took 1.2185e-05
Round took 2.533e-06
Round took 2.936e-06
Round took 2.591e-06
Round took 2.042e-06
Round took 1.964e-06
Round took 7.082e-06
Round took 2.397e-06
Round took 2.618e-06
Round took 1.292e-06
Round took 2.537e-06
Round took 2.592e-06
Round took 2.798e-06
Round took 7.308e-06
Round took 4.904e-06
Round took 2.073e-06
Round took 2.973e-06
Round took 3.1021e-05
Round took 2.533e-06
Round took 2.742e-06
Round took 2.575e-06
Round took 2.665e-06
Round took 2.578e-06
Round took 2.598e-06
Round took 2.616e-06
Round took 5.267e-06
Round took 2.207e-06
Round took 2.526e-06
Round took 3.866e-06
Round took 2.614e-06
Round took 2.845e-06
Round took 3.138e-06
Round took 1.7376e-05
Round took 9.657e-06
Round took 2.736e-06
Round took 3.06e-06
Round took 1.272e-06
Round took 2.659e-06
Round took 2.639e-06
Round took 2.486e-06
Round took 8.914e-06
Round took 2.638e-06
Round took 1.771e-06
Round took 2.602e-06
Round took 2.51e-06
Round took 3.773e-06
Round took 2.52e-06
Round took 2.354e-06
Round took 2.753e-06
Round took 1.567e-06
Round took 4.679e-06
Round took 2.472e-06
Round took 2.431e-06
Round took 2.546e-06
Round took 2.499e-06
Round took 2.44e-06
Round took 3.797e-06
Round took 2.823e-06
Round took 3.711e-06
Round took 3.566e-06
Round took 3.724e-06
Round took 2.441e-06
Round took 2.756e-06
Round took 2.413e-06
Round took 2.478e-06
Round took 2.369e-06
Round took 6.652e-06
Round took 2.493e-06
Round took 2.647e-06
Round took 2.323e-06
Test took 213.876958759
Successful: 9454
