Uniform distribution
Round took 0.337018511
Round took 0.091899683
Round took 0.096203961
Round took 0.089745122
Round took 0.097771386
Round took 0.308384991
Round took 0.088148527
Round took 0.09294955
Round took 0.0934184
Round took 0.085913749
Round took 0.120146462
Round took 0.111506047
Round took 0.808089403
Round took 0.092312678
Round took 0.098987136
Round took 0.09915081
Round took 0.086348406
Round took 0.33567382
Round took 0.098210633
Round took 0.332307343
Round took 0.087127987
Round took 0.308458338
Round took 0.095475253
Round took 0.08686851
Round took 0.091264491
Round took 0.307838307
Round took 0.312359709
Round took 0.325492721
Round took 0.081266783
Round took 0.311992503
Round took 0.110252292
Round took 0.08812879
Round took 0.09370188
Round took 0.094080847
Round took 0.117364839
Round took 0.091236183
Round took 0.107865209
Round took 0.320485737
Round took 0.850796935
Round took 0.085782958
Round took 0.29265256
Round took 1.823041871
Round took 0.089007834
Round took 0.111273849
Round took 0.146631086
Round took 0.09908601
Round took 0.79868301
Round took 0.103070102
Round took 0.119403905
Round took 0.169308726
Round took 0.107294368
Round took 0.109225416
Round took 0.109888664
Round took 0.111968926
Round took 0.065806189
Round took 0.097809026
Round took 0.107379884
Round took 0.107953494
Round took 0.1250913
Round took 0.105978942
Round took 0.815773502
Round took 0.311406534
Round took 0.318183393
Round took 0.060943928
Round took 0.10030107
Round took 0.099039961
Round took 2.838814051
Round took 1.8209035789999999
Round took 0.314520442
Round took 0.355434902
Round took 0.107095918
Round took 0.101222845
Round took 0.326597635
Round took 0.103650748
Round took 0.102344058
Round took 0.103789146
Round took 0.097733197
Round took 3.840846019
Round took 0.096009716
Round took 0.107146816
Round took 0.095224318
Round took 0.087716013
Round took 0.096785331
Round took 0.094282973
Round took 0.093427292
Round took 0.094912583
Round took 0.094610456
Round took 0.096952703
Round took 0.093771412
Round took 0.096016187
Round took 0.314361936
Round took 0.101911996
Round took 0.092556075
Round took 0.090066602
Round took 0.096656226
Round took 0.09701831
Round took 0.101431168
Round took 0.09926088
Round took 0.100896815
Round took 0.103430256
Round took 0.317544273
Round took 0.310862467
Round took 0.100754218
Round took 0.101823375
Round took 0.098278007
Round took 0.09721264
Round took 0.092569583
Round took 0.093679412
Round took 0.090188707
Round took 0.09216573
Round took 0.096305738
Round took 0.092530929
Round took 0.092424828
Round took 0.087552186
Round took 0.09301868
Round took 0.306532578
Round took 0.309884495
Round took 0.329055987
Round took 0.086750242
Round took 0.254652147
Round took 0.079396066
Round took 0.084225966
Round took 0.089773438
Round took 0.10281337
Round took 0.120443324
Round took 0.11334821
Round took 0.321291378
Round took 0.092662844
Round took 0.348673121
Round took 0.818603768
Round took 0.097100461
Round took 0.312568115
Round took 0.309956797
Round took 0.317962377
Round took 0.091524274
Round took 0.1014171
Round took 0.102643727
Round took 0.091789353
Round took 0.308478918
Round took 0.105033196
Round took 0.098633898
Round took 0.097107726
Round took 0.096807218
Round took 0.092615797
Round took 0.0927505
Round took 0.08546778
Round took 0.090219506
Round took 0.093277666
Round took 0.087609474
Round took 0.098802088
Round took 0.096096764
Round took 0.087398784
Round took 0.088927571
Round took 0.367439155
Round took 0.802112193
Round took 0.306742165
Round took 0.103789523
Round took 0.085848717
Round took 0.310172917
Round took 0.098625053
Round took 0.302028133
Round took 0.087560535
Round took 0.091648327
Round took 0.402076916
Round took 1.3093480149999999
Round took 1.353932113
Round took 0.095636749
Round took 0.083226098
Round took 0.060341187
Round took 0.322736433
Round took 1.815221771
Round took 0.304566161
Round took 0.300649017
Round took 0.30817788
Round took 0.091523797
Round took 0.088271148
Round took 0.090055968
Round took 0.097500752
Round took 0.093742241
Round took 0.09243709
Round took 0.806416299
Round took 0.080386563
Round took 0.101622719
Round took 0.084716414
Round took 0.303400104
Round took 0.093883904
Round took 0.089542893
Round took 0.090032101
Round took 0.092109595
Round took 0.087516158
Round took 0.091863779
Round took 0.314917987
Round took 1.311171957
Round took 0.09506679
Round took 0.083418446
Round took 0.087520015
Round took 0.09676678
Round took 0.086431576
Round took 0.098748446
Round took 0.109822069
Round took 0.085046969
Round took 0.088312356
Round took 0.087242679
Round took 0.103901108
Round took 0.325247537
Round took 0.090519398
Round took 0.100943072
Round took 0.086648377
Round took 0.093816135
Round took 0.102976815
Round took 0.117338888
Round took 0.36877285
Round took 0.101397111
Round took 0.086894052
Round took 0.090499793
Round took 0.130920207
Round took 0.103592388
Round took 1.31073164
Round took 0.309286855
Round took 0.096754009
Round took 0.094978268
Round took 0.0956423
Round took 0.302627082
Round took 0.092953949
Round took 0.09049469
Round took 0.094328229
Round took 0.111954109
Round took 0.082765399
Round took 0.107023768
Round took 0.111145556
Round took 0.096873812
Round took 0.096713608
Round took 0.083410651
Round took 0.105321025
Round took 0.094279943
Round took 0.091090038
Round took 0.300684509
Round took 0.093298523
Round took 0.819172173
Round took 0.300841328
Round took 0.090224157
Round took 0.347842506
Round took 0.306786117
Round took 0.095835344
Round took 0.086025593
Round took 2.333976297
Round took 0.130820612
Round took 0.112624184
Round took 0.808510966
Round took 0.088787036
Round took 0.081886862
Round took 0.091914529
Round took 0.09222955
Round took 0.102968091
Round took 0.104572414
Round took 0.095035904
Round took 0.096595214
Round took 0.099979048
Round took 0.09495089
Round took 0.083796955
Round took 0.085401244
Round took 0.307510832
Round took 0.081360922
Round took 0.091038768
Round took 0.093368925
Round took 0.30168862
Round took 0.082046515
Round took 0.101239347
Round took 0.093825333
Round took 0.311073026
Round took 0.105655918
Round took 0.098291738
Round took 0.110335853
Round took 0.312732956
Round took 1.318569029
Round took 0.10001664
Round took 0.093033344
Round took 0.305035276
Round took 0.089577641
Round took 0.090860323
Round took 0.090682619
Round took 0.089939194
Round took 0.091977416
Round took 0.056756103
Round took 0.307272557
Round took 0.096011466
Round took 0.101981074
Round took 0.123046008
Round took 0.107042836
Round took 0.092226367
Round took 0.103575228
Round took 1.320348495
Round took 1.320751282
Round took 0.111333432
Round took 0.098982296
Round took 0.102621914
Round took 0.110573337
Round took 0.308205415
Round took 0.097923161
Round took 0.09201103
Round took 0.091391186
Round took 0.118922817
Round took 0.113642132
Round took 0.106756021
Round took 0.131176606
Round took 1.320129107
Round took 0.099730863
Round took 0.311879385
Round took 0.110617183
Round took 0.812975118
Round took 0.315276004
Round took 0.088344828
Round took 0.090364976
Round took 0.051890335
Round took 0.085348254
Round took 0.089165483
Round took 0.826373919
Round took 0.06079332
Round took 0.111129065
Round took 1.326866553
Round took 0.109333005
Round took 0.112052114
Round took 0.105692701
Round took 0.31576069
Round took 0.121676273
Round took 0.318550654
Round took 0.10860245
Round took 0.105046963
Round took 0.324646159
Round took 0.104532042
Round took 0.323020732
Round took 0.109459876
Round took 0.106252571
Round took 0.107474282
Round took 0.101728909
Round took 0.095918694
Round took 0.314439777
Round took 0.099641558
Round took 0.095217588
Round took 0.310446295
Round took 0.097659753
Round took 0.096434963
Round took 0.309370459
Round took 0.093709991
Round took 0.319287245
Round took 0.100046635
Round took 0.107289419
Round took 0.099105869
Round took 0.108373163
Round took 0.814739592
Round took 0.304735882
Round took 0.088955724
Round took 0.096019095
Round took 0.057130104
Round took 0.092478502
Round took 0.092519247
Round took 0.814717747
Round took 0.099424232
Round took 0.306611187
Round took 0.092939781
Round took 0.082398119
Round took 0.087799485
Round took 0.095976243
Round took 0.101238227
Round took 0.090136069
Round took 0.098630176
Round took 0.090306399
Round took 0.080889024
Round took 0.089060101
Round took 0.313326676
Round took 0.095839309
Round took 0.092462038
Round took 0.307267903
Round took 0.097494155
Round took 0.089199451
Round took 0.091759395
Round took 0.091697831
Round took 0.086196609
Round took 0.09263823
Round took 0.091795345
Round took 0.098135727
Round took 0.30775055
Round took 0.117533971
Round took 0.096689325
Round took 0.085439128
Round took 0.104135104
Round took 0.092847825
Round took 0.094721625
Round took 0.10174857
Round took 0.103461762
Round took 0.295446074
Round took 0.399535261
Round took 0.092312514
Round took 0.089055056
Round took 2.318275817
Round took 0.307124458
Round took 0.087489793
Round took 0.052669268
Round took 0.094797846
Round took 0.093337534
Round took 0.30210677
Round took 0.091298584
Round took 0.103567976
Round took 0.087723656
Round took 0.079482856
Round took 0.093989771
Round took 0.298219409
Round took 0.08978956
Round took 0.088202399
Round took 1.314680564
Round took 0.085791964
Round took 0.096475422
Round took 0.093408682
Round took 0.803595153
Round took 1.314220707
Round took 0.092359152
Round took 0.092162641
Round took 0.090428229
Round took 0.103324039
Round took 0.091793382
Round took 0.093445958
Round took 1.326797545
Round took 0.08839775
Round took 0.303231816
Round took 0.81348973
Round took 0.11241404
Round took 0.332446903
Round took 0.107835301
Round took 0.093468321
Round took 0.090021657
Round took 0.101086611
Round took 0.103619689
Round took 0.09203702
Round took 0.372999531
Round took 0.098700113
Round took 0.092614274
Round took 0.091866185
Round took 0.295696966
Round took 0.09694367
Round took 0.094517219
Round took 0.085240007
Round took 0.086177534
Round took 0.804186207
Round took 0.092545622
Round took 0.091648165
Round took 0.103771742
Round took 0.097283164
Round took 0.101795207
Round took 0.113354397
Round took 0.05610832
Round took 0.090656492
Round took 0.094715598
Round took 0.093823442
Round took 0.103827141
Round took 1.312521757
Round took 0.099769458
Round took 0.091433448
Round took 0.09212381
Round took 0.094599101
Round took 0.089060623
Round took 0.093933948
Round took 0.309596414
Round took 0.810402143
Round took 0.089655238
Round took 0.124249581
Round took 0.102971531
Round took 0.094470636
Round took 0.088142535
Round took 0.110895727
Round took 0.31188498
Round took 0.09164257
Round took 0.090517234
Round took 0.335164472
Round took 0.085228291
Round took 0.087344521
Round took 0.088971313
Round took 0.087273621
Round took 0.314978295
Round took 0.105469037
Round took 0.095214331
Round took 0.129319374
Round took 0.314265392
Round took 0.109556521
Round took 0.092441847
Round took 0.812864558
Round took 0.104838976
Round took 0.095124485
Round took 0.807566227
Round took 0.320786706
Round took 0.102348514
Round took 0.092866136
Round took 0.099820452
Round took 0.090475072
Round took 0.104453915
Round took 0.805085603
Round took 0.092348929
Round took 0.11221959
Round took 0.097728382
Round took 0.102412477
Round took 0.10057064
Round took 0.313301284
Round took 0.100720026
Round took 0.10250449
Round took 0.096103965
Round took 0.102275808
Round took 0.108356219
Round took 0.091517611
Round took 0.096755626
Round took 0.090644077
Round took 0.095947436
Round took 0.357289623
Round took 0.302671966
Round took 0.094898377
Round took 0.091541572
Round took 0.087018103
Round took 0.094856374
Round took 0.096250207
Round took 0.105870926
Round took 0.097258753
Round took 0.085115177
Round took 0.091281563
Round took 0.107952182
Round took 0.113078209
Round took 0.092657982
Round took 0.089687492
Round took 0.109418357
Round took 0.303011883
Round took 0.122836625
Round took 0.101989537
Round took 0.108426255
Round took 0.300647586
Round took 0.092120948
Round took 0.080118739
Round took 0.089291504
Round took 0.093213721
Round took 0.087227878
Round took 0.088796477
Round took 0.084547067
Round took 0.097538601
Round took 0.189041225
Round took 0.061228613
Round took 0.319684491
Round took 0.091325052
Round took 0.089321881
Round took 0.096090622
Round took 1.338576569
Round took 0.096889194
Round took 0.099884514
Round took 0.096251041
Round took 0.090678621
Round took 0.101631166
Round took 0.305896627
Round took 0.083066125
Round took 0.829026375
Round took 0.102030318
Round took 0.303099296
Round took 0.094502305
Round took 0.091936714
Round took 0.094802856
Round took 0.093154964
Round took 0.124768522
Round took 0.090119168
Round took 0.092481282
Round took 0.101640871
Round took 0.098143838
Round took 0.085658299
Round took 0.087616813
Round took 0.10928405
Round took 0.303659376
Round took 0.087212725
Round took 0.095415786
Round took 0.087955282
Round took 0.08305113
Round took 0.093856458
Round took 0.107222737
Round took 0.084246724
Round took 0.085274116
Round took 0.307249387
Round took 0.131020307
Round took 0.32320085
Round took 0.090595757
Round took 0.318347349
Round took 0.306792976
Round took 0.303014156
Round took 0.096474736
Round took 0.10010122
Round took 0.089463767
Round took 0.112836445
Round took 0.183226785
Round took 0.105191116
Round took 0.101311951
Round took 0.085178054
Round took 0.098344546
Round took 0.117841632
Round took 0.099286897
Round took 0.348142881
Round took 0.088336388
Round took 0.087854502
Round took 0.089267737
Round took 0.09236025
Round took 0.092892963
Round took 0.848860915
Round took 0.142903071
Round took 0.114467503
Round took 0.091207298
Round took 0.333378351
Round took 0.122655944
Round took 0.093652764
Round took 0.095395607
Round took 0.823102392
Round took 0.100424964
Round took 0.109697886
Round took 0.112332064
Round took 0.131949812
Round took 0.069285855
Round took 0.116646084
Round took 0.326727044
Round took 0.138660675
Round took 0.144165702
Round took 0.327652613
Round took 0.117860528
Round took 0.321783829
Round took 0.096418284
Round took 0.096512057
Round took 0.108078772
Round took 0.111080554
Round took 0.102778198
Round took 0.314435889
Round took 0.099460531
Round took 0.103981398
Round took 0.099373374
Round took 0.105795414
Round took 1.324494143
Round took 0.104069195
Round took 0.317573045
Round took 1.320092237
Round took 0.104298425
Round took 0.815502007
Round took 1.329446355
Round took 0.10009761
Round took 0.310968727
Round took 0.09715242
Round took 1.318321438
Round took 2.323958263
Round took 0.095336708
Round took 0.086090097
Round took 0.091346729
Round took 1.325016614
Round took 0.085885678
Round took 0.102779837
Round took 1.31481525
Round took 0.086400217
Round took 0.086670703
Round took 0.314290003
Round took 0.091892215
Round took 0.084467946
Round took 0.085828764
Round took 0.32439926
Round took 0.089863076
Round took 0.104370468
Round took 0.31920845
Round took 0.085270291
Round took 0.091342227
Round took 0.300643066
Round took 0.095489156
Round took 0.091007582
Round took 0.094765774
Round took 0.093923981
Round took 0.091581439
Round took 0.296448142
Round took 0.818092263
Round took 0.30301113
Round took 0.085840768
Round took 0.082643924
Round took 0.091396724
Round took 2.321590915
Round took 0.093555166
Round took 0.090080574
Round took 0.093967412
Round took 0.094904679
Round took 0.092179181
Round took 0.091978566
Round took 0.093190431
Round took 0.093365043
Round took 0.80395564
Round took 0.103303172
Round took 0.150207457
Round took 0.084887772
Round took 0.076634171
Round took 0.086359158
Round took 0.083619105
Round took 0.099392942
Round took 0.093951774
Round took 0.102634404
Round took 0.125852116
Round took 0.09078547
Round took 0.095719745
Round took 0.057310396
Round took 0.097793084
Round took 0.813133498
Round took 0.80517281
Round took 0.129550561
Round took 0.101369797
Round took 0.100589195
Round took 0.088218935
Round took 0.313679499
Round took 0.093863475
Round took 0.130916279
Round took 0.305438118
Round took 0.080651242
Round took 0.311580726
Round took 0.087314976
Round took 0.10673344
Round took 0.100786888
Round took 0.10770848
Round took 0.100381758
Round took 0.806345511
Round took 0.086206001
Round took 0.10676442
Round took 0.307360008
Round took 0.337298477
Round took 0.302041208
Round took 0.103810028
Round took 0.084138523
Round took 0.08808572
Round took 0.112012405
Round took 0.081673194
Round took 0.103298355
Round took 0.121258029
Round took 0.100380765
Round took 0.092344622
Round took 0.097544443
Round took 0.312023083
Round took 0.103699285
Round took 0.302996795
Round took 0.079540399
Round took 0.093008082
Round took 0.09246594
Round took 0.102388949
Round took 0.34506284
Round took 0.309200661
Round took 0.093937066
Round took 0.119071985
Round took 0.110208711
Round took 0.138483217
Round took 0.137057403
Round took 0.088646864
Round took 0.088389771
Round took 0.09536526
Round took 0.09079021
Round took 0.104665916
Round took 0.089283454
Round took 0.307712383
Round took 0.099751027
Round took 0.3065299
Round took 0.103997439
Round took 0.094173564
Round took 0.094285819
Round took 0.105831953
Round took 0.094124542
Round took 0.104559315
Round took 0.096587637
Round took 0.091311408
Round took 0.108929731
Round took 0.103503474
Round took 0.081462783
Round took 0.084858377
Round took 0.092138742
Round took 0.086958767
Round took 0.093080091
Round took 0.089129014
Round took 0.084260713
Round took 0.088113032
Round took 0.096360279
Round took 0.090986321
Round took 0.086302758
Round took 0.093261479
Round took 0.093884738
Round took 0.092120546
Round took 0.308190459
Round took 0.310294856
Round took 0.092443236
Round took 0.088739765
Round took 0.085356312
Round took 0.102012139
Round took 0.091868866
Round took 0.086512551
Round took 0.086217462
Round took 0.298744351
Round took 0.308684781
Round took 0.093631577
Round took 0.093437037
Round took 0.10558267
Round took 0.094127099
Round took 0.100543162
Round took 0.362705571
Round took 0.093764038
Round took 0.091973657
Round took 0.085235773
Round took 0.091536753
Round took 0.093674478
Round took 0.811311895
Round took 1.314887679
Round took 0.093624021
Round took 0.094199673
Round took 1.315634883
Round took 0.110878911
Round took 0.10296937
Round took 0.315077796
Round took 0.180853231
Round took 0.083210059
Round took 0.09164151
Round took 0.109241181
Round took 0.363266915
Round took 0.089641102
Round took 0.083910349
Round took 0.095142161
Round took 0.311850339
Round took 0.102585156
Round took 0.349235647
Round took 0.094065851
Round took 0.813674402
Round took 0.105155492
Round took 0.090566614
Round took 0.091758033
Round took 0.091744441
Round took 0.092530559
Round took 0.10391264
Round took 0.091525046
Round took 0.097397307
Round took 0.084057386
Round took 0.092798265
Round took 0.089879154
Round took 0.103866418
Round took 0.086732005
Round took 0.087573059
Round took 0.822385892
Round took 0.094107405
Round took 0.084820989
Round took 0.089692424
Round took 0.087756451
Round took 0.325069042
Round took 0.098024229
Round took 0.086328763
Round took 0.80971779
Round took 0.40895318
Round took 0.09534052
Round took 0.093057461
Round took 0.30221533
Round took 0.093751804
Round took 0.103846546
Round took 0.100130669
Round took 0.098169462
Round took 0.302185508
Round took 0.083216011
Round took 0.093916879
Round took 0.318773361
Round took 0.093106085
Round took 0.097861232
Round took 0.813088025
Round took 0.102103816
Round took 0.093213015
Round took 0.802943628
Round took 0.10405184
Round took 0.088650733
Round took 0.151363308
Round took 0.091306098
Round took 0.103311176
Round took 0.092199784
Round took 0.312529853
Round took 0.298500378
Round took 0.084664599
Round took 0.084433139
Round took 0.089304251
Round took 0.307537556
Round took 0.808817983
Round took 0.084560086
Round took 0.293660063
Round took 0.089647415
Round took 0.091521366
Round took 0.087202317
Round took 0.098351151
Round took 0.09994791
Round took 0.116312529
Round took 0.094069158
Round took 0.096582901
Round took 0.121526768
Round took 0.100522766
Round took 0.120214035
Round took 0.093257948
Round took 0.106040719
Round took 0.112997334
Round took 0.313778215
Round took 0.105359744
Round took 0.320462437
Round took 0.098617508
Round took 0.102952025
Round took 1.322727921
Round took 0.127643196
Round took 0.108219067
Round took 0.10373849
Round took 0.815010095
Round took 0.096048699
Round took 0.814905859
Round took 0.100608153
Round took 0.101035392
Round took 0.102765798
Round took 0.31558219
Round took 0.105730334
Round took 0.096884811
Round took 0.092859813
Round took 0.306197878
Round took 0.105391567
Round took 2.839175592
Round took 0.442687165
Round took 0.312328668
Round took 0.096959618
Round took 0.831609667
Round took 0.103765812
Round took 0.092285809
Round took 0.095144119
Round took 0.808703182
Round took 0.094729885
Round took 0.091631559
Round took 0.090742404
Round took 0.098708501
Round took 0.305316227
Round took 0.086263295
Round took 0.309626667
Round took 0.094974256
Round took 1.846924001
Round took 0.08987119
Round took 0.097353093
Round took 0.112168934
Round took 0.102524192
Round took 1.305833873
Round took 0.087877801
Round took 0.302504968
Round took 0.100470234
Round took 0.0960735
Round took 0.082555013
Round took 0.132925432
Round took 0.098207884
Round took 0.354998941
Round took 0.11261487
Round took 0.109815739
Round took 0.079225353
Round took 0.092906346
Round took 0.116835859
Round took 0.092146916
Round took 0.29722017
Round took 0.0971028
Round took 0.092473344
Round took 0.101766671
Round took 1.308683353
Round took 0.093256225
Round took 0.09230588
Round took 0.085839755
Round took 0.090237641
Round took 0.086335869
Round took 0.309440809
Round took 0.086286052
Round took 0.100483774
Round took 0.089197523
Round took 0.098835861
Round took 0.083323512
Round took 0.080093952
Round took 0.088579911
Round took 0.348340484
Round took 0.109542187
Round took 0.111925684
Round took 0.08513648
Round took 0.303290128
Round took 0.107756998
Round took 0.103949586
Round took 0.087291636
Round took 0.1011712
Round took 0.330865433
Round took 0.116030476
Round took 0.119266768
Round took 0.094921786
Round took 0.095076558
Round took 0.0918066
Round took 0.086789913
Round took 0.049835232
Round took 0.088309895
Round took 0.097580115
Round took 0.091249445
Round took 0.094727673
Round took 0.088463965
Round took 0.090514299
Round took 0.082273143
Round took 0.083904426
Round took 0.098398932
Round took 0.11269879
Round took 0.088932568
Round took 0.111385277
Round took 0.103578125
Round took 0.326988983
Round took 0.165456267
Round took 0.105907817
Round took 0.097624642
Round took 0.093823433
Round took 0.086279472
Round took 0.09283438
Round took 0.090226745
Round took 0.090205672
Round took 0.807056945
Round took 0.093431794
Round took 0.095143166
Round took 0.100235441
Round took 0.080152495
Round took 0.086863481
Round took 0.087563028
Round took 0.101510544
Round took 0.090359557
Round took 0.29850191
Round took 0.082287384
Round took 0.09378485
Round took 0.086456602
Round took 0.08622949
Round took 0.085383356
Round took 0.105587834
Round took 0.080167047
Round took 0.089655223
Round took 1.824875265
Round took 0.088165857
Round took 0.085753355
Round took 0.106308033
Round took 0.108488788
Round took 0.086108591
Round took 1.313632851
Round took 0.311599768
Round took 0.101976695
Round took 0.118566827
Round took 0.093763438
Round took 0.314504467
Round took 0.31811155
Round took 1.3104755209999999
Round took 0.093413678
Round took 0.302015729
Round took 0.085569245
Round took 0.087951811
Round took 0.077055714
Round took 0.084372468
Round took 0.090125069
Round took 0.09377377
Round took 0.103445628
Round took 0.854170274
Round took 0.087741651
Round took 0.089385114
Round took 0.090929705
Round took 0.092760868
Round took 0.091646487
Round took 0.324247933
Round took 0.109675862
Round took 0.099976588
Round took 0.090316908
Round took 0.092150285
Round took 0.092955655
Round took 0.801213082
Round took 0.30988452
Round took 0.098125555
Round took 0.08604555
Round took 0.088684398
Round took 0.100528978
Round took 0.153989945
Round took 0.082555025
Round took 0.81145334
Round took 0.122797629
Round took 0.098340424
Round took 0.096423768
Round took 0.092148414
Round took 0.305115632
Round took 0.096932483
Round took 0.094548085
Round took 0.304336495
Round took 0.09391704
Round took 0.097292992
Round took 0.108882367
Round took 0.330952948
Round took 0.118846902
Round took 0.091036971
Round took 0.097025653
Round took 0.837818106
Round took 0.172268025
Round took 0.096736669
Round took 0.085050698
Round took 0.826948867
Round took 0.819519474
Round took 0.304476651
Round took 0.340288152
Round took 0.091927683
Round took 0.081263057
Round took 0.094963967
Round took 0.081863252
Round took 1.822238233
Round took 0.086706933
Round took 0.087036557
Round took 0.091917969
Round took 0.086117803
Round took 0.091589564
Round took 0.300602898
Round took 0.086378515
Round took 0.133530678
Round took 0.341468809
Round took 0.115414315
Round took 0.089904319
Round took 0.30593393
Round took 0.09134688
Round took 0.307237408
Round took 0.081123573
Round took 0.089237071
Round took 0.099555085
Round took 0.1012752
Round took 0.105929812
Round took 0.095671903
Round took 0.308672874
Round took 0.809565877
Round took 0.304363417
Round took 0.099928619
Round took 0.091752293
Round took 0.096113546
Round took 0.094158526
Round took 0.087270771
Round took 0.090104138
Round took 0.091072727
Round took 1.314265609
Round took 0.301191615
Round took 0.089745371
Round took 0.093112686
Round took 0.085495145
Round took 0.099036036
Round took 0.085050003
Round took 0.087196121
Round took 0.305762449
Round took 0.129518292
Round took 0.101935309
Round took 0.130749771
Round took 0.096833555
Round took 0.100163053
Round took 0.096392439
Round took 0.094993344
Round took 0.096011097
Round took 0.810113807
Round took 0.095184562
Round took 0.315648677
Round took 0.108428902
Round took 0.091711893
Round took 0.378833711
Round took 1.322290448
Round took 0.310614127
Round took 0.308787047
Round took 0.101260339
Round took 3.343168026
Round took 0.106629138
Round took 0.309356376
Round took 0.088481246
Round took 0.311479724
Round took 0.102508194
Round took 0.090879359
Round took 0.103855599
Round took 0.12190665
Round took 0.309142738
Round took 0.110390945
Round took 0.106956521
Round took 0.314661787
Round took 0.092183931
Round took 0.092910476
Round took 0.093455563
Round took 0.102486619
Round took 0.099708869
Round took 0.092168819
Round took 0.821403609
Round took 0.090002081
Round took 0.100845162
Round took 0.096539465
Round took 0.102542944
Round took 0.098246658
Round took 0.109730186
Round took 0.103437164
Round took 0.103875295
Round took 0.116293468
Round took 0.107619725
Round took 0.107634118
Round took 0.109029744
Round took 0.318596166
Round took 0.10086274
Round took 0.096234432
Round took 0.10168827
Round took 0.095911035
Round took 0.102978446
Round took 2.318961879
Round took 0.092177462
Round took 0.097343229
Round took 0.09526311
Round took 0.092710006
Round took 0.086107056
Round took 0.09034043
Round took 0.094200668
Round took 0.097484488
Round took 0.812224114
Round took 0.311938686
Round took 0.08840485
Round took 0.095175255
Round took 0.811448596
Round took 2.346992607
Round took 0.10187886
Round took 0.144847357
Round took 0.088608723
Round took 0.08724787
Round took 0.087709864
Round took 0.085041453
Round took 0.087754393
Round took 0.112949117
Round took 0.095181179
Round took 0.073598875
Round took 2.314706486
Round took 0.094874202
Round took 0.092114544
Round took 0.086616929
Round took 0.081894014
Round took 0.083971378
Round took 0.084735012
Round took 0.822473611
Round took 0.295959529
Round took 0.095429879
Round took 0.096667851
Round took 0.100599251
Round took 0.099900046
Round took 0.092058197
Round took 0.100951368
Round took 0.087864617
Round took 0.093679958
Round took 0.089331463
Round took 0.323137842
Round took 0.108793706
Round took 0.807535632
Round took 0.305826314
Round took 0.099281216
Round took 0.109045367
Round took 0.090945048
Round took 0.090974862
Round took 0.098071492
Round took 0.089168555
Round took 0.098799943
Round took 0.295120804
Round took 0.07955455
Round took 0.081609705
Round took 0.090738088
Round took 0.112465011
Round took 0.81601946
Round took 0.09617038
Round took 0.315705534
Round took 0.180542735
Round took 0.099654318
Round took 0.093976297
Round took 0.10600927
Round took 0.085918618
Round took 0.087497036
Round took 0.102142571
Round took 0.089040137
Round took 0.096232663
Round took 0.818984622
Round took 0.087654398
Round took 0.082747576
Round took 0.103398305
Round took 0.099318091
Round took 0.100522954
Round took 0.090888493
Round took 0.100576471
Round took 0.090402148
Round took 0.371362394
Round took 0.098716172
Round took 0.092321549
Round took 0.304852528
Round took 0.088990061
Round took 0.101638823
Round took 0.108439783
Round took 0.108342091
Round took 0.111770932
Round took 0.304831454
Round took 0.099822544
Round took 0.306473339
Round took 0.091588732
Round took 0.063373738
Round took 0.090297236
Round took 0.08339256
Round took 0.08564334
Round took 0.09198106
Round took 0.086826849
Round took 0.087612011
Round took 0.060708277
Round took 0.099281522
Round took 0.087435709
Round took 0.330216919
Round took 0.10062331
Round took 0.082920055
Round took 0.106219679
Round took 0.093141926
Round took 0.088797987
Round took 0.086465531
Round took 0.083888789
Round took 0.090411803
Round took 0.09042914
Round took 0.081969809
Round took 0.083968079
Round took 0.093855441
Round took 0.299902051
Round took 0.09328375
Round took 0.096021669
Round took 0.095847681
Round took 0.084136592
Round took 0.08916212
Round took 0.166397715
Round took 0.087766761
Round took 0.112225135
Round took 0.090542329
Round took 0.108449526
Round took 0.34448617
Round took 0.086869123
Round took 0.108991363
Round took 0.153980955
Round took 0.089364892
Round took 0.083295766
Round took 0.088293261
Round took 1.34460241
Round took 0.073769668
Round took 0.090095222
Round took 0.506905576
Round took 0.099771195
Round took 0.080279696
Round took 0.082287545
Round took 0.08573388
Round took 0.804506365
Round took 0.089842455
Round took 0.093044797
Round took 0.110582098
Round took 0.141329316
Round took 0.144153988
Round took 0.089755
Round took 0.0902347
Round took 2.320233938
Round took 0.306081592
Round took 0.094661591
Round took 0.084423396
Round took 0.112877705
Round took 0.094097465
Round took 0.082309797
Round took 0.099013485
Round took 0.092148138
Round took 0.093153016
Round took 0.102187728
Round took 0.090913339
Round took 0.295709219
Round took 0.333506212
Round took 0.089276653
Round took 0.08014134
Round took 0.094555128
Round took 0.806809885
Round took 1.8138555950000002
Round took 0.812501871
Round took 0.102393964
Round took 0.092723051
Round took 0.38951081
Round took 0.092842187
Round took 0.093990014
Round took 0.089275128
Round took 0.096036104
Round took 0.089516941
Round took 0.104899058
Round took 0.053237462
Round took 0.302760956
Round took 0.093704469
Round took 0.092373866
Round took 0.798710029
Round took 2.326655663
Round took 0.306363741
Round took 0.302863859
Round took 0.081637761
Round took 0.079863439
Round took 0.07924853
Round took 0.094151594
Round took 0.300806803
Round took 0.088678394
Round took 0.090560073
Round took 0.092849449
Round took 0.307145281
Round took 0.094098207
Round took 0.097791523
Round took 0.104333969
Round took 1.315132525
Round took 0.331016294
Round took 0.083463107
Round took 0.076615417
Round took 0.090872979
Round took 0.11420068
Round took 0.090927136
Round took 0.092257459
Round took 0.09165998
Round took 0.085268326
Round took 0.091879667
Round took 2.831077094
Round took 0.106890526
Round took 0.119560569
Round took 0.112268768
Round took 0.101095603
Round took 0.096761787
Round took 0.060043285
Round took 0.102790405
Round took 0.11371222
Round took 0.12939313
Round took 0.106979542
Round took 0.097542599
Round took 0.310371707
Round took 0.103952703
Round took 0.114825809
Round took 0.100033437
Round took 0.096110642
Round took 0.103333989
Round took 0.31488931
Round took 0.811131899
Error when reading: read tcp 172.31.54.117:41252->172.31.49.63:7070: read: connection timed out
Error when reading: EOF
Error when reading: read tcp 172.31.54.117:41616->172.31.63.49:7070: read: connection timed out
Error when reading: EOF
Round took 7.82200808
Error when reading: EOF
Error when reading: EOF
Round took 0.308876413
Error when reading: EOF
Error when reading: EOF
Round took 0.101787646
Error when reading: EOF
Error when reading: EOF
Round took 0.101069063
Error when reading: EOF
Error when reading: EOF
Round took 1.9454e-05
Round took 5.418e-06
Round took 0
Round took 0
Round took 0
Round took 2.961e-06
Round took 1.408e-06
Round took 7.291e-06
Round took 3.803e-06
Round took 5.295e-06
Round took 1.891e-06
Round took 6.365e-06
Round took 6.924e-06
Round took 4.104e-06
Round took 8.13e-07
Round took 0
Round took 8.54e-06
Round took 7.402e-06
Round took 1.565e-06
Round took 7.2e-07
Round took 5.73e-06
Round took 3.349e-06
Round took 2.645e-06
Round took 4.145e-06
Round took 1.5736e-05
Round took 2.916e-06
Round took 3.322e-06
Round took 0
Round took 1.4035e-05
Round took 5.26e-06
Round took 0
Round took 2.726e-06
Round took 3.81e-07
Round took 3.913e-06
Round took 1.65e-07
Round took 5.822e-06
Round took 7.99e-07
Round took 2.998e-06
Round took 4.998e-06
Round took 1.928e-06
Round took 2.525e-06
Round took 6.744e-06
Round took 5.307e-06
Round took 2.599e-06
Round took 1.7289e-05
Round took 5.117e-06
Round took 7.83e-07
Round took 3.547e-06
Round took 0
Round took 6.985e-06
Round took 0
Round took 2.845e-06
Round took 6.279e-06
Round took 8.49e-07
Round took 3.673e-06
Round took 0
Round took 2.234e-06
Round took 7.99e-07
Round took 2.74e-06
Round took 2.322e-06
Round took 2.498e-06
Round took 7.675e-06
Round took 7.365e-06
Round took 4.859e-06
Round took 0
Round took 2.1048e-05
Round took 8.82e-07
Round took 5.883e-06
Round took 8.642e-06
Round took 9.1e-07
Round took 2.596e-06
Round took 6.036e-06
Round took 4.088e-06
Round took 2.037e-06
Round took 2.718e-06
Round took 5.426e-06
Round took 4.646e-06
Round took 0
Round took 2.584e-06
Round took 7.389e-06
Round took 5.24e-07
Round took 6.925e-06
Round took 2.45e-06
Round took 2.83e-06
Round took 3.008e-06
Round took 8.49e-07
Round took 2.528e-06
Round took 2e-06
Round took 0
Round took 2.891e-06
Round took 8.101e-06
Round took 0
Round took 6.95e-06
Round took 8.69e-07
Round took 1.1383e-05
Round took 8.34e-07
Round took 6.92e-06
Round took 1.829e-06
Round took 1.681e-06
Round took 1.42e-07
Round took 6.627e-06
Round took 2.6e-06
Round took 3.622e-06
Round took 0
Round took 2.632e-06
Round took 3.312e-06
Round took 0
Round took 2.467e-06
Round took 0
Round took 6.152e-06
Round took 0
Round took 6.389e-06
Round took 0
Round took 2.554e-06
Round took 2.405e-06
Round took 6.702e-06
Round took 4.208e-06
Round took 5.51e-07
Round took 0
Round took 2.559e-06
Round took 8.93e-07
Round took 2.253e-06
Round took 2.34e-06
Round took 5.996e-06
Round took 0
Round took 2.41e-06
Round took 2.414e-06
Round took 2.284e-06
Round took 1.812e-06
Round took 1.82e-06
Round took 3.787e-06
Round took 4.15e-06
Round took 0
Round took 2.385e-06
Round took 1.1857e-05
Round took 6.903e-06
Round took 3.024e-06
Round took 2.534e-06
Round took 5.919e-06
Round took 6.107e-06
Round took 3.202e-06
Round took 8.72e-07
Round took 2.4e-06
Round took 4.251e-06
Round took 1.929e-06
Round took 2.957e-06
Round took 0
Round took 0
Round took 0
Round took 2.4e-06
Round took 2.393e-06
Round took 2.452e-06
Round took 4.29e-07
Round took 1.269e-06
Round took 0
Round took 0
Round took 2.479e-06
Round took 2.45e-06
Round took 3.712e-06
Round took 1.471e-06
Round took 2.462e-06
Round took 5.736e-06
Round took 7.221e-06
Round took 5.89e-07
Round took 7.181e-06
Round took 0
Round took 2.485e-06
Round took 1.354e-06
Round took 1.285e-06
Round took 1.953e-06
Round took 2.489e-06
Round took 0
Round took 4.053e-06
Round took 5.84e-07
Round took 5.218e-06
Round took 0
Round took 2.438e-06
Round took 5.71e-06
Round took 2.419e-06
Round took 3.064e-06
Round took 0
Round took 3.8036e-05
Round took 0
Round took 6.502e-06
Round took 1.352e-06
Round took 2.547e-06
Round took 4.334e-06
Round took 0
Round took 2.424e-06
Round took 3.494e-06
Round took 0
Round took 2.096e-06
Round took 0
Round took 2.4e-06
Round took 8.988e-06
Round took 6.308e-06
Round took 9.5e-08
Round took 2.467e-06
Round took 2.742e-06
Round took 3.569e-06
Round took 0
Round took 6.502e-06
Round took 6.559e-06
Round took 2.952e-06
Round took 4.314e-06
Round took 0
Round took 3.582e-06
Round took 2.385e-06
Round took 5.754e-06
Round took 1.5266e-05
Round took 1.2033e-05
Round took 1.082e-06
Round took 0
Round took 6.268e-06
Round took 1.492e-06
Round took 5.927e-06
Round took 2.398e-06
Round took 1.189e-06
Round took 2.503e-06
Round took 5.372e-06
Round took 2.468e-06
Round took 2.444e-06
Round took 0
Round took 1.618e-06
Round took 0
Round took 2.387e-06
Round took 2.615e-05
Round took 7.055e-06
Round took 1.492e-06
Round took 3.228e-06
Round took 3.598e-06
Round took 4.105e-06
Round took 1.673e-06
Round took 2.439e-06
Round took 0
Round took 3.409e-06
Round took 3.84e-07
Round took 2.949e-06
Round took 0
Round took 2.555e-06
Round took 6.067e-06
Round took 3.539e-06
Round took 3.62e-06
Round took 6.86e-06
Round took 7.285e-06
Round took 2.779e-06
Round took 1.269e-06
Round took 2.39e-06
Round took 0
Round took 2.317e-06
Round took 2.415e-06
Round took 2.413e-06
Round took 6.925e-06
Round took 0
Round took 2.489e-06
Round took 0
Round took 3.734e-06
Round took 5.203e-06
Round took 1.133e-06
Round took 2.435e-06
Round took 2.258e-06
Round took 3.759e-06
Round took 1.621e-06
Round took 0
Round took 0
Round took 0
Round took 2.015e-06
Round took 6.394e-06
Round took 5.833e-06
Round took 7.3242e-05
Round took 6.719e-06
Round took 3.056e-06
Round took 4.64e-06
Round took 4.142e-06
Round took 0
Round took 2.464e-06
Round took 6.551e-06
Round took 1.1252e-05
Round took 3.664e-06
Round took 5.101e-06
Round took 2.44e-06
Round took 0
Round took 0
Round took 2.397e-06
Round took 0
Round took 2.622e-06
Round took 0
Round took 2.451e-06
Round took 2.819e-06
Round took 2.44e-06
Round took 2.654e-06
Round took 8.95e-07
Round took 6.025e-06
Round took 2.5802e-05
Round took 1.2325e-05
Round took 6.1e-06
Round took 1.724e-06
Round took 6.63e-06
Round took 5.373e-06
Round took 7.374e-06
Round took 4.171e-06
Round took 7.79e-07
Round took 7.184e-06
Round took 0
Round took 2.526e-06
Round took 0
Round took 6.3342e-05
Round took 2.543e-06
Round took 1.971e-06
Round took 1.607e-06
Round took 8.598e-06
Round took 1.69e-06
Round took 9.45e-07
Round took 2.299e-06
Round took 2.788e-06
Round took 1.366e-06
Round took 0
Round took 4.484e-06
Round took 2.7169e-05
Round took 1.722e-06
Round took 2.355e-06
Round took 4.867e-06
Round took 6.686e-06
Round took 4.161e-06
Round took 0
Round took 1.1557e-05
Round took 0
Round took 1.1772e-05
Round took 2.651e-06
Round took 2.88e-07
Round took 1.086e-06
Round took 3.62e-07
Round took 7.377e-06
Round took 0
Round took 4.268e-06
Round took 4.005e-06
Round took 0
Round took 0
Round took 2.444e-06
Round took 2.534e-06
Round took 2.439e-06
Round took 1.7767e-05
Round took 6.435e-06
Round took 4.285e-06
Round took 3.275e-06
Round took 0
Round took 2.412e-06
Round took 1.214e-06
Round took 3.025e-06
Round took 0
Round took 1.307e-06
Round took 1.959e-06
Round took 0
Round took 6.761e-06
Round took 1.223e-06
Round took 1.67e-06
Round took 2.519e-06
Round took 2.4e-06
Round took 2.447e-06
Round took 2.397e-06
Round took 6.351e-06
Round took 2.471e-06
Round took 2.947e-06
Round took 5.403e-06
Round took 2.608e-06
Round took 2.448e-06
Round took 2.131e-06
Round took 6.693e-06
Round took 1.549e-06
Round took 7.14e-07
Round took 1.561e-06
Round took 1.368e-06
Round took 2.446e-06
Round took 2.413e-06
Round took 2.404e-06
Round took 2.429e-06
Round took 2.498e-06
Round took 2.461e-06
Round took 2.412e-06
Round took 2.437e-06
Round took 2.417e-06
Round took 2.492e-06
Round took 2.393e-06
Round took 2.428e-06
Round took 2.457e-06
Round took 2.459e-06
Round took 2.426e-06
Round took 2.396e-06
Round took 2.392e-06
Round took 1.603e-06
Round took 1.515e-06
Round took 0
Round took 9.46e-07
Round took 6.496e-06
Round took 2.465e-06
Round took 2.378e-06
Round took 2.373e-06
Round took 2.417e-06
Round took 2.447e-06
Round took 2.39e-06
Round took 2.409e-06
Round took 2.528e-06
Round took 2.477e-06
Round took 2.434e-06
Round took 2.435e-06
Round took 2.437e-06
Round took 2.445e-06
Round took 9.739e-06
Round took 1.3184e-05
Round took 6.036e-06
Round took 5.092e-06
Round took 2.442e-06
Round took 3.605e-06
Round took 0
Round took 2.473e-06
Round took 2.41e-06
Round took 2.45e-06
Round took 2.397e-06
Round took 0
Round took 2.407e-06
Round took 0
Round took 0
Round took 0
Round took 9.06e-07
Round took 2.452e-06
Round took 6.5e-08
Round took 6.333e-06
Round took 0
Round took 2.479e-06
Round took 1.35e-07
Round took 7.242e-06
Round took 0
Round took 3.534e-06
Round took 0
Round took 2.472e-06
Round took 0
Round took 2.421e-06
Round took 2.974e-06
Round took 2.561e-06
Round took 0
Round took 2.478e-06
Round took 0
Round took 2.416e-06
Round took 6.44e-06
Round took 6.873e-06
Round took 1.004e-06
Round took 2.475e-06
Round took 2.035e-06
Round took 6.898e-06
Round took 9.68e-07
Round took 0
Round took 0
Round took 6.192e-06
Round took 0.000174989
Round took 2.562e-06
Round took 5.589e-06
Round took 2.521e-06
Round took 2.49e-06
Round took 6.788e-06
Round took 1.067e-06
Round took 2.5088e-05
Round took 2.96e-06
Round took 3.008e-06
Round took 1.435e-06
Round took 2.141e-06
Round took 0
Round took 5.254e-06
Round took 7.311e-06
Round took 3.259e-06
Round took 2.499e-06
Round took 3.56e-06
Round took 6.54e-06
Round took 1.939e-06
Round took 0
Round took 4.72e-07
Round took 2.645e-06
Round took 9.673e-06
Round took 1.0135e-05
Round took 0
Round took 4.112e-06
Round took 1.022e-06
Round took 0
Round took 3.6e-08
Round took 7.086e-06
Round took 3.771e-06
Round took 1.6693e-05
Round took 6.71e-07
Round took 2.549e-06
Round took 5.49e-05
Round took 0
Round took 2.521e-06
Round took 2.518e-06
Round took 0
Round took 1.4262e-05
Round took 1.768e-06
Round took 2.49e-06
Round took 0
Round took 2.474e-06
Round took 5.747e-06
Round took 7.138e-06
Round took 6.918e-06
Round took 0
Round took 2.456e-06
Round took 2.504e-06
Round took 2.406e-06
Round took 5.152e-06
Round took 0
Round took 2.421e-06
Round took 6.747e-06
Round took 9.02e-06
Round took 1.189e-06
Round took 0
Round took 2.466e-06
Round took 3.045e-06
Round took 1.474e-06
Round took 2.43e-06
Round took 5.048e-06
Round took 7.022e-06
Round took 8.83e-07
Round took 3.254e-06
Round took 0
Round took 1.116e-06
Round took 5.229e-06
Round took 0
Round took 2.413e-06
Round took 6.639e-06
Round took 7.74e-06
Round took 1.779e-06
Round took 6.679e-06
Round took 0
Round took 1.0702e-05
Round took 1.662e-06
Round took 2.16e-06
Round took 1.232e-06
Round took 2.496e-06
Round took 3.246e-06
Round took 1.326e-06
Round took 5.52e-06
Round took 0
Round took 7.055e-06
Round took 0
Round took 2.513e-06
Round took 2.475e-06
Round took 3.134e-06
Round took 9.358e-06
Round took 1.203e-06
Round took 8.156e-06
Round took 2.033e-06
Round took 2.451e-06
Round took 2.429e-06
Round took 5.108e-06
Round took 2.809e-06
Round took 0
Round took 0
Round took 6.342e-06
Round took 1.737e-06
Round took 2.522e-06
Round took 1.873e-06
Round took 1.992e-06
Round took 7.3223e-05
Round took 5.41e-06
Round took 4.59e-06
Round took 3.733e-06
Round took 2.284e-06
Round took 6.869e-06
Round took 5.594e-06
Round took 0
Round took 1.805e-06
Round took 5.1e-06
Round took 0
Round took 3.0157e-05
Round took 2.523e-06
Round took 4.364e-06
Round took 0
Test took 323.391132112
Successful: 14239
