Uniform distribution
Round took 0.802842801
Round took 0.126391404
Round took 0.083098024
Round took 0.07562345
Round took 0.088492862
Round took 0.083218458
Round took 0.097540737
Round took 0.086619877
Round took 0.09641114
Round took 0.074790854
Round took 1.809455517
Round took 0.085587693
Round took 0.088316463
Round took 0.096090903
Round took 0.095945126
Round took 0.086534655
Round took 0.097789741
Round took 0.100288498
Round took 0.091288211
Round took 0.136118527
Round took 0.831855063
Round took 0.307128979
Round took 0.093429108
Round took 0.101044549
Round took 0.347543783
Round took 0.128255032
Round took 0.1232675
Round took 0.093581296
Round took 0.099986669
Round took 0.093679745
Round took 0.086100276
Round took 0.118901685
Round took 2.330684201
Round took 0.102029648
Round took 0.086822825
Round took 0.093315153
Round took 0.08886164
Round took 0.086687937
Round took 0.349467569
Round took 0.0911576
Round took 0.10817595
Round took 0.112133473
Round took 0.089110559
Round took 0.08729654
Round took 0.08213178
Round took 0.096857307
Round took 0.250115262
Round took 0.309009584
Round took 0.115231989
Round took 0.096381427
Round took 0.112845729
Round took 0.085970052
Round took 0.094059929
Round took 0.100305277
Round took 0.237478107
Round took 0.097423731
Round took 0.315734303
Round took 0.315445262
Round took 0.109608583
Round took 0.111003691
Round took 0.102334443
Round took 0.313591406
Round took 0.115427069
Round took 0.10299141
Round took 0.097013605
Round took 0.315722997
Round took 0.432310693
Round took 0.102279369
Round took 0.317516799
Round took 0.103218169
Round took 0.105825368
Round took 0.102682735
Round took 0.097144895
Round took 0.095808883
Round took 0.098168136
Round took 0.096377597
Round took 0.106929232
Round took 0.096945112
Round took 0.098058579
Round took 0.099715903
Round took 0.100575516
Round took 0.102072773
Round took 0.322809919
Round took 0.099293614
Round took 0.101617592
Round took 0.321007416
Round took 0.365441326
Round took 0.094667517
Round took 0.096038562
Round took 0.10338552
Round took 0.098942905
Round took 0.09984862
Round took 0.097827882
Round took 0.097116236
Round took 0.103180014
Round took 0.105706878
Round took 0.103068252
Round took 0.107999715
Round took 0.317297175
Round took 0.101742154
Round took 0.106173937
Round took 0.098729394
Round took 0.105895731
Round took 0.106891664
Round took 0.095838418
Round took 0.311554365
Round took 0.097794082
Round took 0.097526651
Round took 0.098991813
Round took 0.102493698
Round took 0.101726606
Round took 0.111362369
Round took 0.099905595
Round took 0.112355824
Round took 0.117481758
Round took 0.106573822
Round took 0.102810951
Round took 0.102383266
Round took 0.092778722
Round took 0.101337843
Round took 0.092256248
Round took 0.818577873
Round took 3.347076968
Round took 0.096221488
Round took 0.0880824
Round took 0.090660195
Round took 0.094840586
Round took 0.093417776
Round took 0.090329484
Round took 0.093426399
Round took 2.3278466460000002
Round took 0.057610718
Round took 0.091949349
Round took 0.088746822
Round took 0.095469123
Round took 1.817127494
Round took 0.810033429
Round took 0.092419233
Round took 0.090539268
Round took 0.095866484
Round took 0.297663697
Round took 0.083943739
Round took 0.356201825
Round took 0.110467204
Round took 0.091461246
Round took 0.096857052
Round took 0.81659514
Round took 0.09523906
Round took 0.314460038
Round took 0.098558683
Round took 0.104626298
Round took 0.094924562
Round took 0.099836433
Round took 0.307851468
Round took 0.09842662
Round took 0.092261929
Round took 0.091512258
Round took 0.093767661
Round took 0.097138846
Round took 0.088210044
Round took 0.089091913
Round took 0.343688938
Round took 0.08899877
Round took 0.096233662
Round took 0.09235183
Round took 0.803701627
Round took 0.095443964
Round took 0.325432201
Round took 0.113986789
Round took 0.094500775
Round took 0.093216032
Round took 0.308465484
Round took 0.103877855
Round took 0.090371974
Round took 0.081680501
Round took 0.098423453
Round took 0.31026923
Round took 0.088719029
Round took 0.086334263
Round took 0.804218762
Round took 0.300124464
Round took 3.8419001379999997
Round took 0.094431929
Round took 0.09821009
Round took 0.086571194
Round took 0.310578821
Round took 0.092708768
Round took 0.102083026
Round took 0.088130482
Round took 0.098012014
Round took 0.08690045
Round took 0.106000288
Round took 0.125186628
Round took 0.092514388
Round took 0.101987771
Round took 0.322809222
Round took 0.096478517
Round took 0.098737189
Round took 0.307568455
Round took 0.307994578
Round took 0.091232969
Round took 0.119285881
Round took 0.096311428
Round took 0.079716182
Round took 0.088961963
Round took 0.315197518
Round took 0.10412779
Round took 0.087392864
Round took 0.081990821
Round took 0.102726999
Round took 0.082289872
Round took 0.099153584
Round took 0.092511247
Round took 0.328497418
Round took 0.100616515
Round took 0.101067069
Round took 0.095060987
Round took 0.131600722
Round took 0.309894992
Round took 0.08380868
Round took 0.085411053
Round took 0.095457655
Round took 0.093996967
Round took 0.101841692
Round took 0.123222265
Round took 0.30259371
Round took 0.106408553
Round took 0.801510393
Round took 0.111390191
Round took 0.100243647
Round took 0.095157632
Round took 0.087911286
Round took 0.103958739
Round took 0.084099501
Round took 0.089211182
Round took 0.319494798
Round took 0.085797386
Round took 0.08206889
Round took 0.089908871
Round took 0.308216152
Round took 0.089880507
Round took 0.303842025
Round took 0.097979549
Round took 0.085209962
Round took 0.092783118
Round took 0.088881585
Round took 0.310917946
Round took 0.100557843
Round took 1.808362899
Round took 0.087995474
Round took 0.098056811
Round took 0.10013207
Round took 0.085495865
Round took 0.081640984
Round took 0.100088701
Round took 0.342070433
Round took 0.113697277
Round took 0.096151032
Round took 0.090384749
Round took 0.091816596
Round took 0.307539349
Round took 0.049916256
Round took 0.093449049
Round took 0.091095788
Round took 0.090461853
Round took 0.089695752
Round took 0.09197107
Round took 0.102613874
Round took 0.088513919
Round took 0.080955389
Round took 0.090414338
Round took 0.088205052
Round took 0.090192847
Round took 0.111716114
Round took 0.098984163
Round took 0.10267346
Round took 0.094619204
Round took 0.091424534
Round took 0.094243987
Round took 0.100423402
Round took 0.10218173
Round took 0.30314762
Round took 0.08675127
Round took 0.087788671
Round took 0.084032006
Round took 0.103189297
Round took 0.124911642
Round took 0.115698591
Round took 0.314282459
Round took 0.098642405
Round took 0.313686233
Round took 0.306899472
Round took 0.09923562
Round took 0.346979606
Round took 0.085124091
Round took 0.092806798
Round took 0.090889359
Round took 0.092680215
Round took 0.100655297
Round took 0.099921914
Round took 0.096946991
Round took 0.096780733
Round took 0.099455632
Round took 0.098876926
Round took 0.812670887
Round took 1.311932361
Round took 0.81400928
Round took 0.089991393
Round took 0.090449562
Round took 0.300443831
Round took 0.303977179
Round took 0.089539505
Round took 0.093875866
Round took 0.091337913
Round took 0.094696506
Round took 0.092738328
Round took 0.314202431
Round took 0.100257045
Round took 0.103801453
Round took 0.814466081
Round took 0.307321912
Round took 0.086456981
Round took 0.086318701
Round took 0.085024668
Round took 0.301355388
Round took 0.08368327
Round took 0.095826293
Round took 0.302253398
Round took 0.107280398
Round took 0.108198373
Round took 0.096360426
Round took 0.361458395
Round took 0.090211008
Round took 0.086446242
Round took 0.091195415
Round took 0.08846651
Round took 0.086390144
Round took 0.387508637
Round took 0.099979735
Round took 0.306845552
Round took 0.102114891
Round took 0.310204499
Round took 0.098846579
Round took 0.095651669
Round took 0.088017264
Round took 0.537785535
Round took 1.824762091
Round took 0.110423829
Round took 0.107650179
Round took 0.108499199
Round took 0.106804655
Round took 0.109859357
Round took 1.33218679
Round took 0.106255502
Round took 0.323160256
Round took 0.099713794
Round took 0.314928226
Round took 0.10419077
Round took 0.106464391
Round took 0.108387002
Round took 0.117982672
Round took 0.823938452
Round took 0.10650741
Round took 0.890551268
Round took 0.11283874
Round took 0.109899687
Round took 1.822046296
Round took 0.098627709
Round took 2.340375703
Round took 0.092555008
Round took 0.092026648
Round took 0.30381604
Round took 1.821650129
Round took 0.086541168
Round took 0.098471722
Round took 0.0951482
Round took 0.098859874
Round took 0.090703939
Round took 0.097845024
Round took 0.061286613
Round took 0.096242549
Round took 0.096896077
Round took 1.320584437
Round took 0.087400496
Round took 0.306261406
Round took 0.098065452
Round took 0.098803202
Round took 0.095223494
Round took 0.093867079
Round took 0.308987912
Round took 0.089045801
Round took 0.088226719
Round took 0.102266881
Round took 0.307962413
Round took 0.337854568
Round took 0.08492358
Round took 0.089362658
Round took 0.08367338
Round took 0.084385403
Round took 0.090537062
Round took 0.094895178
Round took 0.095462547
Round took 0.0936534
Error when reading: read tcp 172.31.54.117:41532->172.31.63.49:7070: read: connection timed out
Error when reading: EOF
Round took 7.81634181
Error when reading: EOF
Error when reading: EOF
Round took 0.088974225
Error when reading: EOF
Error when reading: EOF
Round took 0.085940885
Error when reading: EOF
Error when reading: EOF
Round took 0.095094422
Error when reading: EOF
Error when reading: EOF
Round took 4.3247e-05
Round took 3.683e-06
Round took 3.323e-06
Round took 8.385e-06
Round took 9.61e-06
Round took 3.21e-06
Round took 9.723e-06
Round took 2.991e-06
Round took 3.076e-06
Round took 1.0852e-05
Round took 2.967e-06
Round took 3.081e-06
Round took 9.04e-06
Round took 2.99e-06
Round took 2.876e-06
Round took 2.854e-06
Round took 9.314e-06
Round took 3.517e-06
Round took 2.942e-06
Round took 2.979e-06
Round took 2.2408e-05
Round took 3.039e-06
Round took 2.948e-06
Round took 1.8574e-05
Round took 3.158e-06
Round took 3.09e-06
Round took 9.236e-06
Round took 2.997e-06
Round took 3.051e-06
Round took 3.099e-06
Round took 1.9565e-05
Round took 2.965e-06
Round took 9.4e-06
Round took 2.944e-06
Round took 2.989e-06
Round took 3.081e-06
Round took 1.44e-05
Round took 3.042e-06
Round took 8.479e-06
Round took 1.8072e-05
Round took 3.211e-06
Round took 2.887e-06
Round took 2.932e-06
Round took 2.924e-06
Round took 5.6242e-05
Round took 2.914e-06
Round took 2.859e-06
Round took 2.852e-06
Round took 2.808e-06
Round took 2.957e-06
Round took 2.955e-06
Round took 2.898e-06
Round took 2.656e-06
Round took 7.62e-06
Round took 1.8649e-05
Round took 3.013e-06
Round took 8.938e-06
Round took 2.996e-06
Round took 2.765e-06
Round took 2.771e-06
Round took 8.706e-06
Round took 2.935e-06
Round took 2.862e-06
Round took 1.6056e-05
Round took 3.255e-06
Round took 1.2193e-05
Round took 2.757e-06
Round took 2.626e-06
Round took 8.835e-06
Round took 4.8939e-05
Round took 2.869e-06
Round took 2.556e-06
Round took 2.927e-06
Round took 2.622e-06
Round took 2.553e-06
Round took 2.603e-06
Round took 2.609e-06
Round took 2.53e-06
Round took 2.612e-06
Round took 2.889e-06
Round took 2.599e-06
Round took 2.604e-06
Round took 2.647e-06
Round took 2.622e-06
Round took 2.512e-06
Round took 2.678e-06
Round took 2.8894e-05
Round took 2.736e-06
Round took 2.527e-06
Round took 2.6e-06
Round took 2.4119e-05
Round took 2.716e-06
Round took 2.679e-06
Round took 2.579e-06
Round took 2.833e-06
Round took 2.578e-06
Round took 7.913e-06
Round took 2.632e-06
Round took 2.681e-06
Round took 2.577e-06
Round took 8.38e-06
Round took 2.565e-06
Round took 3.2041e-05
Round took 2.761e-06
Round took 2.686e-06
Round took 2.528e-06
Round took 1.3459e-05
Round took 2.0214e-05
Round took 2.58e-06
Round took 2.698e-06
Round took 2.548e-06
Round took 2.8e-06
Round took 2.576e-06
Round took 3.009e-06
Round took 2.544e-06
Round took 3.164e-06
Round took 2.4283e-05
Round took 2.869e-06
Round took 5.918e-06
Round took 1.0727e-05
Round took 3.907e-06
Round took 3.158e-06
Round took 3.107e-06
Round took 3.126e-06
Round took 2.881e-06
Round took 2.858e-06
Round took 3.39e-06
Round took 3.066e-06
Round took 2.994e-06
Round took 2.988e-06
Round took 3.185e-06
Round took 3.044e-06
Round took 2.917e-06
Round took 1.3107e-05
Round took 1.0716e-05
Round took 3.7785e-05
Round took 3.3379e-05
Round took 2.722e-06
Round took 2.612e-06
Round took 2.665e-06
Round took 2.658e-06
Round took 2.791e-06
Round took 1.8523e-05
Round took 2.576e-06
Round took 3.029e-06
Round took 2.8e-06
Round took 2.561e-06
Round took 2.741e-06
Round took 2.736e-06
Round took 2.546e-06
Round took 2.562e-06
Round took 2.518e-06
Round took 6.808e-06
Round took 2.526e-06
Round took 2.571e-06
Round took 2.508e-06
Round took 2.586e-06
Round took 2.505e-06
Round took 2.497e-06
Round took 2.548e-06
Round took 2.639e-06
Round took 2.663e-06
Round took 2.538e-06
Round took 2.504e-06
Round took 2.596e-06
Round took 8.997e-06
Round took 2.56e-06
Round took 2.66e-06
Round took 7.33e-06
Round took 2.614e-06
Round took 8.865e-06
Round took 2.554e-06
Round took 2.525e-06
Round took 2.66e-06
Round took 2.55e-06
Round took 9.306e-06
Round took 2.621e-06
Round took 2.632e-06
Round took 8.671e-06
Round took 2.551e-06
Round took 2.595e-06
Round took 1.2861e-05
Round took 2.615e-06
Round took 2.55e-06
Round took 2.581e-06
Round took 6.115e-06
Round took 7.422e-06
Round took 2.532e-06
Round took 2.533e-06
Round took 2.686e-06
Round took 2.515e-06
Round took 2.452e-06
Round took 7.301e-06
Round took 2.637e-06
Round took 9.339e-06
Round took 2.527e-06
Round took 2.499e-06
Round took 2.59e-06
Round took 2.52e-06
Round took 8.253e-06
Round took 2.54e-06
Round took 1.6004e-05
Round took 2.663e-06
Round took 2.528e-06
Round took 1.7968e-05
Round took 2.601e-06
Round took 9.069e-06
Round took 2.53e-06
Round took 2.573e-06
Round took 2.635e-06
Round took 2.534e-06
Round took 7.048e-06
Round took 2.544e-06
Round took 2.516e-06
Round took 2.589e-06
Round took 8.281e-06
Round took 3.279e-06
Round took 2.554e-06
Round took 7.435e-06
Round took 2.636e-06
Round took 2.636e-06
Round took 2.527e-06
Round took 2.586e-06
Round took 2.555e-06
Round took 2.526e-06
Round took 2.584e-06
Round took 1.0152e-05
Round took 2.576e-06
Round took 2.527e-06
Round took 2.565e-06
Round took 1.2232e-05
Round took 2.718e-06
Round took 9.083e-06
Round took 7.984e-06
Round took 2.527e-06
Round took 2.625e-06
Round took 2.533e-06
Round took 2.609e-06
Round took 2.631e-06
Round took 2.647e-06
Round took 2.561e-06
Round took 2.6e-06
Round took 4.0886e-05
Round took 2.673e-06
Round took 2.537e-06
Round took 2.606e-06
Round took 2.597e-06
Round took 4.53e-06
Round took 2.915e-06
Round took 0
Round took 4.007e-06
Round took 8.584e-06
Round took 2.644e-06
Round took 2.571e-06
Round took 2.571e-06
Round took 2.671e-06
Round took 2.566e-06
Round took 2.581e-06
Round took 2.535e-06
Round took 6.713e-06
Round took 7.2e-08
Round took 2.535e-06
Round took 2.2829e-05
Round took 3.423e-06
Round took 2.578e-06
Round took 2.472e-06
Round took 2.497e-06
Round took 2.47e-06
Round took 1.2148e-05
Round took 2.541e-06
Round took 2.3352e-05
Round took 7e-06
Round took 6.474e-06
Round took 8.896e-06
Round took 2.532e-06
Round took 2.543e-06
Round took 2.661e-06
Round took 2.463e-06
Round took 2.463e-06
Round took 2.481e-06
Round took 2.562e-06
Round took 2.499e-06
Round took 2.469e-06
Round took 2.465e-06
Round took 6.077e-06
Round took 2.486e-06
Round took 2.456e-06
Round took 2.455e-06
Round took 2.515e-06
Round took 2.518e-06
Round took 2.471e-06
Round took 2.494e-06
Round took 2.621e-06
Round took 2.476e-06
Round took 2.502e-06
Round took 2.417e-06
Round took 2.48e-06
Round took 2.416e-06
Round took 2.477e-06
Round took 2.44e-06
Round took 2.467e-06
Round took 6.87e-06
Round took 2.461e-06
Round took 2.465e-06
Round took 2.486e-06
Round took 2.522e-06
Round took 2.507e-06
Round took 2.466e-06
Round took 2.497e-06
Round took 2.563e-06
Round took 2.478e-06
Round took 2.45e-06
Round took 2.512e-06
Round took 2.586e-06
Round took 2.529e-06
Round took 2.49e-06
Round took 2.504e-06
Round took 7.612e-06
Round took 2.496e-06
Round took 2.48e-06
Round took 2.469e-06
Round took 2.507e-06
Round took 2.605e-06
Round took 2.526e-06
Round took 2.504e-06
Round took 2.655e-06
Round took 2.443e-06
Round took 2.486e-06
Round took 2.535e-06
Round took 2.521e-06
Round took 2.476e-06
Round took 2.532e-06
Round took 2.446e-06
Round took 2.494e-06
Round took 7.001e-06
Round took 2.529e-06
Round took 2.481e-06
Round took 2.493e-06
Round took 5.911e-06
Round took 2.509e-06
Round took 2.522e-06
Round took 4.505e-06
Round took 2.59e-06
Round took 2.506e-06
Round took 2.466e-06
Round took 2.476e-06
Round took 2.515e-06
Round took 6.08e-06
Round took 6.121e-06
Round took 4.848e-06
Round took 5.3721e-05
Round took 2.404e-06
Round took 2.697e-06
Round took 2.523e-06
Round took 2.689e-06
Round took 2.544e-06
Round took 2.468e-06
Round took 2.489e-06
Round took 2.671e-06
Round took 2.499e-06
Round took 2.465e-06
Round took 0
Round took 4.128e-06
Round took 5.413e-06
Round took 3.356e-06
Round took 0
Round took 0
Round took 1.6505e-05
Round took 5.531e-06
Round took 1.117e-06
Round took 3.303e-06
Round took 6.373e-06
Round took 2.432e-06
Round took 5.972e-06
Round took 2.005e-06
Round took 3.492e-06
Round took 0
Round took 2.542e-06
Round took 3.834e-06
Round took 2.338e-06
Round took 3.995e-06
Round took 2.098e-06
Round took 0.000149065
Round took 1.1109e-05
Round took 2.589e-06
Round took 2.553e-06
Round took 2.542e-06
Round took 2.562e-06
Round took 2.04e-06
Round took 3.5955e-05
Round took 2.598e-06
Round took 2.563e-06
Round took 2.532e-06
Round took 2.521e-06
Round took 5.69e-06
Round took 4.673e-06
Round took 0
Round took 2.476e-06
Round took 2.498e-06
Round took 2.478e-06
Round took 1.1067e-05
Round took 5e-07
Round took 2.846e-06
Round took 2.544e-06
Round took 2.649e-06
Round took 2.556e-06
Round took 1.4377e-05
Round took 3.2042e-05
Round took 5.725e-06
Round took 9.377e-06
Round took 2.549e-06
Round took 2.491e-06
Round took 2.582e-06
Round took 2.469e-06
Round took 2.484e-06
Round took 7.104e-06
Round took 5.403e-06
Round took 5.763e-06
Round took 5.347e-06
Round took 5.624e-06
Round took 5.6483e-05
Round took 3.133e-06
Round took 2.581e-06
Round took 2.507e-06
Round took 2.525e-06
Round took 3.158e-06
Round took 2.542e-06
Round took 2.481e-06
Round took 0
Round took 3.723e-06
Round took 2.092e-06
Round took 2.46e-06
Round took 2.454e-06
Round took 0.000432169
Round took 3.23e-06
Round took 2.564e-06
Round took 2.517e-06
Round took 2.731e-06
Round took 2.51e-06
Round took 2.558e-06
Round took 2.449e-06
Round took 2.575e-06
Round took 2.471e-06
Round took 3.3708e-05
Round took 2.646e-06
Round took 2.848e-06
Round took 2.575e-06
Round took 2.515e-06
Round took 2.513e-06
Round took 7.243e-06
Round took 2.539e-06
Round took 2.513e-06
Round took 2.511e-06
Round took 2.5e-06
Round took 6.416e-06
Round took 2.491e-06
Round took 2.471e-06
Round took 3.506e-05
Round took 2.802e-06
Round took 2.493e-06
Round took 2.49e-06
Round took 2.493e-06
Round took 2.643e-06
Round took 2.544e-06
Round took 2.468e-06
Round took 2.486e-06
Round took 8.281e-06
Round took 2.514e-06
Round took 2.503e-06
Round took 2.496e-06
Round took 2.537e-06
Round took 2.536e-06
Round took 3.327e-06
Round took 3.302e-06
Round took 9.727e-06
Round took 2.483e-06
Round took 1.667e-06
Round took 7.774e-06
Round took 6.3e-08
Round took 2.59e-06
Round took 0
Round took 2.493e-06
Round took 0
Round took 4.0775e-05
Round took 2.67e-07
Round took 2.599e-06
Round took 4.121e-06
Round took 3.0492e-05
Round took 2.1425e-05
Round took 3.316e-06
Round took 4.986e-06
Round took 0
Round took 5.937e-06
Round took 1.967e-06
Round took 0
Round took 2.6e-06
Round took 0
Round took 1.83e-06
Round took 3.3934e-05
Round took 1.0942e-05
Round took 6.658e-06
Round took 1.22e-07
Round took 0
Round took 2.625e-06
Round took 0
Round took 0
Round took 0
Round took 1.7e-07
Round took 6.482e-06
Round took 4.848e-06
Round took 2.074e-06
Round took 3e-08
Round took 2.64e-06
Round took 1.912e-06
Round took 0
Round took 2.636e-06
Round took 5.715e-06
Round took 5.138e-06
Round took 9.5e-07
Round took 6.728e-06
Round took 0
Round took 2.37e-06
Round took 8.05e-07
Round took 2.485e-06
Round took 2.594e-06
Round took 2.459e-06
Round took 2.491e-06
Round took 2.454e-06
Round took 2.509e-06
Round took 2.5e-06
Round took 2.424e-06
Round took 2.44e-06
Round took 6.532e-06
Round took 2.567e-06
Round took 2.433e-06
Round took 2.442e-06
Round took 2.504e-06
Round took 2.489e-06
Round took 2.437e-06
Round took 2.475e-06
Round took 6.45e-06
Round took 4.59e-06
Round took 0
Round took 1.7404e-05
Round took 6.745e-06
Round took 1.71e-06
Round took 6.904e-06
Round took 2.576e-06
Round took 2.512e-06
Round took 5.642e-06
Round took 2.585e-06
Round took 2.475e-06
Round took 2.461e-06
Round took 2.471e-06
Round took 2.453e-06
Round took 2.447e-06
Round took 2.458e-06
Round took 2.568e-06
Round took 2.456e-06
Round took 2.445e-06
Round took 2.485e-06
Round took 2.518e-06
Round took 2.457e-06
Round took 2.45e-06
Round took 2.472e-06
Round took 6.183e-06
Round took 2.521e-06
Round took 2.485e-06
Round took 2.483e-06
Round took 2.459e-06
Round took 2.473e-06
Round took 2.481e-06
Round took 2.464e-06
Round took 2.536e-06
Round took 2.591e-06
Round took 2.471e-06
Round took 2.506e-06
Round took 2.501e-06
Round took 2.581e-06
Round took 2.489e-06
Round took 2.515e-06
Round took 2.498e-06
Round took 5.884e-06
Round took 2.562e-06
Round took 2.508e-06
Round took 2.456e-06
Round took 2.511e-06
Round took 2.438e-06
Round took 2.452e-06
Round took 2.42e-06
Round took 4.68e-06
Round took 2.481e-06
Round took 2.453e-06
Round took 2.44e-06
Round took 2.497e-06
Round took 2.427e-06
Round took 2.435e-06
Round took 2.465e-06
Round took 1.5237e-05
Round took 2.516e-06
Round took 2.532e-06
Round took 2.494e-06
Round took 2.527e-06
Round took 2.485e-06
Round took 2.47e-06
Round took 2.466e-06
Round took 2.461e-06
Round took 2.48e-06
Round took 2.528e-06
Round took 2.488e-06
Round took 2.457e-06
Round took 5.892e-06
Round took 2.531e-06
Round took 2.479e-06
Round took 4.39e-06
Round took 5.427e-06
Round took 2.546e-06
Round took 0
Round took 3.757e-06
Round took 2.773e-06
Round took 2.493e-06
Round took 2.597e-06
Round took 2.48e-06
Round took 2.633e-06
Round took 2.488e-06
Round took 2.478e-06
Round took 2.445e-06
Round took 2.513e-06
Round took 2.436e-06
Round took 2.497e-06
Round took 2.445e-06
Round took 2.534e-06
Round took 1.0926e-05
Round took 2.378e-06
Round took 2.455e-06
Round took 5.654e-06
Round took 7.653e-06
Round took 2.883e-06
Round took 3.0611e-05
Round took 7.334e-06
Round took 0
Round took 0
Round took 5.8e-06
Round took 0.000704459
Round took 5.113e-06
Round took 2.799e-06
Round took 2.632e-06
Round took 2.533e-06
Round took 7.532e-06
Round took 0
Round took 2.56e-06
Round took 2.018e-06
Round took 1.63e-06
Round took 1.929e-05
Round took 6.918e-06
Round took 0
Round took 2.749e-06
Round took 2.1234e-05
Round took 7.422e-06
Round took 1.067e-06
Round took 0
Round took 0
Round took 2.55e-06
Round took 3.774e-06
Round took 1.795e-06
Round took 7.46e-06
Round took 0
Round took 2.52e-06
Round took 0.000133147
Round took 4.431e-06
Round took 4.303e-06
Round took 5.652e-06
Round took 4.0977e-05
Round took 5.08e-07
Round took 0
Round took 0
Round took 2.557e-06
Round took 7e-07
Round took 2.683e-06
Round took 1.541e-05
Round took 8.381e-06
Round took 9.111e-06
Round took 2.1428e-05
Round took 0
Round took 6.541e-06
Round took 4.615e-06
Round took 3.707e-06
Round took 5.394e-06
Round took 2.88e-06
Round took 0
Round took 0
Round took 6.885e-06
Round took 4.633e-06
Round took 4.163e-06
Round took 6.47e-06
Round took 1.51e-06
Round took 5.136e-06
Round took 3.518e-06
Round took 9.959e-06
Round took 9.8e-07
Round took 2.537e-06
Round took 2.611e-06
Round took 0
Round took 3.627e-06
Round took 2.18e-06
Round took 1.024e-06
Round took 6.163e-06
Round took 2.959e-06
Round took 0
Round took 2.522e-06
Round took 1.141e-06
Round took 7.035e-06
Round took 6.6e-07
Round took 0
Round took 0
Round took 2.475e-06
Round took 3.159e-06
Round took 4.525e-06
Round took 4.587e-06
Round took 0
Round took 7.165e-06
Round took 7.1e-07
Round took 8.2057e-05
Round took 1.54e-07
Round took 2.547e-06
Round took 1.05e-07
Round took 6.062e-06
Round took 4.7814e-05
Round took 3.521e-06
Round took 6.24e-06
Round took 1.751e-06
Round took 5.586e-06
Round took 1.844e-05
Round took 5.204e-06
Round took 4.433e-06
Round took 1.917e-06
Round took 1.013e-06
Round took 2.531e-06
Round took 5.941e-06
Round took 5.246e-06
Round took 0
Round took 3.329e-06
Round took 2.29e-06
Round took 2.536e-06
Round took 2.547e-06
Round took 0
Round took 2.493e-06
Round took 6.772e-06
Round took 5.167e-06
Round took 6.147e-06
Round took 6.754e-06
Round took 0
Round took 2.573e-06
Round took 0
Round took 2.51e-06
Round took 6.375e-06
Round took 0
Round took 0
Round took 2.861e-06
Round took 5.61e-07
Round took 2.546e-06
Round took 2.178e-06
Round took 0
Round took 0
Round took 1.0339e-05
Round took 4.309e-06
Round took 7.234e-06
Round took 7.02e-07
Round took 5.454e-06
Round took 3.231e-06
Round took 5.92e-07
Round took 0
Round took 5.106e-06
Round took 2.549e-06
Round took 2.546e-06
Round took 6.053e-06
Round took 1.043e-06
Round took 0
Round took 2.527e-06
Round took 7.25e-07
Round took 5.074e-06
Round took 9.71e-06
Round took 1.191e-06
Round took 0
Round took 0
Round took 0
Round took 2.463e-06
Round took 2.456e-06
Round took 6.84e-06
Round took 3.37e-06
Round took 6.205e-06
Round took 0
Round took 1.322e-06
Round took 7.214e-06
Round took 0
Round took 2.47e-06
Round took 1.17e-07
Round took 3.1e-07
Round took 7.209e-06
Round took 2.495e-06
Round took 2.645e-06
Round took 6.58e-07
Round took 0
Round took 2.47e-06
Round took 2.467e-06
Round took 2.522e-06
Round took 6.152e-06
Round took 1.751e-06
Round took 2.501e-06
Round took 0
Round took 7.208e-06
Round took 6.74e-07
Round took 2.477e-06
Round took 1.631e-06
Round took 5.355e-06
Round took 2.518e-06
Round took 1.8073e-05
Round took 6.962e-06
Round took 1.666e-06
Round took 1.049e-06
Round took 1e-06
Round took 2.479e-06
Round took 0
Round took 4.312e-06
Round took 1.44e-07
Round took 7.14e-07
Round took 2.5e-06
Round took 3.165e-06
Round took 2.484e-06
Round took 6.292e-06
Round took 4.936e-06
Round took 2.171e-06
Round took 2.475e-06
Round took 0
Round took 1.932e-06
Round took 1.469e-06
Round took 6.351e-06
Round took 1.463e-06
Round took 2.539e-06
Round took 2.515e-06
Round took 2.547e-06
Round took 0
Round took 0
Round took 2.521e-06
Round took 4.958e-06
Round took 2.484e-06
Round took 2.506e-06
Round took 5.649e-06
Round took 5.497e-06
Round took 2.404e-06
Round took 2.485e-06
Round took 2.436e-06
Round took 7.008e-06
Round took 0
Round took 2.43e-06
Round took 7.105e-06
Round took 7.6e-07
Round took 3.9e-08
Round took 5.681e-06
Round took 2.124e-06
Round took 3.004e-06
Round took 2.482e-06
Round took 0
Round took 5.438e-06
Round took 8.667e-06
Round took 2.531e-06
Round took 3.214e-06
Round took 1.389e-06
Round took 0
Round took 2.48e-06
Round took 0
Round took 0
Round took 2.518e-06
Round took 2.443e-06
Round took 1.12e-06
Round took 2.527e-06
Round took 2.549e-06
Round took 0
Round took 0
Round took 0
Round took 6.536e-06
Round took 5.155e-06
Round took 2.497e-06
Round took 1.886e-06
Round took 4.224e-06
Round took 2.55e-06
Round took 1.07e-07
Round took 3.669e-06
Round took 2.055e-06
Round took 2.623e-06
Round took 1.96e-06
Round took 2.519e-06
Round took 2.493e-06
Round took 2.518e-06
Round took 2.541e-06
Round took 2.474e-06
Round took 0
Round took 6.608e-06
Round took 2.255e-06
Round took 4.699e-06
Round took 1.76e-06
Round took 0
Round took 6.252e-06
Round took 0
Round took 2.422e-06
Round took 2.544e-06
Round took 1.65e-06
Round took 1.966e-06
Round took 4.945e-06
Round took 4.539e-06
Round took 0
Round took 0
Round took 7.081e-06
Round took 3.071e-06
Round took 8.958e-06
Round took 0
Round took 2.476e-06
Round took 2.501e-06
Round took 0
Round took 0
Round took 2.469e-06
Round took 0
Round took 2.51e-06
Round took 0
Round took 2.486e-06
Round took 2.773e-06
Round took 1.898e-06
Round took 7.05e-06
Round took 4.597e-06
Round took 1.483e-06
Round took 0
Round took 5.046e-06
Round took 2.459e-06
Round took 0
Round took 5.234e-06
Round took 3.278e-06
Round took 0
Round took 1.04e-07
Round took 3.759e-06
Round took 8.75e-07
Round took 2.928e-06
Round took 0
Round took 2.392e-06
Round took 3.83e-07
Round took 1.632e-06
Round took 3.354e-06
Round took 6.137e-06
Round took 7.915e-06
Round took 6.513e-06
Round took 0.000613797
Round took 2e-06
Round took 2.464e-06
Round took 1.4785e-05
Round took 2.91e-06
Round took 1.72e-06
Round took 2.0045e-05
Round took 5.476e-06
Round took 6.539e-06
Round took 4.125e-06
Round took 8.53e-07
Round took 5.677e-06
Round took 6.346e-06
Round took 2.37e-06
Round took 2.961e-06
Round took 6.386e-06
Round took 7.265e-06
Round took 0
Round took 2.637e-06
Round took 0
Round took 2.553e-06
Round took 2.487e-06
Round took 0
Round took 0
Round took 2.52e-06
Round took 6.491e-06
Round took 0
Round took 2.923e-06
Round took 1.052e-06
Round took 6.914e-06
Round took 0
Round took 5.985e-06
Round took 2.312e-06
Round took 5.822e-06
Round took 6.437e-06
Round took 4.138e-06
Round took 0
Round took 2.495e-06
Round took 5.893e-06
Round took 0
Round took 0
Round took 2.51e-06
Round took 0
Round took 5.692e-06
Round took 0
Round took 2.549e-06
Round took 2.534e-06
Round took 2.486e-06
Round took 1.606e-06
Round took 2.509e-06
Round took 7.149e-06
Round took 3.837e-06
Round took 1.97e-06
Round took 0
Round took 2.515e-06
Round took 0
Round took 2.613e-06
Round took 2.446e-06
Round took 2.5e-06
Round took 2.449e-06
Round took 2.469e-06
Round took 2.5e-06
Round took 2.49e-06
Round took 2.426e-06
Round took 2.459e-06
Round took 6.081e-06
Round took 2.532e-06
Round took 2.463e-06
Round took 2.471e-06
Round took 2.542e-06
Round took 2.491e-06
Round took 2.507e-06
Round took 3.709e-06
Round took 2.64e-06
Round took 2.537e-06
Round took 5.592e-06
Round took 2.496e-06
Round took 2.484e-06
Round took 2.479e-06
Round took 2.46e-06
Round took 2.472e-06
Round took 6.359e-06
Round took 2.528e-06
Round took 2.459e-06
Round took 2.477e-06
Round took 2.458e-06
Round took 2.48e-06
Round took 2.443e-06
Round took 2.541e-06
Round took 2.541e-06
Round took 2.482e-06
Round took 2.415e-06
Round took 2.54e-06
Round took 2.457e-06
Round took 2.611e-06
Round took 2.437e-06
Round took 4.617e-06
Round took 7.522e-06
Round took 5.625e-06
Round took 2.522e-06
Round took 2.515e-06
Round took 2.455e-06
Round took 2.582e-06
Round took 2.478e-06
Round took 2.529e-06
Round took 2.512e-06
Round took 2.595e-06
Round took 2.488e-06
Round took 2.476e-06
Round took 2.46e-06
Round took 2.569e-06
Round took 2.457e-06
Round took 2.531e-06
Round took 2.475e-06
Round took 6.598e-06
Round took 2.545e-06
Round took 2.474e-06
Round took 2.459e-06
Round took 2.539e-06
Round took 2.472e-06
Round took 2.493e-06
Round took 2.462e-06
Round took 2.504e-06
Round took 2.452e-06
Round took 2.469e-06
Round took 2.433e-06
Round took 2.553e-06
Round took 2.509e-06
Round took 2.487e-06
Round took 2.413e-06
Round took 2.495e-06
Round took 5.267e-06
Round took 2.483e-06
Round took 2.478e-06
Round took 2.459e-06
Round took 2.505e-06
Round took 2.477e-06
Round took 2.446e-06
Round took 2.453e-06
Round took 2.534e-06
Round took 1.2852e-05
Round took 6.171e-06
Round took 4.563e-06
Round took 4.437e-06
Round took 2.504e-06
Round took 2.458e-06
Round took 2.485e-06
Round took 6.618e-06
Round took 2.548e-06
Round took 2.441e-06
Round took 2.532e-06
Round took 2.52e-06
Round took 2.462e-06
Round took 2.438e-06
Round took 2.462e-06
Round took 2.49e-06
Round took 2.536e-06
Round took 2.428e-06
Round took 2.464e-06
Round took 2.479e-06
Round took 2.528e-06
Round took 2.414e-06
Round took 2.464e-06
Round took 2.423e-06
Round took 5.256e-06
Round took 2.464e-06
Round took 2.483e-06
Round took 2.623e-06
Round took 2.6e-06
Round took 2.465e-06
Round took 0
Round took 2.451e-06
Round took 2.539e-06
Round took 4.752e-06
Round took 3.309e-06
Round took 1.495e-06
Round took 2.482e-06
Round took 2.485e-06
Round took 2.42e-06
Round took 2.445e-06
Round took 2.1074e-05
Round took 2.603e-06
Round took 2.469e-06
Round took 2.471e-06
Round took 2.515e-06
Round took 2.468e-06
Round took 2.429e-06
Round took 5.756e-06
Round took 2.526e-06
Round took 2.562e-06
Round took 2.471e-06
Round took 2.435e-06
Round took 2.451e-06
Round took 2.649e-06
Round took 2.443e-06
Round took 2.497e-06
Round took 2.48e-06
Round took 5.592e-06
Round took 2.511e-06
Round took 2.472e-06
Round took 2.493e-06
Round took 2.56e-06
Round took 2.48e-06
Round took 6.71e-06
Round took 4.715e-06
Round took 5.102e-06
Round took 2.218e-06
Round took 0
Round took 4.772e-06
Round took 5.783e-06
Round took 4.823e-06
Round took 9.506e-06
Round took 1.06e-06
Round took 4.039e-06
Round took 2.556e-06
Round took 2.43e-06
Round took 5.585e-06
Round took 2.245e-06
Round took 2.531e-06
Round took 2.31e-06
Round took 0
Round took 2.451e-06
Round took 0
Round took 6.828e-06
Round took 2.853e-06
Round took 0
Round took 2.544e-06
Round took 2.383e-06
Round took 1.052e-06
Round took 0
Round took 6.175e-06
Round took 5.188e-06
Round took 7.23e-07
Round took 4.076e-06
Round took 2.835e-06
Round took 5.942e-06
Round took 5.616e-06
Round took 1.101e-06
Round took 2.2301e-05
Round took 3.117e-06
Round took 1.24e-07
Round took 5.15e-07
Round took 2.699e-06
Round took 4.98e-07
Round took 5.689e-06
Round took 3.4965e-05
Round took 1.051e-06
Round took 9.881e-06
Round took 4.577e-06
Round took 2.001e-06
Round took 5.798e-06
Round took 5.51e-06
Round took 4.954e-06
Round took 2.309e-06
Round took 5.698e-06
Round took 4.435e-06
Round took 0
Round took 0
Round took 5.926e-06
Round took 1.84e-07
Round took 0
Round took 2.4269e-05
Round took 2.602e-06
Round took 7.48e-06
Round took 1.685e-06
Round took 7.05e-06
Round took 3.898e-06
Round took 8.88e-07
Round took 2.556e-06
Round took 1.222e-06
Round took 2.066e-06
Round took 2.043e-06
Round took 8.61e-07
Round took 5.178e-06
Round took 4.3245e-05
Round took 1.899e-06
Round took 1.3126e-05
Round took 5.334e-06
Round took 5.188e-06
Round took 3.534e-06
Round took 7.934e-06
Round took 5.875e-06
Round took 2.078e-06
Round took 0
Round took 7.413e-06
Round took 1.36e-06
Round took 0
Round took 3.547e-06
Round took 5.195e-06
Round took 8.24e-07
Round took 5.655e-06
Round took 6.799e-06
Round took 8.42e-07
Round took 2.514e-06
Round took 2.451e-06
Round took 2.489e-06
Round took 9.929e-06
Round took 2.288e-06
Round took 0
Round took 2.446e-06
Round took 2.726e-06
Round took 0
Round took 6.585e-06
Round took 1.319e-06
Round took 5.291e-06
Round took 2.964e-06
Round took 2.519e-06
Round took 0
Round took 0
Round took 2.636e-06
Round took 2.477e-06
Round took 2.535e-06
Round took 3.354e-06
Round took 7.7616e-05
Round took 4.301e-06
Round took 1.2e-06
Round took 3.69e-06
Round took 0.000184447
Round took 5.463e-06
Round took 4.154e-05
Round took 7.311e-06
Round took 7.164e-06
Round took 6.25e-07
Round took 2.616e-06
Round took 5.485e-06
Round took 2.777e-06
Round took 4.18e-07
Round took 2.49e-06
Round took 2.499e-06
Round took 6.043e-06
Round took 2.26e-07
Round took 2.568e-06
Round took 5.896e-06
Round took 2.908e-06
Round took 5.394e-06
Round took 0
Round took 5.22e-07
Round took 2.543e-06
Round took 3.315e-06
Round took 3.397e-06
Round took 1.381e-06
Round took 3.855e-06
Round took 3.93e-07
Round took 6.396e-06
Round took 0
Round took 3.55e-06
Round took 6.961e-06
Round took 2.536e-06
Round took 6.179e-06
Round took 0
Round took 1.647e-06
Round took 3.317e-06
Round took 0
Round took 2.551e-06
Round took 1.78e-06
Round took 1.877e-06
Round took 6.637e-06
Round took 4.843e-06
Round took 2.08e-07
Round took 0
Round took 2.482e-06
Round took 2.502e-06
Round took 0
Round took 3.39e-06
Round took 7.168e-06
Round took 2.545e-06
Round took 2.448e-06
Round took 3.826e-06
Round took 0
Round took 5.796e-06
Round took 3.775e-06
Round took 9.6404e-05
Round took 4.869e-06
Round took 3.03e-06
Round took 2.866e-06
Round took 7.124e-06
Round took 9.11e-07
Round took 2.504e-06
Round took 6.919e-06
Round took 1.3848e-05
Round took 0
Round took 0
Round took 4.093e-06
Round took 8.6336e-05
Round took 2.942e-06
Round took 3.742e-06
Round took 0
Round took 5.754e-06
Round took 6.971e-06
Round took 0
Round took 2.4e-06
Round took 2.018e-06
Round took 0
Round took 0
Round took 1.934e-06
Round took 2.799e-06
Round took 1.0951e-05
Round took 9.6e-07
Round took 2.548e-06
Round took 6.189e-06
Round took 4.822e-06
Round took 3.55e-06
Round took 1.685e-06
Round took 6.806e-06
Round took 3.275e-06
Round took 0
Round took 8.48e-07
Round took 0
Round took 0
Round took 1.72e-07
Round took 2.491e-06
Round took 7.195e-06
Round took 7.27e-07
Round took 0.000121796
Round took 7.878e-06
Round took 3.183e-06
Round took 6.748e-06
Round took 0
Round took 3.536e-06
Round took 2.628e-06
Round took 2.627e-06
Round took 2.687e-06
Round took 2.483e-06
Round took 2.525e-06
Round took 5.76e-06
Round took 0
Round took 2.475e-06
Round took 2.259e-06
Round took 2.344e-06
Round took 6.191e-06
Round took 1.74e-06
Round took 2.583e-06
Round took 2.51e-06
Round took 2.622e-06
Round took 2.478e-06
Round took 2.504e-06
Round took 2.533e-06
Round took 2.608e-06
Round took 2.753e-06
Round took 2.477e-06
Round took 2.501e-06
Round took 1.605e-06
Round took 2.107e-06
Round took 2.558e-06
Round took 2.529e-06
Round took 5.887e-06
Round took 1.1846e-05
Round took 4.84e-06
Round took 1.984e-06
Round took 2.737e-06
Round took 3.683e-06
Round took 0
Round took 2.972e-06
Round took 9.83e-07
Round took 7.234e-06
Round took 7.42e-07
Round took 0
Round took 2.491e-06
Round took 2.547e-06
Round took 2.57e-06
Round took 9.929e-06
Round took 1.853e-06
Round took 5.441e-06
Round took 2.498e-06
Round took 2.465e-06
Round took 2.506e-06
Round took 7.289e-06
Round took 4.412e-06
Round took 1.544e-06
Round took 2.703e-06
Round took 2.11e-07
Round took 7.234e-06
Round took 2.7e-08
Round took 5.309e-06
Round took 0
Round took 2.538e-06
Round took 3.74e-07
Round took 2.532e-06
Round took 0
Round took 3.288e-06
Round took 2.49e-06
Round took 4.82e-06
Round took 2.499e-06
Round took 0
Round took 3.357e-06
Round took 2.517e-06
Round took 2.57e-06
Round took 2.541e-06
Round took 2.46e-06
Round took 2.462e-06
Round took 2.461e-06
Round took 2.488e-06
Round took 2.521e-06
Round took 0
Round took 1.705e-06
Round took 6.793e-06
Round took 8.26e-07
Round took 2.481e-06
Round took 2.474e-06
Round took 7.089e-06
Round took 1.279e-06
Round took 0
Round took 4.108e-06
Round took 9.07e-07
Round took 6.311e-06
Round took 7.259e-06
Round took 5.175e-06
Round took 2.545e-06
Round took 2.811e-06
Round took 2.183e-06
Round took 4.46e-07
Round took 1.579e-06
Round took 6.358e-06
Round took 2.248e-05
Round took 2.712e-06
Round took 1.278e-06
Round took 0
Round took 2.499e-06
Round took 2.532e-06
Round took 6.788e-06
Round took 1.175e-06
Round took 2.558e-06
Round took 0
Round took 0
Round took 6.877e-06
Round took 1.035e-06
Round took 2.473e-06
Round took 2.237e-06
Round took 1.101e-06
Round took 2.818e-06
Round took 6.933e-06
Round took 0
Round took 6.991e-06
Round took 8.98e-07
Round took 2.48e-06
Round took 1.557e-06
Round took 0
Round took 7.63e-07
Round took 2.409e-06
Round took 0
Round took 7.29e-07
Round took 2.066e-06
Round took 6.77e-07
Round took 2.54e-06
Round took 2.525e-06
Round took 7.102e-06
Round took 2.549e-06
Round took 2.468e-06
Round took 2.552e-06
Round took 1.526e-05
Round took 4.693e-06
Round took 4.591e-06
Round took 4.751e-06
Round took 2.609e-06
Round took 2.492e-06
Round took 2.484e-06
Round took 1.7658e-05
Round took 2.532e-06
Round took 2.528e-06
Round took 3.702e-06
Round took 7.79e-07
Round took 4.798e-06
Round took 6.532e-06
Round took 2.57e-06
Round took 2.454e-06
Round took 2.229e-06
Round took 4.378e-06
Round took 4.499e-06
Round took 3e-08
Round took 2.558e-06
Round took 6.538e-06
Round took 2.42e-06
Round took 1.359e-06
Round took 2.466e-06
Round took 5.712e-06
Round took 2.158e-06
Round took 1.197e-06
Round took 2.438e-06
Round took 7.454e-06
Round took 2.487e-06
Round took 2.498e-06
Round took 2.535e-06
Round took 2.512e-06
Round took 2.442e-06
Round took 2.485e-06
Round took 9.07e-07
Round took 4.79e-07
Round took 6.6e-06
Round took 1.342e-06
Round took 5.057e-06
Round took 2.083e-06
Round took 0
Round took 2.558e-06
Round took 2.507e-06
Round took 2.52e-06
Round took 5.895e-06
Round took 2.56e-06
Round took 5.715e-06
Round took 2.483e-06
Round took 2.557e-06
Round took 2.521e-06
Round took 7.099e-06
Round took 8.7e-07
Round took 4.584e-06
Round took 3.946e-06
Round took 8.82e-07
Round took 0
Round took 3.783e-06
Round took 1.872e-06
Round took 2.68e-06
Round took 1.653e-06
Round took 8.581e-06
Round took 2.528e-06
Round took 2.461e-06
Round took 0.00020668
Round took 3.591e-06
Round took 2.6e-06
Round took 0
Round took 2.916e-06
Round took 2.546e-06
Round took 2.653e-06
Round took 4.777e-06
Round took 7.8028e-05
Round took 6.249e-06
Round took 3.634e-06
Round took 9e-07
Round took 2.504e-06
Round took 2.49e-06
Round took 4.801e-06
Round took 5.835e-06
Round took 3.259e-06
Round took 1.682e-06
Round took 2.601e-06
Round took 2.453e-06
Round took 5.259e-06
Round took 2.527e-06
Round took 2.155e-06
Round took 0.000295776
Round took 3.794e-06
Round took 2.689e-06
Round took 2.72e-06
Round took 2.652e-06
Round took 2.802e-06
Round took 2.538e-06
Test took 98.696581313
Successful: 4051
