Uniform distribution
Round took 0.089126154
Round took 0.085323432
Round took 0.091306445
Round took 0.080339835
Round took 0.072452945
Round took 0.091210396
Round took 0.107519598
Round took 0.07174476
Round took 0.070968171
Round took 0.073952752
Round took 0.084628353
Round took 0.087992628
Round took 0.105765101
Round took 0.112582621
Round took 0.09450337
Round took 0.088048612
Round took 0.088552982
Round took 0.087893387
Round took 0.076200167
Round took 0.098752166
Round took 0.100909569
Round took 0.095742623
Round took 0.09680876
Round took 0.130046297
Round took 0.094618871
Round took 0.113485981
Round took 0.093268271
Round took 0.089606176
Round took 0.100679387
Round took 0.105994642
Round took 0.112913763
Round took 0.295510013
Round took 0.089325217
Round took 0.089112889
Round took 0.088830435
Round took 0.082096245
Round took 0.086691788
Round took 0.099092624
Round took 0.097414911
Round took 0.09556764
Round took 0.090448147
Round took 0.090889186
Round took 0.085935627
Round took 0.116244107
Round took 0.122231815
Round took 0.360792472
Round took 0.118606457
Round took 0.089549232
Round took 0.321922558
Round took 0.105339637
Round took 0.087833604
Round took 0.097114008
Round took 0.08326234
Round took 0.106059916
Round took 0.086053529
Round took 0.296486056
Round took 0.087570553
Round took 0.098197463
Round took 0.133502734
Round took 0.092658373
Round took 0.096484006
Round took 0.091305915
Round took 0.082386822
Round took 0.321616484
Round took 0.087722933
Round took 0.119118026
Round took 0.089860819
Round took 0.0820057
Round took 0.100297859
Round took 0.079929437
Round took 0.102807258
Round took 0.07985796
Round took 0.088147364
Round took 0.118281555
Round took 0.148548907
Round took 0.301162793
Round took 0.301904445
Round took 0.090123192
Round took 0.110913648
Round took 0.305847309
Round took 0.097365836
Round took 0.100065718
Round took 0.098505377
Round took 0.10236508
Round took 0.126176213
Round took 0.093542267
Round took 0.098493398
Round took 0.121341135
Round took 0.144909543
Round took 0.117434062
Round took 0.093166644
Round took 0.090519833
Round took 0.095136803
Round took 0.104732613
Round took 0.091262766
Round took 0.332255071
Round took 0.359117175
Round took 0.098270071
Round took 0.109904709
Round took 0.084539312
Round took 0.096253206
Round took 0.08568812
Round took 0.090246575
Round took 0.080653251
Round took 0.082931162
Round took 0.097299988
Round took 0.094742768
Round took 0.148787024
Round took 0.110241053
Round took 0.319668428
Round took 0.085298316
Round took 0.086620867
Round took 0.095428386
Round took 0.101233084
Round took 0.099205283
Round took 0.100538516
Round took 0.135633842
Round took 0.086682321
Round took 0.112171819
Round took 0.323829182
Round took 0.097034291
Round took 0.180596696
Round took 0.104355377
Round took 0.130782172
Round took 0.084240331
Round took 0.299697819
Round took 0.079291135
Round took 0.084514034
Round took 0.078762543
Round took 0.10350442
Round took 0.116313393
Round took 0.101793707
Round took 0.107245413
Round took 0.296122263
Round took 0.808337182
Round took 0.310376358
Round took 0.234840449
Round took 0.326047584
Round took 0.086245784
Round took 0.08410836
Round took 0.110157106
Round took 0.097529495
Round took 0.104399067
Round took 0.095828139
Round took 0.097205645
Round took 0.127603402
Round took 0.371001821
Round took 0.102337593
Round took 0.097310685
Round took 0.096347378
Round took 0.11002507
Round took 0.235060889
Round took 0.313345056
Round took 0.099683058
Round took 0.1092315
Round took 0.099535598
Round took 0.085067506
Round took 0.32475702
Round took 0.822194155
Round took 0.317850841
Round took 1.81618155
Round took 0.308764159
Round took 0.816287994
Round took 0.111571522
Round took 0.102023408
Round took 0.101003209
Round took 0.091747402
Round took 0.092106164
Round took 0.101279341
Round took 0.157909464
Round took 0.090556194
Round took 0.117972401
Round took 0.314838729
Round took 0.087974879
Round took 0.082990337
Round took 0.093877104
Round took 0.824223047
Round took 0.112964589
Round took 0.11116696
Round took 0.107717238
Round took 0.120576158
Round took 0.09919916
Round took 0.110877085
Round took 0.107459843
Round took 0.815912139
Round took 1.824414712
Round took 3.336626621
Round took 0.103127272
Round took 0.076288387
Round took 0.095461347
Round took 0.107297923
Round took 0.096521816
Round took 0.10259394
Round took 0.109147613
Round took 0.09623923
Round took 0.316660761
Round took 0.415039979
Round took 0.10075171
Round took 0.103772628
Round took 0.107664914
Round took 0.109249668
Round took 0.05821987
Round took 0.103170507
Round took 0.090412303
Round took 0.098467385
Round took 0.095517463
Round took 0.103282004
Round took 0.102602804
Round took 0.316597786
Round took 0.101268123
Round took 0.10401886
Round took 0.095250548
Round took 0.108550717
Round took 0.096950014
Round took 0.092843905
Round took 0.09601898
Round took 0.314641577
Round took 0.100654386
Round took 0.102783511
Round took 0.100423019
Round took 0.106489223
Round took 0.105089685
Round took 0.095178763
Round took 0.310112527
Round took 0.097268574
Round took 2.327578037
Round took 0.154936981
Round took 0.089911821
Round took 0.091929535
Round took 0.096724469
Round took 0.09743494
Round took 0.378486036
Round took 0.316906312
Round took 0.098529858
Round took 0.097353511
Round took 0.311766065
Round took 0.104654057
Round took 0.093476089
Round took 0.098316067
Round took 0.100754749
Round took 0.092444003
Round took 1.821111871
Round took 0.092669238
Round took 0.090434475
Round took 1.31508214
Round took 0.080632854
Round took 0.092544463
Round took 0.095287143
Round took 0.118643004
Round took 0.085933006
Round took 0.09282535
Round took 0.1127327
Round took 0.094163649
Round took 0.305845959
Round took 0.805189531
Round took 0.091522552
Round took 0.095522549
Round took 0.099778654
Round took 0.098907619
Round took 0.102949536
Round took 1.809352539
Round took 0.138087157
Round took 0.131576784
Round took 0.307997524
Round took 1.31232967
Round took 0.092205431
Round took 0.085952171
Round took 0.080644694
Round took 0.084562374
Round took 0.091421101
Round took 0.090986108
Round took 0.308158965
Round took 0.092458205
Round took 0.354545884
Round took 0.087599495
Round took 0.089331214
Round took 0.09339613
Round took 0.092898734
Round took 0.293765935
Round took 0.07830058
Round took 0.093060771
Round took 0.097653128
Round took 0.079926052
Round took 0.089490295
Round took 0.113200697
Round took 0.81254326
Round took 0.086107215
Round took 0.125649652
Round took 0.095634594
Round took 0.087773563
Round took 0.08397801
Round took 0.087626855
Round took 0.307960915
Round took 0.093607603
Round took 0.089748477
Round took 0.091419999
Round took 0.096830016
Round took 0.093633331
Round took 0.080502475
Round took 0.093328393
Round took 0.521839916
Round took 0.099616238
Round took 0.09378118
Round took 0.300732061
Round took 0.152495415
Round took 0.090492252
Round took 0.101517579
Round took 0.092147039
Round took 0.092606209
Round took 0.095826411
Round took 0.096626012
Round took 0.090928005
Round took 0.09029686
Round took 0.092736451
Round took 0.08238489
Round took 0.08777452
Round took 0.102414642
Round took 0.095612664
Round took 0.096537868
Round took 0.077880776
Round took 0.092786928
Round took 0.090563493
Round took 0.116132967
Round took 0.299669861
Round took 1.32167829
Round took 3.348893156
Round took 0.114544892
Round took 0.103396294
Round took 0.139706857
Round took 0.091178748
Round took 0.068375845
Round took 0.30860993
Round took 0.308122419
Round took 0.300407633
Round took 2.326213539
Round took 0.086849321
Round took 0.081882461
Round took 0.095616219
Round took 0.105368774
Round took 0.081402179
Round took 0.082962964
Round took 0.091318088
Round took 0.428706718
Round took 0.095110069
Round took 0.08613594
Round took 0.082698772
Round took 0.103847183
Round took 1.318490873
Round took 0.089126368
Round took 0.093241582
Round took 0.100498094
Round took 0.093532198
Round took 0.083393585
Round took 0.085301348
Round took 0.089829433
Round took 0.816782872
Round took 0.105835424
Round took 0.092001674
Round took 0.087895595
Round took 0.093076682
Round took 0.29825671
Round took 0.10179561
Round took 0.091659612
Round took 0.30629388
Round took 0.082831167
Round took 0.09101058
Round took 0.114653407
Round took 0.119595717
Round took 0.079807211
Round took 0.09507273
Round took 0.110382109
Round took 0.098783399
Round took 0.087301915
Round took 0.113107698
Round took 0.086104737
Round took 0.0936566
Round took 1.430843341
Round took 0.085994771
Round took 0.08894669
Round took 0.093505964
Round took 0.097383387
Round took 0.086224441
Round took 0.093234364
Round took 0.815081443
Round took 0.09422816
Round took 0.086317539
Round took 0.092087471
Round took 0.098909856
Round took 0.10433511
Round took 0.092139207
Round took 1.316874715
Round took 0.088889748
Round took 0.100027545
Round took 0.089417657
Round took 0.087603388
Round took 0.091436056
Round took 0.093390741
Round took 0.095426565
Round took 0.093714311
Round took 0.308874159
Round took 0.094333199
Round took 0.099468507
Round took 0.103906007
Round took 0.118082304
Round took 0.101619195
Round took 0.097564901
Round took 0.099292199
Round took 0.100466082
Round took 0.096757808
Round took 0.092776061
Round took 0.087787061
Round took 0.089495429
Round took 0.083408383
Round took 0.082155402
Round took 0.087098009
Round took 0.082435973
Round took 0.105494747
Round took 0.111742157
Round took 0.106235075
Round took 0.302271423
Round took 0.089741106
Round took 0.107175933
Round took 0.107143602
Round took 0.098107097
Round took 0.101660884
Round took 1.3065245189999999
Round took 0.814857224
Round took 0.083340761
Round took 0.100087639
Round took 0.11348871
Round took 0.113425013
Round took 0.107828133
Round took 0.314859985
Round took 0.114958498
Round took 0.103122431
Round took 0.101633688
Round took 0.102935472
Round took 0.099074571
Round took 0.101612607
Round took 0.308765085
Round took 0.106764958
Round took 0.108019231
Round took 0.110026923
Round took 0.113586814
Round took 0.102161861
Round took 0.101733159
Round took 0.532078107
Round took 0.107553012
Round took 0.313780791
Round took 0.320362798
Round took 0.101358003
Round took 0.092076242
Round took 0.102773749
Round took 0.11208214
Round took 0.824748238
Round took 0.110544799
Round took 0.10813382
Round took 0.107185943
Round took 0.107751403
Round took 0.111880263
Round took 1.322286576
Round took 0.318867971
Round took 0.320768454
Round took 1.830912015
Round took 0.094364269
Round took 0.309159604
Round took 0.093523332
Round took 0.08213656
Round took 0.324850257
Round took 0.100034359
Round took 0.101136716
Round took 0.101954266
Round took 0.097651218
Round took 0.091711633
Round took 0.096443114
Round took 0.08484669
Round took 0.090442215
Round took 0.091736634
Round took 0.302168277
Round took 0.056836575
Round took 0.087027368
Round took 0.091033017
Round took 0.312362504
Round took 0.090936809
Round took 0.095788937
Round took 0.097282267
Round took 0.090221103
Round took 0.095560279
Round took 0.093569394
Round took 0.095810627
Round took 0.092043673
Round took 0.098662881
Round took 0.812136703
Round took 0.092222828
Round took 0.098867954
Round took 0.096545648
Round took 0.102394753
Round took 0.096269665
Round took 0.094164248
Round took 0.095985523
Round took 0.086629653
Round took 0.093684576
Round took 0.086761317
Round took 0.089804143
Round took 0.09271286
Round took 0.098234628
Round took 0.103492334
Round took 0.093006625
Round took 0.310048474
Round took 0.296857967
Round took 0.099043082
Round took 0.307577915
Round took 0.092157492
Round took 0.091256751
Round took 0.307773075
Round took 0.80968707
Round took 0.093134957
Round took 0.296870436
Round took 0.104283836
Error when reading: read tcp 172.31.54.117:35046->172.31.62.16:7070: read: connection timed out
Error when reading: EOF
Round took 7.842219869
Error when reading: EOF
Error when reading: EOF
Round took 0.309804481
Error when reading: EOF
Error when reading: EOF
Round took 0.052010168
Error when reading: EOF
Error when reading: EOF
Round took 0.05546081
Round took 0.05466543
Round took 0.046152705
Round took 0.051604939
Round took 0.059819427
Round took 0.051640604
Round took 0.062030019
Round took 0.063530457
Round took 0.074164596
Round took 0.084016343
Round took 0.06066581
Round took 0.057705376
Round took 0.069335772
Round took 0.049454918
Round took 0.050486013
Round took 0.050715407
Round took 0.048746932
Round took 0.053732707
Round took 0.048043811
Round took 0.049885985
Round took 0.05373551
Round took 0.058993234
Round took 0.064902025
Round took 0.158768652
Round took 0.312303212
Round took 0.057034601
Round took 0.052126571
Round took 0.148307589
Round took 0.055103459
Round took 0.050268535
Round took 0.046535032
Round took 0.047957818
Round took 0.049886771
Round took 0.147376753
Round took 0.046859809
Round took 0.0486031
Round took 0.140094162
Round took 0.049803801
Round took 0.046501874
Round took 0.076060563
Round took 0.075073408
Round took 0.061819008
Round took 0.06002248
Round took 0.076916642
Round took 0.064591421
Round took 0.15480586
Round took 0.073002182
Round took 0.051490655
Round took 0.047203297
Round took 0.168317025
Round took 0.067828999
Round took 0.14461084
Round took 0.056016059
Round took 0.148674607
Round took 0.048248886
Round took 0.054178523
Round took 0.050802368
Round took 0.060760905
Round took 0.048843859
Round took 0.052173535
Round took 0.050826322
Round took 0.150011979
Round took 0.070354886
Round took 0.086767601
Round took 0.049446973
Round took 0.056909198
Round took 0.053927192
Round took 0.046104948
Round took 0.049916449
Round took 0.046092776
Round took 0.309053203
Round took 0.04879064
Round took 0.060208477
Round took 0.048340408
Round took 0.059767486
Round took 0.137476052
Round took 0.051010577
Round took 0.051425988
Round took 0.152017693
Round took 0.047679061
Round took 0.810423228
Round took 0.05459097
Round took 0.049032955
Round took 0.053763633
Round took 0.052777229
Round took 0.050816968
Round took 0.052576473
Round took 0.05115232
Round took 0.048952564
Round took 0.04706935
Round took 0.042264149
Round took 0.051397217
Round took 0.04987731
Round took 0.05265501
Round took 0.050291889
Round took 0.058364782
Round took 0.054590018
Round took 0.814234862
Round took 0.049203961
Round took 0.05379961
Round took 0.313385369
Round took 0.300248437
Round took 0.068893003
Round took 0.046665659
Round took 0.048205687
Round took 0.066868371
Round took 0.056453366
Round took 0.063364703
Round took 0.054626048
Round took 0.052054585
Round took 0.057954203
Round took 0.055936909
Round took 0.053086794
Round took 0.049800316
Round took 0.054898553
Round took 0.155501033
Round took 0.055493187
Round took 0.053161637
Round took 0.051453513
Round took 0.049136175
Round took 0.047006725
Round took 0.051465847
Round took 0.048309477
Round took 0.048192008
Round took 0.046740278
Round took 0.046421754
Round took 0.044955386
Round took 0.049879268
Round took 0.047466157
Round took 0.051506227
Round took 0.053871803
Round took 0.059290317
Round took 0.054655996
Round took 0.046558427
Round took 0.049874915
Round took 0.047341407
Round took 0.052802678
Round took 0.055243796
Round took 0.054078053
Round took 0.066182346
Round took 0.049628237
Round took 0.046894301
Round took 0.052537642
Round took 0.050088215
Round took 0.06513685
Round took 0.070893453
Round took 0.063619919
Round took 0.057013884
Round took 0.157492769
Round took 0.095338305
Round took 0.086180283
Round took 0.083971465
Round took 0.080114034
Round took 0.084782774
Round took 0.061641772
Round took 0.066026649
Round took 0.047746929
Round took 0.070585571
Round took 0.058572404
Round took 0.04502022
Round took 0.048220985
Round took 0.046219468
Round took 0.053704743
Round took 0.050917445
Round took 0.04909748
Round took 0.045079918
Round took 0.054627542
Round took 0.046749963
Round took 0.300827605
Round took 0.052178896
Round took 0.056697483
Round took 0.054940807
Round took 0.056240336
Round took 0.059577942
Round took 0.05308368
Round took 0.148763923
Round took 0.051041257
Round took 0.054146122
Round took 0.057771515
Round took 0.051583125
Round took 0.049744551
Round took 0.049159013
Round took 0.300330988
Round took 0.141778689
Round took 0.061882973
Round took 0.084497276
Round took 0.085966702
Round took 0.065554545
Round took 0.068150841
Round took 0.065267718
Round took 0.058737071
Round took 0.055349175
Round took 0.046879477
Round took 0.05597286
Round took 0.049740516
Round took 0.053065707
Round took 0.049104073
Round took 0.053041792
Round took 0.055635978
Round took 0.054219832
Round took 0.081849045
Round took 0.134626638
Round took 0.052138371
Round took 0.052057898
Round took 0.054501356
Round took 0.053880059
Round took 0.054964098
Round took 0.049912101
Round took 0.047662973
Round took 0.049339222
Round took 0.051952459
Round took 0.052201154
Round took 0.048923431
Round took 0.047672651
Round took 0.157920512
Round took 0.058269484
Round took 0.14171886
Round took 0.060503424
Round took 0.054757731
Round took 0.060126828
Round took 0.059368196
Round took 0.055861922
Round took 0.055617651
Round took 0.163222921
Round took 0.052443482
Round took 0.053223628
Round took 0.053116967
Round took 0.056236952
Round took 0.058906665
Round took 0.05834268
Round took 0.050463005
Round took 0.05053095
Round took 0.052484168
Round took 0.0497714
Round took 0.05183467
Round took 0.051706111
Round took 0.048712695
Round took 0.047993128
Round took 0.049560901
Round took 0.050670752
Round took 0.04962994
Round took 0.044219098
Round took 0.050216704
Round took 0.057660753
Round took 0.054513365
Round took 0.13914626
Round took 0.051399012
Round took 0.048905086
Round took 0.047970011
Round took 0.055365506
Round took 0.065000622
Round took 0.065314482
Round took 0.061808109
Round took 0.051803222
Round took 0.066548744
Round took 0.057429219
Round took 0.063119639
Round took 0.062980845
Round took 0.066137753
Round took 0.061883805
Round took 0.805048881
Round took 0.061438785
Round took 0.043872766
Round took 0.048608676
Round took 0.05440277
Round took 0.296657479
Round took 0.100038035
Round took 0.072899968
Round took 0.047325363
Round took 0.045876392
Round took 0.046789193
Round took 0.044791683
Round took 0.047088668
Round took 0.045038759
Round took 0.042848357
Round took 0.048677312
Round took 0.048072609
Round took 0.046047786
Round took 0.044645708
Round took 0.04720555
Round took 0.043672935
Round took 0.05578073
Round took 0.050379968
Round took 0.048931631
Round took 0.052177472
Round took 0.064595478
Round took 0.059553362
Round took 0.119157914
Round took 0.295268233
Round took 0.296640885
Round took 0.049441406
Round took 0.048989863
Round took 0.301977694
Round took 0.053947882
Round took 0.050023435
Round took 0.048951066
Round took 0.048895284
Round took 0.051281029
Round took 0.050933422
Round took 0.054729396
Round took 0.048232317
Round took 0.062808943
Round took 0.04544828
Round took 0.052725983
Round took 0.055158682
Round took 0.047508368
Round took 0.051922438
Round took 0.069622011
Round took 0.810389875
Round took 0.050512101
Round took 0.050391447
Round took 0.055811909
Round took 0.060224947
Round took 0.0556299
Round took 0.053046826
Round took 0.048527057
Round took 0.047505461
Round took 0.053214289
Round took 0.047116239
Round took 0.04873018
Round took 0.049953808
Round took 0.052994725
Round took 0.045203776
Round took 0.071827374
Round took 0.045983543
Round took 0.297609888
Round took 0.052558017
Round took 0.06519818
Round took 0.044023771
Round took 0.05208836
Round took 0.057614659
Round took 0.050462169
Round took 0.050839187
Round took 0.052115379
Round took 0.051359932
Round took 0.044960044
Round took 0.051185081
Round took 0.048008087
Round took 0.051958764
Round took 0.049009228
Round took 0.050121011
Round took 0.056336312
Round took 0.050044435
Round took 0.05045853
Round took 0.048467256
Round took 0.048566389
Round took 0.04665974
Round took 0.050432877
Round took 0.055378802
Round took 0.048302857
Round took 0.052311249
Round took 0.04791037
Round took 0.051289789
Round took 0.046278091
Round took 0.049700856
Round took 0.050354821
Round took 0.04947057
Round took 0.05225882
Round took 0.150433064
Round took 0.047314835
Round took 0.044239352
Round took 0.049035479
Round took 0.147344194
Round took 0.060843149
Round took 0.047656031
Round took 0.044969644
Round took 0.049520201
Round took 0.049799648
Round took 0.058807176
Round took 0.061385255
Round took 0.052730821
Round took 0.044499833
Round took 0.04733409
Round took 0.056164992
Round took 0.047547461
Round took 0.045842272
Round took 0.052486005
Round took 0.093364909
Round took 0.069554699
Round took 0.065645091
Round took 0.060397028
Round took 0.062494889
Round took 0.047592092
Round took 0.047948745
Round took 0.050431515
Round took 0.04898894
Round took 0.046740323
Round took 0.050313488
Round took 0.053464097
Round took 0.048072921
Round took 0.053976837
Round took 0.053393912
Round took 0.06340556
Round took 0.082312855
Round took 0.073473203
Round took 0.070948165
Round took 0.065268016
Round took 0.07151726
Round took 0.066816699
Round took 0.047919837
Round took 0.091935484
Round took 0.051431599
Round took 0.053460056
Round took 0.168618779
Round took 0.055696108
Round took 0.048897921
Round took 0.048492726
Round took 0.159742901
Round took 0.068938943
Round took 0.078047878
Round took 0.053363096
Round took 0.05888113
Round took 0.050451816
Round took 0.310977461
Round took 0.051550602
Round took 0.046495797
Round took 0.043754864
Round took 0.046225667
Round took 0.052460239
Round took 0.054165384
Round took 0.048292401
Round took 0.050221879
Round took 0.046003859
Round took 0.049307837
Round took 0.056304167
Round took 0.056198178
Round took 0.048952314
Round took 0.061202917
Round took 0.045317457
Round took 0.073896831
Round took 0.306936436
Round took 0.054112174
Round took 0.053360808
Round took 0.075131553
Round took 0.080934328
Round took 0.07718757
Round took 0.062725792
Round took 0.086129382
Round took 0.201049525
Round took 0.063113754
Round took 0.049639564
Round took 0.052337133
Round took 0.048902074
Round took 0.059487075
Round took 0.063065306
Round took 0.184961453
Round took 0.061663436
Round took 0.162790698
Round took 0.053403804
Round took 0.053866086
Round took 0.160475367
Round took 0.059317158
Round took 0.072084527
Round took 0.428856251
Round took 0.061449957
Round took 0.052816201
Round took 0.061129494
Round took 0.056663878
Round took 0.06628281
Round took 0.058760972
Round took 0.06647829
Round took 0.06985937
Round took 0.059644336
Round took 0.330993182
Round took 0.183148307
Round took 0.071457219
Round took 0.071604835
Round took 0.451015365
Round took 0.056686134
Round took 0.057818415
Round took 0.053134557
Round took 0.057998527
Round took 0.060672269
Round took 0.06176135
Round took 0.056082329
Round took 0.049596851
Round took 0.05462453
Round took 0.047873697
Round took 0.05516464
Round took 0.309629388
Round took 0.054707275
Round took 0.052925204
Round took 0.055743939
Round took 0.052962896
Round took 0.053621676
Round took 0.055713307
Round took 0.053875931
Round took 0.311093365
Round took 0.051631345
Round took 0.054496008
Round took 0.052670388
Round took 0.059540023
Round took 0.051462245
Round took 0.052592364
Round took 0.054911703
Round took 0.058135579
Round took 0.057633333
Round took 0.057156919
Round took 0.052737061
Round took 0.16502483
Round took 0.053564241
Round took 0.061892533
Round took 0.055691035
Round took 0.056500025
Round took 0.051331285
Round took 0.050496459
Round took 0.058384335
Round took 0.053550441
Round took 0.050568606
Round took 0.054767631
Round took 0.058736839
Round took 0.05211574
Round took 0.054000976
Round took 0.051504295
Round took 0.055371236
Round took 0.053687125
Round took 0.053050169
Round took 0.159244293
Round took 0.050835496
Round took 0.052320707
Round took 0.050281205
Round took 0.057330178
Round took 0.055916252
Round took 0.049257454
Round took 0.0519197
Round took 0.055308702
Round took 0.05117277
Round took 0.814436147
Round took 0.055517622
Round took 0.057538386
Round took 0.059874348
Round took 0.061965161
Round took 0.053393907
Round took 0.049265493
Round took 0.050957315
Round took 0.040653788
Round took 0.052044088
Round took 0.046495476
Round took 0.305876641
Round took 0.050203037
Round took 0.050141049
Round took 0.066943195
Round took 0.084713094
Round took 0.125527374
Round took 0.05025373
Round took 0.046093496
Round took 0.050575863
Round took 0.050875347
Round took 0.064193101
Round took 0.04895545
Round took 0.046553932
Round took 0.052155529
Round took 0.04832797
Round took 0.066467013
Round took 0.05451447
Round took 0.056638835
Round took 0.062147369
Round took 0.156247372
Round took 0.053783996
Round took 0.055878649
Round took 0.059798475
Round took 0.414166907
Round took 0.054123781
Round took 0.049252302
Round took 0.050555222
Round took 0.044990538
Round took 0.054181858
Round took 0.054576257
Round took 0.054840638
Round took 0.070162569
Round took 0.057122236
Round took 0.055470129
Round took 0.055714702
Round took 0.059774616
Round took 0.052746732
Round took 0.05091778
Round took 0.05422525
Round took 0.047631638
Round took 0.047272273
Round took 0.04767425
Round took 0.152879932
Round took 0.048405948
Round took 0.046449608
Round took 0.045729057
Round took 0.148068968
Round took 0.046168974
Round took 0.045050639
Round took 0.053842417
Round took 0.056680473
Round took 0.051915185
Round took 0.054054647
Round took 0.060805706
Round took 0.055864993
Round took 0.052993514
Round took 0.053167939
Round took 0.0505494
Round took 0.051105004
Round took 0.050766989
Round took 0.053745998
Round took 0.04965491
Round took 0.050578449
Round took 0.055254108
Round took 0.056045278
Round took 0.051530327
Round took 0.054671847
Round took 0.052054604
Round took 0.050836794
Round took 0.149160647
Round took 0.051346086
Round took 0.050877971
Round took 0.052083149
Round took 0.050174792
Round took 0.051355396
Round took 0.050954513
Round took 0.046446991
Round took 0.058440049
Round took 1.310133906
Round took 0.048319668
Round took 0.051075349
Round took 0.146359993
Round took 0.046580628
Round took 0.045836703
Round took 0.051101818
Round took 0.047702245
Round took 0.044793963
Round took 0.139430788
Round took 0.344167432
Round took 0.071285499
Round took 0.066736285
Round took 0.059743192
Round took 0.077070463
Round took 0.049912208
Round took 0.155608558
Round took 0.048263288
Round took 0.162669568
Round took 0.057389626
Round took 0.059620802
Round took 0.055025447
Round took 0.05169313
Round took 0.053093016
Round took 0.054017427
Round took 0.052338151
Round took 0.045208492
Round took 0.048185437
Round took 0.049402992
Round took 0.049734226
Round took 0.046025466
Round took 0.055075836
Round took 0.147093475
Round took 0.049626726
Round took 0.132682974
Round took 0.061246354
Round took 0.052048834
Round took 0.095633321
Round took 0.053072586
Round took 0.296757357
Round took 0.071464892
Round took 0.066868668
Round took 0.05467369
Round took 0.074369326
Round took 0.089991386
Round took 0.307600435
Round took 0.060462191
Round took 0.09876989
Round took 0.053586749
Round took 0.055676793
Round took 0.056940751
Round took 0.083052343
Round took 0.046116349
Round took 0.061238621
Round took 0.154947448
Round took 0.048854675
Round took 0.067429497
Round took 0.052105549
Round took 0.061914446
Round took 0.304296772
Round took 0.050097356
Round took 0.046772301
Round took 0.046385621
Round took 0.051914119
Round took 0.048859173
Round took 0.049311544
Round took 0.052727662
Round took 0.057152649
Round took 0.04986113
Round took 0.05259
Round took 0.045802081
Round took 0.04358925
Round took 0.048606556
Round took 0.054884893
Round took 0.051665678
Round took 0.060955732
Round took 0.050059525
Round took 0.064825798
Round took 0.300997363
Round took 0.045693655
Round took 0.051509033
Round took 0.063078147
Round took 0.05463361
Round took 0.056326361
Round took 0.138913761
Round took 0.054896966
Round took 0.05227825
Round took 0.1435638
Round took 0.299235224
Round took 0.041508066
Round took 0.04525344
Round took 0.050192082
Round took 0.047601227
Round took 0.801912711
Round took 0.050608671
Round took 0.055457062
Round took 0.078939937
Round took 0.073324492
Round took 0.056023321
Round took 0.05777088
Round took 0.064220782
Round took 0.047943192
Round took 0.053038703
Round took 0.046612962
Round took 0.047358311
Round took 0.04654047
Round took 0.045275525
Round took 0.046060121
Round took 0.051954302
Round took 0.049608898
Round took 0.049286048
Round took 0.052533221
Round took 0.050128939
Round took 0.051059798
Round took 0.058395647
Round took 0.04672586
Round took 0.049300433
Round took 0.0483414
Round took 0.045513475
Round took 0.050267311
Round took 0.050948311
Round took 0.051991392
Round took 0.055205233
Round took 0.062097562
Round took 0.054206472
Round took 0.051636236
Round took 0.057218663
Round took 0.069825556
Round took 0.05623404
Round took 0.049434651
Round took 0.085511539
Round took 0.094000631
Round took 0.072005871
Round took 0.054260776
Round took 0.068393182
Round took 0.084861019
Round took 0.070048847
Round took 0.050623658
Round took 0.057607935
Round took 0.058140547
Round took 0.18751294
Round took 0.073632385
Round took 0.057456927
Round took 0.0613989
Round took 0.150691941
Round took 0.053438624
Round took 0.048154774
Round took 0.05310265
Round took 0.055812465
Round took 0.152242596
Round took 0.309768666
Round took 0.048337466
Round took 0.052309502
Round took 0.152722762
Round took 0.044156513
Round took 0.046985264
Round took 0.051355229
Round took 0.051019461
Round took 0.049627465
Round took 0.143104763
Round took 0.04914672
Round took 0.063138593
Round took 0.05771103
Round took 0.049926299
Round took 0.065103605
Round took 0.057667
Round took 0.150708165
Round took 0.059924339
Round took 0.056626706
Round took 0.060867583
Round took 0.114694139
Round took 0.112521726
Round took 0.092498517
Round took 0.073624235
Round took 0.055387106
Round took 0.056485496
Round took 0.051265195
Round took 0.045754945
Round took 0.04936648
Round took 0.050311967
Round took 0.048888765
Round took 0.052458179
Round took 0.048919013
Round took 0.045592254
Round took 0.053076396
Round took 0.059220156
Round took 0.068942404
Round took 0.04695921
Round took 0.053331023
Round took 0.072169925
Round took 0.066826645
Round took 0.071680341
Round took 0.055336108
Round took 0.060761013
Round took 0.044313293
Round took 0.050120575
Round took 0.048565442
Round took 0.053056998
Round took 0.086625067
Round took 0.054738269
Round took 0.057949645
Round took 0.068270813
Round took 0.401188737
Round took 0.051476601
Round took 0.054088531
Round took 0.055937749
Round took 0.150496996
Round took 0.3151442
Round took 0.302187596
Round took 0.052713244
Round took 0.050535521
Round took 0.058483668
Round took 0.043303328
Round took 0.054987759
Round took 0.050843789
Round took 0.06124835
Round took 0.067256035
Round took 0.073555832
Round took 0.055881295
Round took 0.058688644
Round took 0.161683566
Round took 0.060838916
Round took 0.348860013
Round took 0.056995297
Round took 0.074769692
Round took 0.070998784
Round took 0.088627605
Round took 0.059119286
Round took 0.053922793
Round took 0.172417582
Round took 0.061614078
Round took 0.073085
Round took 0.064235072
Round took 0.054972743
Round took 0.057098791
Round took 0.055203147
Round took 0.054416246
Round took 0.049353457
Round took 0.051888078
Round took 0.049854459
Round took 0.050814902
Round took 0.052652411
Round took 0.051706017
Round took 0.043545897
Round took 0.046672863
Round took 0.050659035
Round took 0.050898294
Round took 0.046000938
Round took 0.045741242
Round took 0.0601131
Round took 0.060148581
Round took 0.059329382
Round took 0.053197178
Round took 0.062519349
Round took 0.051485512
Round took 1.31142337
Round took 0.052692718
Round took 0.058749445
Round took 0.057908587
Round took 0.056559016
Round took 0.049441843
Round took 0.056319538
Round took 0.054728797
Round took 0.052938535
Round took 0.054538668
Round took 0.306885455
Round took 0.052247938
Round took 0.056036545
Round took 0.051806581
Round took 0.05580254
Round took 0.057445788
Round took 0.058604939
Round took 0.046556034
Round took 0.055845686
Round took 0.046269543
Round took 0.0519361
Round took 0.317032298
Round took 0.059388816
Round took 0.048730705
Round took 0.06092988
Round took 0.05963764
Round took 0.058263075
Round took 0.059212568
Round took 0.046272134
Round took 0.065887676
Round took 0.046820096
Round took 0.055992977
Round took 0.053462679
Round took 0.299418876
Round took 0.04534069
Round took 0.046035337
Round took 0.058619978
Round took 0.049962975
Round took 0.317844814
Round took 0.061374237
Round took 0.055309594
Round took 0.046527029
Round took 0.05511721
Round took 0.050802282
Round took 0.052564498
Round took 0.051498349
Round took 0.049058522
Round took 0.058431255
Round took 0.142965541
Round took 0.049737118
Round took 0.051622176
Round took 0.149815102
Round took 0.048641742
Round took 0.047039071
Round took 0.057235026
Round took 0.047221381
Round took 0.059238583
Round took 0.141507557
Round took 0.045043636
Round took 0.148221761
Round took 0.051675758
Round took 0.050947329
Round took 0.050595701
Round took 0.050424779
Round took 0.051748962
Round took 0.044204947
Round took 0.05362122
Round took 0.058643254
Round took 0.086214354
Round took 0.054269596
Round took 0.188574719
Round took 0.063737744
Round took 0.078681614
Round took 0.051540982
Round took 0.069736956
Round took 0.072029399
Round took 0.309882366
Round took 0.055346085
Round took 0.0467784
Round took 0.049199612
Round took 0.148311125
Round took 0.050086327
Round took 0.049603591
Round took 0.053365483
Round took 0.049789929
Round took 0.054149048
Round took 0.314937363
Round took 0.055140302
Round took 0.05694456
Round took 0.057764848
Round took 0.053013485
Round took 0.316604824
Round took 0.047905862
Round took 0.161049327
Round took 0.059995624
Round took 0.055761186
Round took 0.144032374
Round took 0.057625138
Round took 0.085102167
Round took 0.149000797
Round took 0.069652311
Round took 0.05898243
Round took 0.082693256
Round took 0.056807247
Round took 0.071957294
Round took 0.072619511
Round took 0.062456712
Round took 0.426210167
Round took 0.075969774
Round took 0.150159866
Round took 0.075156865
Round took 0.11561719
Round took 0.089689453
Round took 0.047814532
Round took 0.049038942
Round took 0.096836603
Round took 0.075117648
Round took 0.329718036
Round took 0.050318586
Round took 0.058677311
Round took 0.10115016
Round took 0.084881117
Round took 0.059257966
Round took 0.153510137
Round took 0.064666435
Round took 0.325670999
Round took 0.11087421
Round took 0.07076796
Round took 0.123490063
Round took 0.08694008
Round took 0.054980913
Round took 0.099826631
Round took 0.072962554
Round took 0.083736209
Round took 0.073852338
Round took 0.82800106
Round took 0.067322478
Round took 0.196614953
Round took 0.132086477
Round took 0.06534374
Round took 0.072759439
Round took 0.073403505
Round took 0.08097158
Round took 0.066460038
Round took 0.071396943
Round took 0.171612424
Round took 0.087691164
Round took 0.312876474
Round took 0.063850594
Round took 0.06516922
Round took 0.055915094
Round took 0.097837385
Round took 0.059043685
Round took 0.063200587
Round took 0.079748555
Round took 0.151500081
Round took 0.078876193
Round took 0.091084123
Round took 0.182833781
Round took 0.05698427
Round took 0.064943566
Round took 0.057184675
Round took 0.062563
Round took 0.059204361
Round took 0.165147243
Round took 0.068807522
Round took 0.062138581
Round took 0.061727786
Round took 0.059260486
Round took 0.062439458
Round took 0.059734939
Round took 0.054702277
Round took 0.055086815
Round took 0.058396972
Round took 0.058400631
Round took 0.067388576
Round took 0.064312066
Round took 0.058149474
Round took 0.091548068
Round took 0.070436368
Round took 0.057811662
Round took 0.811775676
Round took 0.052948257
Round took 0.058854442
Round took 0.051871071
Round took 0.050726869
Round took 0.050186028
Round took 0.051401671
Round took 0.053020006
Round took 0.049710691
Round took 0.050873063
Round took 0.04999883
Round took 0.061240918
Round took 0.042626493
Round took 0.049713064
Round took 0.048734916
Round took 0.312619845
Round took 0.046259756
Round took 0.059528677
Round took 0.051458377
Round took 0.045825656
Round took 0.051645142
Round took 0.04834797
Round took 0.046545545
Round took 0.050793288
Round took 0.054846733
Round took 0.114800962
Round took 0.066095131
Round took 0.073217954
Round took 0.153375997
Round took 0.304597326
Round took 0.071048938
Round took 0.098987417
Round took 0.044969785
Round took 0.065111235
Round took 0.04786266
Round took 0.062198154
Round took 0.047588637
Round took 0.049426798
Round took 0.057886508
Round took 0.048243424
Round took 0.045547119
Round took 0.04915787
Round took 0.052391558
Round took 0.049766712
Round took 0.050901111
Round took 0.05265104
Round took 0.052878196
Round took 0.05612979
Round took 0.048851738
Round took 0.052505963
Round took 0.049972103
Round took 0.047298604
Round took 0.052864763
Round took 0.047253229
Round took 0.050434854
Round took 0.152334861
Round took 0.050859154
Round took 0.050367572
Round took 0.044264876
Round took 0.082961302
Round took 0.090760261
Round took 0.056555447
Round took 0.052405793
Round took 0.078971943
Round took 0.054678731
Round took 0.066235604
Round took 0.066864869
Round took 0.069176263
Round took 0.059113745
Round took 0.071493529
Round took 0.057352519
Round took 0.045965181
Round took 0.055705518
Round took 0.052321695
Round took 0.053823799
Round took 0.051956885
Round took 0.057598669
Round took 0.052054629
Round took 0.048745946
Round took 0.052781134
Round took 0.053704252
Round took 0.050057164
Round took 0.061658306
Round took 0.064146766
Round took 0.053902658
Round took 0.054334051
Round took 0.057541123
Round took 0.142618371
Round took 0.077607372
Round took 0.067190586
Round took 0.088610602
Round took 0.050851792
Round took 0.048603051
Round took 0.055010909
Round took 0.045067237
Round took 0.048050905
Round took 0.045638663
Round took 0.045160416
Round took 0.045728033
Round took 0.059384027
Round took 0.048220407
Round took 0.056868147
Round took 0.072191747
Round took 0.069715696
Round took 0.054984937
Round took 0.051312923
Round took 0.06209549
Round took 0.168339677
Round took 0.06661153
Round took 0.057009642
Round took 0.189172622
Round took 0.081630299
Round took 0.064802993
Round took 0.068144572
Round took 0.060041182
Round took 0.053610092
Round took 0.055249767
Round took 0.078819441
Round took 0.066463616
Round took 0.072512185
Round took 0.175529857
Round took 0.314350406
Round took 0.320676292
Round took 0.18661852
Round took 0.053102552
Round took 0.061602639
Round took 0.050150389
Round took 0.166299403
Round took 0.052661198
Round took 0.057641584
Round took 0.057551835
Round took 0.060037141
Round took 0.171110563
Round took 0.055237174
Round took 0.054329843
Round took 0.066449233
Round took 0.05747572
Round took 0.054752255
Round took 0.054842139
Round took 0.054525292
Round took 0.049861793
Round took 0.415468887
Round took 0.059859192
Round took 0.048437719
Round took 0.055038568
Round took 0.05257859
Round took 0.10326133
Round took 0.065538598
Round took 0.061862857
Round took 0.062485058
Round took 0.058009808
Round took 0.052512778
Round took 0.058928003
Round took 0.058987381
Round took 0.056636684
Round took 0.055266816
Round took 0.05081617
Round took 0.050201122
Round took 0.05731326
Round took 0.050999063
Round took 0.057758524
Round took 0.05810343
Round took 0.061047777
Round took 0.056142713
Round took 0.0477352
Round took 0.045624897
Round took 0.061001467
Round took 0.050861414
Round took 0.045338393
Round took 0.05210103
Round took 0.052972073
Round took 0.05373793
Round took 0.053135616
Round took 0.05586055
Round took 0.05165883
Round took 0.054151646
Round took 0.053511255
Round took 0.049525197
Round took 0.15706022
Round took 0.0546762
Round took 0.053882351
Round took 0.05450732
Round took 0.054983408
Round took 0.054165727
Round took 0.057388054
Round took 0.054311132
Round took 0.055276669
Round took 0.051803089
Round took 0.062288658
Round took 0.057031822
Round took 0.0571766
Round took 0.05515775
Round took 0.054671256
Round took 0.056664719
Round took 0.069518945
Round took 0.048995132
Round took 0.055145161
Round took 0.050981395
Round took 0.049870019
Round took 0.165155594
Round took 0.055438297
Round took 0.055277199
Round took 0.054155537
Round took 0.054338656
Round took 0.057523462
Round took 0.054913631
Round took 0.050449255
Round took 0.057515675
Round took 0.055199971
Round took 0.056077025
Round took 0.050313747
Round took 0.057100412
Round took 0.056508333
Round took 0.049228488
Round took 0.058214838
Round took 0.055250385
Round took 0.810154641
Round took 0.052026119
Round took 0.0513351
Round took 0.15895126
Round took 0.049796805
Round took 0.059184248
Round took 0.051670583
Round took 0.170161752
Round took 0.056818994
Round took 0.06677503
Round took 0.086556816
Round took 0.055584015
Round took 0.054918858
Round took 0.050726359
Round took 0.053661366
Round took 0.046783783
Round took 0.048146738
Round took 0.055618006
Round took 0.050590763
Round took 0.055781028
Round took 0.056455022
Round took 0.050035473
Round took 0.050967715
Round took 0.050289456
Round took 0.052143441
Round took 0.054010295
Round took 0.055019592
Round took 0.057213222
Round took 0.05555089
Round took 0.157109282
Round took 0.054772087
Round took 0.057968575
Round took 0.052188609
Round took 0.052407338
Round took 0.054544279
Round took 0.053960312
Round took 0.052206887
Round took 0.061934473
Round took 0.055404863
Round took 0.05797137
Round took 0.054370233
Round took 0.060613311
Round took 0.173073045
Round took 0.07650079
Round took 0.066104273
Round took 0.068833097
Round took 0.058266658
Round took 0.060392448
Round took 0.04749254
Round took 0.055196746
Round took 0.047989212
Round took 0.054892981
Round took 0.814840173
Round took 0.050287232
Round took 0.046991972
Round took 0.05278808
Round took 0.049487438
Round took 0.047613008
Round took 0.057238569
Round took 0.051607903
Round took 0.066288774
Round took 0.05383529
Round took 0.313757164
Round took 0.059106491
Round took 0.04806119
Round took 0.061824818
Round took 0.060292638
Round took 0.06365691
Round took 0.05633694
Round took 0.053696796
Round took 0.051063609
Round took 0.16143239
Round took 0.082089327
Round took 0.072649581
Round took 0.075415452
Round took 0.396016418
Round took 0.073565975
Round took 0.305718254
Round took 0.066997732
Round took 0.06183803
Round took 0.070890065
Round took 0.094926665
Round took 0.065486137
Round took 0.067936258
Round took 0.048511258
Round took 0.060318731
Round took 0.064305491
Round took 0.070500826
Round took 0.059935669
Round took 0.069098864
Round took 0.307852996
Round took 0.049582377
Round took 0.050453214
Round took 0.076691012
Round took 0.06442249
Round took 0.300354156
Round took 0.051858363
Round took 0.061473195
Round took 0.047599468
Round took 0.048329638
Round took 0.402251351
Round took 0.049435429
Round took 0.054035347
Round took 0.311533181
Round took 0.063592307
Round took 0.056762473
Round took 0.062602641
Round took 0.055044999
Round took 0.069776428
Round took 0.070141758
Round took 0.303253533
Round took 0.063852476
Round took 0.071229726
Round took 0.055500863
Round took 0.082106595
Round took 0.053636381
Round took 0.059689195
Round took 0.179377713
Round took 0.063500528
Round took 0.162739829
Round took 0.049286571
Round took 0.057171941
Round took 0.050085633
Round took 0.050219313
Round took 0.065061155
Round took 0.054597641
Round took 0.049478218
Round took 0.052315245
Round took 0.04889039
Round took 0.05443755
Round took 0.159793141
Round took 0.051702305
Round took 0.046824817
Round took 0.052335963
Round took 0.050194709
Round took 0.052543222
Round took 0.051974919
Round took 0.048893982
Round took 0.051326426
Round took 0.05084309
Round took 0.054991752
Round took 0.152420779
Round took 0.068911506
Round took 0.047190886
Round took 0.04657838
Round took 0.065334596
Round took 0.065827036
Round took 0.150037312
Round took 0.064041755
Round took 0.084390608
Round took 0.043519677
Round took 0.053312661
Round took 0.061943646
Round took 0.053851614
Round took 0.055577668
Round took 0.067563231
Round took 0.050075548
Round took 0.06848469
Round took 0.058642343
Round took 0.060518328
Round took 0.049270653
Round took 0.049125113
Round took 0.045712402
Round took 0.052713486
Round took 0.04872754
Round took 0.056987603
Round took 0.053323468
Round took 0.046392299
Round took 0.04638934
Round took 0.048141685
Round took 0.043016555
Round took 0.150676168
Round took 0.323165645
Round took 0.070654341
Round took 0.055483504
Round took 0.072556706
Round took 0.046828688
Round took 0.052025057
Round took 0.046887548
Round took 0.071567166
Round took 0.060645624
Round took 0.064084839
Round took 0.066390321
Round took 0.066196389
Round took 0.069604221
Round took 0.059748603
Round took 0.068418949
Round took 0.083430464
Round took 0.175813227
Round took 0.297439376
Round took 0.085077253
Round took 0.069692817
Round took 0.062725098
Round took 0.053030693
Round took 0.048334344
Round took 0.059022397
Round took 0.051034634
Round took 0.048610606
Round took 0.048534482
Round took 0.057127961
Round took 0.401454512
Round took 0.067015185
Round took 0.049525739
Round took 0.049883553
Round took 0.04259261
Round took 0.20142688
Round took 0.065045645
Round took 0.061177977
Round took 0.054027613
Round took 0.168988203
Test took 232.528127525
Successful: 8165
