Uniform distribution
Round took 0.018622151
Round took 0.02101123
Round took 0.038081367
Round took 0.026393064
Round took 0.021047111
Round took 0.01767892
Round took 0.028936036
Round took 0.026453394
Round took 0.028921929
Round took 0.02258341
Round took 0.036394564
Round took 0.038871647
Round took 0.026940665
Round took 0.026489751
Round took 0.018696564
Round took 0.025119397
Round took 0.022637441
Round took 0.019826852
Round took 0.026509364
Round took 0.023699914
Round took 0.020651518
Round took 0.03084471
Round took 0.026917089
Round took 0.029645171
Round took 0.033680573
Round took 0.044461603
Round took 0.027484787
Round took 0.038357752
Round took 0.043768909
Round took 0.033825465
Round took 0.043301072
Round took 0.040529601
Round took 0.047311087
Round took 0.038116214
Round took 0.035995261
Round took 0.033437862
Round took 0.037504851
Round took 0.027517165
Round took 0.022495937
Round took 0.022691252
Round took 0.022162833
Round took 0.027641394
Round took 0.024217851
Round took 0.040920693
Round took 0.027361013
Round took 0.04049543
Round took 0.040329807
Round took 0.036810145
Round took 0.048981616
Round took 0.046553401
Round took 0.0595048
Round took 0.038731688
Round took 0.032473622
Round took 0.037270673
Round took 0.059954507
Round took 0.040016489
Round took 0.04801918
Round took 0.033205657
Round took 0.052862246
Round took 0.031393976
Round took 0.040634586
Round took 0.057381686
Round took 0.067962834
Round took 0.037610684
Round took 0.026510078
Round took 0.020032884
Round took 0.037125605
Round took 0.035592391
Round took 0.029216797
Round took 0.031114283
Round took 0.038673537
Round took 0.040580284
Round took 0.05680063
Round took 0.046312742
Round took 0.038146592
Round took 0.034672443
Round took 0.053707045
Round took 0.04341804
Round took 0.091389017
Round took 0.056733793
Round took 0.042441106
Round took 0.040289907
Round took 0.039249465
Round took 0.053866398
Round took 0.038999821
Round took 0.040849949
Round took 0.042556675
Round took 0.047524784
Round took 0.101230846
Round took 0.032717336
Round took 0.034934923
Round took 0.031730102
Round took 0.025199602
Round took 0.03545801
Round took 0.052036912
Round took 0.044898861
Round took 0.053550677
Round took 0.04620831
Round took 0.034140932
Round took 0.04025393
Round took 0.063246883
Round took 0.043295951
Round took 0.060602908
Round took 0.060691768
Round took 0.061248448
Round took 0.050409222
Round took 0.046085056
Round took 0.045357408
Round took 0.036185561
Round took 0.047330946
Round took 0.049983271
Round took 0.071526393
Round took 0.066996823
Round took 0.088249813
Round took 0.253823799
Round took 0.042992293
Round took 0.046200555
Round took 0.049118535
Round took 0.061691798
Round took 0.053769649
Round took 0.06261374
Round took 0.048880064
Round took 0.065797611
Round took 0.051864665
Round took 0.059936071
Round took 0.062211735
Round took 0.06426409
Round took 0.062994843
Round took 0.085748986
Round took 0.071228887
Round took 0.038880345
Round took 0.057237627
Round took 0.047679659
Round took 0.05550074
Round took 0.06854817
Round took 0.04867083
Round took 0.071891714
Round took 0.074867405
Round took 0.102109061
Round took 0.103945588
Round took 0.111083516
Round took 0.154801147
Round took 0.07629472
Round took 0.072383147
Round took 0.069297398
Round took 0.064150898
Round took 0.185270343
Round took 0.097299947
Round took 0.082830675
Round took 0.087846784
Round took 0.085029887
Round took 0.100845815
Round took 0.082205329
Round took 0.074203054
Round took 0.074052328
Round took 0.08690714
Round took 0.087296356
Round took 0.103189149
Round took 0.314083285
Round took 0.099857876
Round took 0.114332716
Round took 0.093900589
Round took 0.086905004
Round took 0.095266237
Round took 0.101168961
Round took 0.096053961
Round took 0.092934894
Round took 0.111177306
Round took 0.127755058
Round took 0.08947102
Round took 0.087860658
Round took 0.129561286
Round took 0.094265742
Round took 0.085092493
Round took 0.119718627
Round took 0.071817845
Round took 0.081872318
Round took 0.06909365
Round took 0.087419359
Round took 0.115235769
Round took 0.114722199
Round took 0.091340456
Round took 0.087805
Round took 0.147505995
Round took 0.094718345
Round took 0.087709072
Round took 0.107821412
Round took 0.104542201
Round took 0.106234553
Round took 0.111211236
Round took 0.120448086
Round took 0.09638671
Round took 0.312597701
Round took 0.107948924
Round took 0.093147849
Round took 0.32781569
Round took 0.081807331
Round took 0.092184933
Round took 0.095033705
Round took 0.083585561
Round took 0.103997184
Round took 0.332732872
Round took 0.101311515
Round took 0.091810883
Round took 0.101339074
Round took 0.096553331
Round took 0.082120131
Round took 0.139079172
Round took 0.110077319
Round took 0.084651221
Round took 0.079793285
Round took 0.103087562
Round took 0.088127375
Round took 0.118066285
Round took 0.127410556
Round took 0.095972397
Round took 0.090294924
Round took 0.087228359
Round took 0.335682822
Round took 0.101870423
Round took 0.091470996
Round took 0.10630995
Round took 0.132506207
Round took 0.104602199
Round took 0.112880105
Round took 0.089945854
Round took 0.817770271
Round took 0.107682392
Round took 0.106151892
Round took 0.084255893
Round took 0.091865569
Round took 0.11448348
Round took 0.09962688
Round took 0.091421084
Round took 0.084132578
Round took 0.089865475
Round took 0.080850095
Round took 0.089163636
Round took 0.087625247
Round took 0.818465186
Round took 0.330452006
Round took 0.090537749
Round took 0.095429216
Round took 0.094597344
Round took 0.130060747
Round took 0.116261017
Round took 0.367728756
Round took 0.100086853
Round took 0.84582048
Round took 0.1167153
Round took 0.335523166
Round took 0.081802636
Round took 0.086557514
Round took 0.312387729
Round took 0.356071169
Round took 0.329942531
Round took 0.101627862
Round took 0.105045585
Round took 0.110422586
Round took 0.102345854
Round took 0.308816458
Round took 0.348619871
Round took 0.102092116
Round took 0.1055248
Round took 0.083842892
Round took 0.079018426
Round took 0.086865348
Round took 0.127290853
Round took 0.095807279
Round took 0.121674922
Round took 0.115861577
Round took 0.108082757
Round took 0.335248575
Round took 0.117087373
Round took 0.148891445
Round took 0.078917329
Round took 0.082789537
Round took 0.086211343
Round took 0.082777932
Round took 0.5051362
Round took 0.090196975
Round took 0.089203758
Round took 0.298373642
Round took 0.115176984
Round took 0.125327412
Round took 0.22393421
Round took 0.135238289
Round took 0.097069891
Round took 0.301265193
Round took 0.119773633
Round took 0.151143626
Round took 0.325548055
Round took 0.095736952
Round took 0.097545268
Round took 0.095400984
Round took 0.333464894
Round took 0.337875676
Round took 0.332930445
Round took 0.089656519
Round took 0.098721046
Round took 0.103574907
Round took 0.101014311
Round took 0.110814531
Round took 0.085700965
Round took 0.318768277
Round took 0.807600914
Round took 0.096814744
Round took 0.113032286
Round took 0.091540078
Round took 0.098968075
Round took 0.104390294
Round took 0.07638921
Round took 0.093063955
Round took 0.083129822
Round took 0.07442484
Round took 0.088819411
Round took 0.119382479
Round took 0.135111843
Round took 0.085831029
Round took 0.084926231
Round took 0.094273143
Round took 0.103158244
Round took 0.099888059
Round took 0.083747718
Round took 0.085804224
Round took 0.087374667
Round took 1.349410367
Round took 0.092447017
Round took 0.099210156
Round took 0.107767626
Round took 0.049050607
Round took 0.093859409
Round took 0.099291275
Round took 0.109462163
Round took 0.130842128
Round took 0.155345976
Round took 0.079915533
Round took 0.085197522
Round took 0.088994039
Round took 0.087694911
Round took 0.0886059
Round took 0.09217375
Round took 0.092646992
Round took 0.086586145
Round took 0.102220896
Round took 0.106942226
Round took 0.135174652
Round took 0.130343868
Round took 0.366915638
Round took 0.101282539
Round took 0.318334663
Round took 0.110967522
Round took 1.316169857
Round took 0.101872431
Round took 0.096957475
Round took 0.098611198
Round took 0.100720485
Round took 0.104238329
Round took 0.311662646
Round took 0.100976815
Round took 0.104288897
Round took 0.09409154
Round took 0.097806594
Round took 0.100973181
Round took 0.103108752
Round took 0.108157865
Round took 0.101819786
Round took 1.827054171
Round took 0.088576721
Round took 0.316913765
Round took 0.102870427
Round took 0.102020842
Round took 0.318822797
Round took 0.104835298
Round took 0.097348157
Round took 0.102314396
Round took 0.100509758
Round took 0.099551457
Round took 0.097335715
Round took 0.825076493
Round took 0.104381425
Round took 0.115512413
Round took 0.105679457
Round took 0.101955563
Round took 0.106589515
Round took 0.102790797
Round took 0.107847735
Round took 0.101894998
Round took 0.097660831
Round took 0.101748265
Round took 0.091482438
Round took 0.098591935
Round took 0.097486712
Round took 0.100551595
Round took 0.097887323
Round took 0.101686067
Round took 0.100583978
Round took 0.102449047
Round took 0.097947478
Round took 0.101117807
Round took 0.104302571
Round took 1.323080536
Round took 0.092522114
Round took 0.087514757
Round took 0.097577842
Round took 0.314851003
Round took 0.102523755
Round took 0.094610997
Round took 0.107232792
Round took 0.091013399
Round took 0.092830393
Round took 0.093252804
Round took 0.092122371
Round took 0.09430585
Round took 0.311628535
Round took 0.0876772
Round took 0.099449252
Round took 0.103628358
Round took 0.343558862
Round took 0.093065992
Round took 0.095162307
Round took 0.090773948
Round took 0.307450156
Round took 2.840114804
Round took 0.309747194
Round took 0.12004259
Round took 0.103528844
Round took 0.119329842
Round took 0.097577044
Round took 0.090561811
Round took 0.09114396
Round took 0.094310008
Round took 0.106101318
Round took 0.081468176
Round took 0.090013558
Round took 0.083321696
Round took 0.09233265
Round took 0.829050912
Round took 0.100947118
Round took 0.094698611
Round took 0.088298918
Round took 0.090965236
Round took 0.125085039
Round took 0.095899376
Round took 0.089111018
Round took 0.077592453
Round took 0.088862154
Round took 1.817252528
Round took 0.103728692
Round took 0.098598559
Round took 0.09856927
Round took 0.094712788
Round took 0.092041864
Round took 0.304335764
Round took 0.085872981
Round took 0.271961117
Round took 0.113232953
Round took 0.090129791
Round took 0.066527129
Round took 0.303548889
Round took 0.093197719
Round took 0.088238578
Round took 0.096544707
Round took 0.11693059
Round took 0.094823773
Round took 0.079884151
Round took 0.079298828
Round took 0.083931938
Round took 0.099820733
Round took 0.316721012
Round took 0.305725497
Round took 0.083864982
Round took 0.075608558
Round took 0.089632443
Round took 0.811019926
Round took 0.808821984
Round took 0.299720848
Round took 0.084299386
Round took 0.087107844
Round took 0.085466093
Round took 0.098702588
Round took 0.091854871
Round took 0.086283185
Round took 0.809659562
Round took 0.118390113
Round took 0.103107582
Round took 1.312550573
Round took 1.316302881
Round took 0.102858685
Round took 0.804108608
Round took 0.104028018
Round took 0.105520434
Round took 0.085290697
Round took 0.0903178
Round took 0.094000061
Round took 0.090806208
Round took 0.091200638
Round took 0.303564848
Round took 0.091163998
Round took 0.085246564
Round took 0.078272425
Round took 0.082749137
Round took 0.095714322
Round took 0.095622302
Round took 0.814757656
Round took 0.303506442
Round took 0.310301194
Round took 0.084756239
Round took 0.088563968
Round took 0.108116941
Round took 0.099455172
Round took 0.097006877
Round took 0.820851786
Round took 0.092662592
Round took 0.089429174
Round took 0.090849099
Round took 0.816837926
Round took 0.090663604
Round took 0.080681675
Round took 0.10134075
Round took 0.35198043
Round took 0.115770089
Round took 0.123508949
Round took 0.096009086
Round took 0.092781542
Round took 0.321172231
Round took 0.09721048
Round took 0.104737366
Round took 0.093060341
Round took 0.090264775
Round took 0.105118916
Round took 0.08733989
Round took 0.811340544
Round took 0.096725068
Round took 0.102947578
Round took 0.09234519
Round took 0.09306625
Round took 0.300120978
Round took 0.101118518
Round took 0.090794202
Round took 0.090543168
Round took 0.097195377
Round took 0.058708087
Round took 0.098028688
Round took 0.807878855
Round took 1.317026207
Round took 0.090153982
Round took 0.091689181
Round took 0.09083737
Round took 0.32293762
Round took 0.805072416
Round took 0.093761962
Round took 0.092000814
Round took 0.109151291
Round took 0.095378215
Round took 0.099268827
Round took 0.091560857
Round took 0.090463683
Round took 0.099492145
Round took 0.305924043
Round took 0.08140325
Round took 0.305464427
Round took 0.812886013
Round took 0.09690496
Round took 0.098716267
Round took 0.425094953
Round took 0.092350691
Round took 0.296537364
Round took 0.304028462
Round took 0.104225362
Round took 0.097151783
Round took 0.097291542
Round took 1.8375735739999999
Round took 0.303888631
Round took 0.094439881
Round took 0.098440859
Round took 0.102204581
Round took 0.095289605
Round took 0.091898892
Round took 0.100382464
Round took 0.089265297
Round took 0.097172272
Round took 0.102259499
Round took 0.09256991
Round took 0.058635599
Round took 0.308474088
Round took 0.098314777
Round took 0.098764773
Round took 0.092751113
Round took 0.089691161
Round took 0.08755194
Round took 2.319208574
Round took 0.323620093
Round took 0.312420274
Round took 0.095315935
Round took 0.093959851
Round took 0.351277447
Round took 0.299750143
Round took 0.092304305
Round took 0.086980985
Round took 0.087816889
Round took 0.086807917
Round took 0.091084688
Round took 0.305837707
Round took 0.097054902
Round took 0.101301363
Round took 0.108289314
Round took 0.09069658
Round took 0.804466676
Round took 0.089965966
Round took 0.121980949
Round took 0.101636247
Round took 0.310837067
Round took 0.116926465
Round took 0.117241089
Round took 0.108229486
Round took 0.105986748
Round took 0.109099858
Round took 0.316215941
Round took 0.103921862
Round took 0.318372494
Round took 0.06384895
Round took 0.372378061
Round took 0.095890301
Round took 0.097004658
Round took 0.106639201
Round took 0.107028569
Round took 0.106921649
Round took 0.107779055
Round took 0.096719795
Round took 0.087944988
Round took 1.83292889
Round took 0.107740054
Round took 0.112168677
Round took 0.100821721
Round took 0.110976128
Round took 0.320149156
Round took 0.113772869
Round took 0.109555587
Round took 0.107950177
Round took 0.108352807
Round took 0.111273235
Round took 0.102458554
Round took 0.112028911
Round took 0.315751215
Round took 0.105086682
Round took 0.107226621
Round took 2.333556032
Round took 0.316061112
Round took 0.097447668
Round took 0.099642636
Round took 1.820042221
Round took 0.093177169
Round took 0.097479656
Round took 0.088102117
Round took 0.094027276
Round took 0.81915457
Round took 0.099342997
Round took 0.108023793
Round took 0.106451696
Round took 0.308538423
Round took 0.085085942
Round took 0.103808303
Round took 0.30899075
Round took 0.092109326
Round took 0.088068223
Round took 0.811854443
Round took 0.096892537
Round took 0.08966672
Round took 0.092671466
Round took 1.307807358
Round took 0.319750392
Round took 0.092869953
Round took 0.093409464
Round took 0.0892802
Round took 0.089442113
Round took 0.098872273
Round took 0.088124444
Round took 0.085526474
Round took 0.099322764
Round took 0.105689879
Error when reading: read tcp 172.31.54.117:45010->172.31.63.49:7070: read: connection timed out
Error when reading: EOF
Round took 7.819849584
Error when reading: EOF
Error when reading: EOF
Round took 0.091004831
Error when reading: EOF
Error when reading: EOF
Round took 0.050565054
Error when reading: EOF
Error when reading: EOF
Round took 0.092154917
Error when reading: EOF
Error when reading: EOF
Round took 7.1218e-05
Round took 2.002e-06
Round took 3.483e-06
Round took 0.002594566
Round took 4.339e-06
Round took 3.464e-06
Round took 3.346e-06
Round took 3.382e-06
Round took 3.184e-06
Round took 2.778e-06
Round took 2.949e-06
Round took 8.824e-06
Round took 2.817e-06
Round took 3.35e-05
Round took 3.438e-06
Round took 2.989e-06
Round took 2.938e-06
Round took 2.962e-06
Round took 3.317e-06
Round took 2.884e-06
Round took 2.885e-06
Round took 3.025e-06
Round took 2.814e-06
Round took 2.998e-06
Round took 2.881e-06
Round took 3.0483e-05
Round took 3.294e-06
Round took 2.871e-06
Round took 1.0031e-05
Round took 2.915e-06
Round took 2.92e-06
Round took 2.858e-06
Round took 3.274e-06
Round took 2.908e-06
Round took 3.062e-06
Round took 2.954e-06
Round took 2.981e-06
Round took 3.4795e-05
Round took 3.605e-06
Round took 2.947e-06
Round took 3.417e-06
Round took 2.762e-06
Round took 2.843e-06
Round took 3.122e-06
Round took 2.0156e-05
Round took 2.777e-06
Round took 2.752e-06
Round took 2.747e-06
Round took 2.915e-06
Round took 3.5313e-05
Round took 2.812e-06
Round took 2.862e-06
Round took 2.698e-06
Round took 3.101e-06
Round took 8.681e-06
Round took 3.602e-06
Round took 1.6199e-05
Round took 3.011e-06
Round took 2.788e-06
Round took 2.754e-06
Round took 2.563e-06
Round took 8.936e-06
Round took 2.847e-06
Round took 2.618e-06
Round took 3.002e-06
Round took 1.4757e-05
Round took 2.746e-06
Round took 2.66e-06
Round took 9.549e-06
Round took 2.584e-06
Round took 2.72e-06
Round took 2.541e-06
Round took 2.562e-06
Round took 2.57e-06
Round took 2.569e-06
Round took 2.546e-06
Round took 0.001507469
Round took 1.1868e-05
Round took 2.564e-06
Round took 3.705e-06
Round took 2.666e-06
Round took 2.684e-06
Round took 2.621e-06
Round took 2.608e-06
Round took 2.479e-06
Round took 2.685e-06
Round took 8.4879e-05
Round took 2.641e-06
Round took 2.545e-06
Round took 2.608e-06
Round took 8.168e-06
Round took 2.653e-06
Round took 9.7702e-05
Round took 3.396e-06
Round took 1.0513e-05
Round took 6.3389e-05
Round took 3.223e-06
Round took 2.663e-06
Round took 2.848e-06
Round took 2.541e-06
Round took 2.614e-06
Round took 2.55e-06
Round took 2.733e-06
Round took 2.523e-06
Round took 2.563e-06
Round took 2.486e-06
Round took 6.3243e-05
Round took 2.617e-06
Round took 2.56e-06
Round took 2.521e-06
Round took 6.832e-06
Round took 2.689e-06
Round took 2.513e-06
Round took 2.59e-06
Round took 2.531e-06
Round took 2.809e-06
Round took 5.3813e-05
Round took 2.983e-06
Round took 2.653e-06
Round took 2.933e-06
Round took 2.512e-06
Round took 2.619e-06
Round took 2.526e-06
Round took 2.702e-06
Round took 2.467e-06
Round took 2.577e-06
Round took 2.652e-06
Round took 2.45e-05
Round took 3.374e-06
Round took 2.609e-06
Round took 2.675e-06
Round took 2.798e-06
Round took 2.616e-06
Round took 8.331e-06
Round took 6.7126e-05
Round took 1.3783e-05
Round took 6.689e-06
Round took 2.536e-06
Round took 2.552e-06
Round took 2.604e-06
Round took 2.465e-06
Round took 2.455e-06
Round took 2.461e-06
Round took 2.601e-06
Round took 3.57e-06
Round took 2.582e-06
Round took 2.562e-06
Round took 2.525e-06
Round took 2.833e-06
Round took 2.618e-06
Round took 2.527e-06
Round took 4.153e-06
Round took 0.000223369
Round took 2.627e-06
Round took 2.636e-06
Round took 0.000113342
Round took 2.989e-06
Round took 2.6256e-05
Round took 3.303e-06
Round took 2.606e-06
Round took 9.932e-06
Round took 2.566e-06
Round took 2.529e-06
Round took 2.589e-06
Round took 2.54e-06
Round took 2.52e-06
Round took 2.529e-06
Round took 2.493e-06
Round took 2.589e-05
Round took 3.013e-06
Round took 2.557e-06
Round took 2.578e-06
Round took 2.671e-06
Round took 2.541e-06
Round took 2.459e-06
Round took 2.493e-06
Round took 0.000225187
Round took 8.537e-06
Round took 2.566e-06
Round took 2.54e-06
Round took 2.477e-06
Round took 2.421e-05
Round took 2.596e-06
Round took 4.256e-06
Round took 3.007e-06
Round took 3.048e-06
Round took 2.82e-06
Round took 2.701e-06
Round took 2.601e-06
Round took 2.73e-06
Round took 2.605e-06
Round took 2.579e-06
Round took 2.52e-06
Round took 1.2863e-05
Round took 2.866e-06
Round took 0.000226194
Round took 3.587e-06
Round took 2.898e-06
Round took 2.751e-06
Round took 2.64e-06
Round took 2.674e-06
Round took 0.000130696
Round took 2.78e-06
Round took 2.531e-06
Round took 4.6539e-05
Round took 2.875e-06
Round took 2.605e-06
Round took 2.578e-06
Round took 2.585e-06
Round took 2.561e-06
Round took 8e-06
Round took 2.555e-06
Round took 5.65e-05
Round took 2.558e-06
Round took 2.783e-06
Round took 2.536e-06
Round took 2.491e-06
Round took 2.561e-06
Round took 2.651e-06
Round took 2.49e-06
Round took 2.536e-06
Round took 2.52e-06
Round took 2.568e-06
Round took 2.502e-06
Round took 2.514e-06
Round took 2.493e-06
Round took 6.357e-05
Round took 3.213e-06
Round took 2.51e-06
Round took 2.57e-06
Round took 2.853e-06
Round took 2.553e-06
Round took 2.555e-06
Round took 2.594e-06
Round took 5.5075e-05
Round took 2.62e-06
Round took 2.598e-06
Round took 2.65e-06
Round took 2.549e-06
Round took 2.559e-06
Round took 2.49e-06
Round took 2.53e-06
Round took 2.52e-06
Round took 7.361e-06
Round took 2.47e-06
Round took 3.458e-06
Round took 3.76e-06
Round took 2.939e-06
Round took 2.591e-06
Round took 3.733e-06
Round took 2.683e-06
Round took 2.838e-06
Round took 2.639e-06
Round took 2.658e-06
Round took 2.758e-06
Round took 2.684e-06
Round took 3.938e-06
Round took 2.665e-06
Round took 2.571e-06
Round took 1.3447e-05
Round took 2.705e-06
Round took 3.877e-06
Round took 2.731e-06
Round took 2.667e-06
Round took 3.605e-06
Round took 2.554e-06
Round took 2.654e-06
Round took 2.8948e-05
Round took 3.179e-06
Round took 2.588e-06
Round took 8.042e-06
Round took 3.1654e-05
Round took 7.335e-06
Round took 5.948e-06
Round took 2.551e-06
Round took 3.9075e-05
Round took 4.3901e-05
Round took 2.664e-06
Round took 2.513e-06
Round took 2.506e-06
Round took 2.638e-06
Round took 2.583e-06
Round took 2.496e-06
Round took 2.467e-06
Round took 2.682e-06
Round took 2.526e-06
Round took 2.542e-06
Round took 2.515e-06
Round took 2.581e-06
Round took 2.57e-06
Round took 2.438e-06
Round took 2.484e-06
Round took 8.981e-06
Round took 2.547e-06
Round took 2.459e-06
Round took 2.49e-06
Round took 2.593e-06
Round took 2.51e-06
Round took 2.493e-06
Round took 2.501e-06
Round took 2.616e-06
Round took 2.535e-06
Round took 2.51e-06
Round took 2.474e-06
Round took 2.586e-06
Round took 2.526e-06
Round took 2.551e-06
Round took 2.506e-06
Round took 3.13e-06
Round took 7.083e-06
Round took 2.588e-06
Round took 2.516e-06
Round took 2.507e-06
Round took 2.57e-06
Round took 2.521e-06
Round took 2.602e-06
Round took 2.496e-06
Round took 4.7273e-05
Round took 2.65e-06
Round took 2.531e-06
Round took 2.625e-06
Round took 2.851e-06
Round took 2.685e-06
Round took 2.495e-06
Round took 2.542e-06
Round took 8.086e-06
Round took 2.563e-06
Round took 2.467e-06
Round took 2.531e-06
Round took 2.633e-06
Round took 2.53e-06
Round took 2.557e-06
Round took 2.544e-06
Round took 2.552e-06
Round took 2.583e-06
Round took 2.517e-06
Round took 2.484e-06
Round took 2.555e-06
Round took 4.958e-06
Round took 2.455e-06
Round took 2.446e-06
Round took 4.71e-06
Round took 5.467e-06
Round took 2.458e-06
Round took 2.417e-06
Round took 2.45e-06
Round took 2.579e-06
Round took 2.558e-06
Round took 2.432e-06
Round took 2.462e-06
Round took 2.558e-06
Round took 2.481e-06
Round took 2.44e-06
Round took 2.467e-06
Round took 2.555e-06
Round took 2.572e-06
Round took 2.458e-06
Round took 2.481e-06
Round took 6.483e-06
Round took 2.504e-06
Round took 2.456e-06
Round took 2.488e-06
Round took 2.522e-06
Round took 6.86e-06
Round took 2.492e-06
Round took 2.499e-06
Round took 2.587e-06
Round took 2.517e-06
Round took 2.488e-06
Round took 2.522e-06
Round took 2.499e-06
Round took 2.715e-06
Round took 2.474e-06
Round took 2.515e-06
Round took 2.443e-06
Round took 7.581e-06
Round took 2.474e-06
Round took 2.45e-06
Round took 2.466e-06
Round took 2.595e-06
Round took 2.471e-06
Round took 2.506e-06
Round took 2.505e-06
Round took 2.586e-06
Round took 2.523e-06
Round took 2.534e-06
Round took 2.536e-06
Round took 2.565e-06
Round took 2.592e-06
Round took 2.659e-06
Round took 2.723e-06
Round took 6.265e-06
Round took 2.554e-06
Round took 2.541e-06
Round took 2.504e-06
Round took 2.593e-06
Round took 2.52e-06
Round took 2.534e-06
Round took 2.451e-06
Round took 2.575e-06
Round took 2.472e-06
Round took 2.505e-06
Round took 0.001032468
Round took 3.667e-06
Round took 3.091e-06
Round took 3.88e-06
Round took 2.5922e-05
Round took 6.46e-06
Round took 1.1636e-05
Round took 1.4024e-05
Round took 2.712e-06
Round took 2.629e-06
Round took 2.742e-06
Round took 2.518e-06
Round took 2.585e-06
Round took 2.558e-06
Round took 2.63e-06
Round took 2.584e-06
Round took 2.525e-06
Round took 2.488e-06
Round took 2.529e-06
Round took 2.488e-06
Round took 2.545e-06
Round took 2.563e-06
Round took 9.672e-06
Round took 2.553e-06
Round took 2.492e-06
Round took 2.566e-06
Round took 2.1219e-05
Round took 2.784e-06
Round took 2.561e-06
Round took 2.53e-06
Round took 2.635e-06
Round took 2.569e-06
Round took 3.916e-06
Round took 2.536e-06
Round took 2.571e-06
Round took 2.868e-06
Round took 2.591e-06
Round took 2.615e-06
Round took 2.599e-06
Round took 7.342e-06
Round took 2.525e-06
Round took 2.494e-06
Round took 2.534e-06
Round took 3.588e-06
Round took 2.636e-06
Round took 2.533e-06
Round took 7.744e-06
Round took 2.677e-06
Round took 2.619e-06
Round took 2.551e-06
Round took 2.539e-06
Round took 2.691e-06
Round took 1.7102e-05
Round took 2.514e-06
Round took 2.486e-06
Round took 1.3232e-05
Round took 2.768e-06
Round took 2.662e-06
Round took 2.592e-06
Round took 2.565e-06
Round took 3.985e-06
Round took 2.575e-06
Round took 2.6e-06
Round took 2.498e-06
Round took 2.576e-06
Round took 2.496e-06
Round took 2.485e-06
Round took 2.609e-06
Round took 2.605e-06
Round took 2.489e-06
Round took 2.453e-06
Round took 2.497e-06
Round took 8.365e-06
Round took 2.593e-06
Round took 2.486e-06
Round took 3.8502e-05
Round took 2.833e-06
Round took 2.546e-06
Round took 2.534e-06
Round took 2.556e-06
Round took 2.559e-06
Round took 2.526e-06
Round took 2.531e-06
Round took 2.505e-06
Round took 2.582e-06
Round took 2.505e-06
Round took 2.475e-06
Round took 2.547e-06
Round took 0.003233516
Round took 4.163e-06
Round took 2.801e-06
Round took 2.72e-06
Round took 3.025e-06
Round took 2.611e-06
Round took 0.000241405
Round took 2.664e-06
Round took 2.6e-06
Round took 6.278e-06
Round took 2.555e-06
Round took 0.000113825
Round took 2.731e-06
Round took 2.826e-06
Round took 1.9654e-05
Round took 3.207e-06
Round took 2.66e-06
Round took 8.904e-06
Round took 2.57e-06
Round took 2.519e-06
Round took 2.575e-06
Round took 2.622e-06
Round took 2.537e-06
Round took 2.536e-06
Round took 2.571e-06
Round took 3.585e-06
Round took 2.613e-06
Round took 2.629e-06
Round took 2.538e-06
Round took 2.652e-06
Round took 2.526e-06
Round took 2.598e-06
Round took 2.538e-06
Round took 9.532e-06
Round took 2.612e-06
Round took 2.611e-06
Round took 2.781e-06
Round took 2.69e-06
Round took 2.639e-06
Round took 1.4987e-05
Round took 2.721e-06
Round took 2.54e-06
Round took 2.62e-06
Round took 2.563e-06
Round took 2.558e-06
Round took 2.517e-06
Round took 2.685e-06
Round took 2.544e-06
Round took 2.528e-06
Round took 2.53e-06
Round took 6.013e-06
Round took 2.605e-06
Round took 2.517e-06
Round took 7.885e-06
Round took 5.136e-06
Round took 6.108e-06
Round took 6.608e-06
Round took 2.59e-06
Round took 2.588e-06
Round took 2.523e-06
Round took 2.549e-06
Round took 2.536e-06
Round took 2.59e-06
Round took 2.503e-06
Round took 2.482e-06
Round took 2.467e-06
Round took 7.16e-06
Round took 2.594e-06
Round took 2.5e-06
Round took 2.501e-06
Round took 2.6e-06
Round took 2.56e-06
Round took 2.503e-06
Round took 2.548e-06
Round took 2.479e-06
Round took 2.556e-06
Round took 2.552e-06
Round took 2.531e-06
Round took 2.502e-06
Round took 2.621e-06
Round took 2.583e-06
Round took 2.471e-06
Round took 2.498e-06
Round took 5.571e-06
Round took 2.488e-06
Round took 2.482e-06
Round took 2.566e-06
Round took 2.65e-06
Round took 2.857e-06
Round took 2.593e-06
Round took 2.527e-06
Round took 2.528e-06
Round took 2.489e-06
Round took 2.475e-06
Round took 2.471e-06
Round took 2.534e-06
Round took 2.48e-06
Round took 2.454e-06
Round took 2.494e-06
Round took 7.223e-06
Round took 1.3424e-05
Round took 2.597e-06
Round took 2.576e-06
Round took 2.563e-06
Round took 2.702e-06
Round took 2.6e-06
Round took 2.616e-06
Round took 2.508e-06
Round took 2.607e-06
Round took 2.531e-06
Round took 2.532e-06
Round took 2.474e-06
Round took 2.663e-06
Round took 2.554e-06
Round took 2.566e-06
Round took 2.502e-06
Round took 5.853e-06
Round took 2.55e-06
Round took 2.459e-06
Round took 2.48e-06
Round took 2.587e-06
Round took 4.856e-06
Round took 2.534e-06
Round took 2.574e-06
Round took 4.662e-06
Round took 2.524e-06
Round took 2.487e-06
Round took 2.454e-06
Round took 2.585e-06
Round took 2.485e-06
Round took 2.55e-06
Round took 2.462e-06
Round took 6.614e-06
Round took 2.557e-06
Round took 2.46e-06
Round took 2.485e-06
Round took 2.485e-06
Round took 2.578e-06
Round took 2.454e-06
Round took 2.51e-06
Round took 2.482e-06
Round took 2.542e-06
Round took 2.55e-06
Round took 2.532e-06
Round took 2.522e-06
Round took 2.537e-06
Round took 4.547e-06
Round took 2.482e-06
Round took 2.48e-06
Round took 5.446e-06
Round took 2.48e-06
Round took 2.473e-06
Round took 2.465e-06
Round took 2.509e-06
Round took 2.516e-06
Round took 2.426e-06
Round took 2.529e-06
Round took 2.594e-06
Round took 2.512e-06
Round took 2.469e-06
Round took 2.479e-06
Round took 2.502e-06
Round took 2.45e-06
Round took 2.439e-06
Round took 2.477e-06
Round took 2.583e-06
Round took 2.563e-06
Round took 2.481e-06
Round took 2.458e-06
Round took 2.472e-06
Round took 2.597e-06
Round took 2.454e-06
Round took 2.737e-06
Round took 2.633e-06
Round took 2.617e-06
Round took 2.528e-06
Round took 2.509e-06
Round took 2.647e-06
Round took 2.662e-06
Round took 2.481e-06
Round took 2.552e-06
Round took 2.5e-06
Round took 1.024e-05
Round took 3.846e-06
Round took 2.679e-06
Round took 2.568e-06
Round took 2.909e-06
Round took 0.000803779
Round took 2.657e-06
Round took 7.485e-06
Round took 1.2438e-05
Round took 6.584e-06
Round took 5.48e-06
Round took 2.542e-06
Round took 2.682e-06
Round took 2.498e-06
Round took 2.629e-06
Round took 2.574e-06
Round took 2.604e-06
Round took 1.0826e-05
Round took 2.637e-06
Round took 2.508e-06
Round took 2.486e-06
Round took 2.641e-06
Round took 2.542e-06
Round took 2.507e-06
Round took 2.521e-06
Round took 2.602e-06
Round took 2.477e-06
Round took 2.48e-06
Round took 2.53e-06
Round took 1.542e-05
Round took 2.702e-06
Round took 2.49e-06
Round took 2.524e-06
Round took 6.137e-06
Round took 2.542e-06
Round took 2.468e-06
Round took 2.525e-06
Round took 2.55e-06
Round took 2.539e-06
Round took 2.519e-06
Round took 2.537e-06
Round took 2.596e-06
Round took 2.536e-06
Round took 2.501e-06
Round took 2.469e-06
Round took 2.577e-06
Round took 2.548e-06
Round took 2.482e-06
Round took 2.453e-06
Round took 2.498e-06
Round took 6.472e-06
Round took 2.518e-06
Round took 2.486e-06
Round took 2.472e-06
Round took 2.527e-06
Round took 1.3651e-05
Round took 2.605e-06
Round took 2.465e-06
Round took 2.845e-06
Round took 2.545e-06
Round took 2.562e-06
Round took 2.597e-06
Round took 2.706e-06
Round took 2.453e-06
Round took 2.592e-06
Round took 2.443e-06
Round took 5.524e-06
Round took 2.517e-06
Round took 2.602e-06
Round took 2.531e-06
Round took 2.646e-06
Round took 2.47e-06
Round took 2.47e-06
Round took 2.452e-06
Round took 2.584e-06
Round took 4.549e-06
Round took 2.49e-06
Round took 2.475e-06
Round took 4.514e-06
Round took 2.515e-06
Round took 2.493e-06
Round took 2.541e-06
Round took 2.524e-06
Round took 9.19e-06
Round took 2.527e-06
Round took 2.472e-06
Round took 2.457e-06
Round took 2.547e-06
Round took 2.482e-06
Round took 2.502e-06
Round took 2.455e-06
Round took 2.565e-06
Round took 2.531e-06
Round took 2.519e-06
Round took 2.502e-06
Round took 2.525e-06
Round took 2.549e-06
Round took 2.493e-06
Round took 2.483e-06
Round took 5.483e-06
Round took 5.316e-06
Round took 2.491e-06
Round took 2.52e-06
Round took 2.513e-06
Round took 2.502e-06
Round took 2.437e-06
Round took 2.504e-06
Round took 2.555e-06
Round took 2.441e-06
Round took 2.534e-06
Round took 2.524e-06
Round took 2.6e-06
Round took 2.47e-06
Round took 2.44e-06
Round took 2.479e-06
Round took 2.494e-06
Round took 6.33e-06
Round took 2.512e-06
Round took 2.542e-06
Round took 2.493e-06
Round took 2.546e-06
Round took 2.471e-06
Round took 2.49e-06
Round took 2.469e-06
Round took 2.577e-06
Round took 2.463e-06
Round took 2.652e-06
Round took 2.594e-06
Round took 2.84e-06
Round took 2.671e-06
Round took 2.572e-06
Round took 2.528e-06
Round took 5.826e-06
Round took 2.581e-06
Round took 2.586e-06
Round took 2.487e-06
Round took 2.561e-06
Round took 2.523e-06
Round took 2.54e-06
Round took 2.491e-06
Round took 2.513e-06
Round took 2.46e-06
Round took 2.493e-06
Round took 2.524e-06
Round took 5.685e-06
Round took 4.52e-06
Round took 4.479e-06
Round took 5.414e-06
Round took 2.563e-06
Round took 6.632e-06
Round took 2.576e-06
Round took 2.505e-06
Round took 2.482e-06
Round took 2.55e-06
Round took 2.573e-06
Round took 2.45e-06
Round took 2.499e-06
Round took 2.595e-06
Round took 2.48e-06
Round took 2.476e-06
Round took 2.495e-06
Round took 2.584e-06
Round took 2.546e-06
Round took 2.493e-06
Round took 2.459e-06
Round took 5.264e-06
Round took 2.503e-06
Round took 2.509e-06
Round took 2.537e-06
Round took 2.578e-06
Round took 2.548e-06
Round took 2.53e-06
Round took 2.496e-06
Round took 2.534e-06
Round took 2.542e-06
Round took 2.546e-06
Round took 2.531e-06
Round took 2.488e-06
Round took 2.453e-06
Round took 2.497e-06
Round took 2.501e-06
Round took 2.512e-06
Round took 5.963e-06
Round took 2.525e-06
Round took 2.444e-06
Round took 2.459e-06
Round took 2.608e-06
Round took 2.498e-06
Round took 2.471e-06
Round took 2.483e-06
Round took 2.603e-06
Round took 1.2798e-05
Round took 2.547e-06
Round took 2.603e-06
Round took 2.68e-06
Round took 3.012e-06
Round took 2.734e-06
Round took 2.584e-06
Round took 6.939e-06
Round took 2.544e-06
Round took 2.58e-06
Round took 2.53e-06
Round took 2.622e-06
Round took 2.616e-06
Round took 2.513e-06
Round took 2.534e-06
Round took 2.601e-06
Round took 2.529e-06
Round took 2.499e-06
Round took 2.473e-06
Round took 2.597e-06
Round took 2.605e-06
Round took 5.385e-06
Round took 2.595e-06
Round took 2.511e-06
Round took 1.1444e-05
Round took 2.595e-06
Round took 2.512e-06
Round took 2.557e-06
Round took 2.531e-06
Round took 2.568e-06
Round took 2.472e-06
Round took 2.498e-06
Round took 2.603e-06
Round took 2.572e-06
Round took 2.646e-06
Round took 3.599e-06
Round took 3.712e-06
Round took 2.633e-06
Round took 2.593e-06
Round took 2.639e-06
Round took 7.544e-06
Round took 2.565e-06
Round took 2.481e-06
Round took 2.477e-06
Round took 2.645e-06
Round took 2.53e-06
Round took 2.7067e-05
Round took 3.19e-06
Round took 2.741e-06
Round took 2.619e-06
Round took 2.556e-05
Round took 2.904e-06
Round took 3.326e-06
Round took 2.695e-06
Round took 2.624e-06
Round took 2.568e-06
Round took 2.632e-06
Round took 9.162e-06
Round took 2.539e-06
Round took 2.532e-06
Round took 3.4e-06
Round took 2.782e-06
Round took 4.596e-05
Round took 2.931e-06
Round took 2.576e-06
Round took 2.739e-06
Round took 2.517e-06
Round took 4.6071e-05
Round took 2.683e-06
Round took 2.847e-06
Round took 2.643e-06
Round took 2.564e-06
Round took 2.678e-06
Round took 7.301e-06
Round took 2.64e-06
Round took 2.562e-06
Round took 2.533e-06
Round took 5.4004e-05
Round took 3.387e-06
Round took 2.549e-06
Round took 2.549e-06
Round took 2.758e-06
Round took 2.544e-06
Round took 2.568e-06
Round took 2.488e-06
Round took 2.526e-06
Round took 2.544e-06
Round took 2.485e-06
Round took 2.513e-06
Round took 7.158e-06
Round took 7.1814e-05
Round took 7.081e-06
Round took 5.706e-06
Round took 2.582e-06
Round took 3.8021e-05
Round took 2.786e-06
Round took 2.558e-06
Round took 2.628e-06
Round took 2.668e-06
Round took 2.556e-06
Round took 2.515e-06
Round took 2.487e-06
Round took 2.552e-06
Round took 2.592e-06
Round took 2.529e-06
Round took 2.522e-06
Round took 7.069e-06
Round took 2.569e-06
Round took 2.526e-06
Round took 2.485e-06
Round took 2.782e-06
Round took 2.58e-06
Round took 2.601e-06
Round took 2.615e-06
Round took 2.519e-06
Round took 2.522e-06
Round took 2.504e-06
Round took 2.512e-06
Round took 2.555e-06
Round took 2.561e-06
Round took 2.498e-06
Round took 2.526e-06
Round took 2.52e-06
Round took 8.394e-06
Round took 2.576e-06
Round took 2.643e-06
Round took 2.546e-06
Round took 2.615e-06
Round took 2.541e-06
Round took 2.6e-06
Round took 2.594e-06
Round took 2.595e-06
Round took 2.634e-06
Round took 2.537e-06
Round took 2.547e-06
Round took 2.646e-06
Round took 2.545e-06
Round took 1.4533e-05
Round took 2.513e-06
Round took 5.728e-06
Round took 2.648e-06
Round took 2.591e-06
Round took 2.592e-06
Round took 2.765e-06
Round took 2.546e-06
Round took 2.521e-06
Round took 2.525e-06
Round took 2.571e-06
Round took 2.556e-06
Round took 2.517e-06
Round took 2.527e-06
Round took 2.56e-06
Round took 2.584e-06
Round took 2.504e-06
Round took 2.458e-06
Round took 2.501e-06
Round took 6.197e-06
Round took 2.564e-06
Round took 4.796e-06
Round took 2.493e-06
Round took 2.63e-06
Round took 4.717e-06
Round took 2.514e-06
Round took 2.532e-06
Round took 2.48e-06
Round took 2.496e-06
Round took 2.492e-06
Round took 2.52e-06
Round took 2.524e-06
Round took 2.491e-06
Round took 2.504e-06
Round took 2.485e-06
Round took 5.454e-06
Round took 2.484e-06
Round took 2.471e-06
Round took 2.435e-06
Round took 2.496e-06
Round took 2.447e-06
Round took 2.446e-06
Round took 2.464e-06
Round took 2.476e-06
Round took 2.555e-06
Round took 5.396e-06
Round took 2.482e-06
Round took 2.487e-06
Round took 2.576e-06
Round took 2.492e-06
Round took 2.461e-06
Round took 2.511e-06
Round took 6.082e-06
Round took 2.47e-06
Round took 2.506e-06
Round took 2.516e-06
Round took 2.558e-06
Round took 2.466e-06
Round took 2.517e-06
Round took 2.48e-06
Round took 2.598e-06
Round took 2.497e-06
Round took 2.542e-06
Round took 2.8482e-05
Round took 3.236e-06
Round took 2.529e-06
Round took 2.563e-06
Round took 2.498e-06
Round took 6.952e-06
Round took 2.582e-06
Round took 2.6e-06
Round took 2.528e-06
Round took 2.74e-06
Round took 2.755e-06
Round took 2.582e-06
Round took 2.507e-06
Round took 2.475e-06
Round took 2.591e-06
Round took 3.87e-06
Round took 2.59e-06
Round took 2.542e-06
Round took 2.735e-06
Round took 2.619e-06
Round took 2.54e-06
Round took 2.517e-06
Round took 9.496e-06
Round took 0.004163978
Round took 2.839e-06
Round took 1.3392e-05
Round took 1.0497e-05
Round took 6.326e-06
Round took 1.6581e-05
Round took 8.017e-06
Round took 6.206e-06
Round took 9.387e-06
Round took 2.093e-06
Round took 2.638e-06
Round took 2.078e-06
Round took 1.208e-05
Round took 3.221e-06
Round took 5.705e-06
Round took 1.7245e-05
Round took 6.309e-06
Round took 0
Round took 2.446e-06
Round took 4.002e-06
Round took 2.759e-06
Round took 2.309e-06
Round took 8.347e-06
Round took 8.46e-07
Round took 2.924e-06
Round took 1.647e-06
Round took 2.577e-06
Round took 2.521e-06
Round took 2.693e-06
Round took 2.509e-06
Round took 2.481e-06
Round took 2.504e-06
Round took 8.931e-06
Round took 2.477e-06
Round took 2.517e-06
Round took 2.473e-06
Round took 2.57e-06
Round took 2.483e-06
Round took 2.512e-06
Round took 2.529e-06
Round took 2.59e-06
Round took 2.491e-06
Round took 2.551e-06
Round took 2.463e-06
Round took 2.567e-06
Round took 2.498e-06
Round took 2.485e-06
Round took 2.523e-06
Round took 2.621e-06
Round took 2.529e-06
Round took 1.3617e-05
Round took 2.593e-06
Round took 2.574e-06
Round took 2.549e-06
Round took 2.596e-06
Round took 2.662e-06
Round took 2.639e-06
Round took 2.636e-06
Round took 2.527e-06
Round took 2.517e-06
Round took 2.503e-06
Round took 2.622e-06
Round took 2.529e-06
Round took 2.431e-06
Round took 2.526e-06
Round took 1.2185e-05
Round took 2.622e-06
Round took 2.553e-06
Round took 2.49e-06
Round took 2.501e-06
Round took 2.54e-06
Round took 2.1893e-05
Round took 2.621e-06
Round took 2.604e-06
Round took 5.565e-06
Round took 2.462e-06
Round took 2.495e-06
Round took 2.557e-06
Round took 2.52e-06
Round took 2.529e-06
Round took 2.499e-06
Round took 1.1903e-05
Round took 6.075e-06
Round took 2.54e-06
Round took 2.545e-06
Round took 2.545e-06
Round took 2.553e-06
Round took 2.495e-06
Round took 2.535e-06
Round took 2.468e-06
Round took 2.608e-06
Round took 2.573e-06
Round took 2.487e-06
Round took 2.829e-06
Round took 2.704e-06
Round took 2.549e-06
Round took 1.9127e-05
Round took 2.545e-06
Round took 8.199e-06
Round took 2.547e-06
Round took 2.707e-06
Round took 2.528e-06
Round took 2.546e-06
Round took 2.506e-06
Round took 2.493e-06
Round took 2.636e-06
Round took 2.637e-06
Round took 1.0228e-05
Round took 2.478e-06
Round took 2.512e-06
Round took 2.531e-06
Round took 2.48e-06
Round took 2.478e-06
Round took 2.492e-06
Round took 2.542e-06
Round took 5.788e-06
Round took 2.461e-06
Round took 2.495e-06
Round took 2.446e-06
Round took 2.606e-06
Round took 1.8337e-05
Round took 2.56e-06
Round took 2.693e-06
Round took 2.737e-06
Round took 2.648e-06
Round took 1.79e-06
Round took 4.809e-06
Round took 2.738e-06
Round took 2.578e-06
Round took 2.477e-06
Round took 2.519e-06
Round took 1.9054e-05
Round took 2.502e-06
Round took 2.486e-06
Round took 2.48e-06
Round took 2.598e-06
Round took 2.556e-06
Round took 2.554e-06
Round took 2.55e-06
Round took 1.0445e-05
Round took 5.789e-06
Round took 7.942e-06
Round took 5.527e-06
Round took 6.094e-06
Round took 4.275e-06
Round took 2.221e-06
Round took 2.8232e-05
Round took 1.0798e-05
Round took 7.944e-06
Round took 1.456e-06
Round took 2.655e-06
Round took 8.581e-06
Round took 1.01e-07
Round took 0
Round took 1.222e-06
Round took 2.57e-06
Round took 2.618e-06
Round took 2.544e-06
Round took 2.504e-06
Round took 2.8458e-05
Round took 9.06e-07
Round took 7.66e-07
Round took 2.694e-06
Round took 2.491e-06
Round took 9.722e-06
Round took 0
Round took 2.512e-06
Round took 2.545e-06
Round took 0.000364292
Round took 3.441e-06
Round took 5.204e-06
Round took 0
Round took 1.0258e-05
Round took 1.343e-06
Round took 2.112e-06
Round took 2.27e-05
Round took 2.658e-06
Round took 2.637e-06
Round took 1.16e-06
Round took 5.728e-06
Round took 8.623e-06
Round took 8.115e-06
Round took 5.415e-06
Round took 0
Round took 1.0001e-05
Round took 2.706e-06
Round took 2.573e-06
Round took 2.8378e-05
Round took 8.9e-07
Round took 7.042e-06
Round took 2.786e-06
Round took 2.623e-06
Round took 2.792e-06
Round took 2.699e-06
Round took 2.571e-06
Round took 1.9064e-05
Round took 2.528e-06
Round took 0.000134945
Round took 2.789e-06
Round took 2.542e-06
Round took 0.000176915
Round took 3.605e-06
Round took 3.342e-06
Round took 3.716e-06
Round took 2.529e-06
Round took 2.858e-06
Round took 1.6891e-05
Round took 9.38e-07
Round took 8.196e-05
Round took 4.702e-06
Round took 2.646e-06
Round took 2.903e-06
Round took 1.878e-06
Round took 3.609e-06
Round took 6.933e-06
Round took 0
Round took 2.14e-07
Round took 6.318e-06
Round took 2.742e-06
Round took 1.408e-06
Round took 7.58e-07
Round took 9.97e-07
Round took 2.556e-06
Round took 5.846e-06
Round took 0
Round took 2.521e-06
Round took 2.222e-06
Round took 2.508e-06
Round took 3.865e-06
Test took 121.910722492
Successful: 6831
