Uniform distribution
Round took 0.128080729
Round took 0.081765272
Round took 0.154699887
Round took 0.090904248
Round took 0.089600421
Round took 0.096295839
Round took 0.090443047
Round took 0.110751711
Round took 0.077944626
Round took 0.077585351
Round took 0.125595742
Round took 0.078426816
Round took 0.064621403
Round took 0.083536788
Round took 0.084907683
Round took 0.197694216
Round took 0.084023188
Round took 0.096790183
Round took 0.809089012
Round took 0.177527122
Round took 0.104055703
Round took 0.114382257
Round took 0.11199282
Round took 1.311095576
Round took 0.084803058
Round took 0.080290321
Round took 0.092749564
Round took 0.108583978
Round took 0.081862587
Round took 0.120124682
Round took 0.093095314
Round took 0.092093036
Round took 0.335931308
Round took 0.090114804
Round took 0.127343374
Round took 0.115078037
Round took 0.841594015
Round took 0.327815444
Round took 0.087669683
Round took 0.099661275
Round took 0.086792031
Round took 0.096491599
Round took 0.09522068
Round took 0.110194027
Round took 0.094803274
Round took 0.819736022
Round took 0.317691538
Round took 0.307180672
Round took 0.090555396
Round took 0.31891365
Round took 0.308790647
Round took 0.099209423
Round took 0.094052722
Round took 0.135567027
Round took 0.099007835
Round took 0.091311162
Round took 0.089921867
Round took 0.095178587
Round took 0.091949343
Round took 0.086079779
Round took 0.083012908
Round took 0.082443247
Round took 0.108951532
Round took 0.09001231
Round took 0.100323546
Round took 0.108383441
Round took 0.080917284
Round took 0.082450853
Round took 0.33977734
Round took 0.091754474
Round took 0.344220586
Round took 0.115406868
Round took 0.086497955
Round took 0.105972038
Round took 0.089218956
Round took 0.093470883
Round took 0.305018595
Round took 0.094074762
Round took 0.091543943
Round took 0.111159525
Round took 0.304467927
Round took 0.087297955
Round took 1.336316386
Round took 0.091939593
Round took 0.325778084
Round took 0.309964154
Round took 1.83444826
Round took 0.106137347
Round took 0.306277421
Round took 0.102435083
Round took 1.319003472
Round took 0.100947165
Round took 1.8630408539999999
Round took 0.0941469
Round took 0.096870058
Round took 0.097120724
Round took 0.105291329
Round took 0.098968563
Round took 0.09951129
Round took 0.106759697
Round took 0.096628267
Round took 0.0968437
Round took 0.101351029
Round took 0.098792907
Round took 0.315871518
Round took 0.107266884
Round took 0.3087769
Round took 0.104593052
Round took 0.10948074
Round took 0.089007876
Round took 0.313699604
Round took 0.098432637
Round took 0.306785542
Round took 0.107833942
Round took 0.108729141
Round took 0.111318718
Round took 0.314982894
Round took 0.104985512
Round took 0.103652599
Round took 0.087388544
Round took 0.091408524
Round took 0.308989439
Round took 0.098527784
Round took 0.100568802
Round took 0.099361158
Round took 0.103180471
Round took 0.100147714
Round took 0.098825096
Round took 0.098578287
Round took 0.308585685
Round took 0.100774904
Round took 0.054423357
Round took 0.098847947
Round took 0.096291678
Round took 0.101524188
Round took 0.102171763
Round took 0.314632504
Round took 0.094025808
Round took 0.097641881
Round took 0.309381376
Round took 0.091119461
Round took 0.090860089
Round took 0.096200743
Round took 0.107459998
Round took 0.098790856
Round took 0.816743684
Round took 0.090170592
Round took 0.089720956
Round took 0.300268445
Round took 0.344706456
Round took 0.100339436
Round took 0.302685245
Round took 0.092359289
Round took 0.091720732
Round took 0.093889653
Round took 0.095341892
Round took 1.830329448
Round took 1.354739397
Round took 0.098716011
Round took 0.322968191
Round took 0.080275634
Round took 0.081266258
Round took 0.083527532
Round took 0.080948636
Round took 0.100308955
Round took 0.359179827
Round took 0.301481524
Round took 0.08484515
Round took 0.084054793
Round took 0.096825174
Round took 0.091243015
Round took 0.082214237
Round took 0.088870961
Round took 0.141809278
Round took 0.102365277
Round took 0.092799783
Round took 0.089070812
Round took 0.087130783
Round took 0.311937569
Round took 0.101258928
Round took 1.324044732
Round took 0.355628769
Round took 0.095455717
Round took 0.307820709
Round took 0.09736357
Round took 0.092823183
Round took 0.089792881
Round took 0.343968366
Round took 0.812569705
Round took 0.104339964
Round took 0.081845139
Round took 0.084844232
Round took 0.095671792
Round took 0.090345699
Round took 0.116317707
Round took 0.302877093
Round took 0.299191326
Round took 1.812497196
Round took 0.093883183
Round took 0.090927942
Round took 0.089112243
Round took 0.083506218
Round took 0.320562949
Round took 0.350842728
Round took 0.091118305
Round took 0.07905811
Round took 0.081525413
Round took 0.082103448
Round took 0.322042536
Round took 0.094184938
Round took 0.108740423
Round took 0.082668152
Round took 0.089025157
Round took 0.083665281
Round took 0.0803931
Round took 0.0876752
Round took 0.092838694
Round took 0.080494076
Round took 0.086610675
Round took 0.092097902
Round took 0.091527091
Round took 0.300056016
Round took 0.090034475
Round took 0.086473463
Round took 0.095304353
Round took 0.097080296
Round took 0.105875259
Round took 0.101686081
Round took 0.105356693
Round took 0.089223336
Round took 0.102459936
Round took 0.096581486
Round took 0.09991659
Round took 0.09300385
Round took 0.099730255
Round took 0.09259725
Round took 0.301205775
Round took 0.095836173
Round took 0.303780829
Round took 0.088351829
Round took 0.091054233
Round took 0.313112175
Round took 0.102236727
Round took 0.107879403
Round took 0.090477846
Round took 1.304106909
Round took 0.095180254
Round took 1.314564576
Round took 1.321176398
Round took 0.091248033
Round took 0.082019156
Round took 0.094817028
Round took 0.108460108
Round took 0.092578987
Round took 0.096310827
Round took 0.117597516
Round took 0.089071453
Round took 0.092145393
Round took 0.083501869
Round took 0.12037603
Round took 0.297466507
Round took 0.090634979
Round took 0.128516272
Round took 0.127897001
Round took 0.134743544
Round took 0.33498423
Round took 0.306462067
Round took 1.309429884
Round took 1.316305283
Round took 0.536947536
Round took 0.09312938
Round took 0.087406439
Round took 0.097543882
Round took 0.091899013
Round took 0.115830017
Round took 0.083498001
Round took 0.080446089
Round took 0.096149597
Round took 0.101043062
Round took 0.086140873
Round took 0.294593113
Round took 0.305558889
Round took 0.091031557
Round took 0.091953538
Round took 0.100407863
Round took 0.084728423
Round took 0.086731237
Round took 0.341892675
Round took 0.096755332
Round took 0.088402379
Round took 0.308705016
Round took 0.11206184
Round took 0.095981811
Round took 0.098056988
Round took 0.092086798
Round took 0.301316447
Round took 0.094454306
Round took 0.093471246
Round took 0.082623537
Round took 0.09120795
Round took 0.092043836
Round took 1.304091147
Round took 0.089660305
Round took 0.091992865
Round took 1.311986469
Round took 0.306665537
Round took 0.092524152
Round took 0.081098159
Round took 0.090763683
Round took 0.09408921
Round took 0.092854405
Round took 0.086909457
Round took 0.097620599
Round took 0.121501508
Round took 0.102786524
Round took 0.30405265
Round took 0.09656664
Round took 0.09963393
Round took 0.101720945
Round took 1.310528942
Round took 0.091697198
Round took 0.093238432
Round took 0.096941205
Round took 0.098393476
Round took 0.101314977
Round took 1.821404026
Round took 1.319471404
Round took 0.099790486
Round took 0.082014939
Round took 0.093419475
Round took 0.06557659
Round took 0.099620091
Round took 0.097330709
Round took 0.102339689
Round took 1.333839926
Round took 0.146716119
Round took 0.121557141
Round took 0.09406163
Round took 0.091602077
Round took 0.08806907
Round took 0.097624412
Round took 1.3159220139999999
Round took 0.107762723
Round took 1.3214661460000001
Round took 0.318987562
Round took 0.106101522
Round took 0.309737219
Round took 0.087262454
Round took 0.095154744
Round took 0.100650409
Round took 0.103126903
Round took 0.095939771
Round took 0.104470886
Round took 0.108720485
Round took 0.32121076
Round took 0.107650649
Round took 0.36704546
Round took 0.109565238
Round took 0.10783955
Round took 0.108729578
Round took 0.103290571
Round took 0.114556049
Round took 0.322114123
Round took 0.114545982
Round took 0.108067119
Round took 0.108114127
Round took 0.110861913
Round took 0.099700714
Round took 0.386176118
Round took 0.10453823
Round took 0.106108952
Round took 0.110433641
Round took 0.108583088
Round took 0.108487648
Round took 0.092097164
Round took 0.11302501
Round took 0.104627718
Round took 0.402622676
Round took 0.334897666
Round took 0.099202517
Round took 0.102302534
Round took 0.097409366
Round took 0.313306511
Round took 0.31339955
Round took 0.100749725
Round took 0.10079087
Round took 0.093102199
Round took 0.094963651
Round took 0.094974475
Round took 0.093108164
Round took 0.087692799
Round took 2.33124771
Round took 0.093450525
Round took 0.821977512
Round took 0.104326138
Round took 0.102015506
Round took 0.092436037
Round took 0.090227102
Round took 0.087398974
Round took 0.081244076
Round took 0.097770882
Round took 0.304214478
Round took 0.085511151
Round took 0.088128813
Round took 0.087393949
Round took 0.099386745
Round took 0.093004471
Round took 0.093309376
Round took 0.090430057
Round took 0.10634949
Round took 0.300234562
Round took 0.095410079
Round took 0.090172924
Round took 0.08997083
Round took 0.101669242
Round took 0.09339216
Round took 0.097719351
Round took 0.308184854
Round took 0.136960473
Round took 0.094244941
Round took 0.09677624
Round took 0.088965973
Round took 0.090692136
Round took 0.084394532
Round took 0.078523602
Round took 0.090515241
Round took 0.08606073
Round took 0.132751707
Round took 0.090119537
Round took 0.089681369
Round took 0.087692862
Round took 0.091637144
Round took 0.102581166
Round took 0.093984297
Round took 0.303154922
Round took 0.109354253
Round took 0.112550369
Round took 0.103033935
Round took 0.089738078
Round took 0.146323228
Round took 0.109405516
Round took 0.120561821
Round took 0.132558781
Round took 0.823898795
Round took 0.097086196
Round took 0.095898197
Round took 0.091991284
Round took 0.090640662
Round took 0.096897699
Round took 0.094977973
Round took 0.094218716
Round took 0.30691604
Round took 0.09720284
Round took 0.092683161
Round took 0.303318499
Round took 0.089956958
Round took 0.06345519
Round took 0.810505261
Round took 0.084515336
Round took 0.092271671
Round took 0.091202189
Round took 0.089286397
Round took 0.1022064
Round took 0.116600071
Round took 0.306587971
Round took 0.109044126
Round took 0.089641457
Round took 0.097482213
Round took 0.088148829
Round took 0.088398613
Round took 0.086133646
Round took 0.096468912
Round took 0.089778057
Round took 0.086040013
Round took 0.304937476
Round took 1.322996538
Round took 0.1450969
Round took 0.093421107
Round took 0.306363496
Round took 0.096927416
Round took 0.095630102
Round took 0.094682277
Round took 0.083799033
Round took 0.07999269
Round took 0.084655912
Round took 0.094096216
Round took 0.08436551
Round took 0.086659972
Round took 0.105324074
Round took 0.085014406
Round took 0.090090957
Round took 0.306246217
Round took 0.100308032
Round took 0.090008625
Round took 0.306906575
Round took 0.088627753
Round took 0.087042068
Round took 0.305096877
Round took 0.088717351
Round took 0.087430248
Round took 0.523070911
Round took 0.191299948
Round took 0.837360488
Round took 0.093268261
Round took 0.087466586
Round took 0.095487381
Round took 0.107247856
Round took 0.304740852
Round took 0.085670497
Round took 0.086667368
Round took 0.09459236
Round took 0.084828387
Round took 0.087539323
Round took 0.091804575
Round took 0.087396032
Round took 0.092213102
Round took 0.090009288
Round took 0.517186138
Round took 0.08733685
Round took 0.105346638
Round took 0.312591066
Round took 0.099719928
Round took 0.091829857
Round took 0.097076986
Round took 0.105115371
Round took 0.096020345
Round took 1.8135766599999998
Round took 0.093023162
Round took 0.809812106
Round took 0.094847232
Round took 0.091345554
Round took 0.091770709
Round took 0.096819927
Round took 0.101256169
Round took 0.096777802
Round took 0.299700768
Round took 0.088028812
Round took 0.074433291
Round took 0.113959493
Round took 0.807136101
Round took 0.091956896
Round took 0.319108726
Round took 0.32817246
Round took 0.092986392
Round took 0.082583921
Round took 0.092777025
Round took 0.301056537
Round took 0.095672102
Round took 0.090096468
Round took 0.303490671
Round took 0.305639956
Round took 0.091567103
Round took 0.09094868
Round took 0.30263363
Round took 0.308089969
Round took 0.088427763
Round took 0.08031222
Round took 0.084369827
Round took 0.315164679
Round took 0.102755243
Round took 0.097898048
Round took 0.093681788
Round took 0.310146661
Round took 0.093490502
Round took 0.100895205
Round took 0.097733336
Round took 0.298311798
Round took 0.35758954
Round took 2.309138051
Round took 0.106894568
Round took 0.093173255
Round took 0.096733968
Round took 0.094053766
Round took 0.086755642
Round took 0.085870537
Round took 0.102844897
Round took 0.121973446
Round took 0.096437584
Round took 0.086820638
Round took 0.096960689
Round took 1.3092401630000001
Round took 0.088188622
Round took 0.080887377
Round took 0.823705125
Round took 0.811154503
Round took 0.092738715
Round took 0.113622442
Round took 0.104926064
Round took 0.280773698
Round took 0.101429199
Round took 0.101795411
Round took 0.07995453
Round took 0.109146425
Round took 0.143653469
Round took 0.085857565
Round took 0.086129047
Round took 0.102552011
Round took 1.315472267
Round took 0.095785691
Round took 0.101457198
Round took 0.82241946
Round took 0.810183388
Round took 0.808826991
Round took 0.103979186
Round took 0.093619392
Round took 0.104164007
Round took 0.082543752
Round took 0.299025068
Round took 0.088071539
Round took 0.315029932
Round took 0.098318123
Round took 0.306855854
Round took 0.109685816
Round took 0.088930358
Round took 0.3342934
Round took 0.075727517
Round took 0.090871764
Round took 0.096725054
Round took 0.096771297
Round took 0.113784634
Round took 0.302267549
Round took 0.091533013
Round took 0.104353948
Round took 0.08783183
Round took 0.0919192
Round took 0.092473926
Round took 0.091691991
Round took 0.09075757
Round took 0.089172625
Round took 0.09543903
Round took 0.093332235
Round took 0.053358339
Round took 0.104671159
Round took 0.163665289
Round took 0.093457118
Round took 0.3920469
Round took 0.318575289
Round took 0.127007679
Round took 0.122967625
Round took 2.35326919
Round took 0.116438907
Round took 0.103670119
Round took 0.106601166
Round took 0.106560662
Round took 0.103283221
Round took 0.108198741
Round took 0.108295158
Round took 0.097934918
Round took 0.10347889
Round took 0.109710402
Round took 0.112589772
Round took 1.32023494
Round took 0.097722645
Round took 0.101182752
Round took 0.102676176
Round took 0.321560755
Round took 0.102294452
Round took 0.108507758
Round took 0.102409954
Round took 0.10485298
Round took 0.816096399
Round took 0.100801974
Round took 0.098095747
Round took 0.097312772
Round took 0.313813383
Round took 0.104261623
Round took 1.321975954
Round took 0.094526343
Round took 0.091855542
Round took 0.088491466
Round took 0.312445633
Round took 0.104953711
Round took 0.102270651
Round took 0.11192484
Round took 0.813413553
Round took 0.097669449
Round took 0.105936968
Round took 0.304732452
Round took 1.311323421
Round took 0.095081865
Round took 0.377482417
Round took 0.096136882
Round took 0.093032302
Round took 1.326103615
Round took 0.091556235
Round took 0.305008532
Round took 0.300722521
Round took 0.089391981
Round took 0.093353902
Round took 0.088668294
Round took 0.053379522
Round took 0.083708307
Round took 0.10656257
Round took 0.11000147
Round took 0.100125347
Round took 0.091415404
Round took 0.306281777
Round took 0.104515577
Round took 0.08971305
Round took 0.095986204
Round took 0.093087476
Round took 0.096583337
Round took 0.517497863
Round took 0.084917918
Round took 0.087943815
Round took 0.088158292
Round took 1.316024074
Round took 0.091165798
Round took 0.095689916
Round took 0.088559008
Round took 0.308398752
Round took 0.095037942
Round took 0.095740436
Round took 0.092253688
Round took 0.097471068
Round took 0.092944883
Round took 0.090899433
Round took 0.304769071
Round took 0.082071782
Round took 0.086141083
Round took 1.309086437
Round took 0.114122243
Round took 0.099172256
Round took 0.082773692
Round took 0.828323839
Round took 0.807566101
Round took 1.335293629
Round took 0.091691642
Round took 0.313201603
Round took 0.09329308
Round took 0.100176304
Round took 0.110491812
Round took 0.122119391
Round took 0.083015848
Round took 0.094656359
Round took 0.094227942
Round took 0.301066055
Round took 0.092091199
Round took 0.053974182
Round took 2.8250523149999998
Round took 0.087407803
Round took 0.087692205
Round took 0.324068804
Round took 0.814997651
Round took 0.299761013
Round took 0.115327179
Round took 0.095354209
Round took 0.103280767
Round took 0.101207415
Round took 0.295335284
Round took 0.092348547
Round took 0.107991415
Round took 0.109063127
Round took 0.346022009
Round took 0.123427452
Round took 0.103211478
Round took 0.32075577
Round took 0.310002752
Round took 2.3066572450000002
Round took 0.084207899
Round took 0.094021854
Round took 0.091961873
Round took 0.102970474
Round took 0.099538872
Round took 0.091890169
Round took 0.094277852
Round took 0.096847328
Round took 0.091480826
Round took 0.100159095
Round took 0.097755508
Round took 0.093393083
Round took 0.094384036
Round took 0.361620567
Round took 0.102352158
Round took 0.102563373
Round took 0.085449067
Round took 0.091407049
Round took 0.098437699
Round took 0.087431892
Round took 0.302204196
Round took 0.100653606
Round took 0.084300287
Round took 0.340480737
Round took 0.087555359
Round took 0.098622385
Round took 0.090415852
Round took 0.112723832
Round took 0.11676128
Round took 0.096485408
Round took 0.309758951
Round took 0.144378169
Round took 0.091774539
Round took 0.302931612
Round took 0.086349398
Round took 0.086902471
Round took 0.085698625
Round took 0.082463822
Round took 0.087575341
Round took 0.096886502
Round took 0.095191219
Round took 0.094206294
Round took 0.089516585
Round took 0.313140379
Round took 0.098009107
Round took 0.101331093
Round took 0.089631187
Round took 0.092244802
Round took 0.809454513
Round took 0.092274955
Round took 0.327367215
Round took 0.091415169
Round took 0.108139413
Round took 0.100602702
Round took 0.098745346
Round took 0.093977067
Round took 0.321673394
Round took 0.082493631
Round took 0.10093429
Round took 0.092354227
Round took 0.114836341
Round took 0.172905651
Round took 0.147110233
Round took 0.111543993
Round took 0.090978927
Round took 0.129148654
Round took 0.130199466
Round took 0.104035368
Round took 0.087863833
Round took 0.306034998
Round took 0.158612657
Round took 0.10815043
Round took 0.8390071
Round took 1.326612928
Round took 0.118658138
Round took 0.096806924
Round took 0.308233721
Round took 0.325259481
Round took 0.092901085
Round took 0.306997693
Round took 0.10101939
Round took 0.103443022
Round took 0.089659322
Round took 0.078516866
Round took 0.084803589
Round took 0.316450376
Round took 0.092285508
Round took 0.085442932
Round took 1.3253872979999999
Round took 0.102370281
Round took 0.082848515
Round took 0.096076986
Round took 0.090772662
Round took 0.087994691
Round took 0.085223169
Round took 0.08664895
Round took 0.087980158
Round took 0.099404836
Round took 0.091031858
Round took 0.088564091
Round took 0.063887385
Round took 0.096114155
Error when reading: read tcp 172.31.54.117:44702->172.31.48.98:7070: read: connection timed out
Error when reading: read tcp 172.31.54.117:40660->172.31.49.63:7070: read: connection timed out
Error when reading: EOF
Round took 7.835384591
Error when reading: EOF
Round took 0.147127512
Round took 0.109701485
Round took 0.102315056
Round took 0.092704637
Round took 0.312507152
Round took 0.10663926
Round took 0.311742939
Round took 0.101568624
Round took 0.313133577
Round took 0.126747003
Round took 0.101852432
Round took 0.370684341
Round took 0.102705044
Round took 0.094076944
Round took 0.108838681
Round took 0.090801388
Round took 0.103918869
Round took 0.10283018
Round took 0.110161831
Round took 0.315145524
Round took 0.097322457
Round took 0.094570518
Round took 0.091833575
Round took 0.100044962
Round took 0.090175791
Round took 0.108200348
Round took 0.097453298
Round took 0.105539494
Round took 0.094424701
Round took 0.105809753
Round took 0.811407934
Round took 0.092172612
Round took 0.098998198
Round took 0.091451176
Round took 0.102143715
Round took 0.08884065
Round took 0.318852052
Round took 0.099660255
Round took 0.105591684
Round took 0.310867738
Round took 0.095854877
Round took 0.105155757
Round took 0.101215868
Round took 0.812122993
Round took 0.101628935
Round took 0.08992803
Round took 0.12121621
Round took 0.101965702
Round took 0.092819259
Round took 0.058462827
Round took 0.110058282
Round took 0.315379121
Round took 0.094219892
Round took 0.102380444
Round took 0.097462393
Round took 0.103799941
Round took 0.122343926
Round took 0.089975472
Round took 0.101320905
Round took 0.099578443
Round took 0.102757802
Round took 0.119863661
Round took 0.313870994
Round took 0.101694713
Round took 0.305827194
Round took 0.095873301
Round took 0.316223388
Round took 0.102667058
Round took 0.097964841
Round took 0.103003767
Round took 0.311256537
Round took 0.108156251
Round took 1.323550078
Round took 0.092375983
Round took 0.09090414
Round took 0.087699378
Round took 0.086889725
Round took 0.086386397
Round took 0.308042115
Round took 0.091699843
Round took 0.093546152
Round took 0.09726021
Round took 0.870717887
Round took 0.100175337
Round took 0.095669182
Round took 0.095075343
Round took 0.812214192
Round took 0.092587899
Round took 0.10967734
Round took 0.083829694
Round took 0.089201513
Round took 0.106556973
Round took 0.105919768
Round took 0.807954414
Round took 0.089090501
Round took 0.092995695
Round took 0.810656996
Round took 0.301289309
Round took 0.086714531
Round took 0.304259138
Round took 0.089223986
Round took 0.816578015
Round took 0.104008826
Round took 0.097987327
Round took 0.096739077
Round took 0.304442362
Round took 0.31942747
Round took 0.311716918
Round took 0.16083115
Round took 0.109202923
Round took 0.316974687
Round took 0.117856102
Round took 0.082387922
Round took 0.08562983
Round took 0.09391317
Round took 0.341392246
Round took 0.09771605
Round took 0.086123717
Round took 0.083602033
Round took 0.09519535
Round took 0.097680275
Round took 0.089087366
Round took 0.112585975
Round took 0.299688773
Round took 0.305564505
Round took 0.089342547
Round took 0.09354623
Round took 0.086100746
Round took 0.089879165
Round took 0.091860518
Round took 0.101353222
Round took 0.085480272
Round took 1.826968586
Round took 0.083578742
Round took 0.094469433
Round took 0.115496012
Round took 0.100608684
Round took 0.089086404
Round took 0.082776615
Round took 0.103802548
Round took 0.085888257
Round took 0.077588054
Round took 0.089571314
Round took 0.091318405
Round took 0.092186013
Round took 0.090811071
Round took 0.091327365
Round took 0.092124103
Round took 0.092231332
Round took 0.091773302
Round took 0.096200571
Round took 0.306168546
Round took 0.090573682
Round took 0.302662157
Round took 0.087730038
Round took 0.101862841
Round took 0.309322577
Round took 0.405613361
Round took 0.084355563
Round took 0.092612391
Round took 0.09548495
Round took 0.098796463
Round took 0.103017474
Round took 0.105732199
Round took 0.304194372
Round took 0.094664436
Round took 0.104714993
Round took 0.327199103
Round took 0.089772125
Round took 0.087931749
Round took 0.802361788
Round took 0.092545962
Round took 0.091728433
Round took 0.100878631
Round took 0.332246508
Round took 0.094528793
Round took 0.103407079
Round took 0.09809386
Round took 0.319144535
Round took 0.309950096
Round took 0.100643757
Round took 0.311615597
Round took 0.328302463
Round took 0.098476652
Round took 0.085459215
Round took 0.098682103
Round took 0.092803456
Round took 0.089002355
Round took 0.082681433
Round took 0.109287946
Round took 0.339802426
Round took 0.106986299
Round took 0.109612449
Round took 0.095317766
Round took 0.100587832
Round took 0.052197743
Round took 0.098603788
Round took 0.09501907
Round took 0.097233736
Round took 0.097637216
Round took 0.098929517
Round took 0.101469037
Round took 0.09653364
Round took 0.093462676
Round took 0.32196477
Round took 0.087934192
Round took 0.095611985
Round took 0.144633395
Round took 0.103399146
Round took 0.080577419
Round took 0.087154946
Round took 0.093947364
Round took 0.080246073
Round took 0.082277481
Round took 0.128961394
Round took 0.097630523
Round took 0.099986687
Round took 0.804807059
Round took 0.094123529
Round took 0.087043026
Round took 0.115283137
Round took 0.298765414
Round took 0.086472399
Round took 0.106138178
Round took 0.096017334
Round took 0.090337861
Round took 0.098252447
Round took 0.093926707
Round took 0.097732062
Round took 0.087137962
Round took 0.086765106
Round took 0.088843892
Round took 0.104691443
Round took 0.089775584
Round took 0.087809603
Round took 0.095849708
Round took 0.091845729
Round took 0.087634756
Round took 0.103407509
Round took 0.10093281
Round took 0.851734615
Round took 0.110524313
Round took 0.102726923
Round took 0.092599535
Round took 0.309213518
Round took 0.311700302
Round took 0.08832377
Round took 0.815287556
Round took 0.09399852
Round took 0.094500839
Round took 0.113434769
Round took 0.310711048
Round took 1.355586218
Round took 0.30917526
Round took 0.10719432
Round took 0.083257209
Round took 0.082440445
Round took 0.089057285
Round took 0.096897835
Round took 0.109323664
Round took 0.11120375
Round took 0.202597752
Round took 0.352145571
Round took 0.096834047
Round took 0.105940636
Round took 0.092467501
Round took 0.111104138
Round took 0.092258549
Round took 0.086559745
Round took 0.09526524
Round took 0.097147374
Round took 0.146548093
Round took 0.080456303
Round took 0.40126459
Round took 0.100601696
Round took 0.086985486
Round took 0.102565396
Round took 0.096714032
Round took 0.095041619
Round took 0.088723157
Round took 0.087366901
Round took 0.092277017
Round took 0.09009456
Round took 0.078921208
Round took 0.09379405
Round took 0.101891355
Round took 0.094616386
Round took 0.092282841
Round took 0.086129783
Round took 0.092675725
Round took 0.088105956
Round took 0.084139468
Round took 0.100564548
Round took 0.818319105
Round took 0.097326646
Round took 0.092217816
Round took 0.810643356
Round took 0.099813541
Round took 0.101228595
Round took 0.100947908
Round took 0.088454907
Round took 0.099885868
Round took 0.104576951
Round took 0.10024303
Round took 0.094298926
Round took 0.312400345
Round took 0.24097262
Round took 0.812668959
Round took 0.085107422
Round took 0.090310104
Round took 0.09680479
Round took 0.087862271
Round took 0.089040117
Round took 0.093996396
Round took 0.096403947
Round took 0.097225644
Round took 0.349953826
Round took 0.095082217
Round took 0.092520845
Round took 0.305914183
Round took 0.086558485
Round took 0.091771735
Round took 0.090312362
Round took 0.084712246
Round took 0.090547805
Round took 0.09094517
Round took 0.090955637
Round took 0.091920195
Round took 0.086480146
Round took 0.088069156
Round took 0.09057732
Round took 0.084926007
Round took 0.112081969
Round took 0.10158055
Round took 0.094163033
Round took 0.084213917
Round took 0.087476343
Round took 0.053670329
Round took 0.097197057
Round took 0.088107962
Round took 0.100621022
Round took 0.09608976
Round took 0.295425917
Round took 0.811300751
Round took 0.105242733
Round took 0.814570236
Round took 0.090443526
Round took 0.050390515
Round took 0.095939643
Round took 0.123475798
Round took 0.101923065
Round took 0.088766469
Round took 0.10080631
Round took 0.094608342
Round took 0.107797153
Round took 0.107668403
Round took 0.81236142
Round took 0.102918821
Round took 0.107614895
Round took 0.10973875
Round took 0.106222112
Round took 0.113787663
Round took 0.108862731
Round took 0.82343186
Round took 0.098972084
Round took 0.090808473
Round took 0.053475097
Round took 0.100749952
Round took 0.819807715
Round took 0.098592558
Round took 0.310329601
Round took 0.359569351
Round took 0.099349255
Round took 0.115588506
Round took 0.098825553
Round took 0.093135239
Round took 0.089755741
Round took 0.09198901
Round took 0.313955359
Round took 0.09445664
Round took 0.106701637
Round took 0.102196471
Round took 0.092913796
Round took 0.096881273
Round took 0.081191668
Round took 0.106774049
Round took 0.105117046
Round took 0.10763715
Round took 0.103109469
Round took 0.097497055
Round took 0.100483084
Round took 0.092689965
Round took 2.335584814
Round took 0.10785741
Round took 1.322695563
Round took 0.104064182
Round took 0.091804546
Round took 0.09872765
Round took 0.307391089
Round took 0.312985925
Round took 0.091982933
Round took 0.091680508
Round took 0.35116297
Round took 0.091891494
Round took 1.311253212
Round took 0.096130307
Round took 0.096980523
Round took 0.100304616
Round took 0.093193169
Round took 0.09816709
Round took 0.106739485
Round took 0.10351892
Round took 0.091868625
Round took 0.110051097
Round took 0.103610468
Round took 0.099049151
Round took 0.093626802
Round took 0.101039065
Round took 0.307989553
Round took 0.431852282
Round took 0.813027256
Round took 0.0862194
Round took 0.815518932
Round took 0.080319289
Round took 0.097470998
Round took 0.093045097
Round took 0.097385001
Round took 0.113789781
Round took 0.093272636
Round took 0.094877024
Round took 0.087718589
Round took 0.093286122
Round took 0.126129286
Round took 0.090720683
Round took 1.306880267
Round took 0.106765633
Round took 0.095897893
Round took 0.105082032
Round took 0.095131958
Round took 0.306450687
Round took 0.309953834
Round took 0.108252639
Round took 0.290831243
Round took 0.107020715
Round took 0.074585084
Round took 0.083738632
Round took 0.097337934
Round took 0.099011305
Round took 0.099563453
Round took 0.101264457
Round took 0.113019252
Round took 0.316379265
Round took 0.114866136
Round took 0.10528436
Round took 0.107496733
Round took 1.327879512
Round took 0.162533378
Round took 0.092417743
Round took 0.147893573
Round took 0.102926424
Round took 0.092386125
Round took 0.089229292
Round took 0.106876579
Round took 0.098144942
Round took 0.095957905
Round took 0.799885855
Round took 0.091293461
Round took 0.086891262
Round took 0.095223848
Round took 2.819935282
Round took 0.80298913
Round took 0.115291852
Round took 0.118485315
Round took 0.081871595
Round took 0.131969696
Round took 0.311010059
Round took 0.304462471
Round took 0.097083207
Round took 0.097410998
Round took 0.299239321
Round took 0.089954525
Round took 0.10199957
Round took 0.100967542
Round took 0.139821641
Round took 0.106511793
Round took 0.812744905
Round took 0.092410909
Round took 1.820852385
Round took 0.170883556
Round took 0.09214262
Round took 0.094356425
Round took 0.098084528
Round took 0.093490501
Round took 0.101415899
Round took 0.113474859
Round took 0.322524986
Round took 0.111994232
Round took 0.103634778
Round took 0.092270055
Round took 0.083355924
Round took 0.084382736
Round took 0.094320357
Round took 0.101646156
Round took 0.08664796
Round took 0.080772341
Round took 0.092235721
Round took 0.312840655
Round took 0.298110177
Round took 0.089369961
Round took 0.082620928
Round took 0.095220699
Round took 0.083749684
Round took 0.089693113
Round took 0.089361363
Round took 0.089843253
Round took 0.094308884
Round took 0.0793238
Round took 0.304815473
Round took 0.09301917
Round took 0.082056527
Round took 0.088666019
Round took 0.340594174
Round took 0.103028386
Round took 0.090683742
Round took 0.09043146
Round took 0.097936772
Round took 0.082494458
Round took 0.083288224
Round took 0.091526659
Round took 0.08889205
Round took 0.087366523
Round took 0.099712129
Round took 0.102398097
Round took 0.093450546
Round took 0.099864159
Round took 0.087446873
Round took 1.319918899
Round took 0.085594134
Round took 0.093882722
Round took 0.089516801
Round took 0.093493734
Round took 1.316933929
Round took 0.309704275
Round took 0.095115952
Round took 0.105317575
Round took 0.087422255
Round took 0.085657878
Round took 0.090253718
Round took 0.814589083
Round took 0.101992478
Round took 0.094952819
Round took 0.107312697
Round took 0.100018683
Round took 0.132108984
Round took 0.099654813
Round took 0.100337913
Round took 0.101034229
Round took 0.090987043
Round took 0.099279277
Round took 0.091106371
Round took 0.301586586
Round took 0.091538711
Round took 0.301911817
Round took 0.808298195
Round took 0.090076999
Round took 0.103985726
Round took 0.091027308
Round took 0.093150898
Round took 0.102211702
Round took 0.088361143
Round took 0.092663321
Round took 0.094736555
Round took 0.092004081
Round took 0.091891053
Round took 0.090060525
Round took 0.081894411
Round took 0.091578258
Round took 0.091043037
Round took 0.085567675
Round took 0.349623205
Round took 0.099446762
Round took 0.811492256
Round took 0.10390301
Round took 0.053009184
Round took 0.100640803
Round took 0.091755273
Round took 1.310470022
Round took 0.098671959
Round took 0.091780977
Round took 0.086588297
Round took 0.097403399
Round took 0.098136824
Round took 0.812096921
Round took 0.088089686
Round took 0.304064985
Round took 0.090105965
Round took 0.101435232
Round took 0.302445585
Round took 0.092362382
Round took 0.088025856
Round took 0.087044003
Round took 0.089212686
Round took 0.123319367
Round took 0.08763396
Round took 0.099407001
Round took 0.090969947
Round took 0.820183972
Round took 0.296966372
Round took 0.095372749
Round took 0.105181319
Round took 4.329079528
Round took 0.087683142
Round took 0.131130841
Round took 0.129455295
Round took 0.305682492
Round took 0.113051029
Round took 0.106923471
Round took 0.108385217
Round took 0.097232544
Round took 0.118141998
Round took 0.107124058
Round took 0.103923227
Round took 0.31933115
Round took 0.112586959
Round took 0.105658233
Round took 0.106958492
Round took 0.101784725
Round took 0.108250676
Round took 0.100562505
Round took 0.101991473
Round took 0.821528269
Round took 0.094672852
Round took 0.106731683
Round took 0.108081485
Round took 0.094197282
Round took 0.309795504
Round took 0.094063058
Round took 0.31012161
Round took 0.104991234
Round took 0.106421179
Round took 0.097513957
Round took 0.311231123
Round took 0.306229317
Round took 0.093217067
Round took 0.086424647
Round took 0.098002713
Round took 0.3146367
Round took 0.098133703
Round took 0.106543649
Round took 0.104676611
Round took 0.099664372
Round took 0.106712269
Round took 0.317937659
Round took 0.309227977
Round took 0.115164927
Round took 0.102583354
Round took 0.096354274
Round took 0.106695814
Round took 0.10447088
Round took 0.106831296
Round took 0.102252355
Round took 0.100328196
Round took 0.114330325
Round took 0.100554551
Round took 0.096526957
Round took 0.097461798
Round took 0.316625103
Round took 0.819606192
Round took 0.102033343
Round took 0.102369775
Round took 0.102415585
Round took 0.102651222
Round took 0.099901448
Round took 0.311601718
Round took 0.103563973
Round took 0.10692692
Round took 0.106400156
Round took 0.096235231
Round took 0.099605435
Round took 0.3123529
Round took 0.095793498
Round took 0.136437716
Round took 0.108415325
Round took 0.841754423
Round took 0.098631929
Round took 0.107647864
Round took 0.112300215
Round took 0.093353081
Round took 0.820910397
Round took 0.098946863
Round took 0.097145582
Round took 0.098597972
Round took 0.097240559
Round took 0.308471465
Round took 0.096068183
Round took 0.315953827
Round took 0.101574174
Round took 0.103551964
Round took 0.103623035
Round took 0.115603504
Round took 0.314315749
Round took 0.315413365
Round took 0.10158916
Round took 0.128909328
Round took 0.139766558
Round took 0.32521917
Round took 0.137922952
Round took 0.094277861
Round took 0.116575988
Round took 0.097888881
Round took 0.101813323
Round took 0.097756731
Round took 0.310917361
Round took 0.098657817
Round took 0.111639494
Round took 0.117157951
Round took 0.111792634
Round took 0.124935054
Round took 0.3280985
Round took 0.32082412
Round took 0.344854836
Round took 0.333923831
Round took 0.109648539
Round took 0.097235166
Round took 0.318930221
Round took 0.052016501
Round took 0.121625915
Round took 1.31807528
Round took 0.093725925
Round took 0.822575422
Round took 0.108104831
Round took 0.091806004
Round took 0.091827414
Round took 0.36080228
Round took 0.102585104
Round took 0.106330352
Round took 0.110837799
Round took 0.315775425
Round took 0.095123166
Round took 0.312211164
Round took 0.102534276
Round took 0.101601603
Round took 0.107460418
Round took 0.113717662
Round took 0.331219962
Round took 0.119120132
Round took 0.107395872
Round took 0.098939305
Round took 0.100283071
Round took 0.097477303
Round took 0.091689763
Round took 0.096985517
Round took 0.091752177
Round took 0.092839388
Round took 0.089139541
Round took 0.09326781
Round took 0.088034557
Round took 0.094129318
Round took 0.090419028
Round took 0.082601835
Round took 0.097087452
Round took 0.809523573
Round took 0.083699208
Round took 0.083680873
Round took 0.092323288
Round took 0.104646873
Round took 0.088390807
Round took 0.101488522
Round took 0.10153235
Round took 0.085985375
Round took 0.09306407
Round took 0.094660028
Round took 0.105514831
Round took 0.094914449
Round took 0.090496524
Round took 0.087750083
Round took 0.388565786
Round took 0.092116433
Round took 0.354321913
Round took 0.10261647
Round took 0.093288947
Round took 0.313893808
Round took 0.103063179
Round took 0.326811154
Round took 0.113663384
Round took 0.313428235
Round took 0.107646401
Round took 0.101158296
Round took 0.101447813
Round took 0.089693076
Round took 0.101480964
Round took 0.308430204
Round took 0.088048332
Round took 0.104999298
Round took 0.095995062
Round took 0.097501535
Round took 0.104358408
Round took 0.104747485
Round took 0.097834017
Round took 0.317546684
Round took 0.311530773
Round took 0.09668774
Round took 0.100551513
Round took 0.102586548
Round took 0.103866865
Round took 0.102974937
Round took 0.110140867
Round took 0.100580191
Round took 0.106464158
Round took 0.108369956
Round took 0.092052143
Round took 0.097975514
Round took 0.101572723
Round took 0.094558891
Round took 0.100464716
Round took 0.092568291
Round took 0.091669295
Round took 0.101505834
Round took 0.093121963
Round took 0.09991651
Round took 0.099132002
Round took 0.359334137
Round took 0.312426981
Round took 0.100697385
Round took 0.31443305
Round took 1.317634147
Round took 0.096709814
Round took 0.056134444
Round took 0.092694901
Round took 0.302274864
Round took 0.303245075
Round took 0.095514885
Round took 3.325729869
Round took 0.094489327
Round took 0.104850487
Round took 0.098025195
Round took 0.81747506
Round took 0.098809278
Round took 0.097092078
Round took 0.107928145
Round took 0.303521238
Round took 0.085741211
Round took 0.312261932
Round took 0.10951202
Round took 0.101816305
Round took 1.818058292
Round took 0.093201276
Round took 0.054006935
Round took 0.089933509
Round took 0.091775847
Round took 0.089283243
Round took 0.094958884
Round took 0.092545148
Round took 0.097340097
Round took 0.085463268
Round took 0.091726796
Round took 0.091938613
Round took 0.092629476
Round took 0.096760927
Round took 0.086854226
Round took 0.092392789
Round took 0.096958696
Round took 0.105207772
Round took 0.102205498
Round took 0.085714153
Round took 0.30661714
Round took 0.098209691
Round took 0.310323657
Round took 0.313494752
Round took 0.095575196
Round took 0.105211093
Round took 0.093104053
Round took 0.092505496
Round took 0.824442413
Round took 0.111776392
Round took 0.126723593
Round took 0.1137956
Round took 0.102390777
Round took 0.10762139
Round took 0.312621187
Round took 0.313205976
Round took 0.092333049
Round took 0.055644403
Round took 0.090257626
Round took 0.098548831
Round took 0.316214221
Round took 0.05815388
Round took 0.106612959
Round took 0.091786385
Round took 0.090154315
Round took 0.092993701
Round took 1.313903246
Round took 0.303861906
Round took 0.098031192
Round took 0.089016438
Round took 0.095571235
Round took 0.095013709
Round took 0.101807851
Round took 0.10178566
Round took 0.101284477
Round took 0.097126629
Round took 0.097589215
Round took 0.096898492
Round took 0.097670932
Round took 0.101573929
Round took 0.103068441
Round took 1.8198801759999998
Round took 1.3091281559999999
Round took 0.091810634
Round took 0.097466381
Round took 0.09677404
Round took 0.103102698
Round took 0.096959526
Round took 0.097293199
Round took 0.10461698
Round took 0.107379123
Round took 0.106916627
Round took 0.104036785
Round took 0.056405319
Round took 0.107779372
Round took 0.102239281
Round took 0.101765757
Round took 0.105392205
Round took 0.105225849
Round took 0.085184794
Round took 0.104291507
Round took 0.109109623
Round took 0.091980107
Round took 0.316476183
Round took 0.113688994
Round took 0.814160345
Round took 0.098756009
Round took 0.101335769
Round took 0.107843942
Round took 0.107708522
Round took 0.309265714
Round took 0.107419549
Round took 0.101198057
Round took 0.103483874
Round took 0.104821303
Round took 0.093885254
Round took 0.103694898
Round took 0.105839265
Round took 0.10218746
Round took 0.102554132
Round took 0.099261911
Round took 0.315489371
Round took 0.098506954
Round took 0.11233805
Round took 0.104218559
Round took 0.105976333
Round took 0.101587448
Round took 0.332407186
Round took 0.109462938
Round took 0.315521111
Round took 0.096388868
Round took 0.105655783
Round took 0.099287119
Round took 0.104711005
Round took 0.094908766
Round took 0.092575589
Round took 0.109330867
Round took 0.367886782
Round took 0.099545739
Round took 0.103779476
Round took 0.31280566
Round took 0.095324245
Round took 0.108187392
Round took 0.102885237
Round took 0.108592065
Round took 0.105805515
Round took 0.109675978
Round took 0.106411423
Round took 0.099429339
Round took 0.309113481
Round took 0.100727514
Round took 0.104050919
Round took 0.099781925
Round took 0.099102448
Round took 0.11820031
Round took 0.311065267
Round took 0.095479621
Round took 0.096998931
Round took 0.096627334
Round took 0.099028563
Round took 0.100471811
Round took 0.10312554
Round took 0.097119099
Round took 0.31378922
Round took 0.807348557
Round took 0.096583285
Round took 0.099361574
Round took 0.103731601
Round took 0.098072756
Round took 0.1070058
Round took 0.103037291
Round took 0.10136125
Round took 0.31497097
Round took 0.100982951
Round took 0.103197352
Round took 0.097216231
Round took 0.106215905
Round took 0.097642228
Round took 0.305735447
Round took 0.096976181
Round took 0.099738803
Round took 1.3146703290000001
Round took 0.094973951
Round took 0.088855115
Round took 0.090377743
Round took 0.094124944
Round took 0.087459897
Round took 0.090060335
Round took 0.087690442
Round took 0.085265429
Round took 0.08449357
Round took 0.104367347
Round took 0.100244932
Round took 0.095993711
Round took 0.090900071
Round took 0.310990629
Round took 0.311108258
Round took 0.097683523
Round took 0.094817129
Round took 0.085644107
Round took 0.101950227
Round took 0.102590602
Round took 0.092245231
Round took 0.090890578
Round took 0.092592078
Round took 0.104067955
Round took 0.095890496
Round took 0.095769382
Round took 0.308669264
Round took 0.092833392
Round took 0.087019817
Round took 0.091994741
Round took 0.303599301
Round took 0.090753046
Round took 0.086072769
Round took 0.090057001
Round took 0.095610303
Round took 0.312453294
Round took 0.427667113
Round took 0.092183626
Round took 0.087694076
Round took 0.086783484
Round took 0.08339644
Round took 0.092835968
Round took 0.081493983
Round took 0.094074057
Round took 0.10446166
Round took 0.079774763
Round took 0.094711018
Round took 0.106619406
Round took 0.084860828
Round took 0.104469296
Round took 0.320676255
Round took 0.093221226
Round took 0.086421214
Round took 0.109535991
Round took 0.106333115
Round took 0.08648083
Round took 0.078991907
Round took 0.086825333
Round took 0.093638873
Round took 0.103802095
Round took 0.12056737
Round took 0.084518428
Round took 0.090835511
Round took 0.109053392
Round took 0.086303451
Round took 0.098478881
Round took 0.09538906
Round took 0.312386641
Round took 0.288744807
Round took 0.087416915
Round took 0.106142491
Round took 0.081808006
Round took 0.107801526
Round took 0.097991488
Round took 0.10031884
Round took 0.098795464
Round took 0.104681329
Round took 0.101385123
Round took 0.093827078
Round took 0.09542365
Round took 0.095309843
Round took 0.089819186
Round took 0.101140288
Round took 0.083359653
Round took 0.090440903
Round took 0.103822022
Round took 0.088989247
Round took 0.077684656
Round took 0.092613298
Round took 0.090556286
Round took 0.079792882
Round took 0.074731198
Round took 0.095350094
Round took 0.092509047
Round took 0.085170772
Round took 0.116685923
Round took 0.091903623
Round took 0.099975651
Round took 0.087035176
Round took 0.083447109
Round took 0.092543596
Round took 0.299801955
Round took 0.294740878
Round took 0.078062424
Round took 0.076956465
Round took 0.081985177
Round took 0.088752263
Round took 0.086090674
Round took 0.083934422
Round took 0.07984724
Round took 0.094426859
Round took 0.081702357
Round took 0.09986568
Round took 0.072232083
Round took 0.117876201
Round took 0.102916731
Round took 0.082858649
Round took 0.08739028
Round took 0.108106484
Round took 0.079942843
Round took 0.081620078
Round took 0.077327479
Round took 0.067925819
Round took 0.08303245
Round took 0.07751876
Round took 0.079691259
Round took 0.085247894
Round took 0.072104266
Round took 0.065669693
Round took 0.082340256
Round took 0.086962583
Test took 403.513414254
Successful: 16583
